[2.771s] Invoking command in '/home/israamaciaas/ros2_ws/src/ros_move': PYTHONPATH=/home/israamaciaas/ros2_ws/build/ros_move/prefix_override:/usr/lib/python3/dist-packages/colcon_core/task/python/colcon_distutils_commands:/home/israamaciaas/ros2_ws/install/ros_move/lib/python3.10/site-packages:${PYTHONPATH} /usr/bin/python3 -W ignore:setup.py install is deprecated setup.py egg_info --egg-base ../../build/ros_move build --build-base /home/israamaciaas/ros2_ws/build/ros_move/build install --record /home/israamaciaas/ros2_ws/build/ros_move/install.log --single-version-externally-managed install_data
[3.271s] running egg_info
[3.276s] creating ../../build/ros_move/ros_move.egg-info
[3.276s] writing ../../build/ros_move/ros_move.egg-info/PKG-INFO
[3.277s] writing dependency_links to ../../build/ros_move/ros_move.egg-info/dependency_links.txt
[3.277s] writing entry points to ../../build/ros_move/ros_move.egg-info/entry_points.txt
[3.277s] writing requirements to ../../build/ros_move/ros_move.egg-info/requires.txt
[3.277s] writing top-level names to ../../build/ros_move/ros_move.egg-info/top_level.txt
[3.277s] writing manifest file '../../build/ros_move/ros_move.egg-info/SOURCES.txt'
[3.284s] reading manifest file '../../build/ros_move/ros_move.egg-info/SOURCES.txt'
[3.284s] writing manifest file '../../build/ros_move/ros_move.egg-info/SOURCES.txt'
[3.285s] running build
[3.286s] running build_py
[3.287s] creating /home/israamaciaas/ros2_ws/build/ros_move/build
[3.287s] creating /home/israamaciaas/ros2_ws/build/ros_move/build/lib
[3.287s] creating /home/israamaciaas/ros2_ws/build/ros_move/build/lib/ros_move
[3.288s] copying ros_move/bot_node.py -> /home/israamaciaas/ros2_ws/build/ros_move/build/lib/ros_move
[3.289s] copying ros_move/__init__.py -> /home/israamaciaas/ros2_ws/build/ros_move/build/lib/ros_move
[3.289s] copying ros_move/fuzzy_controller_node.py -> /home/israamaciaas/ros2_ws/build/ros_move/build/lib/ros_move
[3.290s] running install
[3.293s] running install_lib
[3.293s] creating /home/israamaciaas/ros2_ws/install/ros_move/lib/python3.10/site-packages/ros_move
[3.294s] copying /home/israamaciaas/ros2_ws/build/ros_move/build/lib/ros_move/bot_node.py -> /home/israamaciaas/ros2_ws/install/ros_move/lib/python3.10/site-packages/ros_move
[3.295s] copying /home/israamaciaas/ros2_ws/build/ros_move/build/lib/ros_move/__init__.py -> /home/israamaciaas/ros2_ws/install/ros_move/lib/python3.10/site-packages/ros_move
[3.295s] copying /home/israamaciaas/ros2_ws/build/ros_move/build/lib/ros_move/fuzzy_controller_node.py -> /home/israamaciaas/ros2_ws/install/ros_move/lib/python3.10/site-packages/ros_move
[3.298s] byte-compiling /home/israamaciaas/ros2_ws/install/ros_move/lib/python3.10/site-packages/ros_move/bot_node.py to bot_node.cpython-310.pyc
[3.300s] byte-compiling /home/israamaciaas/ros2_ws/install/ros_move/lib/python3.10/site-packages/ros_move/__init__.py to __init__.cpython-310.pyc
[3.301s] byte-compiling /home/israamaciaas/ros2_ws/install/ros_move/lib/python3.10/site-packages/ros_move/fuzzy_controller_node.py to fuzzy_controller_node.cpython-310.pyc
[3.303s] running install_data
[3.303s] creating /home/israamaciaas/ros2_ws/install/ros_move/share/ament_index
[3.303s] creating /home/israamaciaas/ros2_ws/install/ros_move/share/ament_index/resource_index
[3.304s] creating /home/israamaciaas/ros2_ws/install/ros_move/share/ament_index/resource_index/packages
[3.305s] copying resource/ros_move -> /home/israamaciaas/ros2_ws/install/ros_move/share/ament_index/resource_index/packages
[3.305s] copying package.xml -> /home/israamaciaas/ros2_ws/install/ros_move/share/ros_move
[3.306s] creating /home/israamaciaas/ros2_ws/install/ros_move/share/ros_move/launch
[3.307s] copying launch/fuzzy_launch.py -> /home/israamaciaas/ros2_ws/install/ros_move/share/ros_move/launch
[3.307s] running install_egg_info
[3.311s] Copying ../../build/ros_move/ros_move.egg-info to /home/israamaciaas/ros2_ws/install/ros_move/lib/python3.10/site-packages/ros_move-0.0.0-py3.10.egg-info
[3.317s] running install_scripts
[3.362s] Installing bot_node script to /home/israamaciaas/ros2_ws/install/ros_move/lib/ros_move
[3.362s] Installing fuzzy_controller_node script to /home/israamaciaas/ros2_ws/install/ros_move/lib/ros_move
[3.367s] writing list of installed files to '/home/israamaciaas/ros2_ws/build/ros_move/install.log'
[3.497s] Invoked command in '/home/israamaciaas/ros2_ws/src/ros_move' returned '0': PYTHONPATH=/home/israamaciaas/ros2_ws/build/ros_move/prefix_override:/usr/lib/python3/dist-packages/colcon_core/task/python/colcon_distutils_commands:/home/israamaciaas/ros2_ws/install/ros_move/lib/python3.10/site-packages:${PYTHONPATH} /usr/bin/python3 -W ignore:setup.py install is deprecated setup.py egg_info --egg-base ../../build/ros_move build --build-base /home/israamaciaas/ros2_ws/build/ros_move/build install --record /home/israamaciaas/ros2_ws/build/ros_move/install.log --single-version-externally-managed install_data
