[1.617s] Invoking command in '/home/israamaciaas/ros2_ws/build/signal_generator': CMAKE_PREFIX_PATH=${CMAKE_PREFIX_PATH}:/home/israamaciaas/turtlebot3_ws/install/turtlebot3_teleop:/home/israamaciaas/turtlebot3_ws/install/turtlebot3_example:/opt/ros/humble /usr/bin/cmake --build /home/israamaciaas/ros2_ws/build/signal_generator -- -j8 -l8
[1.701s] [100%] Built target signal_generator
[1.922s] Invoked command in '/home/israamaciaas/ros2_ws/build/signal_generator' returned '0': CMAKE_PREFIX_PATH=${CMAKE_PREFIX_PATH}:/home/israamaciaas/turtlebot3_ws/install/turtlebot3_teleop:/home/israamaciaas/turtlebot3_ws/install/turtlebot3_example:/opt/ros/humble /usr/bin/cmake --build /home/israamaciaas/ros2_ws/build/signal_generator -- -j8 -l8
[1.991s] Invoking command in '/home/israamaciaas/ros2_ws/build/signal_generator': CMAKE_PREFIX_PATH=${CMAKE_PREFIX_PATH}:/home/israamaciaas/turtlebot3_ws/install/turtlebot3_teleop:/home/israamaciaas/turtlebot3_ws/install/turtlebot3_example:/opt/ros/humble /usr/bin/cmake --install /home/israamaciaas/ros2_ws/build/signal_generator
[2.005s] -- Install configuration: ""
[2.005s] -- Execute custom install script
[2.007s] -- Up-to-date symlink: /home/israamaciaas/ros2_ws/install/signal_generator/lib/signal_generator/signal_generator
[2.007s] -- Up-to-date symlink: /home/israamaciaas/ros2_ws/install/signal_generator/share/ament_index/resource_index/package_run_dependencies/signal_generator
[2.007s] -- Up-to-date symlink: /home/israamaciaas/ros2_ws/install/signal_generator/share/ament_index/resource_index/parent_prefix_path/signal_generator
[2.007s] -- Up-to-date symlink: /home/israamaciaas/ros2_ws/install/signal_generator/share/signal_generator/environment/ament_prefix_path.sh
[2.007s] -- Up-to-date symlink: /home/israamaciaas/ros2_ws/install/signal_generator/share/signal_generator/environment/ament_prefix_path.dsv
[2.007s] -- Up-to-date symlink: /home/israamaciaas/ros2_ws/install/signal_generator/share/signal_generator/environment/path.sh
[2.007s] -- Up-to-date symlink: /home/israamaciaas/ros2_ws/install/signal_generator/share/signal_generator/environment/path.dsv
[2.008s] -- Up-to-date symlink: /home/israamaciaas/ros2_ws/install/signal_generator/share/signal_generator/local_setup.bash
[2.008s] -- Up-to-date symlink: /home/israamaciaas/ros2_ws/install/signal_generator/share/signal_generator/local_setup.sh
[2.008s] -- Up-to-date symlink: /home/israamaciaas/ros2_ws/install/signal_generator/share/signal_generator/local_setup.zsh
[2.008s] -- Up-to-date symlink: /home/israamaciaas/ros2_ws/install/signal_generator/share/signal_generator/local_setup.dsv
[2.008s] -- Symlinking: /home/israamaciaas/ros2_ws/install/signal_generator/share/signal_generator/package.dsv
[2.027s] -- Up-to-date symlink: /home/israamaciaas/ros2_ws/install/signal_generator/share/ament_index/resource_index/packages/signal_generator
[2.031s] -- Up-to-date symlink: /home/israamaciaas/ros2_ws/install/signal_generator/share/signal_generator/cmake/signal_generatorConfig.cmake
[2.032s] -- Up-to-date symlink: /home/israamaciaas/ros2_ws/install/signal_generator/share/signal_generator/cmake/signal_generatorConfig-version.cmake
[2.032s] -- Up-to-date symlink: /home/israamaciaas/ros2_ws/install/signal_generator/share/signal_generator/package.xml
[2.036s] Invoked command in '/home/israamaciaas/ros2_ws/build/signal_generator' returned '0': CMAKE_PREFIX_PATH=${CMAKE_PREFIX_PATH}:/home/israamaciaas/turtlebot3_ws/install/turtlebot3_teleop:/home/israamaciaas/turtlebot3_ws/install/turtlebot3_example:/opt/ros/humble /usr/bin/cmake --install /home/israamaciaas/ros2_ws/build/signal_generator
