[2.782s] Invoking command in '/home/israamaciaas/ros2_ws/src/manchester_activities/act2_tf': PYTHONPATH=/home/israamaciaas/ros2_ws/build/act2_tf/prefix_override:/usr/lib/python3/dist-packages/colcon_core/task/python/colcon_distutils_commands:/home/israamaciaas/ros2_ws/install/act2_tf/lib/python3.10/site-packages:${PYTHONPATH} /usr/bin/python3 -W ignore:setup.py install is deprecated setup.py egg_info --egg-base ../../../build/act2_tf build --build-base /home/israamaciaas/ros2_ws/build/act2_tf/build install --record /home/israamaciaas/ros2_ws/build/act2_tf/install.log --single-version-externally-managed install_data
[3.066s] running egg_info
[3.067s] creating ../../../build/act2_tf/act2_tf.egg-info
[3.067s] writing ../../../build/act2_tf/act2_tf.egg-info/PKG-INFO
[3.067s] writing dependency_links to ../../../build/act2_tf/act2_tf.egg-info/dependency_links.txt
[3.068s] writing entry points to ../../../build/act2_tf/act2_tf.egg-info/entry_points.txt
[3.068s] writing requirements to ../../../build/act2_tf/act2_tf.egg-info/requires.txt
[3.068s] writing top-level names to ../../../build/act2_tf/act2_tf.egg-info/top_level.txt
[3.068s] writing manifest file '../../../build/act2_tf/act2_tf.egg-info/SOURCES.txt'
[3.070s] reading manifest file '../../../build/act2_tf/act2_tf.egg-info/SOURCES.txt'
[3.071s] writing manifest file '../../../build/act2_tf/act2_tf.egg-info/SOURCES.txt'
[3.071s] running build
[3.071s] running build_py
[3.071s] creating /home/israamaciaas/ros2_ws/build/act2_tf/build
[3.071s] creating /home/israamaciaas/ros2_ws/build/act2_tf/build/lib
[3.071s] creating /home/israamaciaas/ros2_ws/build/act2_tf/build/lib/act2_tf
[3.072s] copying act2_tf/joint_pub.py -> /home/israamaciaas/ros2_ws/build/act2_tf/build/lib/act2_tf
[3.072s] copying act2_tf/puzzlebot.py -> /home/israamaciaas/ros2_ws/build/act2_tf/build/lib/act2_tf
[3.072s] copying act2_tf/__init__.py -> /home/israamaciaas/ros2_ws/build/act2_tf/build/lib/act2_tf
[3.072s] running install
[3.072s] running install_lib
[3.073s] creating /home/israamaciaas/ros2_ws/install/act2_tf/lib/python3.10/site-packages/act2_tf
[3.073s] copying /home/israamaciaas/ros2_ws/build/act2_tf/build/lib/act2_tf/joint_pub.py -> /home/israamaciaas/ros2_ws/install/act2_tf/lib/python3.10/site-packages/act2_tf
[3.073s] copying /home/israamaciaas/ros2_ws/build/act2_tf/build/lib/act2_tf/puzzlebot.py -> /home/israamaciaas/ros2_ws/install/act2_tf/lib/python3.10/site-packages/act2_tf
[3.074s] copying /home/israamaciaas/ros2_ws/build/act2_tf/build/lib/act2_tf/__init__.py -> /home/israamaciaas/ros2_ws/install/act2_tf/lib/python3.10/site-packages/act2_tf
[3.074s] byte-compiling /home/israamaciaas/ros2_ws/install/act2_tf/lib/python3.10/site-packages/act2_tf/joint_pub.py to joint_pub.cpython-310.pyc
[3.075s] byte-compiling /home/israamaciaas/ros2_ws/install/act2_tf/lib/python3.10/site-packages/act2_tf/puzzlebot.py to puzzlebot.cpython-310.pyc
[3.075s] byte-compiling /home/israamaciaas/ros2_ws/install/act2_tf/lib/python3.10/site-packages/act2_tf/__init__.py to __init__.cpython-310.pyc
[3.075s] running install_data
[3.076s] creating /home/israamaciaas/ros2_ws/install/act2_tf/share/ament_index
[3.076s] creating /home/israamaciaas/ros2_ws/install/act2_tf/share/ament_index/resource_index
[3.076s] creating /home/israamaciaas/ros2_ws/install/act2_tf/share/ament_index/resource_index/packages
[3.076s] copying resource/act2_tf -> /home/israamaciaas/ros2_ws/install/act2_tf/share/ament_index/resource_index/packages
[3.076s] copying package.xml -> /home/israamaciaas/ros2_ws/install/act2_tf/share/act2_tf
[3.076s] running install_egg_info
[3.078s] Copying ../../../build/act2_tf/act2_tf.egg-info to /home/israamaciaas/ros2_ws/install/act2_tf/lib/python3.10/site-packages/act2_tf-0.0.0-py3.10.egg-info
[3.079s] running install_scripts
[3.103s] Installing joint_pub script to /home/israamaciaas/ros2_ws/install/act2_tf/lib/act2_tf
[3.104s] Installing puzzlebot script to /home/israamaciaas/ros2_ws/install/act2_tf/lib/act2_tf
[3.104s] writing list of installed files to '/home/israamaciaas/ros2_ws/build/act2_tf/install.log'
[3.161s] Invoked command in '/home/israamaciaas/ros2_ws/src/manchester_activities/act2_tf' returned '0': PYTHONPATH=/home/israamaciaas/ros2_ws/build/act2_tf/prefix_override:/usr/lib/python3/dist-packages/colcon_core/task/python/colcon_distutils_commands:/home/israamaciaas/ros2_ws/install/act2_tf/lib/python3.10/site-packages:${PYTHONPATH} /usr/bin/python3 -W ignore:setup.py install is deprecated setup.py egg_info --egg-base ../../../build/act2_tf build --build-base /home/israamaciaas/ros2_ws/build/act2_tf/build install --record /home/israamaciaas/ros2_ws/build/act2_tf/install.log --single-version-externally-managed install_data
