[1.032s] Invoking command in '/home/israamaciaas/ros2_ws/src/turtle_figure': PYTHONPATH=/home/israamaciaas/ros2_ws/build/turtle_figure/prefix_override:/usr/lib/python3/dist-packages/colcon_core/task/python/colcon_distutils_commands:/home/israamaciaas/ros2_ws/install/turtle_figure/lib/python3.10/site-packages:${PYTHONPATH} /usr/bin/python3 -W ignore:setup.py install is deprecated setup.py egg_info --egg-base ../../build/turtle_figure build --build-base /home/israamaciaas/ros2_ws/build/turtle_figure/build install --record /home/israamaciaas/ros2_ws/build/turtle_figure/install.log --single-version-externally-managed install_data
[1.348s] running egg_info
[1.348s] writing ../../build/turtle_figure/turtle_figure.egg-info/PKG-INFO
[1.349s] writing dependency_links to ../../build/turtle_figure/turtle_figure.egg-info/dependency_links.txt
[1.349s] writing entry points to ../../build/turtle_figure/turtle_figure.egg-info/entry_points.txt
[1.349s] writing requirements to ../../build/turtle_figure/turtle_figure.egg-info/requires.txt
[1.349s] writing top-level names to ../../build/turtle_figure/turtle_figure.egg-info/top_level.txt
[1.352s] reading manifest file '../../build/turtle_figure/turtle_figure.egg-info/SOURCES.txt'
[1.353s] writing manifest file '../../build/turtle_figure/turtle_figure.egg-info/SOURCES.txt'
[1.353s] running build
[1.353s] running build_py
[1.353s] running install
[1.354s] running install_lib
[1.356s] running install_data
[1.356s] copying launch/launch.py -> /home/israamaciaas/ros2_ws/install/turtle_figure/share/turtle_figure/launch
[1.356s] running install_egg_info
[1.358s] removing '/home/israamaciaas/ros2_ws/install/turtle_figure/lib/python3.10/site-packages/turtle_figure-0.0.0-py3.10.egg-info' (and everything under it)
[1.359s] Copying ../../build/turtle_figure/turtle_figure.egg-info to /home/israamaciaas/ros2_ws/install/turtle_figure/lib/python3.10/site-packages/turtle_figure-0.0.0-py3.10.egg-info
[1.360s] running install_scripts
[1.386s] Installing turtleFigureNode script to /home/israamaciaas/ros2_ws/install/turtle_figure/lib/turtle_figure
[1.386s] writing list of installed files to '/home/israamaciaas/ros2_ws/build/turtle_figure/install.log'
[1.425s] Invoked command in '/home/israamaciaas/ros2_ws/src/turtle_figure' returned '0': PYTHONPATH=/home/israamaciaas/ros2_ws/build/turtle_figure/prefix_override:/usr/lib/python3/dist-packages/colcon_core/task/python/colcon_distutils_commands:/home/israamaciaas/ros2_ws/install/turtle_figure/lib/python3.10/site-packages:${PYTHONPATH} /usr/bin/python3 -W ignore:setup.py install is deprecated setup.py egg_info --egg-base ../../build/turtle_figure build --build-base /home/israamaciaas/ros2_ws/build/turtle_figure/build install --record /home/israamaciaas/ros2_ws/build/turtle_figure/install.log --single-version-externally-managed install_data
