[2.899s] Invoking command in '/home/israamaciaas/ros2_ws/src/potMap': PYTHONPATH=/home/israamaciaas/ros2_ws/build/potMap/prefix_override:/usr/lib/python3/dist-packages/colcon_core/task/python/colcon_distutils_commands:/home/israamaciaas/ros2_ws/install/potMap/lib/python3.10/site-packages:${PYTHONPATH} /usr/bin/python3 -W ignore:setup.py install is deprecated setup.py egg_info --egg-base ../../build/potMap build --build-base /home/israamaciaas/ros2_ws/build/potMap/build install --record /home/israamaciaas/ros2_ws/build/potMap/install.log --single-version-externally-managed install_data
[3.427s] running egg_info
[3.430s] writing ../../build/potMap/potMap.egg-info/PKG-INFO
[3.432s] writing dependency_links to ../../build/potMap/potMap.egg-info/dependency_links.txt
[3.433s] writing entry points to ../../build/potMap/potMap.egg-info/entry_points.txt
[3.434s] writing requirements to ../../build/potMap/potMap.egg-info/requires.txt
[3.434s] writing top-level names to ../../build/potMap/potMap.egg-info/top_level.txt
[3.439s] reading manifest file '../../build/potMap/potMap.egg-info/SOURCES.txt'
[3.440s] writing manifest file '../../build/potMap/potMap.egg-info/SOURCES.txt'
[3.440s] running build
[3.441s] running build_py
[3.441s] copying potMap/potMap_node.py -> /home/israamaciaas/ros2_ws/build/potMap/build/lib/potMap
[3.442s] running install
[3.442s] running install_lib
[3.444s] copying /home/israamaciaas/ros2_ws/build/potMap/build/lib/potMap/potMap_node.py -> /home/israamaciaas/ros2_ws/install/potMap/lib/python3.10/site-packages/potMap
[3.446s] byte-compiling /home/israamaciaas/ros2_ws/install/potMap/lib/python3.10/site-packages/potMap/potMap_node.py to potMap_node.cpython-310.pyc
[3.451s]   File "/home/israamaciaas/ros2_ws/install/potMap/lib/python3.10/site-packages/potMap/potMap_node.py", line 119
[3.451s]     self.Fx_rep + self.Fy_rep = self.Fx_rep + self.Fy_rep + (1/self.ranges[i])**2 * np.cos(deg)
[3.452s]     ^^^^^^^^^^^^^^^^^^^^^^^^^
[3.452s] SyntaxError: cannot assign to expression here. Maybe you meant '==' instead of '='?
[3.452s] 
[3.452s] running install_data
[3.452s] running install_egg_info
[3.460s] removing '/home/israamaciaas/ros2_ws/install/potMap/lib/python3.10/site-packages/potMap-0.0.0-py3.10.egg-info' (and everything under it)
[3.460s] Copying ../../build/potMap/potMap.egg-info to /home/israamaciaas/ros2_ws/install/potMap/lib/python3.10/site-packages/potMap-0.0.0-py3.10.egg-info
[3.461s] running install_scripts
[3.515s] Installing potMap_node script to /home/israamaciaas/ros2_ws/install/potMap/lib/potMap
[3.515s] writing list of installed files to '/home/israamaciaas/ros2_ws/build/potMap/install.log'
[3.649s] Invoked command in '/home/israamaciaas/ros2_ws/src/potMap' returned '0': PYTHONPATH=/home/israamaciaas/ros2_ws/build/potMap/prefix_override:/usr/lib/python3/dist-packages/colcon_core/task/python/colcon_distutils_commands:/home/israamaciaas/ros2_ws/install/potMap/lib/python3.10/site-packages:${PYTHONPATH} /usr/bin/python3 -W ignore:setup.py install is deprecated setup.py egg_info --egg-base ../../build/potMap build --build-base /home/israamaciaas/ros2_ws/build/potMap/build install --record /home/israamaciaas/ros2_ws/build/potMap/install.log --single-version-externally-managed install_data
