[2.398s] Invoking command in '/home/israamaciaas/ros2_ws/src/manchester_activities/act1_tf': PYTHONPATH=/home/israamaciaas/ros2_ws/build/act1_tf/prefix_override:/usr/lib/python3/dist-packages/colcon_core/task/python/colcon_distutils_commands:/home/israamaciaas/ros2_ws/install/act1_tf/lib/python3.10/site-packages:${PYTHONPATH} /usr/bin/python3 -W ignore:setup.py install is deprecated setup.py egg_info --egg-base ../../../build/act1_tf build --build-base /home/israamaciaas/ros2_ws/build/act1_tf/build install --record /home/israamaciaas/ros2_ws/build/act1_tf/install.log --single-version-externally-managed install_data
[2.770s] running egg_info
[2.771s] creating ../../../build/act1_tf/act1_tf.egg-info
[2.771s] writing ../../../build/act1_tf/act1_tf.egg-info/PKG-INFO
[2.771s] writing dependency_links to ../../../build/act1_tf/act1_tf.egg-info/dependency_links.txt
[2.772s] writing entry points to ../../../build/act1_tf/act1_tf.egg-info/entry_points.txt
[2.772s] writing requirements to ../../../build/act1_tf/act1_tf.egg-info/requires.txt
[2.772s] writing top-level names to ../../../build/act1_tf/act1_tf.egg-info/top_level.txt
[2.772s] writing manifest file '../../../build/act1_tf/act1_tf.egg-info/SOURCES.txt'
[2.775s] reading manifest file '../../../build/act1_tf/act1_tf.egg-info/SOURCES.txt'
[2.775s] writing manifest file '../../../build/act1_tf/act1_tf.egg-info/SOURCES.txt'
[2.775s] running build
[2.775s] running build_py
[2.775s] creating /home/israamaciaas/ros2_ws/build/act1_tf/build
[2.776s] creating /home/israamaciaas/ros2_ws/build/act1_tf/build/lib
[2.776s] creating /home/israamaciaas/ros2_ws/build/act1_tf/build/lib/act1_tf
[2.776s] copying act1_tf/__init__.py -> /home/israamaciaas/ros2_ws/build/act1_tf/build/lib/act1_tf
[2.776s] running install
[2.776s] running install_lib
[2.778s] creating /home/israamaciaas/ros2_ws/install/act1_tf/lib/python3.10/site-packages/act1_tf
[2.778s] copying /home/israamaciaas/ros2_ws/build/act1_tf/build/lib/act1_tf/__init__.py -> /home/israamaciaas/ros2_ws/install/act1_tf/lib/python3.10/site-packages/act1_tf
[2.778s] byte-compiling /home/israamaciaas/ros2_ws/install/act1_tf/lib/python3.10/site-packages/act1_tf/__init__.py to __init__.cpython-310.pyc
[2.779s] running install_data
[2.779s] creating /home/israamaciaas/ros2_ws/install/act1_tf/share/ament_index
[2.779s] creating /home/israamaciaas/ros2_ws/install/act1_tf/share/ament_index/resource_index
[2.779s] creating /home/israamaciaas/ros2_ws/install/act1_tf/share/ament_index/resource_index/packages
[2.779s] copying resource/act1_tf -> /home/israamaciaas/ros2_ws/install/act1_tf/share/ament_index/resource_index/packages
[2.779s] copying package.xml -> /home/israamaciaas/ros2_ws/install/act1_tf/share/act1_tf
[2.779s] running install_egg_info
[2.781s] Copying ../../../build/act1_tf/act1_tf.egg-info to /home/israamaciaas/ros2_ws/install/act1_tf/lib/python3.10/site-packages/act1_tf-0.0.0-py3.10.egg-info
[2.782s] running install_scripts
[2.806s] writing list of installed files to '/home/israamaciaas/ros2_ws/build/act1_tf/install.log'
[2.853s] Invoked command in '/home/israamaciaas/ros2_ws/src/manchester_activities/act1_tf' returned '0': PYTHONPATH=/home/israamaciaas/ros2_ws/build/act1_tf/prefix_override:/usr/lib/python3/dist-packages/colcon_core/task/python/colcon_distutils_commands:/home/israamaciaas/ros2_ws/install/act1_tf/lib/python3.10/site-packages:${PYTHONPATH} /usr/bin/python3 -W ignore:setup.py install is deprecated setup.py egg_info --egg-base ../../../build/act1_tf build --build-base /home/israamaciaas/ros2_ws/build/act1_tf/build install --record /home/israamaciaas/ros2_ws/build/act1_tf/install.log --single-version-externally-managed install_data
