[2.209s] Invoking command in '/home/israamaciaas/ros2_ws/build/potMap': PYTHONPATH=/home/israamaciaas/ros2_ws/build/potMap/prefix_override:/usr/lib/python3/dist-packages/colcon_core/task/python/colcon_distutils_commands:/home/israamaciaas/ros2_ws/install/potMap/lib/python3.10/site-packages:${PYTHONPATH} /usr/bin/python3 -W ignore:setup.py install is deprecated setup.py develop --uninstall --editable --build-directory /home/israamaciaas/ros2_ws/build/potMap/build
[2.624s] running develop
[2.624s] /usr/lib/python3/dist-packages/setuptools/command/easy_install.py:158: EasyInstallDeprecationWarning: easy_install command is deprecated. Use build and pip and other standards-based tools.
[2.625s]   warnings.warn(
[2.921s] Removing /home/israamaciaas/ros2_ws/install/potMap/lib/python3.10/site-packages/potMap.egg-link (link to .)
[2.995s] Invoked command in '/home/israamaciaas/ros2_ws/build/potMap' returned '0': PYTHONPATH=/home/israamaciaas/ros2_ws/build/potMap/prefix_override:/usr/lib/python3/dist-packages/colcon_core/task/python/colcon_distutils_commands:/home/israamaciaas/ros2_ws/install/potMap/lib/python3.10/site-packages:${PYTHONPATH} /usr/bin/python3 -W ignore:setup.py install is deprecated setup.py develop --uninstall --editable --build-directory /home/israamaciaas/ros2_ws/build/potMap/build
[2.997s] Invoking command in '/home/israamaciaas/ros2_ws/src/potMap': PYTHONPATH=/home/israamaciaas/ros2_ws/build/potMap/prefix_override:/usr/lib/python3/dist-packages/colcon_core/task/python/colcon_distutils_commands:/home/israamaciaas/ros2_ws/install/potMap/lib/python3.10/site-packages:${PYTHONPATH} /usr/bin/python3 -W ignore:setup.py install is deprecated setup.py egg_info --egg-base ../../build/potMap build --build-base /home/israamaciaas/ros2_ws/build/potMap/build install --record /home/israamaciaas/ros2_ws/build/potMap/install.log --single-version-externally-managed install_data --force
[3.391s] running egg_info
[3.392s] writing ../../build/potMap/potMap.egg-info/PKG-INFO
[3.392s] writing dependency_links to ../../build/potMap/potMap.egg-info/dependency_links.txt
[3.393s] writing entry points to ../../build/potMap/potMap.egg-info/entry_points.txt
[3.393s] writing requirements to ../../build/potMap/potMap.egg-info/requires.txt
[3.393s] writing top-level names to ../../build/potMap/potMap.egg-info/top_level.txt
[3.396s] reading manifest file '../../build/potMap/potMap.egg-info/SOURCES.txt'
[3.397s] writing manifest file '../../build/potMap/potMap.egg-info/SOURCES.txt'
[3.398s] running build
[3.398s] running build_py
[3.398s] creating /home/israamaciaas/ros2_ws/build/potMap/build
[3.399s] creating /home/israamaciaas/ros2_ws/build/potMap/build/lib
[3.399s] creating /home/israamaciaas/ros2_ws/build/potMap/build/lib/potMap
[3.399s] copying potMap/__init__.py -> /home/israamaciaas/ros2_ws/build/potMap/build/lib/potMap
[3.399s] copying potMap/potMap_node.py -> /home/israamaciaas/ros2_ws/build/potMap/build/lib/potMap
[3.399s] running install
[3.399s] running install_lib
[3.400s] creating /home/israamaciaas/ros2_ws/install/potMap/lib/python3.10/site-packages/potMap
[3.401s] copying /home/israamaciaas/ros2_ws/build/potMap/build/lib/potMap/__init__.py -> /home/israamaciaas/ros2_ws/install/potMap/lib/python3.10/site-packages/potMap
[3.401s] copying /home/israamaciaas/ros2_ws/build/potMap/build/lib/potMap/potMap_node.py -> /home/israamaciaas/ros2_ws/install/potMap/lib/python3.10/site-packages/potMap
[3.402s] byte-compiling /home/israamaciaas/ros2_ws/install/potMap/lib/python3.10/site-packages/potMap/__init__.py to __init__.cpython-310.pyc
[3.402s] byte-compiling /home/israamaciaas/ros2_ws/install/potMap/lib/python3.10/site-packages/potMap/potMap_node.py to potMap_node.cpython-310.pyc
[3.404s] running install_data
[3.404s] copying resource/potMap -> /home/israamaciaas/ros2_ws/install/potMap/share/ament_index/resource_index/packages
[3.404s] copying package.xml -> /home/israamaciaas/ros2_ws/install/potMap/share/potMap
[3.404s] running install_egg_info
[3.407s] Copying ../../build/potMap/potMap.egg-info to /home/israamaciaas/ros2_ws/install/potMap/lib/python3.10/site-packages/potMap-0.0.0-py3.10.egg-info
[3.409s] running install_scripts
[3.443s] Installing potMap_node script to /home/israamaciaas/ros2_ws/install/potMap/lib/potMap
[3.444s] writing list of installed files to '/home/israamaciaas/ros2_ws/build/potMap/install.log'
[3.499s] Invoked command in '/home/israamaciaas/ros2_ws/src/potMap' returned '0': PYTHONPATH=/home/israamaciaas/ros2_ws/build/potMap/prefix_override:/usr/lib/python3/dist-packages/colcon_core/task/python/colcon_distutils_commands:/home/israamaciaas/ros2_ws/install/potMap/lib/python3.10/site-packages:${PYTHONPATH} /usr/bin/python3 -W ignore:setup.py install is deprecated setup.py egg_info --egg-base ../../build/potMap build --build-base /home/israamaciaas/ros2_ws/build/potMap/build install --record /home/israamaciaas/ros2_ws/build/potMap/install.log --single-version-externally-managed install_data --force
