[0.695s] Invoking command in '/home/israamaciaas/ros2_ws/src/ros_move': PYTHONPATH=/home/israamaciaas/ros2_ws/build/ros_move/prefix_override:/usr/lib/python3/dist-packages/colcon_core/task/python/colcon_distutils_commands:/home/israamaciaas/ros2_ws/install/ros_move/lib/python3.10/site-packages:${PYTHONPATH} /usr/bin/python3 -W ignore:setup.py install is deprecated setup.py egg_info --egg-base ../../build/ros_move build --build-base /home/israamaciaas/ros2_ws/build/ros_move/build install --record /home/israamaciaas/ros2_ws/build/ros_move/install.log --single-version-externally-managed install_data
[0.910s] running egg_info
[0.911s] writing ../../build/ros_move/ros_move.egg-info/PKG-INFO
[0.912s] writing dependency_links to ../../build/ros_move/ros_move.egg-info/dependency_links.txt
[0.912s] writing entry points to ../../build/ros_move/ros_move.egg-info/entry_points.txt
[0.912s] writing requirements to ../../build/ros_move/ros_move.egg-info/requires.txt
[0.912s] writing top-level names to ../../build/ros_move/ros_move.egg-info/top_level.txt
[0.916s] reading manifest file '../../build/ros_move/ros_move.egg-info/SOURCES.txt'
[0.917s] writing manifest file '../../build/ros_move/ros_move.egg-info/SOURCES.txt'
[0.917s] running build
[0.917s] running build_py
[0.919s] running install
[0.919s] running install_lib
[0.921s] running install_data
[0.926s] running install_egg_info
[0.929s] removing '/home/israamaciaas/ros2_ws/install/ros_move/lib/python3.10/site-packages/ros_move-0.0.0-py3.10.egg-info' (and everything under it)
[0.929s] Copying ../../build/ros_move/ros_move.egg-info to /home/israamaciaas/ros2_ws/install/ros_move/lib/python3.10/site-packages/ros_move-0.0.0-py3.10.egg-info
[0.930s] running install_scripts
[0.955s] Installing bot_node script to /home/israamaciaas/ros2_ws/install/ros_move/lib/ros_move
[0.955s] Installing fuzzy_controller_node script to /home/israamaciaas/ros2_ws/install/ros_move/lib/ros_move
[0.955s] writing list of installed files to '/home/israamaciaas/ros2_ws/build/ros_move/install.log'
[1.000s] Invoked command in '/home/israamaciaas/ros2_ws/src/ros_move' returned '0': PYTHONPATH=/home/israamaciaas/ros2_ws/build/ros_move/prefix_override:/usr/lib/python3/dist-packages/colcon_core/task/python/colcon_distutils_commands:/home/israamaciaas/ros2_ws/install/ros_move/lib/python3.10/site-packages:${PYTHONPATH} /usr/bin/python3 -W ignore:setup.py install is deprecated setup.py egg_info --egg-base ../../build/ros_move build --build-base /home/israamaciaas/ros2_ws/build/ros_move/build install --record /home/israamaciaas/ros2_ws/build/ros_move/install.log --single-version-externally-managed install_data
