running egg_info
creating ../../build/potMap/potMap.egg-info
writing ../../build/potMap/potMap.egg-info/PKG-INFO
writing dependency_links to ../../build/potMap/potMap.egg-info/dependency_links.txt
writing entry points to ../../build/potMap/potMap.egg-info/entry_points.txt
writing requirements to ../../build/potMap/potMap.egg-info/requires.txt
writing top-level names to ../../build/potMap/potMap.egg-info/top_level.txt
writing manifest file '../../build/potMap/potMap.egg-info/SOURCES.txt'
reading manifest file '../../build/potMap/potMap.egg-info/SOURCES.txt'
writing manifest file '../../build/potMap/potMap.egg-info/SOURCES.txt'
running build
running build_py
creating /home/israamaciaas/ros2_ws/build/potMap/build
creating /home/israamaciaas/ros2_ws/build/potMap/build/lib
creating /home/israamaciaas/ros2_ws/build/potMap/build/lib/potMap
copying potMap/__init__.py -> /home/israamaciaas/ros2_ws/build/potMap/build/lib/potMap
copying potMap/potMap_node.py -> /home/israamaciaas/ros2_ws/build/potMap/build/lib/potMap
running install
running install_lib
creating /home/israamaciaas/ros2_ws/install/potMap/lib/python3.10/site-packages/potMap
copying /home/israamaciaas/ros2_ws/build/potMap/build/lib/potMap/__init__.py -> /home/israamaciaas/ros2_ws/install/potMap/lib/python3.10/site-packages/potMap
copying /home/israamaciaas/ros2_ws/build/potMap/build/lib/potMap/potMap_node.py -> /home/israamaciaas/ros2_ws/install/potMap/lib/python3.10/site-packages/potMap
byte-compiling /home/israamaciaas/ros2_ws/install/potMap/lib/python3.10/site-packages/potMap/__init__.py to __init__.cpython-310.pyc
byte-compiling /home/israamaciaas/ros2_ws/install/potMap/lib/python3.10/site-packages/potMap/potMap_node.py to potMap_node.cpython-310.pyc
running install_data
creating /home/israamaciaas/ros2_ws/install/potMap/share/ament_index
creating /home/israamaciaas/ros2_ws/install/potMap/share/ament_index/resource_index
creating /home/israamaciaas/ros2_ws/install/potMap/share/ament_index/resource_index/packages
copying resource/potMap -> /home/israamaciaas/ros2_ws/install/potMap/share/ament_index/resource_index/packages
copying package.xml -> /home/israamaciaas/ros2_ws/install/potMap/share/potMap
running install_egg_info
Copying ../../build/potMap/potMap.egg-info to /home/israamaciaas/ros2_ws/install/potMap/lib/python3.10/site-packages/potMap-0.0.0-py3.10.egg-info
running install_scripts
Installing potMap_node script to /home/israamaciaas/ros2_ws/install/potMap/lib/potMap
writing list of installed files to '/home/israamaciaas/ros2_ws/build/potMap/install.log'
