[1.547s] Invoking command in '/home/israamaciaas/ros2_ws/src/potMap': PYTHONPATH=/home/israamaciaas/ros2_ws/build/potMap/prefix_override:/usr/lib/python3/dist-packages/colcon_core/task/python/colcon_distutils_commands:/home/israamaciaas/ros2_ws/install/potMap/lib/python3.10/site-packages:${PYTHONPATH} /usr/bin/python3 -W ignore:setup.py install is deprecated setup.py egg_info --egg-base ../../build/potMap build --build-base /home/israamaciaas/ros2_ws/build/potMap/build install --record /home/israamaciaas/ros2_ws/build/potMap/install.log --single-version-externally-managed install_data
[1.793s] running egg_info
[1.793s] creating ../../build/potMap/potMap.egg-info
[1.794s] writing ../../build/potMap/potMap.egg-info/PKG-INFO
[1.794s] writing dependency_links to ../../build/potMap/potMap.egg-info/dependency_links.txt
[1.794s] writing entry points to ../../build/potMap/potMap.egg-info/entry_points.txt
[1.794s] writing requirements to ../../build/potMap/potMap.egg-info/requires.txt
[1.794s] writing top-level names to ../../build/potMap/potMap.egg-info/top_level.txt
[1.794s] writing manifest file '../../build/potMap/potMap.egg-info/SOURCES.txt'
[1.796s] reading manifest file '../../build/potMap/potMap.egg-info/SOURCES.txt'
[1.797s] writing manifest file '../../build/potMap/potMap.egg-info/SOURCES.txt'
[1.797s] running build
[1.797s] running build_py
[1.797s] creating /home/israamaciaas/ros2_ws/build/potMap/build
[1.798s] creating /home/israamaciaas/ros2_ws/build/potMap/build/lib
[1.798s] creating /home/israamaciaas/ros2_ws/build/potMap/build/lib/potMap
[1.798s] copying potMap/__init__.py -> /home/israamaciaas/ros2_ws/build/potMap/build/lib/potMap
[1.798s] copying potMap/potMap_node.py -> /home/israamaciaas/ros2_ws/build/potMap/build/lib/potMap
[1.803s] running install
[1.803s] running install_lib
[1.804s] creating /home/israamaciaas/ros2_ws/install/potMap/lib/python3.10/site-packages/potMap
[1.805s] copying /home/israamaciaas/ros2_ws/build/potMap/build/lib/potMap/__init__.py -> /home/israamaciaas/ros2_ws/install/potMap/lib/python3.10/site-packages/potMap
[1.805s] copying /home/israamaciaas/ros2_ws/build/potMap/build/lib/potMap/potMap_node.py -> /home/israamaciaas/ros2_ws/install/potMap/lib/python3.10/site-packages/potMap
[1.805s] byte-compiling /home/israamaciaas/ros2_ws/install/potMap/lib/python3.10/site-packages/potMap/__init__.py to __init__.cpython-310.pyc
[1.806s] byte-compiling /home/israamaciaas/ros2_ws/install/potMap/lib/python3.10/site-packages/potMap/potMap_node.py to potMap_node.cpython-310.pyc
[1.806s] running install_data
[1.806s] creating /home/israamaciaas/ros2_ws/install/potMap/share/ament_index
[1.806s] creating /home/israamaciaas/ros2_ws/install/potMap/share/ament_index/resource_index
[1.807s] creating /home/israamaciaas/ros2_ws/install/potMap/share/ament_index/resource_index/packages
[1.807s] copying resource/potMap -> /home/israamaciaas/ros2_ws/install/potMap/share/ament_index/resource_index/packages
[1.807s] copying package.xml -> /home/israamaciaas/ros2_ws/install/potMap/share/potMap
[1.807s] running install_egg_info
[1.809s] Copying ../../build/potMap/potMap.egg-info to /home/israamaciaas/ros2_ws/install/potMap/lib/python3.10/site-packages/potMap-0.0.0-py3.10.egg-info
[1.810s] running install_scripts
[1.836s] Installing potMap_node script to /home/israamaciaas/ros2_ws/install/potMap/lib/potMap
[1.836s] writing list of installed files to '/home/israamaciaas/ros2_ws/build/potMap/install.log'
[1.889s] Invoked command in '/home/israamaciaas/ros2_ws/src/potMap' returned '0': PYTHONPATH=/home/israamaciaas/ros2_ws/build/potMap/prefix_override:/usr/lib/python3/dist-packages/colcon_core/task/python/colcon_distutils_commands:/home/israamaciaas/ros2_ws/install/potMap/lib/python3.10/site-packages:${PYTHONPATH} /usr/bin/python3 -W ignore:setup.py install is deprecated setup.py egg_info --egg-base ../../build/potMap build --build-base /home/israamaciaas/ros2_ws/build/potMap/build install --record /home/israamaciaas/ros2_ws/build/potMap/install.log --single-version-externally-managed install_data
