running develop
running egg_info
creating ros_move.egg-info
writing ros_move.egg-info/PKG-INFO
writing dependency_links to ros_move.egg-info/dependency_links.txt
writing entry points to ros_move.egg-info/entry_points.txt
writing requirements to ros_move.egg-info/requires.txt
writing top-level names to ros_move.egg-info/top_level.txt
writing manifest file 'ros_move.egg-info/SOURCES.txt'
reading manifest file 'ros_move.egg-info/SOURCES.txt'
writing manifest file 'ros_move.egg-info/SOURCES.txt'
running build_ext
Creating /home/israamaciaas/ros2_ws/install/ros_move/lib/python3.10/site-packages/ros-move.egg-link (link to .)
Installing bot_node script to /home/israamaciaas/ros2_ws/install/ros_move/lib/ros_move
Installing fuzzy_controller_node script to /home/israamaciaas/ros2_ws/install/ros_move/lib/ros_move

Installed /home/israamaciaas/ros2_ws/build/ros_move
running symlink_data
creating /home/israamaciaas/ros2_ws/install/ros_move/share/ament_index
creating /home/israamaciaas/ros2_ws/install/ros_move/share/ament_index/resource_index
creating /home/israamaciaas/ros2_ws/install/ros_move/share/ament_index/resource_index/packages
symbolically linking /home/israamaciaas/ros2_ws/build/ros_move/resource/ros_move -> /home/israamaciaas/ros2_ws/install/ros_move/share/ament_index/resource_index/packages
symbolically linking /home/israamaciaas/ros2_ws/build/ros_move/package.xml -> /home/israamaciaas/ros2_ws/install/ros_move/share/ros_move
creating /home/israamaciaas/ros2_ws/install/ros_move/share/ros_move/launch
symbolically linking /home/israamaciaas/ros2_ws/build/ros_move/launch/fuzzy_launch.py -> /home/israamaciaas/ros2_ws/install/ros_move/share/ros_move/launch
