[2.011s] Invoking command in '/home/israamaciaas/ros2_ws/build/ros_move': PYTHONPATH=/home/israamaciaas/ros2_ws/build/ros_move/prefix_override:/usr/lib/python3/dist-packages/colcon_core/task/python/colcon_distutils_commands:/home/israamaciaas/ros2_ws/install/ros_move/lib/python3.10/site-packages:${PYTHONPATH} /usr/bin/python3 -W ignore:setup.py install is deprecated setup.py develop --editable --build-directory /home/israamaciaas/ros2_ws/build/ros_move/build --no-deps symlink_data
[2.440s] running develop
[2.442s] /usr/lib/python3/dist-packages/setuptools/command/easy_install.py:158: EasyInstallDeprecationWarning: easy_install command is deprecated. Use build and pip and other standards-based tools.
[2.442s]   warnings.warn(
[2.807s] running egg_info
[2.807s] creating ros_move.egg-info
[2.808s] writing ros_move.egg-info/PKG-INFO
[2.809s] writing dependency_links to ros_move.egg-info/dependency_links.txt
[2.809s] writing entry points to ros_move.egg-info/entry_points.txt
[2.813s] writing requirements to ros_move.egg-info/requires.txt
[2.813s] writing top-level names to ros_move.egg-info/top_level.txt
[2.814s] writing manifest file 'ros_move.egg-info/SOURCES.txt'
[2.814s] reading manifest file 'ros_move.egg-info/SOURCES.txt'
[2.815s] writing manifest file 'ros_move.egg-info/SOURCES.txt'
[2.905s] running build_ext
[2.906s] Creating /home/israamaciaas/ros2_ws/install/ros_move/lib/python3.10/site-packages/ros-move.egg-link (link to .)
[2.907s] Installing bot_node script to /home/israamaciaas/ros2_ws/install/ros_move/lib/ros_move
[2.909s] Installing fuzzy_controller_node script to /home/israamaciaas/ros2_ws/install/ros_move/lib/ros_move
[2.909s] 
[2.909s] Installed /home/israamaciaas/ros2_ws/build/ros_move
[2.909s] running symlink_data
[2.909s] creating /home/israamaciaas/ros2_ws/install/ros_move/share/ament_index
[2.909s] creating /home/israamaciaas/ros2_ws/install/ros_move/share/ament_index/resource_index
[2.909s] creating /home/israamaciaas/ros2_ws/install/ros_move/share/ament_index/resource_index/packages
[2.910s] symbolically linking /home/israamaciaas/ros2_ws/build/ros_move/resource/ros_move -> /home/israamaciaas/ros2_ws/install/ros_move/share/ament_index/resource_index/packages
[2.910s] symbolically linking /home/israamaciaas/ros2_ws/build/ros_move/package.xml -> /home/israamaciaas/ros2_ws/install/ros_move/share/ros_move
[2.910s] creating /home/israamaciaas/ros2_ws/install/ros_move/share/ros_move/launch
[2.911s] symbolically linking /home/israamaciaas/ros2_ws/build/ros_move/launch/fuzzy_launch.py -> /home/israamaciaas/ros2_ws/install/ros_move/share/ros_move/launch
[3.041s] Invoked command in '/home/israamaciaas/ros2_ws/build/ros_move' returned '0': PYTHONPATH=/home/israamaciaas/ros2_ws/build/ros_move/prefix_override:/usr/lib/python3/dist-packages/colcon_core/task/python/colcon_distutils_commands:/home/israamaciaas/ros2_ws/install/ros_move/lib/python3.10/site-packages:${PYTHONPATH} /usr/bin/python3 -W ignore:setup.py install is deprecated setup.py develop --editable --build-directory /home/israamaciaas/ros2_ws/build/ros_move/build --no-deps symlink_data
