[1.971s] Invoking command in '/home/israamaciaas/ros2_ws/src/potMap': PYTHONPATH=/home/israamaciaas/ros2_ws/build/potMap/prefix_override:/usr/lib/python3/dist-packages/colcon_core/task/python/colcon_distutils_commands:/home/israamaciaas/ros2_ws/install/potMap/lib/python3.10/site-packages:${PYTHONPATH} /usr/bin/python3 -W ignore:setup.py install is deprecated setup.py egg_info --egg-base ../../build/potMap build --build-base /home/israamaciaas/ros2_ws/build/potMap/build install --record /home/israamaciaas/ros2_ws/build/potMap/install.log --single-version-externally-managed install_data
[2.499s] running egg_info
[2.502s] writing ../../build/potMap/potMap.egg-info/PKG-INFO
[2.503s] writing dependency_links to ../../build/potMap/potMap.egg-info/dependency_links.txt
[2.503s] writing entry points to ../../build/potMap/potMap.egg-info/entry_points.txt
[2.504s] writing requirements to ../../build/potMap/potMap.egg-info/requires.txt
[2.504s] writing top-level names to ../../build/potMap/potMap.egg-info/top_level.txt
[2.510s] reading manifest file '../../build/potMap/potMap.egg-info/SOURCES.txt'
[2.510s] writing manifest file '../../build/potMap/potMap.egg-info/SOURCES.txt'
[2.511s] running build
[2.511s] running build_py
[2.511s] running install
[2.512s] running install_lib
[2.517s] running install_data
[2.517s] running install_egg_info
[2.524s] removing '/home/israamaciaas/ros2_ws/install/potMap/lib/python3.10/site-packages/potMap-0.0.0-py3.10.egg-info' (and everything under it)
[2.525s] Copying ../../build/potMap/potMap.egg-info to /home/israamaciaas/ros2_ws/install/potMap/lib/python3.10/site-packages/potMap-0.0.0-py3.10.egg-info
[2.527s] running install_scripts
[2.592s] Installing potMap_node script to /home/israamaciaas/ros2_ws/install/potMap/lib/potMap
[2.594s] writing list of installed files to '/home/israamaciaas/ros2_ws/build/potMap/install.log'
[2.780s] Invoked command in '/home/israamaciaas/ros2_ws/src/potMap' returned '0': PYTHONPATH=/home/israamaciaas/ros2_ws/build/potMap/prefix_override:/usr/lib/python3/dist-packages/colcon_core/task/python/colcon_distutils_commands:/home/israamaciaas/ros2_ws/install/potMap/lib/python3.10/site-packages:${PYTHONPATH} /usr/bin/python3 -W ignore:setup.py install is deprecated setup.py egg_info --egg-base ../../build/potMap build --build-base /home/israamaciaas/ros2_ws/build/potMap/build install --record /home/israamaciaas/ros2_ws/build/potMap/install.log --single-version-externally-managed install_data
