[0.617s] Invoking command in '/home/israamaciaas/ros2_ws/build/signal_generator': CMAKE_PREFIX_PATH=${CMAKE_PREFIX_PATH}:/home/israamaciaas/ros2_ws/install/turtle_figure:/home/israamaciaas/ros2_ws/install/ros_move:/home/israamaciaas/ros2_ws/install/potMap:/opt/ros/humble /usr/bin/cmake --build /home/israamaciaas/ros2_ws/build/signal_generator -- -j8 -l8
[0.681s] [100%] Built target signal_generator
[0.878s] Invoked command in '/home/israamaciaas/ros2_ws/build/signal_generator' returned '0': CMAKE_PREFIX_PATH=${CMAKE_PREFIX_PATH}:/home/israamaciaas/ros2_ws/install/turtle_figure:/home/israamaciaas/ros2_ws/install/ros_move:/home/israamaciaas/ros2_ws/install/potMap:/opt/ros/humble /usr/bin/cmake --build /home/israamaciaas/ros2_ws/build/signal_generator -- -j8 -l8
[0.926s] Invoking command in '/home/israamaciaas/ros2_ws/build/signal_generator': CMAKE_PREFIX_PATH=${CMAKE_PREFIX_PATH}:/home/israamaciaas/ros2_ws/install/turtle_figure:/home/israamaciaas/ros2_ws/install/ros_move:/home/israamaciaas/ros2_ws/install/potMap:/opt/ros/humble /usr/bin/cmake --install /home/israamaciaas/ros2_ws/build/signal_generator
[0.937s] -- Install configuration: ""
[0.937s] -- Up-to-date: /home/israamaciaas/ros2_ws/install/signal_generator/lib/signal_generator/signal_generator
[0.937s] -- Up-to-date: /home/israamaciaas/ros2_ws/install/signal_generator/share/ament_index/resource_index/package_run_dependencies/signal_generator
[0.937s] -- Up-to-date: /home/israamaciaas/ros2_ws/install/signal_generator/share/ament_index/resource_index/parent_prefix_path/signal_generator
[0.937s] -- Up-to-date: /home/israamaciaas/ros2_ws/install/signal_generator/share/signal_generator/environment/ament_prefix_path.sh
[0.937s] -- Up-to-date: /home/israamaciaas/ros2_ws/install/signal_generator/share/signal_generator/environment/ament_prefix_path.dsv
[0.937s] -- Up-to-date: /home/israamaciaas/ros2_ws/install/signal_generator/share/signal_generator/environment/path.sh
[0.938s] -- Up-to-date: /home/israamaciaas/ros2_ws/install/signal_generator/share/signal_generator/environment/path.dsv
[0.938s] -- Up-to-date: /home/israamaciaas/ros2_ws/install/signal_generator/share/signal_generator/local_setup.bash
[0.938s] -- Up-to-date: /home/israamaciaas/ros2_ws/install/signal_generator/share/signal_generator/local_setup.sh
[0.938s] -- Up-to-date: /home/israamaciaas/ros2_ws/install/signal_generator/share/signal_generator/local_setup.zsh
[0.938s] -- Up-to-date: /home/israamaciaas/ros2_ws/install/signal_generator/share/signal_generator/local_setup.dsv
[0.938s] -- Installing: /home/israamaciaas/ros2_ws/install/signal_generator/share/signal_generator/package.dsv
[0.938s] -- Up-to-date: /home/israamaciaas/ros2_ws/install/signal_generator/share/ament_index/resource_index/packages/signal_generator
[0.938s] -- Up-to-date: /home/israamaciaas/ros2_ws/install/signal_generator/share/signal_generator/cmake/signal_generatorConfig.cmake
[0.938s] -- Up-to-date: /home/israamaciaas/ros2_ws/install/signal_generator/share/signal_generator/cmake/signal_generatorConfig-version.cmake
[0.938s] -- Up-to-date: /home/israamaciaas/ros2_ws/install/signal_generator/share/signal_generator/package.xml
[0.942s] Invoked command in '/home/israamaciaas/ros2_ws/build/signal_generator' returned '0': CMAKE_PREFIX_PATH=${CMAKE_PREFIX_PATH}:/home/israamaciaas/ros2_ws/install/turtle_figure:/home/israamaciaas/ros2_ws/install/ros_move:/home/israamaciaas/ros2_ws/install/potMap:/opt/ros/humble /usr/bin/cmake --install /home/israamaciaas/ros2_ws/build/signal_generator
