[2.886s] Invoking command in '/home/israamaciaas/ros2_ws/src/turtle_figure': PYTHONPATH=/home/israamaciaas/ros2_ws/build/turtle_figure/prefix_override:/usr/lib/python3/dist-packages/colcon_core/task/python/colcon_distutils_commands:/home/israamaciaas/ros2_ws/install/turtle_figure/lib/python3.10/site-packages:${PYTHONPATH} /usr/bin/python3 -W ignore:setup.py install is deprecated setup.py egg_info --egg-base ../../build/turtle_figure build --build-base /home/israamaciaas/ros2_ws/build/turtle_figure/build install --record /home/israamaciaas/ros2_ws/build/turtle_figure/install.log --single-version-externally-managed install_data
[3.365s] running egg_info
[3.367s] writing ../../build/turtle_figure/turtle_figure.egg-info/PKG-INFO
[3.368s] writing dependency_links to ../../build/turtle_figure/turtle_figure.egg-info/dependency_links.txt
[3.368s] writing entry points to ../../build/turtle_figure/turtle_figure.egg-info/entry_points.txt
[3.369s] writing requirements to ../../build/turtle_figure/turtle_figure.egg-info/requires.txt
[3.369s] writing top-level names to ../../build/turtle_figure/turtle_figure.egg-info/top_level.txt
[3.376s] reading manifest file '../../build/turtle_figure/turtle_figure.egg-info/SOURCES.txt'
[3.378s] writing manifest file '../../build/turtle_figure/turtle_figure.egg-info/SOURCES.txt'
[3.378s] running build
[3.378s] running build_py
[3.378s] running install
[3.378s] running install_lib
[3.381s] running install_data
[3.382s] running install_egg_info
[3.387s] removing '/home/israamaciaas/ros2_ws/install/turtle_figure/lib/python3.10/site-packages/turtle_figure-0.0.0-py3.10.egg-info' (and everything under it)
[3.388s] Copying ../../build/turtle_figure/turtle_figure.egg-info to /home/israamaciaas/ros2_ws/install/turtle_figure/lib/python3.10/site-packages/turtle_figure-0.0.0-py3.10.egg-info
[3.389s] running install_scripts
[3.439s] Installing turtleFigureNode script to /home/israamaciaas/ros2_ws/install/turtle_figure/lib/turtle_figure
[3.440s] writing list of installed files to '/home/israamaciaas/ros2_ws/build/turtle_figure/install.log'
[3.537s] Invoked command in '/home/israamaciaas/ros2_ws/src/turtle_figure' returned '0': PYTHONPATH=/home/israamaciaas/ros2_ws/build/turtle_figure/prefix_override:/usr/lib/python3/dist-packages/colcon_core/task/python/colcon_distutils_commands:/home/israamaciaas/ros2_ws/install/turtle_figure/lib/python3.10/site-packages:${PYTHONPATH} /usr/bin/python3 -W ignore:setup.py install is deprecated setup.py egg_info --egg-base ../../build/turtle_figure build --build-base /home/israamaciaas/ros2_ws/build/turtle_figure/build install --record /home/israamaciaas/ros2_ws/build/turtle_figure/install.log --single-version-externally-managed install_data
