running egg_info
writing ../../build/potMap/potMap.egg-info/PKG-INFO
writing dependency_links to ../../build/potMap/potMap.egg-info/dependency_links.txt
writing entry points to ../../build/potMap/potMap.egg-info/entry_points.txt
writing requirements to ../../build/potMap/potMap.egg-info/requires.txt
writing top-level names to ../../build/potMap/potMap.egg-info/top_level.txt
reading manifest file '../../build/potMap/potMap.egg-info/SOURCES.txt'
writing manifest file '../../build/potMap/potMap.egg-info/SOURCES.txt'
running build
running build_py
copying potMap/potMap_node.py -> /home/israamaciaas/ros2_ws/build/potMap/build/lib/potMap
running install
running install_lib
copying /home/israamaciaas/ros2_ws/build/potMap/build/lib/potMap/potMap_node.py -> /home/israamaciaas/ros2_ws/install/potMap/lib/python3.10/site-packages/potMap
byte-compiling /home/israamaciaas/ros2_ws/install/potMap/lib/python3.10/site-packages/potMap/potMap_node.py to potMap_node.cpython-310.pyc
running install_data
running install_egg_info
removing '/home/israamaciaas/ros2_ws/install/potMap/lib/python3.10/site-packages/potMap-0.0.0-py3.10.egg-info' (and everything under it)
Copying ../../build/potMap/potMap.egg-info to /home/israamaciaas/ros2_ws/install/potMap/lib/python3.10/site-packages/potMap-0.0.0-py3.10.egg-info
running install_scripts
Installing potMap_node script to /home/israamaciaas/ros2_ws/install/potMap/lib/potMap
writing list of installed files to '/home/israamaciaas/ros2_ws/build/potMap/install.log'
