running develop
running egg_info
creating turtle_figure.egg-info
writing turtle_figure.egg-info/PKG-INFO
writing dependency_links to turtle_figure.egg-info/dependency_links.txt
writing entry points to turtle_figure.egg-info/entry_points.txt
writing requirements to turtle_figure.egg-info/requires.txt
writing top-level names to turtle_figure.egg-info/top_level.txt
writing manifest file 'turtle_figure.egg-info/SOURCES.txt'
reading manifest file 'turtle_figure.egg-info/SOURCES.txt'
writing manifest file 'turtle_figure.egg-info/SOURCES.txt'
running build_ext
Creating /home/israamaciaas/ros2_ws/install/turtle_figure/lib/python3.10/site-packages/turtle-figure.egg-link (link to .)
Installing turtleFigureNode script to /home/israamaciaas/ros2_ws/install/turtle_figure/lib/turtle_figure

Installed /home/israamaciaas/ros2_ws/build/turtle_figure
running symlink_data
creating /home/israamaciaas/ros2_ws/install/turtle_figure/share/ament_index
creating /home/israamaciaas/ros2_ws/install/turtle_figure/share/ament_index/resource_index
creating /home/israamaciaas/ros2_ws/install/turtle_figure/share/ament_index/resource_index/packages
symbolically linking /home/israamaciaas/ros2_ws/build/turtle_figure/resource/turtle_figure -> /home/israamaciaas/ros2_ws/install/turtle_figure/share/ament_index/resource_index/packages
symbolically linking /home/israamaciaas/ros2_ws/build/turtle_figure/package.xml -> /home/israamaciaas/ros2_ws/install/turtle_figure/share/turtle_figure
creating /home/israamaciaas/ros2_ws/install/turtle_figure/share/turtle_figure/launch
symbolically linking /home/israamaciaas/ros2_ws/build/turtle_figure/launch/launch.py -> /home/israamaciaas/ros2_ws/install/turtle_figure/share/turtle_figure/launch
