[1.974s] Invoking command in '/home/israamaciaas/ros2_ws/build/turtle_figure': PYTHONPATH=/home/israamaciaas/ros2_ws/build/turtle_figure/prefix_override:/usr/lib/python3/dist-packages/colcon_core/task/python/colcon_distutils_commands:/home/israamaciaas/ros2_ws/install/turtle_figure/lib/python3.10/site-packages:${PYTHONPATH} /usr/bin/python3 -W ignore:setup.py install is deprecated setup.py develop --editable --build-directory /home/israamaciaas/ros2_ws/build/turtle_figure/build --no-deps symlink_data
[2.409s] running develop
[2.411s] /usr/lib/python3/dist-packages/setuptools/command/easy_install.py:158: EasyInstallDeprecationWarning: easy_install command is deprecated. Use build and pip and other standards-based tools.
[2.411s]   warnings.warn(
[2.773s] running egg_info
[2.773s] creating turtle_figure.egg-info
[2.773s] writing turtle_figure.egg-info/PKG-INFO
[2.775s] writing dependency_links to turtle_figure.egg-info/dependency_links.txt
[2.775s] writing entry points to turtle_figure.egg-info/entry_points.txt
[2.776s] writing requirements to turtle_figure.egg-info/requires.txt
[2.776s] writing top-level names to turtle_figure.egg-info/top_level.txt
[2.776s] writing manifest file 'turtle_figure.egg-info/SOURCES.txt'
[2.779s] reading manifest file 'turtle_figure.egg-info/SOURCES.txt'
[2.780s] writing manifest file 'turtle_figure.egg-info/SOURCES.txt'
[2.868s] running build_ext
[2.868s] Creating /home/israamaciaas/ros2_ws/install/turtle_figure/lib/python3.10/site-packages/turtle-figure.egg-link (link to .)
[2.869s] Installing turtleFigureNode script to /home/israamaciaas/ros2_ws/install/turtle_figure/lib/turtle_figure
[2.870s] 
[2.870s] Installed /home/israamaciaas/ros2_ws/build/turtle_figure
[2.871s] running symlink_data
[2.871s] creating /home/israamaciaas/ros2_ws/install/turtle_figure/share/ament_index
[2.871s] creating /home/israamaciaas/ros2_ws/install/turtle_figure/share/ament_index/resource_index
[2.872s] creating /home/israamaciaas/ros2_ws/install/turtle_figure/share/ament_index/resource_index/packages
[2.872s] symbolically linking /home/israamaciaas/ros2_ws/build/turtle_figure/resource/turtle_figure -> /home/israamaciaas/ros2_ws/install/turtle_figure/share/ament_index/resource_index/packages
[2.872s] symbolically linking /home/israamaciaas/ros2_ws/build/turtle_figure/package.xml -> /home/israamaciaas/ros2_ws/install/turtle_figure/share/turtle_figure
[2.872s] creating /home/israamaciaas/ros2_ws/install/turtle_figure/share/turtle_figure/launch
[2.872s] symbolically linking /home/israamaciaas/ros2_ws/build/turtle_figure/launch/launch.py -> /home/israamaciaas/ros2_ws/install/turtle_figure/share/turtle_figure/launch
[2.994s] Invoked command in '/home/israamaciaas/ros2_ws/build/turtle_figure' returned '0': PYTHONPATH=/home/israamaciaas/ros2_ws/build/turtle_figure/prefix_override:/usr/lib/python3/dist-packages/colcon_core/task/python/colcon_distutils_commands:/home/israamaciaas/ros2_ws/install/turtle_figure/lib/python3.10/site-packages:${PYTHONPATH} /usr/bin/python3 -W ignore:setup.py install is deprecated setup.py develop --editable --build-directory /home/israamaciaas/ros2_ws/build/turtle_figure/build --no-deps symlink_data
