[3.702s] Invoking command in '/home/israamaciaas/ros2_ws/src/turtle_figure': PYTHONPATH=/home/israamaciaas/ros2_ws/build/turtle_figure/prefix_override:/usr/lib/python3/dist-packages/colcon_core/task/python/colcon_distutils_commands:/home/israamaciaas/ros2_ws/install/turtle_figure/lib/python3.10/site-packages:${PYTHONPATH} /usr/bin/python3 -W ignore:setup.py install is deprecated setup.py egg_info --egg-base ../../build/turtle_figure build --build-base /home/israamaciaas/ros2_ws/build/turtle_figure/build install --record /home/israamaciaas/ros2_ws/build/turtle_figure/install.log --single-version-externally-managed install_data
[4.436s] running egg_info
[4.438s] writing ../../build/turtle_figure/turtle_figure.egg-info/PKG-INFO
[4.439s] writing dependency_links to ../../build/turtle_figure/turtle_figure.egg-info/dependency_links.txt
[4.440s] writing entry points to ../../build/turtle_figure/turtle_figure.egg-info/entry_points.txt
[4.442s] writing requirements to ../../build/turtle_figure/turtle_figure.egg-info/requires.txt
[4.443s] writing top-level names to ../../build/turtle_figure/turtle_figure.egg-info/top_level.txt
[4.450s] reading manifest file '../../build/turtle_figure/turtle_figure.egg-info/SOURCES.txt'
[4.453s] writing manifest file '../../build/turtle_figure/turtle_figure.egg-info/SOURCES.txt'
[4.453s] running build
[4.454s] running build_py
[4.455s] running install
[4.456s] running install_lib
[4.462s] running install_data
[4.462s] running install_egg_info
[4.466s] removing '/home/israamaciaas/ros2_ws/install/turtle_figure/lib/python3.10/site-packages/turtle_figure-0.0.0-py3.10.egg-info' (and everything under it)
[4.467s] Copying ../../build/turtle_figure/turtle_figure.egg-info to /home/israamaciaas/ros2_ws/install/turtle_figure/lib/python3.10/site-packages/turtle_figure-0.0.0-py3.10.egg-info
[4.470s] running install_scripts
[4.539s] Installing turtleFigureNode script to /home/israamaciaas/ros2_ws/install/turtle_figure/lib/turtle_figure
[4.541s] writing list of installed files to '/home/israamaciaas/ros2_ws/build/turtle_figure/install.log'
[4.687s] Invoked command in '/home/israamaciaas/ros2_ws/src/turtle_figure' returned '0': PYTHONPATH=/home/israamaciaas/ros2_ws/build/turtle_figure/prefix_override:/usr/lib/python3/dist-packages/colcon_core/task/python/colcon_distutils_commands:/home/israamaciaas/ros2_ws/install/turtle_figure/lib/python3.10/site-packages:${PYTHONPATH} /usr/bin/python3 -W ignore:setup.py install is deprecated setup.py egg_info --egg-base ../../build/turtle_figure build --build-base /home/israamaciaas/ros2_ws/build/turtle_figure/build install --record /home/israamaciaas/ros2_ws/build/turtle_figure/install.log --single-version-externally-managed install_data
