[1.522s] Invoking command in '/home/israamaciaas/ros2_ws/src/turtle_figure': PYTHONPATH=/home/israamaciaas/ros2_ws/build/turtle_figure/prefix_override:/usr/lib/python3/dist-packages/colcon_core/task/python/colcon_distutils_commands:/home/israamaciaas/ros2_ws/install/turtle_figure/lib/python3.10/site-packages:${PYTHONPATH} /usr/bin/python3 -W ignore:setup.py install is deprecated setup.py egg_info --egg-base ../../build/turtle_figure build --build-base /home/israamaciaas/ros2_ws/build/turtle_figure/build install --record /home/israamaciaas/ros2_ws/build/turtle_figure/install.log --single-version-externally-managed install_data
[1.774s] running egg_info
[1.775s] creating ../../build/turtle_figure/turtle_figure.egg-info
[1.775s] writing ../../build/turtle_figure/turtle_figure.egg-info/PKG-INFO
[1.776s] writing dependency_links to ../../build/turtle_figure/turtle_figure.egg-info/dependency_links.txt
[1.776s] writing entry points to ../../build/turtle_figure/turtle_figure.egg-info/entry_points.txt
[1.776s] writing requirements to ../../build/turtle_figure/turtle_figure.egg-info/requires.txt
[1.776s] writing top-level names to ../../build/turtle_figure/turtle_figure.egg-info/top_level.txt
[1.776s] writing manifest file '../../build/turtle_figure/turtle_figure.egg-info/SOURCES.txt'
[1.779s] reading manifest file '../../build/turtle_figure/turtle_figure.egg-info/SOURCES.txt'
[1.780s] writing manifest file '../../build/turtle_figure/turtle_figure.egg-info/SOURCES.txt'
[1.780s] running build
[1.780s] running build_py
[1.780s] creating /home/israamaciaas/ros2_ws/build/turtle_figure/build
[1.780s] creating /home/israamaciaas/ros2_ws/build/turtle_figure/build/lib
[1.781s] creating /home/israamaciaas/ros2_ws/build/turtle_figure/build/lib/turtle_figure
[1.781s] copying turtle_figure/turtleFigureNode.py -> /home/israamaciaas/ros2_ws/build/turtle_figure/build/lib/turtle_figure
[1.781s] copying turtle_figure/__init__.py -> /home/israamaciaas/ros2_ws/build/turtle_figure/build/lib/turtle_figure
[1.781s] running install
[1.781s] running install_lib
[1.783s] creating /home/israamaciaas/ros2_ws/install/turtle_figure/lib/python3.10/site-packages/turtle_figure
[1.783s] copying /home/israamaciaas/ros2_ws/build/turtle_figure/build/lib/turtle_figure/turtleFigureNode.py -> /home/israamaciaas/ros2_ws/install/turtle_figure/lib/python3.10/site-packages/turtle_figure
[1.783s] copying /home/israamaciaas/ros2_ws/build/turtle_figure/build/lib/turtle_figure/__init__.py -> /home/israamaciaas/ros2_ws/install/turtle_figure/lib/python3.10/site-packages/turtle_figure
[1.783s] byte-compiling /home/israamaciaas/ros2_ws/install/turtle_figure/lib/python3.10/site-packages/turtle_figure/turtleFigureNode.py to turtleFigureNode.cpython-310.pyc
[1.784s] byte-compiling /home/israamaciaas/ros2_ws/install/turtle_figure/lib/python3.10/site-packages/turtle_figure/__init__.py to __init__.cpython-310.pyc
[1.784s] running install_data
[1.784s] creating /home/israamaciaas/ros2_ws/install/turtle_figure/share/ament_index
[1.785s] creating /home/israamaciaas/ros2_ws/install/turtle_figure/share/ament_index/resource_index
[1.785s] creating /home/israamaciaas/ros2_ws/install/turtle_figure/share/ament_index/resource_index/packages
[1.785s] copying resource/turtle_figure -> /home/israamaciaas/ros2_ws/install/turtle_figure/share/ament_index/resource_index/packages
[1.785s] copying package.xml -> /home/israamaciaas/ros2_ws/install/turtle_figure/share/turtle_figure
[1.785s] running install_egg_info
[1.787s] Copying ../../build/turtle_figure/turtle_figure.egg-info to /home/israamaciaas/ros2_ws/install/turtle_figure/lib/python3.10/site-packages/turtle_figure-0.0.0-py3.10.egg-info
[1.788s] running install_scripts
[1.813s] Installing turtleFigureNode script to /home/israamaciaas/ros2_ws/install/turtle_figure/lib/turtle_figure
[1.813s] writing list of installed files to '/home/israamaciaas/ros2_ws/build/turtle_figure/install.log'
[1.873s] Invoked command in '/home/israamaciaas/ros2_ws/src/turtle_figure' returned '0': PYTHONPATH=/home/israamaciaas/ros2_ws/build/turtle_figure/prefix_override:/usr/lib/python3/dist-packages/colcon_core/task/python/colcon_distutils_commands:/home/israamaciaas/ros2_ws/install/turtle_figure/lib/python3.10/site-packages:${PYTHONPATH} /usr/bin/python3 -W ignore:setup.py install is deprecated setup.py egg_info --egg-base ../../build/turtle_figure build --build-base /home/israamaciaas/ros2_ws/build/turtle_figure/build install --record /home/israamaciaas/ros2_ws/build/turtle_figure/install.log --single-version-externally-managed install_data
