[2.070s] Invoking command in '/home/israamaciaas/ros2_ws/src/turtle_figure': PYTHONPATH=/home/israamaciaas/ros2_ws/build/turtle_figure/prefix_override:/usr/lib/python3/dist-packages/colcon_core/task/python/colcon_distutils_commands:/home/israamaciaas/ros2_ws/install/turtle_figure/lib/python3.10/site-packages:${PYTHONPATH} /usr/bin/python3 -W ignore:setup.py install is deprecated setup.py egg_info --egg-base ../../build/turtle_figure build --build-base /home/israamaciaas/ros2_ws/build/turtle_figure/build install --record /home/israamaciaas/ros2_ws/build/turtle_figure/install.log --single-version-externally-managed install_data
[2.451s] running egg_info
[2.452s] writing ../../build/turtle_figure/turtle_figure.egg-info/PKG-INFO
[2.452s] writing dependency_links to ../../build/turtle_figure/turtle_figure.egg-info/dependency_links.txt
[2.453s] writing entry points to ../../build/turtle_figure/turtle_figure.egg-info/entry_points.txt
[2.453s] writing requirements to ../../build/turtle_figure/turtle_figure.egg-info/requires.txt
[2.453s] writing top-level names to ../../build/turtle_figure/turtle_figure.egg-info/top_level.txt
[2.457s] reading manifest file '../../build/turtle_figure/turtle_figure.egg-info/SOURCES.txt'
[2.458s] writing manifest file '../../build/turtle_figure/turtle_figure.egg-info/SOURCES.txt'
[2.459s] running build
[2.459s] running build_py
[2.459s] running install
[2.460s] running install_lib
[2.463s] running install_data
[2.463s] running install_egg_info
[2.466s] removing '/home/israamaciaas/ros2_ws/install/turtle_figure/lib/python3.10/site-packages/turtle_figure-0.0.0-py3.10.egg-info' (and everything under it)
[2.466s] Copying ../../build/turtle_figure/turtle_figure.egg-info to /home/israamaciaas/ros2_ws/install/turtle_figure/lib/python3.10/site-packages/turtle_figure-0.0.0-py3.10.egg-info
[2.468s] running install_scripts
[2.504s] Installing turtleFigureNode script to /home/israamaciaas/ros2_ws/install/turtle_figure/lib/turtle_figure
[2.505s] writing list of installed files to '/home/israamaciaas/ros2_ws/build/turtle_figure/install.log'
[2.584s] Invoked command in '/home/israamaciaas/ros2_ws/src/turtle_figure' returned '0': PYTHONPATH=/home/israamaciaas/ros2_ws/build/turtle_figure/prefix_override:/usr/lib/python3/dist-packages/colcon_core/task/python/colcon_distutils_commands:/home/israamaciaas/ros2_ws/install/turtle_figure/lib/python3.10/site-packages:${PYTHONPATH} /usr/bin/python3 -W ignore:setup.py install is deprecated setup.py egg_info --egg-base ../../build/turtle_figure build --build-base /home/israamaciaas/ros2_ws/build/turtle_figure/build install --record /home/israamaciaas/ros2_ws/build/turtle_figure/install.log --single-version-externally-managed install_data
