[1.503s] Invoking command in '/home/israamaciaas/ros2_ws/build/signal_generator': CMAKE_PREFIX_PATH=${CMAKE_PREFIX_PATH}:/home/israamaciaas/ros2_ws/install/turtle_figure:/home/israamaciaas/ros2_ws/install/ros_move:/home/israamaciaas/ros2_ws/install/potMap:/home/israamaciaas/ros2_ws/install/multidim_rrt_planner:/home/israamaciaas/ros2_ws/install/act2_tf:/home/israamaciaas/ros2_ws/install/act1_tf:/home/israamaciaas/turtlebot3_ws/install/turtlebot3_teleop:/home/israamaciaas/turtlebot3_ws/install/turtlebot3_example:/opt/ros/humble /usr/bin/cmake /home/israamaciaas/ros2_ws/src/signal_generator -DCMAKE_INSTALL_PREFIX=/home/israamaciaas/ros2_ws/install/signal_generator
[1.566s] -- The C compiler identification is GNU 11.4.0
[1.631s] -- The CXX compiler identification is GNU 11.4.0
[1.639s] -- Detecting C compiler ABI info
[1.723s] -- Detecting C compiler ABI info - done
[1.731s] -- Check for working C compiler: /usr/bin/cc - skipped
[1.731s] -- Detecting C compile features
[1.731s] -- Detecting C compile features - done
[1.734s] -- Detecting CXX compiler ABI info
[1.859s] -- Detecting CXX compiler ABI info - done
[1.879s] -- Check for working CXX compiler: /usr/bin/c++ - skipped
[1.880s] -- Detecting CXX compile features
[1.880s] -- Detecting CXX compile features - done
[1.891s] -- Found ament_cmake: 1.3.10 (/opt/ros/humble/share/ament_cmake/cmake)
[2.253s] -- Found Python3: /usr/bin/python3 (found version "3.10.12") found components: Interpreter 
[2.584s] -- Found rclcpp: 16.0.10 (/opt/ros/humble/share/rclcpp/cmake)
[2.730s] -- Found rosidl_generator_c: 3.1.5 (/opt/ros/humble/share/rosidl_generator_c/cmake)
[2.746s] -- Found rosidl_adapter: 3.1.5 (/opt/ros/humble/share/rosidl_adapter/cmake)
[2.773s] -- Found rosidl_generator_cpp: 3.1.5 (/opt/ros/humble/share/rosidl_generator_cpp/cmake)
[2.806s] -- Using all available rosidl_typesupport_c: rosidl_typesupport_fastrtps_c;rosidl_typesupport_introspection_c
[2.894s] -- Using all available rosidl_typesupport_cpp: rosidl_typesupport_fastrtps_cpp;rosidl_typesupport_introspection_cpp
[3.028s] -- Found rmw_implementation_cmake: 6.1.2 (/opt/ros/humble/share/rmw_implementation_cmake/cmake)
[3.040s] -- Found rmw_fastrtps_cpp: 6.2.7 (/opt/ros/humble/share/rmw_fastrtps_cpp/cmake)
[3.275s] -- Found OpenSSL: /usr/lib/x86_64-linux-gnu/libcrypto.so (found version "3.0.2")  
[3.345s] -- Found FastRTPS: /opt/ros/humble/include  
[3.477s] -- Using RMW implementation 'rmw_fastrtps_cpp' as default
[3.495s] -- Looking for pthread.h
[3.603s] -- Looking for pthread.h - found
[3.604s] -- Performing Test CMAKE_HAVE_LIBC_PTHREAD
[3.699s] -- Performing Test CMAKE_HAVE_LIBC_PTHREAD - Success
[3.701s] -- Found Threads: TRUE  
[3.767s] -- Found ament_lint_auto: 0.12.11 (/opt/ros/humble/share/ament_lint_auto/cmake)
[3.882s] -- Added test 'cppcheck' to perform static code analysis on C / C++ code
[3.882s] -- Configured cppcheck include dirs: $<BUILD_INTERFACE:/home/israamaciaas/ros2_ws/src/signal_generator/include>
[3.882s] -- Configured cppcheck exclude dirs and/or files: 
[3.883s] -- Added test 'lint_cmake' to check CMake code style
[3.885s] -- Added test 'uncrustify' to check C / C++ code style
[3.885s] -- Configured uncrustify additional arguments: 
[3.886s] -- Added test 'xmllint' to check XML markup files
[3.888s] -- Configuring done
[3.899s] -- Generating done
[3.901s] -- Build files have been written to: /home/israamaciaas/ros2_ws/build/signal_generator
[3.917s] Invoked command in '/home/israamaciaas/ros2_ws/build/signal_generator' returned '0': CMAKE_PREFIX_PATH=${CMAKE_PREFIX_PATH}:/home/israamaciaas/ros2_ws/install/turtle_figure:/home/israamaciaas/ros2_ws/install/ros_move:/home/israamaciaas/ros2_ws/install/potMap:/home/israamaciaas/ros2_ws/install/multidim_rrt_planner:/home/israamaciaas/ros2_ws/install/act2_tf:/home/israamaciaas/ros2_ws/install/act1_tf:/home/israamaciaas/turtlebot3_ws/install/turtlebot3_teleop:/home/israamaciaas/turtlebot3_ws/install/turtlebot3_example:/opt/ros/humble /usr/bin/cmake /home/israamaciaas/ros2_ws/src/signal_generator -DCMAKE_INSTALL_PREFIX=/home/israamaciaas/ros2_ws/install/signal_generator
[3.920s] Invoking command in '/home/israamaciaas/ros2_ws/build/signal_generator': CMAKE_PREFIX_PATH=${CMAKE_PREFIX_PATH}:/home/israamaciaas/ros2_ws/install/turtle_figure:/home/israamaciaas/ros2_ws/install/ros_move:/home/israamaciaas/ros2_ws/install/potMap:/home/israamaciaas/ros2_ws/install/multidim_rrt_planner:/home/israamaciaas/ros2_ws/install/act2_tf:/home/israamaciaas/ros2_ws/install/act1_tf:/home/israamaciaas/turtlebot3_ws/install/turtlebot3_teleop:/home/israamaciaas/turtlebot3_ws/install/turtlebot3_example:/opt/ros/humble /usr/bin/cmake --build /home/israamaciaas/ros2_ws/build/signal_generator -- -j8 -l8
[3.991s] [ 50%] [32mBuilding CXX object CMakeFiles/signal_generator.dir/src/signal_generator.cpp.o[0m
[8.852s] [100%] [32m[1mLinking CXX executable signal_generator[0m
[9.087s] [100%] Built target signal_generator
[9.105s] Invoked command in '/home/israamaciaas/ros2_ws/build/signal_generator' returned '0': CMAKE_PREFIX_PATH=${CMAKE_PREFIX_PATH}:/home/israamaciaas/ros2_ws/install/turtle_figure:/home/israamaciaas/ros2_ws/install/ros_move:/home/israamaciaas/ros2_ws/install/potMap:/home/israamaciaas/ros2_ws/install/multidim_rrt_planner:/home/israamaciaas/ros2_ws/install/act2_tf:/home/israamaciaas/ros2_ws/install/act1_tf:/home/israamaciaas/turtlebot3_ws/install/turtlebot3_teleop:/home/israamaciaas/turtlebot3_ws/install/turtlebot3_example:/opt/ros/humble /usr/bin/cmake --build /home/israamaciaas/ros2_ws/build/signal_generator -- -j8 -l8
[9.159s] Invoking command in '/home/israamaciaas/ros2_ws/build/signal_generator': CMAKE_PREFIX_PATH=${CMAKE_PREFIX_PATH}:/home/israamaciaas/ros2_ws/install/turtle_figure:/home/israamaciaas/ros2_ws/install/ros_move:/home/israamaciaas/ros2_ws/install/potMap:/home/israamaciaas/ros2_ws/install/multidim_rrt_planner:/home/israamaciaas/ros2_ws/install/act2_tf:/home/israamaciaas/ros2_ws/install/act1_tf:/home/israamaciaas/turtlebot3_ws/install/turtlebot3_teleop:/home/israamaciaas/turtlebot3_ws/install/turtlebot3_example:/opt/ros/humble /usr/bin/cmake --install /home/israamaciaas/ros2_ws/build/signal_generator
[9.171s] -- Install configuration: ""
[9.171s] -- Installing: /home/israamaciaas/ros2_ws/install/signal_generator/lib/signal_generator/signal_generator
[9.173s] -- Set runtime path of "/home/israamaciaas/ros2_ws/install/signal_generator/lib/signal_generator/signal_generator" to ""
[9.173s] -- Installing: /home/israamaciaas/ros2_ws/install/signal_generator/share/ament_index/resource_index/package_run_dependencies/signal_generator
[9.173s] -- Installing: /home/israamaciaas/ros2_ws/install/signal_generator/share/ament_index/resource_index/parent_prefix_path/signal_generator
[9.174s] -- Installing: /home/israamaciaas/ros2_ws/install/signal_generator/share/signal_generator/environment/ament_prefix_path.sh
[9.174s] -- Installing: /home/israamaciaas/ros2_ws/install/signal_generator/share/signal_generator/environment/ament_prefix_path.dsv
[9.174s] -- Installing: /home/israamaciaas/ros2_ws/install/signal_generator/share/signal_generator/environment/path.sh
[9.174s] -- Installing: /home/israamaciaas/ros2_ws/install/signal_generator/share/signal_generator/environment/path.dsv
[9.174s] -- Installing: /home/israamaciaas/ros2_ws/install/signal_generator/share/signal_generator/local_setup.bash
[9.175s] -- Installing: /home/israamaciaas/ros2_ws/install/signal_generator/share/signal_generator/local_setup.sh
[9.175s] -- Installing: /home/israamaciaas/ros2_ws/install/signal_generator/share/signal_generator/local_setup.zsh
[9.175s] -- Installing: /home/israamaciaas/ros2_ws/install/signal_generator/share/signal_generator/local_setup.dsv
[9.175s] -- Installing: /home/israamaciaas/ros2_ws/install/signal_generator/share/signal_generator/package.dsv
[9.176s] -- Installing: /home/israamaciaas/ros2_ws/install/signal_generator/share/ament_index/resource_index/packages/signal_generator
[9.176s] -- Installing: /home/israamaciaas/ros2_ws/install/signal_generator/share/signal_generator/cmake/signal_generatorConfig.cmake
[9.176s] -- Installing: /home/israamaciaas/ros2_ws/install/signal_generator/share/signal_generator/cmake/signal_generatorConfig-version.cmake
[9.176s] -- Installing: /home/israamaciaas/ros2_ws/install/signal_generator/share/signal_generator/package.xml
[9.179s] Invoked command in '/home/israamaciaas/ros2_ws/build/signal_generator' returned '0': CMAKE_PREFIX_PATH=${CMAKE_PREFIX_PATH}:/home/israamaciaas/ros2_ws/install/turtle_figure:/home/israamaciaas/ros2_ws/install/ros_move:/home/israamaciaas/ros2_ws/install/potMap:/home/israamaciaas/ros2_ws/install/multidim_rrt_planner:/home/israamaciaas/ros2_ws/install/act2_tf:/home/israamaciaas/ros2_ws/install/act1_tf:/home/israamaciaas/turtlebot3_ws/install/turtlebot3_teleop:/home/israamaciaas/turtlebot3_ws/install/turtlebot3_example:/opt/ros/humble /usr/bin/cmake --install /home/israamaciaas/ros2_ws/build/signal_generator
