[0.354s] Invoking command in '/home/israamaciaas/ros2_ws/build/signal_generator': CMAKE_PREFIX_PATH=/home/israamaciaas/ros2_ws/install/ros_move:/opt/ros/humble /usr/bin/cmake /home/israamaciaas/ros2_ws/signal_generator -DCMAKE_INSTALL_PREFIX=/home/israamaciaas/ros2_ws/install/signal_generator
[0.496s] -- The C compiler identification is GNU 11.4.0
[0.635s] -- The CXX compiler identification is GNU 11.4.0
[0.650s] -- Detecting C compiler ABI info
[0.788s] -- Detecting C compiler ABI info - done
[0.798s] -- Check for working C compiler: /usr/bin/cc - skipped
[0.798s] -- Detecting C compile features
[0.799s] -- Detecting C compile features - done
[0.804s] -- Detecting CXX compiler ABI info
[0.944s] -- Detecting CXX compiler ABI info - done
[0.954s] -- Check for working CXX compiler: /usr/bin/c++ - skipped
[0.955s] -- Detecting CXX compile features
[0.955s] -- Detecting CXX compile features - done
[0.963s] -- Found ament_cmake: 1.3.9 (/opt/ros/humble/share/ament_cmake/cmake)
[1.200s] -- Found Python3: /usr/bin/python3 (found version "3.10.12") found components: Interpreter 
[1.354s] -- Found ament_lint_auto: 0.12.11 (/opt/ros/humble/share/ament_lint_auto/cmake)
[1.477s] -- Added test 'cppcheck' to perform static code analysis on C / C++ code
[1.477s] -- Configured cppcheck include dirs: $<BUILD_INTERFACE:/home/israamaciaas/ros2_ws/signal_generator/include>
[1.477s] -- Configured cppcheck exclude dirs and/or files: 
[1.478s] -- Added test 'lint_cmake' to check CMake code style
[1.480s] -- Added test 'uncrustify' to check C / C++ code style
[1.480s] -- Configured uncrustify additional arguments: 
[1.481s] -- Added test 'xmllint' to check XML markup files
[1.483s] -- Configuring done
[1.490s] -- Generating done
[1.491s] -- Build files have been written to: /home/israamaciaas/ros2_ws/build/signal_generator
[1.499s] Invoked command in '/home/israamaciaas/ros2_ws/build/signal_generator' returned '0': CMAKE_PREFIX_PATH=/home/israamaciaas/ros2_ws/install/ros_move:/opt/ros/humble /usr/bin/cmake /home/israamaciaas/ros2_ws/signal_generator -DCMAKE_INSTALL_PREFIX=/home/israamaciaas/ros2_ws/install/signal_generator
[1.503s] Invoking command in '/home/israamaciaas/ros2_ws/build/signal_generator': CMAKE_PREFIX_PATH=/home/israamaciaas/ros2_ws/install/ros_move:/opt/ros/humble /usr/bin/cmake --build /home/israamaciaas/ros2_ws/build/signal_generator -- -j8 -l8
[1.587s] [ 50%] [32mBuilding CXX object CMakeFiles/signal_generator.dir/src/signal_generator.cpp.o[0m
[1.643s] [100%] [32m[1mLinking CXX executable signal_generator[0m
[1.719s] [100%] Built target signal_generator
[1.739s] Invoked command in '/home/israamaciaas/ros2_ws/build/signal_generator' returned '0': CMAKE_PREFIX_PATH=/home/israamaciaas/ros2_ws/install/ros_move:/opt/ros/humble /usr/bin/cmake --build /home/israamaciaas/ros2_ws/build/signal_generator -- -j8 -l8
[1.807s] Invoking command in '/home/israamaciaas/ros2_ws/build/signal_generator': CMAKE_PREFIX_PATH=/home/israamaciaas/ros2_ws/install/ros_move:/opt/ros/humble /usr/bin/cmake --install /home/israamaciaas/ros2_ws/build/signal_generator
[1.819s] -- Install configuration: ""
[1.819s] -- Installing: /home/israamaciaas/ros2_ws/install/signal_generator/lib/signal_generator/signal_generator
[1.820s] -- Installing: /home/israamaciaas/ros2_ws/install/signal_generator/share/ament_index/resource_index/package_run_dependencies/signal_generator
[1.820s] -- Installing: /home/israamaciaas/ros2_ws/install/signal_generator/share/ament_index/resource_index/parent_prefix_path/signal_generator
[1.820s] -- Installing: /home/israamaciaas/ros2_ws/install/signal_generator/share/signal_generator/environment/ament_prefix_path.sh
[1.820s] -- Installing: /home/israamaciaas/ros2_ws/install/signal_generator/share/signal_generator/environment/ament_prefix_path.dsv
[1.821s] -- Installing: /home/israamaciaas/ros2_ws/install/signal_generator/share/signal_generator/environment/path.sh
[1.821s] -- Installing: /home/israamaciaas/ros2_ws/install/signal_generator/share/signal_generator/environment/path.dsv
[1.821s] -- Installing: /home/israamaciaas/ros2_ws/install/signal_generator/share/signal_generator/local_setup.bash
[1.821s] -- Installing: /home/israamaciaas/ros2_ws/install/signal_generator/share/signal_generator/local_setup.sh
[1.821s] -- Installing: /home/israamaciaas/ros2_ws/install/signal_generator/share/signal_generator/local_setup.zsh
[1.822s] -- Installing: /home/israamaciaas/ros2_ws/install/signal_generator/share/signal_generator/local_setup.dsv
[1.822s] -- Installing: /home/israamaciaas/ros2_ws/install/signal_generator/share/signal_generator/package.dsv
[1.822s] -- Installing: /home/israamaciaas/ros2_ws/install/signal_generator/share/ament_index/resource_index/packages/signal_generator
[1.822s] -- Installing: /home/israamaciaas/ros2_ws/install/signal_generator/share/signal_generator/cmake/signal_generatorConfig.cmake
[1.823s] -- Installing: /home/israamaciaas/ros2_ws/install/signal_generator/share/signal_generator/cmake/signal_generatorConfig-version.cmake
[1.823s] -- Installing: /home/israamaciaas/ros2_ws/install/signal_generator/share/signal_generator/package.xml
[1.828s] Invoked command in '/home/israamaciaas/ros2_ws/build/signal_generator' returned '0': CMAKE_PREFIX_PATH=/home/israamaciaas/ros2_ws/install/ros_move:/opt/ros/humble /usr/bin/cmake --install /home/israamaciaas/ros2_ws/build/signal_generator
