running egg_info
writing ../../../build/act2_tf/act2_tf.egg-info/PKG-INFO
writing dependency_links to ../../../build/act2_tf/act2_tf.egg-info/dependency_links.txt
writing entry points to ../../../build/act2_tf/act2_tf.egg-info/entry_points.txt
writing requirements to ../../../build/act2_tf/act2_tf.egg-info/requires.txt
writing top-level names to ../../../build/act2_tf/act2_tf.egg-info/top_level.txt
reading manifest file '../../../build/act2_tf/act2_tf.egg-info/SOURCES.txt'
writing manifest file '../../../build/act2_tf/act2_tf.egg-info/SOURCES.txt'
running build
running build_py
running install
running install_lib
running install_data
running install_egg_info
removing '/home/israamaciaas/ros2_ws/install/act2_tf/lib/python3.10/site-packages/act2_tf-0.0.0-py3.10.egg-info' (and everything under it)
Copying ../../../build/act2_tf/act2_tf.egg-info to /home/israamaciaas/ros2_ws/install/act2_tf/lib/python3.10/site-packages/act2_tf-0.0.0-py3.10.egg-info
running install_scripts
Installing joint_pub script to /home/israamaciaas/ros2_ws/install/act2_tf/lib/act2_tf
Installing puzzlebot script to /home/israamaciaas/ros2_ws/install/act2_tf/lib/act2_tf
writing list of installed files to '/home/israamaciaas/ros2_ws/build/act2_tf/install.log'
