[0.775s] Invoking command in '/home/israamaciaas/ros2_ws/build/signal_generator': CMAKE_PREFIX_PATH=/opt/ros/humble /usr/bin/cmake /home/israamaciaas/ros2_ws/src/signal_generator -DAMENT_CMAKE_SYMLINK_INSTALL=1 -DCMAKE_INSTALL_PREFIX=/home/israamaciaas/ros2_ws/install/signal_generator
[0.863s] -- The C compiler identification is GNU 11.4.0
[0.955s] -- The CXX compiler identification is GNU 11.4.0
[0.967s] -- Detecting C compiler ABI info
[1.075s] -- Detecting C compiler ABI info - done
[1.086s] -- Check for working C compiler: /usr/bin/cc - skipped
[1.086s] -- Detecting C compile features
[1.087s] -- Detecting C compile features - done
[1.091s] -- Detecting CXX compiler ABI info
[1.227s] -- Detecting CXX compiler ABI info - done
[1.242s] -- Check for working CXX compiler: /usr/bin/c++ - skipped
[1.243s] -- Detecting CXX compile features
[1.244s] -- Detecting CXX compile features - done
[1.250s] -- Found ament_cmake: 1.3.10 (/opt/ros/humble/share/ament_cmake/cmake)
[1.497s] -- Found Python3: /usr/bin/python3 (found version "3.10.12") found components: Interpreter 
[1.597s] -- Override CMake install command with custom implementation using symlinks instead of copying resources
[1.661s] -- Found rclcpp: 16.0.10 (/opt/ros/humble/share/rclcpp/cmake)
[1.799s] -- Found rosidl_generator_c: 3.1.5 (/opt/ros/humble/share/rosidl_generator_c/cmake)
[1.810s] -- Found rosidl_adapter: 3.1.5 (/opt/ros/humble/share/rosidl_adapter/cmake)
[1.836s] -- Found rosidl_generator_cpp: 3.1.5 (/opt/ros/humble/share/rosidl_generator_cpp/cmake)
[1.871s] -- Using all available rosidl_typesupport_c: rosidl_typesupport_fastrtps_c;rosidl_typesupport_introspection_c
[1.913s] -- Using all available rosidl_typesupport_cpp: rosidl_typesupport_fastrtps_cpp;rosidl_typesupport_introspection_cpp
[2.033s] -- Found rmw_implementation_cmake: 6.1.2 (/opt/ros/humble/share/rmw_implementation_cmake/cmake)
[2.040s] -- Found rmw_fastrtps_cpp: 6.2.7 (/opt/ros/humble/share/rmw_fastrtps_cpp/cmake)
[2.270s] -- Found OpenSSL: /usr/lib/x86_64-linux-gnu/libcrypto.so (found version "3.0.2")  
[2.337s] -- Found FastRTPS: /opt/ros/humble/include  
[2.433s] -- Using RMW implementation 'rmw_fastrtps_cpp' as default
[2.475s] -- Looking for pthread.h
[2.626s] -- Looking for pthread.h - found
[2.628s] -- Performing Test CMAKE_HAVE_LIBC_PTHREAD
[2.797s] -- Performing Test CMAKE_HAVE_LIBC_PTHREAD - Success
[2.807s] -- Found Threads: TRUE  
[3.013s] -- Found ament_lint_auto: 0.12.11 (/opt/ros/humble/share/ament_lint_auto/cmake)
[3.176s] -- Added test 'cppcheck' to perform static code analysis on C / C++ code
[3.177s] -- Configured cppcheck include dirs: $<BUILD_INTERFACE:/home/israamaciaas/ros2_ws/src/signal_generator/include>
[3.177s] -- Configured cppcheck exclude dirs and/or files: 
[3.180s] -- Added test 'lint_cmake' to check CMake code style
[3.183s] -- Added test 'uncrustify' to check C / C++ code style
[3.184s] -- Configured uncrustify additional arguments: 
[3.185s] -- Added test 'xmllint' to check XML markup files
[3.188s] -- Configuring done
[3.207s] -- Generating done
[3.210s] -- Build files have been written to: /home/israamaciaas/ros2_ws/build/signal_generator
[3.233s] Invoked command in '/home/israamaciaas/ros2_ws/build/signal_generator' returned '0': CMAKE_PREFIX_PATH=/opt/ros/humble /usr/bin/cmake /home/israamaciaas/ros2_ws/src/signal_generator -DAMENT_CMAKE_SYMLINK_INSTALL=1 -DCMAKE_INSTALL_PREFIX=/home/israamaciaas/ros2_ws/install/signal_generator
[3.236s] Invoking command in '/home/israamaciaas/ros2_ws/build/signal_generator': CMAKE_PREFIX_PATH=/opt/ros/humble /usr/bin/cmake --build /home/israamaciaas/ros2_ws/build/signal_generator -- -j8 -l8
[3.326s] [ 50%] [32mBuilding CXX object CMakeFiles/signal_generator.dir/src/signal_generator.cpp.o[0m
[9.139s] [100%] [32m[1mLinking CXX executable signal_generator[0m
[9.392s] [100%] Built target signal_generator
[9.408s] Invoked command in '/home/israamaciaas/ros2_ws/build/signal_generator' returned '0': CMAKE_PREFIX_PATH=/opt/ros/humble /usr/bin/cmake --build /home/israamaciaas/ros2_ws/build/signal_generator -- -j8 -l8
[9.453s] Invoking command in '/home/israamaciaas/ros2_ws/build/signal_generator': CMAKE_PREFIX_PATH=/opt/ros/humble /usr/bin/cmake --install /home/israamaciaas/ros2_ws/build/signal_generator
[9.461s] -- Install configuration: ""
[9.462s] -- Execute custom install script
[9.462s] -- Symlinking: /home/israamaciaas/ros2_ws/install/signal_generator/lib/signal_generator/signal_generator
[9.474s] -- Symlinking: /home/israamaciaas/ros2_ws/install/signal_generator/share/ament_index/resource_index/package_run_dependencies/signal_generator
[9.486s] -- Symlinking: /home/israamaciaas/ros2_ws/install/signal_generator/share/ament_index/resource_index/parent_prefix_path/signal_generator
[9.497s] -- Symlinking: /home/israamaciaas/ros2_ws/install/signal_generator/share/signal_generator/environment/ament_prefix_path.sh
[9.510s] -- Symlinking: /home/israamaciaas/ros2_ws/install/signal_generator/share/signal_generator/environment/ament_prefix_path.dsv
[9.521s] -- Symlinking: /home/israamaciaas/ros2_ws/install/signal_generator/share/signal_generator/environment/path.sh
[9.533s] -- Symlinking: /home/israamaciaas/ros2_ws/install/signal_generator/share/signal_generator/environment/path.dsv
[9.545s] -- Symlinking: /home/israamaciaas/ros2_ws/install/signal_generator/share/signal_generator/local_setup.bash
[9.557s] -- Symlinking: /home/israamaciaas/ros2_ws/install/signal_generator/share/signal_generator/local_setup.sh
[9.568s] -- Symlinking: /home/israamaciaas/ros2_ws/install/signal_generator/share/signal_generator/local_setup.zsh
[9.579s] -- Symlinking: /home/israamaciaas/ros2_ws/install/signal_generator/share/signal_generator/local_setup.dsv
[9.590s] -- Symlinking: /home/israamaciaas/ros2_ws/install/signal_generator/share/signal_generator/package.dsv
[9.602s] -- Symlinking: /home/israamaciaas/ros2_ws/install/signal_generator/share/ament_index/resource_index/packages/signal_generator
[9.613s] -- Symlinking: /home/israamaciaas/ros2_ws/install/signal_generator/share/signal_generator/cmake/signal_generatorConfig.cmake
[9.625s] -- Symlinking: /home/israamaciaas/ros2_ws/install/signal_generator/share/signal_generator/cmake/signal_generatorConfig-version.cmake
[9.636s] -- Symlinking: /home/israamaciaas/ros2_ws/install/signal_generator/share/signal_generator/package.xml
[9.650s] Invoked command in '/home/israamaciaas/ros2_ws/build/signal_generator' returned '0': CMAKE_PREFIX_PATH=/opt/ros/humble /usr/bin/cmake --install /home/israamaciaas/ros2_ws/build/signal_generator
