[0.150s] DEBUG:colcon:Command line arguments: ['/usr/bin/colcon', 'build', '--packages-select', 'a_star_robot']
[0.150s] DEBUG:colcon:Parsed command line arguments: Namespace(log_base=None, log_level=None, verb_name='build', build_base='build', install_base='install', merge_install=False, symlink_install=False, test_result_base=None, continue_on_error=False, executor='parallel', parallel_workers=8, event_handlers=None, ignore_user_meta=False, metas=['./colcon.meta'], base_paths=['.'], packages_ignore=None, packages_ignore_regex=None, paths=None, packages_up_to=None, packages_up_to_regex=None, packages_above=None, packages_above_and_dependencies=None, packages_above_depth=None, packages_select_by_dep=None, packages_skip_by_dep=None, packages_skip_up_to=None, packages_select_build_failed=False, packages_skip_build_finished=False, packages_select_test_failures=False, packages_skip_test_passed=False, packages_select=['a_star_robot'], packages_skip=None, packages_select_regex=None, packages_skip_regex=None, packages_start=None, packages_end=None, allow_overriding=[], cmake_args=None, cmake_target=None, cmake_target_skip_unavailable=False, cmake_clean_cache=False, cmake_clean_first=False, cmake_force_configure=False, ament_cmake_args=None, catkin_cmake_args=None, catkin_skip_building_tests=False, verb_parser=<colcon_defaults.argument_parser.defaults.DefaultArgumentsDecorator object at 0x716e8b3339a0>, verb_extension=<colcon_core.verb.build.BuildVerb object at 0x716e8b2e1150>, main=<bound method BuildVerb.main of <colcon_core.verb.build.BuildVerb object at 0x716e8b2e1150>>)
[0.394s] Level 1:colcon.colcon_core.package_discovery:discover_packages(colcon_meta) check parameters
[0.395s] Level 1:colcon.colcon_core.package_discovery:discover_packages(recursive) check parameters
[0.395s] Level 1:colcon.colcon_core.package_discovery:discover_packages(ignore) check parameters
[0.395s] Level 1:colcon.colcon_core.package_discovery:discover_packages(path) check parameters
[0.395s] Level 1:colcon.colcon_core.package_discovery:discover_packages(colcon_meta) discover
[0.395s] Level 1:colcon.colcon_core.package_discovery:discover_packages(recursive) discover
[0.395s] INFO:colcon.colcon_core.package_discovery:Crawling recursively for packages in '/home/israamaciaas/ros2_ws'
[0.395s] Level 1:colcon.colcon_core.package_identification:_identify(.) by extensions ['ignore', 'ignore_ament_install']
[0.395s] Level 1:colcon.colcon_core.package_identification:_identify(.) by extension 'ignore'
[0.395s] Level 1:colcon.colcon_core.package_identification:_identify(.) by extension 'ignore_ament_install'
[0.395s] Level 1:colcon.colcon_core.package_identification:_identify(.) by extensions ['colcon_pkg']
[0.395s] Level 1:colcon.colcon_core.package_identification:_identify(.) by extension 'colcon_pkg'
[0.395s] Level 1:colcon.colcon_core.package_identification:_identify(.) by extensions ['colcon_meta']
[0.395s] Level 1:colcon.colcon_core.package_identification:_identify(.) by extension 'colcon_meta'
[0.395s] Level 1:colcon.colcon_core.package_identification:_identify(.) by extensions ['ros']
[0.395s] Level 1:colcon.colcon_core.package_identification:_identify(.) by extension 'ros'
[0.410s] Level 1:colcon.colcon_core.package_identification:_identify(.) by extensions ['cmake', 'python']
[0.410s] Level 1:colcon.colcon_core.package_identification:_identify(.) by extension 'cmake'
[0.410s] Level 1:colcon.colcon_core.package_identification:_identify(.) by extension 'python'
[0.410s] Level 1:colcon.colcon_core.package_identification:_identify(.) by extensions ['python_setup_py']
[0.410s] Level 1:colcon.colcon_core.package_identification:_identify(.) by extension 'python_setup_py'
[0.410s] Level 1:colcon.colcon_core.package_identification:_identify(build) by extensions ['ignore', 'ignore_ament_install']
[0.410s] Level 1:colcon.colcon_core.package_identification:_identify(build) by extension 'ignore'
[0.410s] Level 1:colcon.colcon_core.package_identification:_identify(build) ignored
[0.410s] Level 1:colcon.colcon_core.package_identification:_identify(custom_maps) by extensions ['ignore', 'ignore_ament_install']
[0.411s] Level 1:colcon.colcon_core.package_identification:_identify(custom_maps) by extension 'ignore'
[0.411s] Level 1:colcon.colcon_core.package_identification:_identify(custom_maps) by extension 'ignore_ament_install'
[0.411s] Level 1:colcon.colcon_core.package_identification:_identify(custom_maps) by extensions ['colcon_pkg']
[0.411s] Level 1:colcon.colcon_core.package_identification:_identify(custom_maps) by extension 'colcon_pkg'
[0.411s] Level 1:colcon.colcon_core.package_identification:_identify(custom_maps) by extensions ['colcon_meta']
[0.411s] Level 1:colcon.colcon_core.package_identification:_identify(custom_maps) by extension 'colcon_meta'
[0.411s] Level 1:colcon.colcon_core.package_identification:_identify(custom_maps) by extensions ['ros']
[0.411s] Level 1:colcon.colcon_core.package_identification:_identify(custom_maps) by extension 'ros'
[0.411s] Level 1:colcon.colcon_core.package_identification:_identify(custom_maps) by extensions ['cmake', 'python']
[0.411s] Level 1:colcon.colcon_core.package_identification:_identify(custom_maps) by extension 'cmake'
[0.411s] Level 1:colcon.colcon_core.package_identification:_identify(custom_maps) by extension 'python'
[0.411s] Level 1:colcon.colcon_core.package_identification:_identify(custom_maps) by extensions ['python_setup_py']
[0.411s] Level 1:colcon.colcon_core.package_identification:_identify(custom_maps) by extension 'python_setup_py'
[0.411s] Level 1:colcon.colcon_core.package_identification:_identify(install) by extensions ['ignore', 'ignore_ament_install']
[0.411s] Level 1:colcon.colcon_core.package_identification:_identify(install) by extension 'ignore'
[0.411s] Level 1:colcon.colcon_core.package_identification:_identify(install) ignored
[0.412s] Level 1:colcon.colcon_core.package_identification:_identify(log) by extensions ['ignore', 'ignore_ament_install']
[0.412s] Level 1:colcon.colcon_core.package_identification:_identify(log) by extension 'ignore'
[0.412s] Level 1:colcon.colcon_core.package_identification:_identify(log) ignored
[0.412s] Level 1:colcon.colcon_core.package_identification:_identify(src) by extensions ['ignore', 'ignore_ament_install']
[0.412s] Level 1:colcon.colcon_core.package_identification:_identify(src) by extension 'ignore'
[0.412s] Level 1:colcon.colcon_core.package_identification:_identify(src) by extension 'ignore_ament_install'
[0.412s] Level 1:colcon.colcon_core.package_identification:_identify(src) by extensions ['colcon_pkg']
[0.412s] Level 1:colcon.colcon_core.package_identification:_identify(src) by extension 'colcon_pkg'
[0.412s] Level 1:colcon.colcon_core.package_identification:_identify(src) by extensions ['colcon_meta']
[0.412s] Level 1:colcon.colcon_core.package_identification:_identify(src) by extension 'colcon_meta'
[0.412s] Level 1:colcon.colcon_core.package_identification:_identify(src) by extensions ['ros']
[0.412s] Level 1:colcon.colcon_core.package_identification:_identify(src) by extension 'ros'
[0.412s] Level 1:colcon.colcon_core.package_identification:_identify(src) by extensions ['cmake', 'python']
[0.412s] Level 1:colcon.colcon_core.package_identification:_identify(src) by extension 'cmake'
[0.412s] Level 1:colcon.colcon_core.package_identification:_identify(src) by extension 'python'
[0.412s] Level 1:colcon.colcon_core.package_identification:_identify(src) by extensions ['python_setup_py']
[0.413s] Level 1:colcon.colcon_core.package_identification:_identify(src) by extension 'python_setup_py'
[0.413s] Level 1:colcon.colcon_core.package_identification:_identify(src/hybrid_project) by extensions ['ignore', 'ignore_ament_install']
[0.413s] Level 1:colcon.colcon_core.package_identification:_identify(src/hybrid_project) by extension 'ignore'
[0.413s] Level 1:colcon.colcon_core.package_identification:_identify(src/hybrid_project) by extension 'ignore_ament_install'
[0.413s] Level 1:colcon.colcon_core.package_identification:_identify(src/hybrid_project) by extensions ['colcon_pkg']
[0.413s] Level 1:colcon.colcon_core.package_identification:_identify(src/hybrid_project) by extension 'colcon_pkg'
[0.413s] Level 1:colcon.colcon_core.package_identification:_identify(src/hybrid_project) by extensions ['colcon_meta']
[0.413s] Level 1:colcon.colcon_core.package_identification:_identify(src/hybrid_project) by extension 'colcon_meta'
[0.413s] Level 1:colcon.colcon_core.package_identification:_identify(src/hybrid_project) by extensions ['ros']
[0.413s] Level 1:colcon.colcon_core.package_identification:_identify(src/hybrid_project) by extension 'ros'
[0.413s] Level 1:colcon.colcon_core.package_identification:_identify(src/hybrid_project) by extensions ['cmake', 'python']
[0.413s] Level 1:colcon.colcon_core.package_identification:_identify(src/hybrid_project) by extension 'cmake'
[0.413s] Level 1:colcon.colcon_core.package_identification:_identify(src/hybrid_project) by extension 'python'
[0.413s] Level 1:colcon.colcon_core.package_identification:_identify(src/hybrid_project) by extensions ['python_setup_py']
[0.413s] Level 1:colcon.colcon_core.package_identification:_identify(src/hybrid_project) by extension 'python_setup_py'
[0.413s] Level 1:colcon.colcon_core.package_identification:_identify(src/hybrid_project/a_star_robot) by extensions ['ignore', 'ignore_ament_install']
[0.414s] Level 1:colcon.colcon_core.package_identification:_identify(src/hybrid_project/a_star_robot) by extension 'ignore'
[0.414s] Level 1:colcon.colcon_core.package_identification:_identify(src/hybrid_project/a_star_robot) by extension 'ignore_ament_install'
[0.414s] Level 1:colcon.colcon_core.package_identification:_identify(src/hybrid_project/a_star_robot) by extensions ['colcon_pkg']
[0.414s] Level 1:colcon.colcon_core.package_identification:_identify(src/hybrid_project/a_star_robot) by extension 'colcon_pkg'
[0.414s] Level 1:colcon.colcon_core.package_identification:_identify(src/hybrid_project/a_star_robot) by extensions ['colcon_meta']
[0.414s] Level 1:colcon.colcon_core.package_identification:_identify(src/hybrid_project/a_star_robot) by extension 'colcon_meta'
[0.414s] Level 1:colcon.colcon_core.package_identification:_identify(src/hybrid_project/a_star_robot) by extensions ['ros']
[0.414s] Level 1:colcon.colcon_core.package_identification:_identify(src/hybrid_project/a_star_robot) by extension 'ros'
[0.417s] DEBUG:colcon.colcon_core.package_identification:Package 'src/hybrid_project/a_star_robot' with type 'ros.ament_python' and name 'a_star_robot'
[0.417s] Level 1:colcon.colcon_core.package_identification:_identify(src/hybrid_project/multidim_rrt_planner) by extensions ['ignore', 'ignore_ament_install']
[0.417s] Level 1:colcon.colcon_core.package_identification:_identify(src/hybrid_project/multidim_rrt_planner) by extension 'ignore'
[0.418s] Level 1:colcon.colcon_core.package_identification:_identify(src/hybrid_project/multidim_rrt_planner) by extension 'ignore_ament_install'
[0.418s] Level 1:colcon.colcon_core.package_identification:_identify(src/hybrid_project/multidim_rrt_planner) by extensions ['colcon_pkg']
[0.418s] Level 1:colcon.colcon_core.package_identification:_identify(src/hybrid_project/multidim_rrt_planner) by extension 'colcon_pkg'
[0.418s] Level 1:colcon.colcon_core.package_identification:_identify(src/hybrid_project/multidim_rrt_planner) by extensions ['colcon_meta']
[0.418s] Level 1:colcon.colcon_core.package_identification:_identify(src/hybrid_project/multidim_rrt_planner) by extension 'colcon_meta'
[0.418s] Level 1:colcon.colcon_core.package_identification:_identify(src/hybrid_project/multidim_rrt_planner) by extensions ['ros']
[0.418s] Level 1:colcon.colcon_core.package_identification:_identify(src/hybrid_project/multidim_rrt_planner) by extension 'ros'
[0.419s] DEBUG:colcon.colcon_core.package_identification:Package 'src/hybrid_project/multidim_rrt_planner' with type 'ros.ament_python' and name 'multidim_rrt_planner'
[0.419s] Level 1:colcon.colcon_core.package_identification:_identify(src/manchester_activities) by extensions ['ignore', 'ignore_ament_install']
[0.419s] Level 1:colcon.colcon_core.package_identification:_identify(src/manchester_activities) by extension 'ignore'
[0.419s] Level 1:colcon.colcon_core.package_identification:_identify(src/manchester_activities) by extension 'ignore_ament_install'
[0.419s] Level 1:colcon.colcon_core.package_identification:_identify(src/manchester_activities) by extensions ['colcon_pkg']
[0.419s] Level 1:colcon.colcon_core.package_identification:_identify(src/manchester_activities) by extension 'colcon_pkg'
[0.420s] Level 1:colcon.colcon_core.package_identification:_identify(src/manchester_activities) by extensions ['colcon_meta']
[0.420s] Level 1:colcon.colcon_core.package_identification:_identify(src/manchester_activities) by extension 'colcon_meta'
[0.420s] Level 1:colcon.colcon_core.package_identification:_identify(src/manchester_activities) by extensions ['ros']
[0.420s] Level 1:colcon.colcon_core.package_identification:_identify(src/manchester_activities) by extension 'ros'
[0.420s] Level 1:colcon.colcon_core.package_identification:_identify(src/manchester_activities) by extensions ['cmake', 'python']
[0.420s] Level 1:colcon.colcon_core.package_identification:_identify(src/manchester_activities) by extension 'cmake'
[0.420s] Level 1:colcon.colcon_core.package_identification:_identify(src/manchester_activities) by extension 'python'
[0.420s] Level 1:colcon.colcon_core.package_identification:_identify(src/manchester_activities) by extensions ['python_setup_py']
[0.420s] Level 1:colcon.colcon_core.package_identification:_identify(src/manchester_activities) by extension 'python_setup_py'
[0.420s] Level 1:colcon.colcon_core.package_identification:_identify(src/manchester_activities/act1_tf) by extensions ['ignore', 'ignore_ament_install']
[0.420s] Level 1:colcon.colcon_core.package_identification:_identify(src/manchester_activities/act1_tf) by extension 'ignore'
[0.421s] Level 1:colcon.colcon_core.package_identification:_identify(src/manchester_activities/act1_tf) by extension 'ignore_ament_install'
[0.421s] Level 1:colcon.colcon_core.package_identification:_identify(src/manchester_activities/act1_tf) by extensions ['colcon_pkg']
[0.421s] Level 1:colcon.colcon_core.package_identification:_identify(src/manchester_activities/act1_tf) by extension 'colcon_pkg'
[0.421s] Level 1:colcon.colcon_core.package_identification:_identify(src/manchester_activities/act1_tf) by extensions ['colcon_meta']
[0.421s] Level 1:colcon.colcon_core.package_identification:_identify(src/manchester_activities/act1_tf) by extension 'colcon_meta'
[0.421s] Level 1:colcon.colcon_core.package_identification:_identify(src/manchester_activities/act1_tf) by extensions ['ros']
[0.421s] Level 1:colcon.colcon_core.package_identification:_identify(src/manchester_activities/act1_tf) by extension 'ros'
[0.422s] DEBUG:colcon.colcon_core.package_identification:Package 'src/manchester_activities/act1_tf' with type 'ros.ament_python' and name 'act1_tf'
[0.423s] Level 1:colcon.colcon_core.package_identification:_identify(src/manchester_activities/act2_tf) by extensions ['ignore', 'ignore_ament_install']
[0.423s] Level 1:colcon.colcon_core.package_identification:_identify(src/manchester_activities/act2_tf) by extension 'ignore'
[0.423s] Level 1:colcon.colcon_core.package_identification:_identify(src/manchester_activities/act2_tf) by extension 'ignore_ament_install'
[0.423s] Level 1:colcon.colcon_core.package_identification:_identify(src/manchester_activities/act2_tf) by extensions ['colcon_pkg']
[0.423s] Level 1:colcon.colcon_core.package_identification:_identify(src/manchester_activities/act2_tf) by extension 'colcon_pkg'
[0.423s] Level 1:colcon.colcon_core.package_identification:_identify(src/manchester_activities/act2_tf) by extensions ['colcon_meta']
[0.423s] Level 1:colcon.colcon_core.package_identification:_identify(src/manchester_activities/act2_tf) by extension 'colcon_meta'
[0.423s] Level 1:colcon.colcon_core.package_identification:_identify(src/manchester_activities/act2_tf) by extensions ['ros']
[0.423s] Level 1:colcon.colcon_core.package_identification:_identify(src/manchester_activities/act2_tf) by extension 'ros'
[0.424s] DEBUG:colcon.colcon_core.package_identification:Package 'src/manchester_activities/act2_tf' with type 'ros.ament_python' and name 'act2_tf'
[0.424s] Level 1:colcon.colcon_core.package_identification:_identify(src/potMap) by extensions ['ignore', 'ignore_ament_install']
[0.424s] Level 1:colcon.colcon_core.package_identification:_identify(src/potMap) by extension 'ignore'
[0.425s] Level 1:colcon.colcon_core.package_identification:_identify(src/potMap) by extension 'ignore_ament_install'
[0.425s] Level 1:colcon.colcon_core.package_identification:_identify(src/potMap) by extensions ['colcon_pkg']
[0.425s] Level 1:colcon.colcon_core.package_identification:_identify(src/potMap) by extension 'colcon_pkg'
[0.425s] Level 1:colcon.colcon_core.package_identification:_identify(src/potMap) by extensions ['colcon_meta']
[0.425s] Level 1:colcon.colcon_core.package_identification:_identify(src/potMap) by extension 'colcon_meta'
[0.425s] Level 1:colcon.colcon_core.package_identification:_identify(src/potMap) by extensions ['ros']
[0.425s] Level 1:colcon.colcon_core.package_identification:_identify(src/potMap) by extension 'ros'
[0.426s] DEBUG:colcon.colcon_core.package_identification:Package 'src/potMap' with type 'ros.ament_python' and name 'potMap'
[0.426s] Level 1:colcon.colcon_core.package_identification:_identify(src/ros_move) by extensions ['ignore', 'ignore_ament_install']
[0.426s] Level 1:colcon.colcon_core.package_identification:_identify(src/ros_move) by extension 'ignore'
[0.426s] Level 1:colcon.colcon_core.package_identification:_identify(src/ros_move) by extension 'ignore_ament_install'
[0.426s] Level 1:colcon.colcon_core.package_identification:_identify(src/ros_move) by extensions ['colcon_pkg']
[0.426s] Level 1:colcon.colcon_core.package_identification:_identify(src/ros_move) by extension 'colcon_pkg'
[0.426s] Level 1:colcon.colcon_core.package_identification:_identify(src/ros_move) by extensions ['colcon_meta']
[0.426s] Level 1:colcon.colcon_core.package_identification:_identify(src/ros_move) by extension 'colcon_meta'
[0.426s] Level 1:colcon.colcon_core.package_identification:_identify(src/ros_move) by extensions ['ros']
[0.426s] Level 1:colcon.colcon_core.package_identification:_identify(src/ros_move) by extension 'ros'
[0.427s] DEBUG:colcon.colcon_core.package_identification:Package 'src/ros_move' with type 'ros.ament_python' and name 'ros_move'
[0.427s] Level 1:colcon.colcon_core.package_identification:_identify(src/signal_generator) by extensions ['ignore', 'ignore_ament_install']
[0.428s] Level 1:colcon.colcon_core.package_identification:_identify(src/signal_generator) by extension 'ignore'
[0.428s] Level 1:colcon.colcon_core.package_identification:_identify(src/signal_generator) by extension 'ignore_ament_install'
[0.428s] Level 1:colcon.colcon_core.package_identification:_identify(src/signal_generator) by extensions ['colcon_pkg']
[0.428s] Level 1:colcon.colcon_core.package_identification:_identify(src/signal_generator) by extension 'colcon_pkg'
[0.428s] Level 1:colcon.colcon_core.package_identification:_identify(src/signal_generator) by extensions ['colcon_meta']
[0.428s] Level 1:colcon.colcon_core.package_identification:_identify(src/signal_generator) by extension 'colcon_meta'
[0.428s] Level 1:colcon.colcon_core.package_identification:_identify(src/signal_generator) by extensions ['ros']
[0.428s] Level 1:colcon.colcon_core.package_identification:_identify(src/signal_generator) by extension 'ros'
[0.429s] DEBUG:colcon.colcon_core.package_identification:Package 'src/signal_generator' with type 'ros.ament_cmake' and name 'signal_generator'
[0.429s] Level 1:colcon.colcon_core.package_identification:_identify(src/turtle_figure) by extensions ['ignore', 'ignore_ament_install']
[0.429s] Level 1:colcon.colcon_core.package_identification:_identify(src/turtle_figure) by extension 'ignore'
[0.429s] Level 1:colcon.colcon_core.package_identification:_identify(src/turtle_figure) by extension 'ignore_ament_install'
[0.429s] Level 1:colcon.colcon_core.package_identification:_identify(src/turtle_figure) by extensions ['colcon_pkg']
[0.429s] Level 1:colcon.colcon_core.package_identification:_identify(src/turtle_figure) by extension 'colcon_pkg'
[0.429s] Level 1:colcon.colcon_core.package_identification:_identify(src/turtle_figure) by extensions ['colcon_meta']
[0.429s] Level 1:colcon.colcon_core.package_identification:_identify(src/turtle_figure) by extension 'colcon_meta'
[0.429s] Level 1:colcon.colcon_core.package_identification:_identify(src/turtle_figure) by extensions ['ros']
[0.429s] Level 1:colcon.colcon_core.package_identification:_identify(src/turtle_figure) by extension 'ros'
[0.430s] DEBUG:colcon.colcon_core.package_identification:Package 'src/turtle_figure' with type 'ros.ament_python' and name 'turtle_figure'
[0.430s] Level 1:colcon.colcon_core.package_discovery:discover_packages(recursive) using defaults
[0.430s] Level 1:colcon.colcon_core.package_discovery:discover_packages(ignore) discover
[0.430s] Level 1:colcon.colcon_core.package_discovery:discover_packages(ignore) using defaults
[0.430s] Level 1:colcon.colcon_core.package_discovery:discover_packages(path) discover
[0.430s] Level 1:colcon.colcon_core.package_discovery:discover_packages(path) using defaults
[0.480s] INFO:colcon.colcon_core.package_selection:Skipping not selected package 'act1_tf' in 'src/manchester_activities/act1_tf'
[0.480s] INFO:colcon.colcon_core.package_selection:Skipping not selected package 'act2_tf' in 'src/manchester_activities/act2_tf'
[0.480s] INFO:colcon.colcon_core.package_selection:Skipping not selected package 'multidim_rrt_planner' in 'src/hybrid_project/multidim_rrt_planner'
[0.480s] INFO:colcon.colcon_core.package_selection:Skipping not selected package 'potMap' in 'src/potMap'
[0.480s] INFO:colcon.colcon_core.package_selection:Skipping not selected package 'ros_move' in 'src/ros_move'
[0.480s] INFO:colcon.colcon_core.package_selection:Skipping not selected package 'signal_generator' in 'src/signal_generator'
[0.480s] INFO:colcon.colcon_core.package_selection:Skipping not selected package 'turtle_figure' in 'src/turtle_figure'
[0.481s] Level 1:colcon.colcon_core.package_discovery:discover_packages(prefix_path) check parameters
[0.481s] Level 1:colcon.colcon_core.package_discovery:discover_packages(prefix_path) discover
[0.484s] DEBUG:colcon.colcon_installed_package_information.package_discovery:Found 8 installed packages in /home/israamaciaas/ros2_ws/install
[0.486s] DEBUG:colcon.colcon_installed_package_information.package_discovery:Found 15 installed packages in /home/israamaciaas/turtlebot3_ws/install
[0.489s] DEBUG:colcon.colcon_installed_package_information.package_discovery:Found 425 installed packages in /opt/ros/humble
[0.493s] Level 1:colcon.colcon_core.package_discovery:discover_packages(prefix_path) using defaults
[0.560s] Level 5:colcon.colcon_core.verb:set package 'a_star_robot' build argument 'cmake_args' from command line to 'None'
[0.560s] Level 5:colcon.colcon_core.verb:set package 'a_star_robot' build argument 'cmake_target' from command line to 'None'
[0.560s] Level 5:colcon.colcon_core.verb:set package 'a_star_robot' build argument 'cmake_target_skip_unavailable' from command line to 'False'
[0.560s] Level 5:colcon.colcon_core.verb:set package 'a_star_robot' build argument 'cmake_clean_cache' from command line to 'False'
[0.560s] Level 5:colcon.colcon_core.verb:set package 'a_star_robot' build argument 'cmake_clean_first' from command line to 'False'
[0.560s] Level 5:colcon.colcon_core.verb:set package 'a_star_robot' build argument 'cmake_force_configure' from command line to 'False'
[0.560s] Level 5:colcon.colcon_core.verb:set package 'a_star_robot' build argument 'ament_cmake_args' from command line to 'None'
[0.560s] Level 5:colcon.colcon_core.verb:set package 'a_star_robot' build argument 'catkin_cmake_args' from command line to 'None'
[0.560s] Level 5:colcon.colcon_core.verb:set package 'a_star_robot' build argument 'catkin_skip_building_tests' from command line to 'False'
[0.560s] DEBUG:colcon.colcon_core.verb:Building package 'a_star_robot' with the following arguments: {'ament_cmake_args': None, 'build_base': '/home/israamaciaas/ros2_ws/build/a_star_robot', 'catkin_cmake_args': None, 'catkin_skip_building_tests': False, 'cmake_args': None, 'cmake_clean_cache': False, 'cmake_clean_first': False, 'cmake_force_configure': False, 'cmake_target': None, 'cmake_target_skip_unavailable': False, 'install_base': '/home/israamaciaas/ros2_ws/install/a_star_robot', 'merge_install': False, 'path': '/home/israamaciaas/ros2_ws/src/hybrid_project/a_star_robot', 'symlink_install': False, 'test_result_base': None}
[0.561s] INFO:colcon.colcon_core.executor:Executing jobs using 'parallel' executor
[0.562s] DEBUG:colcon.colcon_parallel_executor.executor.parallel:run_until_complete
[0.562s] INFO:colcon.colcon_ros.task.ament_python.build:Building ROS package in '/home/israamaciaas/ros2_ws/src/hybrid_project/a_star_robot' with build type 'ament_python'
[0.562s] Level 1:colcon.colcon_core.shell:create_environment_hook('a_star_robot', 'ament_prefix_path')
[0.566s] INFO:colcon.colcon_core.plugin_system:Skipping extension 'colcon_core.shell.bat': Not used on non-Windows systems
[0.566s] INFO:colcon.colcon_core.shell:Creating environment hook '/home/israamaciaas/ros2_ws/install/a_star_robot/share/a_star_robot/hook/ament_prefix_path.ps1'
[0.567s] INFO:colcon.colcon_core.shell:Creating environment descriptor '/home/israamaciaas/ros2_ws/install/a_star_robot/share/a_star_robot/hook/ament_prefix_path.dsv'
[0.568s] INFO:colcon.colcon_core.shell:Creating environment hook '/home/israamaciaas/ros2_ws/install/a_star_robot/share/a_star_robot/hook/ament_prefix_path.sh'
[0.569s] INFO:colcon.colcon_core.shell:Skip shell extension 'powershell' for command environment: Not usable outside of PowerShell
[0.569s] DEBUG:colcon.colcon_core.shell:Skip shell extension 'dsv' for command environment
[0.979s] INFO:colcon.colcon_core.task.python.build:Building Python package in '/home/israamaciaas/ros2_ws/src/hybrid_project/a_star_robot'
[0.980s] INFO:colcon.colcon_core.shell:Skip shell extension 'powershell' for command environment: Not usable outside of PowerShell
[0.980s] DEBUG:colcon.colcon_core.shell:Skip shell extension 'dsv' for command environment
[1.638s] DEBUG:colcon.colcon_core.event_handler.log_command:Invoking command in '/home/israamaciaas/ros2_ws/src/hybrid_project/a_star_robot': PYTHONPATH=/home/israamaciaas/ros2_ws/build/a_star_robot/prefix_override:/usr/lib/python3/dist-packages/colcon_core/task/python/colcon_distutils_commands:/home/israamaciaas/ros2_ws/install/a_star_robot/lib/python3.10/site-packages:${PYTHONPATH} /usr/bin/python3 -W ignore:setup.py install is deprecated setup.py egg_info --egg-base ../../../build/a_star_robot build --build-base /home/israamaciaas/ros2_ws/build/a_star_robot/build install --record /home/israamaciaas/ros2_ws/build/a_star_robot/install.log --single-version-externally-managed install_data
[2.090s] DEBUG:colcon.colcon_core.event_handler.log_command:Invoked command in '/home/israamaciaas/ros2_ws/src/hybrid_project/a_star_robot' returned '0': PYTHONPATH=/home/israamaciaas/ros2_ws/build/a_star_robot/prefix_override:/usr/lib/python3/dist-packages/colcon_core/task/python/colcon_distutils_commands:/home/israamaciaas/ros2_ws/install/a_star_robot/lib/python3.10/site-packages:${PYTHONPATH} /usr/bin/python3 -W ignore:setup.py install is deprecated setup.py egg_info --egg-base ../../../build/a_star_robot build --build-base /home/israamaciaas/ros2_ws/build/a_star_robot/build install --record /home/israamaciaas/ros2_ws/build/a_star_robot/install.log --single-version-externally-managed install_data
[2.092s] Level 1:colcon.colcon_core.environment:checking '/home/israamaciaas/ros2_ws/install/a_star_robot' for CMake module files
[2.093s] Level 1:colcon.colcon_core.environment:checking '/home/israamaciaas/ros2_ws/install/a_star_robot' for CMake config files
[2.094s] Level 1:colcon.colcon_core.environment:checking '/home/israamaciaas/ros2_ws/install/a_star_robot/lib'
[2.094s] Level 1:colcon.colcon_core.environment:checking '/home/israamaciaas/ros2_ws/install/a_star_robot/bin'
[2.094s] Level 1:colcon.colcon_core.environment:checking '/home/israamaciaas/ros2_ws/install/a_star_robot/lib/pkgconfig/a_star_robot.pc'
[2.094s] Level 1:colcon.colcon_core.environment:checking '/home/israamaciaas/ros2_ws/install/a_star_robot/lib/python3.10/site-packages'
[2.094s] Level 1:colcon.colcon_core.shell:create_environment_hook('a_star_robot', 'pythonpath')
[2.095s] INFO:colcon.colcon_core.shell:Creating environment hook '/home/israamaciaas/ros2_ws/install/a_star_robot/share/a_star_robot/hook/pythonpath.ps1'
[2.095s] INFO:colcon.colcon_core.shell:Creating environment descriptor '/home/israamaciaas/ros2_ws/install/a_star_robot/share/a_star_robot/hook/pythonpath.dsv'
[2.096s] INFO:colcon.colcon_core.shell:Creating environment hook '/home/israamaciaas/ros2_ws/install/a_star_robot/share/a_star_robot/hook/pythonpath.sh'
[2.096s] Level 1:colcon.colcon_core.environment:checking '/home/israamaciaas/ros2_ws/install/a_star_robot/bin'
[2.097s] Level 1:colcon.colcon_core.environment:create_environment_scripts_only(a_star_robot)
[2.097s] INFO:colcon.colcon_core.shell:Creating package script '/home/israamaciaas/ros2_ws/install/a_star_robot/share/a_star_robot/package.ps1'
[2.098s] INFO:colcon.colcon_core.shell:Creating package descriptor '/home/israamaciaas/ros2_ws/install/a_star_robot/share/a_star_robot/package.dsv'
[2.099s] INFO:colcon.colcon_core.shell:Creating package script '/home/israamaciaas/ros2_ws/install/a_star_robot/share/a_star_robot/package.sh'
[2.099s] INFO:colcon.colcon_core.shell:Creating package script '/home/israamaciaas/ros2_ws/install/a_star_robot/share/a_star_robot/package.bash'
[2.100s] INFO:colcon.colcon_core.shell:Creating package script '/home/israamaciaas/ros2_ws/install/a_star_robot/share/a_star_robot/package.zsh'
[2.101s] Level 1:colcon.colcon_core.environment:create_file_with_runtime_dependencies(/home/israamaciaas/ros2_ws/install/a_star_robot/share/colcon-core/packages/a_star_robot)
[2.102s] DEBUG:colcon.colcon_parallel_executor.executor.parallel:closing loop
[2.102s] DEBUG:colcon.colcon_parallel_executor.executor.parallel:loop closed
[2.103s] DEBUG:colcon.colcon_parallel_executor.executor.parallel:run_until_complete finished with '0'
[2.103s] DEBUG:colcon.colcon_core.event_reactor:joining thread
[2.110s] INFO:colcon.colcon_core.plugin_system:Skipping extension 'colcon_notification.desktop_notification.terminal_notifier': Not used on non-Darwin systems
[2.110s] INFO:colcon.colcon_core.plugin_system:Skipping extension 'colcon_notification.desktop_notification.win32': Not used on non-Windows systems
[2.110s] INFO:colcon.colcon_notification.desktop_notification:Sending desktop notification using 'notify2'
[2.128s] DEBUG:colcon.colcon_core.event_reactor:joined thread
[2.129s] INFO:colcon.colcon_core.shell:Creating prefix script '/home/israamaciaas/ros2_ws/install/local_setup.ps1'
[2.131s] INFO:colcon.colcon_core.shell:Creating prefix util module '/home/israamaciaas/ros2_ws/install/_local_setup_util_ps1.py'
[2.132s] INFO:colcon.colcon_core.shell:Creating prefix chain script '/home/israamaciaas/ros2_ws/install/setup.ps1'
[2.137s] INFO:colcon.colcon_core.shell:Creating prefix script '/home/israamaciaas/ros2_ws/install/local_setup.sh'
[2.138s] INFO:colcon.colcon_core.shell:Creating prefix util module '/home/israamaciaas/ros2_ws/install/_local_setup_util_sh.py'
[2.138s] INFO:colcon.colcon_core.shell:Creating prefix chain script '/home/israamaciaas/ros2_ws/install/setup.sh'
[2.141s] INFO:colcon.colcon_core.shell:Creating prefix script '/home/israamaciaas/ros2_ws/install/local_setup.bash'
[2.141s] INFO:colcon.colcon_core.shell:Creating prefix chain script '/home/israamaciaas/ros2_ws/install/setup.bash'
[2.143s] INFO:colcon.colcon_core.shell:Creating prefix script '/home/israamaciaas/ros2_ws/install/local_setup.zsh'
[2.144s] INFO:colcon.colcon_core.shell:Creating prefix chain script '/home/israamaciaas/ros2_ws/install/setup.zsh'
