[0.984s] Invoking command in '/home/israamaciaas/ros2_ws/src/manchester_activities/act1_tf': PYTHONPATH=/home/israamaciaas/ros2_ws/build/act1_tf/prefix_override:/usr/lib/python3/dist-packages/colcon_core/task/python/colcon_distutils_commands:/home/israamaciaas/ros2_ws/install/act1_tf/lib/python3.10/site-packages:${PYTHONPATH} /usr/bin/python3 -W ignore:setup.py install is deprecated setup.py egg_info --egg-base ../../../build/act1_tf build --build-base /home/israamaciaas/ros2_ws/build/act1_tf/build install --record /home/israamaciaas/ros2_ws/build/act1_tf/install.log --single-version-externally-managed install_data
[1.269s] running egg_info
[1.270s] writing ../../../build/act1_tf/act1_tf.egg-info/PKG-INFO
[1.270s] writing dependency_links to ../../../build/act1_tf/act1_tf.egg-info/dependency_links.txt
[1.270s] writing entry points to ../../../build/act1_tf/act1_tf.egg-info/entry_points.txt
[1.270s] writing requirements to ../../../build/act1_tf/act1_tf.egg-info/requires.txt
[1.271s] writing top-level names to ../../../build/act1_tf/act1_tf.egg-info/top_level.txt
[1.273s] reading manifest file '../../../build/act1_tf/act1_tf.egg-info/SOURCES.txt'
[1.274s] writing manifest file '../../../build/act1_tf/act1_tf.egg-info/SOURCES.txt'
[1.275s] running build
[1.275s] running build_py
[1.275s] copying act1_tf/act1_tf_node.py -> /home/israamaciaas/ros2_ws/build/act1_tf/build/lib/act1_tf
[1.275s] running install
[1.276s] running install_lib
[1.277s] copying /home/israamaciaas/ros2_ws/build/act1_tf/build/lib/act1_tf/act1_tf_node.py -> /home/israamaciaas/ros2_ws/install/act1_tf/lib/python3.10/site-packages/act1_tf
[1.278s] byte-compiling /home/israamaciaas/ros2_ws/install/act1_tf/lib/python3.10/site-packages/act1_tf/act1_tf_node.py to act1_tf_node.cpython-310.pyc
[1.280s] running install_data
[1.280s] running install_egg_info
[1.283s] removing '/home/israamaciaas/ros2_ws/install/act1_tf/lib/python3.10/site-packages/act1_tf-0.0.0-py3.10.egg-info' (and everything under it)
[1.284s] Copying ../../../build/act1_tf/act1_tf.egg-info to /home/israamaciaas/ros2_ws/install/act1_tf/lib/python3.10/site-packages/act1_tf-0.0.0-py3.10.egg-info
[1.285s] running install_scripts
[1.310s] Installing act1_tf_node script to /home/israamaciaas/ros2_ws/install/act1_tf/lib/act1_tf
[1.310s] writing list of installed files to '/home/israamaciaas/ros2_ws/build/act1_tf/install.log'
[1.359s] Invoked command in '/home/israamaciaas/ros2_ws/src/manchester_activities/act1_tf' returned '0': PYTHONPATH=/home/israamaciaas/ros2_ws/build/act1_tf/prefix_override:/usr/lib/python3/dist-packages/colcon_core/task/python/colcon_distutils_commands:/home/israamaciaas/ros2_ws/install/act1_tf/lib/python3.10/site-packages:${PYTHONPATH} /usr/bin/python3 -W ignore:setup.py install is deprecated setup.py egg_info --egg-base ../../../build/act1_tf build --build-base /home/israamaciaas/ros2_ws/build/act1_tf/build install --record /home/israamaciaas/ros2_ws/build/act1_tf/install.log --single-version-externally-managed install_data
