[3.897s] Invoking command in '/home/israamaciaas/ros2_ws/src/potMap': PYTHONPATH=/home/israamaciaas/ros2_ws/build/potMap/prefix_override:/usr/lib/python3/dist-packages/colcon_core/task/python/colcon_distutils_commands:/home/israamaciaas/ros2_ws/install/potMap/lib/python3.10/site-packages:${PYTHONPATH} /usr/bin/python3 -W ignore:setup.py install is deprecated setup.py egg_info --egg-base ../../build/potMap build --build-base /home/israamaciaas/ros2_ws/build/potMap/build install --record /home/israamaciaas/ros2_ws/build/potMap/install.log --single-version-externally-managed install_data
[4.521s] running egg_info
[4.522s] writing ../../build/potMap/potMap.egg-info/PKG-INFO
[4.523s] writing dependency_links to ../../build/potMap/potMap.egg-info/dependency_links.txt
[4.523s] writing entry points to ../../build/potMap/potMap.egg-info/entry_points.txt
[4.524s] writing requirements to ../../build/potMap/potMap.egg-info/requires.txt
[4.524s] writing top-level names to ../../build/potMap/potMap.egg-info/top_level.txt
[4.529s] reading manifest file '../../build/potMap/potMap.egg-info/SOURCES.txt'
[4.530s] writing manifest file '../../build/potMap/potMap.egg-info/SOURCES.txt'
[4.531s] running build
[4.531s] running build_py
[4.531s] copying potMap/potMap_node.py -> /home/israamaciaas/ros2_ws/build/potMap/build/lib/potMap
[4.532s] running install
[4.533s] running install_lib
[4.536s] copying /home/israamaciaas/ros2_ws/build/potMap/build/lib/potMap/potMap_node.py -> /home/israamaciaas/ros2_ws/install/potMap/lib/python3.10/site-packages/potMap
[4.538s] byte-compiling /home/israamaciaas/ros2_ws/install/potMap/lib/python3.10/site-packages/potMap/potMap_node.py to potMap_node.cpython-310.pyc
[4.550s] running install_data
[4.551s] running install_egg_info
[4.551s] removing '/home/israamaciaas/ros2_ws/install/potMap/lib/python3.10/site-packages/potMap-0.0.0-py3.10.egg-info' (and everything under it)
[4.552s] Copying ../../build/potMap/potMap.egg-info to /home/israamaciaas/ros2_ws/install/potMap/lib/python3.10/site-packages/potMap-0.0.0-py3.10.egg-info
[4.552s] running install_scripts
[4.596s] Installing potMap_node script to /home/israamaciaas/ros2_ws/install/potMap/lib/potMap
[4.597s] writing list of installed files to '/home/israamaciaas/ros2_ws/build/potMap/install.log'
[4.725s] Invoked command in '/home/israamaciaas/ros2_ws/src/potMap' returned '0': PYTHONPATH=/home/israamaciaas/ros2_ws/build/potMap/prefix_override:/usr/lib/python3/dist-packages/colcon_core/task/python/colcon_distutils_commands:/home/israamaciaas/ros2_ws/install/potMap/lib/python3.10/site-packages:${PYTHONPATH} /usr/bin/python3 -W ignore:setup.py install is deprecated setup.py egg_info --egg-base ../../build/potMap build --build-base /home/israamaciaas/ros2_ws/build/potMap/build install --record /home/israamaciaas/ros2_ws/build/potMap/install.log --single-version-externally-managed install_data
