running egg_info
creating ../../../build/a_star_robot/a_star_robot.egg-info
writing ../../../build/a_star_robot/a_star_robot.egg-info/PKG-INFO
writing dependency_links to ../../../build/a_star_robot/a_star_robot.egg-info/dependency_links.txt
writing entry points to ../../../build/a_star_robot/a_star_robot.egg-info/entry_points.txt
writing requirements to ../../../build/a_star_robot/a_star_robot.egg-info/requires.txt
writing top-level names to ../../../build/a_star_robot/a_star_robot.egg-info/top_level.txt
writing manifest file '../../../build/a_star_robot/a_star_robot.egg-info/SOURCES.txt'
reading manifest file '../../../build/a_star_robot/a_star_robot.egg-info/SOURCES.txt'
writing manifest file '../../../build/a_star_robot/a_star_robot.egg-info/SOURCES.txt'
running build
running build_py
creating /home/israamaciaas/ros2_ws/build/a_star_robot/build
creating /home/israamaciaas/ros2_ws/build/a_star_robot/build/lib
creating /home/israamaciaas/ros2_ws/build/a_star_robot/build/lib/a_star_robot
copying a_star_robot/__init__.py -> /home/israamaciaas/ros2_ws/build/a_star_robot/build/lib/a_star_robot
copying a_star_robot/trajectory_controller.py -> /home/israamaciaas/ros2_ws/build/a_star_robot/build/lib/a_star_robot
copying a_star_robot/a_star_planner.py -> /home/israamaciaas/ros2_ws/build/a_star_robot/build/lib/a_star_robot
running install
running install_lib
creating /home/israamaciaas/ros2_ws/install/a_star_robot/lib/python3.10/site-packages/a_star_robot
copying /home/israamaciaas/ros2_ws/build/a_star_robot/build/lib/a_star_robot/__init__.py -> /home/israamaciaas/ros2_ws/install/a_star_robot/lib/python3.10/site-packages/a_star_robot
copying /home/israamaciaas/ros2_ws/build/a_star_robot/build/lib/a_star_robot/trajectory_controller.py -> /home/israamaciaas/ros2_ws/install/a_star_robot/lib/python3.10/site-packages/a_star_robot
copying /home/israamaciaas/ros2_ws/build/a_star_robot/build/lib/a_star_robot/a_star_planner.py -> /home/israamaciaas/ros2_ws/install/a_star_robot/lib/python3.10/site-packages/a_star_robot
byte-compiling /home/israamaciaas/ros2_ws/install/a_star_robot/lib/python3.10/site-packages/a_star_robot/__init__.py to __init__.cpython-310.pyc
byte-compiling /home/israamaciaas/ros2_ws/install/a_star_robot/lib/python3.10/site-packages/a_star_robot/trajectory_controller.py to trajectory_controller.cpython-310.pyc
byte-compiling /home/israamaciaas/ros2_ws/install/a_star_robot/lib/python3.10/site-packages/a_star_robot/a_star_planner.py to a_star_planner.cpython-310.pyc
running install_data
creating /home/israamaciaas/ros2_ws/install/a_star_robot/share/ament_index
creating /home/israamaciaas/ros2_ws/install/a_star_robot/share/ament_index/resource_index
creating /home/israamaciaas/ros2_ws/install/a_star_robot/share/ament_index/resource_index/packages
copying resource/a_star_robot -> /home/israamaciaas/ros2_ws/install/a_star_robot/share/ament_index/resource_index/packages
copying package.xml -> /home/israamaciaas/ros2_ws/install/a_star_robot/share/a_star_robot
creating /home/israamaciaas/ros2_ws/install/a_star_robot/share/a_star_robot/launch
copying launch/map_launch.py -> /home/israamaciaas/ros2_ws/install/a_star_robot/share/a_star_robot/launch
running install_egg_info
Copying ../../../build/a_star_robot/a_star_robot.egg-info to /home/israamaciaas/ros2_ws/install/a_star_robot/lib/python3.10/site-packages/a_star_robot-0.0.0-py3.10.egg-info
running install_scripts
Installing a_star_planner script to /home/israamaciaas/ros2_ws/install/a_star_robot/lib/a_star_robot
Installing trajectory_controller script to /home/israamaciaas/ros2_ws/install/a_star_robot/lib/a_star_robot
writing list of installed files to '/home/israamaciaas/ros2_ws/build/a_star_robot/install.log'
