[2.890s] Invoking command in '/home/israamaciaas/ros2_ws/src/hybrid_project/multidim_rrt_planner': PYTHONPATH=/home/israamaciaas/ros2_ws/build/multidim_rrt_planner/prefix_override:/usr/lib/python3/dist-packages/colcon_core/task/python/colcon_distutils_commands:/home/israamaciaas/ros2_ws/install/multidim_rrt_planner/lib/python3.10/site-packages:${PYTHONPATH} /usr/bin/python3 -W ignore:setup.py install is deprecated setup.py egg_info --egg-base ../../../build/multidim_rrt_planner build --build-base /home/israamaciaas/ros2_ws/build/multidim_rrt_planner/build install --record /home/israamaciaas/ros2_ws/build/multidim_rrt_planner/install.log --single-version-externally-managed install_data
[3.353s] running egg_info
[3.356s] writing ../../../build/multidim_rrt_planner/multidim_rrt_planner.egg-info/PKG-INFO
[3.356s] writing dependency_links to ../../../build/multidim_rrt_planner/multidim_rrt_planner.egg-info/dependency_links.txt
[3.356s] writing entry points to ../../../build/multidim_rrt_planner/multidim_rrt_planner.egg-info/entry_points.txt
[3.356s] writing requirements to ../../../build/multidim_rrt_planner/multidim_rrt_planner.egg-info/requires.txt
[3.357s] writing top-level names to ../../../build/multidim_rrt_planner/multidim_rrt_planner.egg-info/top_level.txt
[3.360s] reading manifest file '../../../build/multidim_rrt_planner/multidim_rrt_planner.egg-info/SOURCES.txt'
[3.361s] adding license file 'LICENSE'
[3.362s] writing manifest file '../../../build/multidim_rrt_planner/multidim_rrt_planner.egg-info/SOURCES.txt'
[3.362s] running build
[3.362s] running build_py
[3.363s] running install
[3.366s] running install_lib
[3.369s] running install_data
[3.369s] running install_egg_info
[3.374s] removing '/home/israamaciaas/ros2_ws/install/multidim_rrt_planner/lib/python3.10/site-packages/multidim_rrt_planner-0.0.7-py3.10.egg-info' (and everything under it)
[3.374s] Copying ../../../build/multidim_rrt_planner/multidim_rrt_planner.egg-info to /home/israamaciaas/ros2_ws/install/multidim_rrt_planner/lib/python3.10/site-packages/multidim_rrt_planner-0.0.7-py3.10.egg-info
[3.376s] running install_scripts
[3.411s] Installing map_frame_pub script to /home/israamaciaas/ros2_ws/install/multidim_rrt_planner/lib/multidim_rrt_planner
[3.415s] Installing obstacle_pub_2D script to /home/israamaciaas/ros2_ws/install/multidim_rrt_planner/lib/multidim_rrt_planner
[3.415s] Installing obstacle_pub_3D script to /home/israamaciaas/ros2_ws/install/multidim_rrt_planner/lib/multidim_rrt_planner
[3.416s] Installing occupancy_pub script to /home/israamaciaas/ros2_ws/install/multidim_rrt_planner/lib/multidim_rrt_planner
[3.416s] Installing rrt2D script to /home/israamaciaas/ros2_ws/install/multidim_rrt_planner/lib/multidim_rrt_planner
[3.416s] Installing rrt3D script to /home/israamaciaas/ros2_ws/install/multidim_rrt_planner/lib/multidim_rrt_planner
[3.416s] writing list of installed files to '/home/israamaciaas/ros2_ws/build/multidim_rrt_planner/install.log'
[3.484s] Invoked command in '/home/israamaciaas/ros2_ws/src/hybrid_project/multidim_rrt_planner' returned '0': PYTHONPATH=/home/israamaciaas/ros2_ws/build/multidim_rrt_planner/prefix_override:/usr/lib/python3/dist-packages/colcon_core/task/python/colcon_distutils_commands:/home/israamaciaas/ros2_ws/install/multidim_rrt_planner/lib/python3.10/site-packages:${PYTHONPATH} /usr/bin/python3 -W ignore:setup.py install is deprecated setup.py egg_info --egg-base ../../../build/multidim_rrt_planner build --build-base /home/israamaciaas/ros2_ws/build/multidim_rrt_planner/build install --record /home/israamaciaas/ros2_ws/build/multidim_rrt_planner/install.log --single-version-externally-managed install_data
