[1.373s] Invoking command in '/home/israamaciaas/ros2_ws/src/ros_move': PYTHONPATH=/home/israamaciaas/ros2_ws/build/ros_move/prefix_override:/usr/lib/python3/dist-packages/colcon_core/task/python/colcon_distutils_commands:/home/israamaciaas/ros2_ws/install/ros_move/lib/python3.10/site-packages:${PYTHONPATH} /usr/bin/python3 -W ignore:setup.py install is deprecated setup.py egg_info --egg-base ../../build/ros_move build --build-base /home/israamaciaas/ros2_ws/build/ros_move/build install --record /home/israamaciaas/ros2_ws/build/ros_move/install.log --single-version-externally-managed install_data
[1.635s] running egg_info
[1.636s] writing ../../build/ros_move/ros_move.egg-info/PKG-INFO
[1.636s] writing dependency_links to ../../build/ros_move/ros_move.egg-info/dependency_links.txt
[1.636s] writing entry points to ../../build/ros_move/ros_move.egg-info/entry_points.txt
[1.636s] writing requirements to ../../build/ros_move/ros_move.egg-info/requires.txt
[1.637s] writing top-level names to ../../build/ros_move/ros_move.egg-info/top_level.txt
[1.639s] reading manifest file '../../build/ros_move/ros_move.egg-info/SOURCES.txt'
[1.640s] writing manifest file '../../build/ros_move/ros_move.egg-info/SOURCES.txt'
[1.640s] running build
[1.640s] running build_py
[1.641s] running install
[1.641s] running install_lib
[1.643s] running install_data
[1.643s] running install_egg_info
[1.646s] removing '/home/israamaciaas/ros2_ws/install/ros_move/lib/python3.10/site-packages/ros_move-0.0.0-py3.10.egg-info' (and everything under it)
[1.646s] Copying ../../build/ros_move/ros_move.egg-info to /home/israamaciaas/ros2_ws/install/ros_move/lib/python3.10/site-packages/ros_move-0.0.0-py3.10.egg-info
[1.647s] running install_scripts
[1.670s] Installing bot_node script to /home/israamaciaas/ros2_ws/install/ros_move/lib/ros_move
[1.671s] Installing fuzzy_controller_node script to /home/israamaciaas/ros2_ws/install/ros_move/lib/ros_move
[1.671s] writing list of installed files to '/home/israamaciaas/ros2_ws/build/ros_move/install.log'
[1.728s] Invoked command in '/home/israamaciaas/ros2_ws/src/ros_move' returned '0': PYTHONPATH=/home/israamaciaas/ros2_ws/build/ros_move/prefix_override:/usr/lib/python3/dist-packages/colcon_core/task/python/colcon_distutils_commands:/home/israamaciaas/ros2_ws/install/ros_move/lib/python3.10/site-packages:${PYTHONPATH} /usr/bin/python3 -W ignore:setup.py install is deprecated setup.py egg_info --egg-base ../../build/ros_move build --build-base /home/israamaciaas/ros2_ws/build/ros_move/build install --record /home/israamaciaas/ros2_ws/build/ros_move/install.log --single-version-externally-managed install_data
