/home/israamaciaas/ros2_ws/install/act2_tf/lib/python3.10/site-packages/act2_tf/joint_pub.py
/home/israamaciaas/ros2_ws/install/act2_tf/lib/python3.10/site-packages/act2_tf/__init__.py
/home/israamaciaas/ros2_ws/install/act2_tf/lib/python3.10/site-packages/act2_tf/__pycache__/joint_pub.cpython-310.pyc
/home/israamaciaas/ros2_ws/install/act2_tf/lib/python3.10/site-packages/act2_tf/__pycache__/__init__.cpython-310.pyc
/home/israamaciaas/ros2_ws/install/act2_tf/share/ament_index/resource_index/packages/act2_tf
/home/israamaciaas/ros2_ws/install/act2_tf/share/act2_tf/package.xml
/home/israamaciaas/ros2_ws/install/act2_tf/share/act2_tf/launch/joints_launch.py
/home/israamaciaas/ros2_ws/install/act2_tf/share/act2_tf/config
/home/israamaciaas/ros2_ws/install/act2_tf/share/act2_tf/rviz
/home/israamaciaas/ros2_ws/install/act2_tf/share/act2_tf/meshes/MCR2_puzzlebot_base.stl
/home/israamaciaas/ros2_ws/install/act2_tf/share/act2_tf/meshes/MCR2_wheel.stl
/home/israamaciaas/ros2_ws/install/act2_tf/share/act2_tf/meshes/MCR2_puzzlebot_jetson_base.stl
/home/israamaciaas/ros2_ws/install/act2_tf/share/act2_tf/meshes/MCR2_puzzlebot_jetson_lidar_base.stl
/home/israamaciaas/ros2_ws/install/act2_tf/share/act2_tf/meshes/MCR2_caster_wheel.stl
/home/israamaciaas/ros2_ws/install/act2_tf/share/act2_tf/urdf/puzzlebot.urdf
/home/israamaciaas/ros2_ws/install/act2_tf/lib/python3.10/site-packages/act2_tf-0.0.0-py3.10.egg-info/entry_points.txt
/home/israamaciaas/ros2_ws/install/act2_tf/lib/python3.10/site-packages/act2_tf-0.0.0-py3.10.egg-info/PKG-INFO
/home/israamaciaas/ros2_ws/install/act2_tf/lib/python3.10/site-packages/act2_tf-0.0.0-py3.10.egg-info/top_level.txt
/home/israamaciaas/ros2_ws/install/act2_tf/lib/python3.10/site-packages/act2_tf-0.0.0-py3.10.egg-info/SOURCES.txt
/home/israamaciaas/ros2_ws/install/act2_tf/lib/python3.10/site-packages/act2_tf-0.0.0-py3.10.egg-info/requires.txt
/home/israamaciaas/ros2_ws/install/act2_tf/lib/python3.10/site-packages/act2_tf-0.0.0-py3.10.egg-info/dependency_links.txt
/home/israamaciaas/ros2_ws/install/act2_tf/lib/python3.10/site-packages/act2_tf-0.0.0-py3.10.egg-info/zip-safe
/home/israamaciaas/ros2_ws/install/act2_tf/lib/act2_tf/joint_pub
/home/israamaciaas/ros2_ws/install/act2_tf/lib/act2_tf/puzzlebot
