running develop
Removing /home/israamaciaas/ros2_ws/install/turtle_figure/lib/python3.10/site-packages/turtle-figure.egg-link (link to .)
running egg_info
writing ../../build/turtle_figure/turtle_figure.egg-info/PKG-INFO
writing dependency_links to ../../build/turtle_figure/turtle_figure.egg-info/dependency_links.txt
writing entry points to ../../build/turtle_figure/turtle_figure.egg-info/entry_points.txt
writing requirements to ../../build/turtle_figure/turtle_figure.egg-info/requires.txt
writing top-level names to ../../build/turtle_figure/turtle_figure.egg-info/top_level.txt
reading manifest file '../../build/turtle_figure/turtle_figure.egg-info/SOURCES.txt'
writing manifest file '../../build/turtle_figure/turtle_figure.egg-info/SOURCES.txt'
running build
running build_py
creating /home/israamaciaas/ros2_ws/build/turtle_figure/build
creating /home/israamaciaas/ros2_ws/build/turtle_figure/build/lib
creating /home/israamaciaas/ros2_ws/build/turtle_figure/build/lib/turtle_figure
copying turtle_figure/turtleFigureNode.py -> /home/israamaciaas/ros2_ws/build/turtle_figure/build/lib/turtle_figure
copying turtle_figure/__init__.py -> /home/israamaciaas/ros2_ws/build/turtle_figure/build/lib/turtle_figure
running install
running install_lib
creating /home/israamaciaas/ros2_ws/install/turtle_figure/lib/python3.10/site-packages/turtle_figure
copying /home/israamaciaas/ros2_ws/build/turtle_figure/build/lib/turtle_figure/turtleFigureNode.py -> /home/israamaciaas/ros2_ws/install/turtle_figure/lib/python3.10/site-packages/turtle_figure
copying /home/israamaciaas/ros2_ws/build/turtle_figure/build/lib/turtle_figure/__init__.py -> /home/israamaciaas/ros2_ws/install/turtle_figure/lib/python3.10/site-packages/turtle_figure
byte-compiling /home/israamaciaas/ros2_ws/install/turtle_figure/lib/python3.10/site-packages/turtle_figure/turtleFigureNode.py to turtleFigureNode.cpython-310.pyc
byte-compiling /home/israamaciaas/ros2_ws/install/turtle_figure/lib/python3.10/site-packages/turtle_figure/__init__.py to __init__.cpython-310.pyc
running install_data
copying resource/turtle_figure -> /home/israamaciaas/ros2_ws/install/turtle_figure/share/ament_index/resource_index/packages
copying package.xml -> /home/israamaciaas/ros2_ws/install/turtle_figure/share/turtle_figure
copying launch/launch.py -> /home/israamaciaas/ros2_ws/install/turtle_figure/share/turtle_figure/launch
running install_egg_info
Copying ../../build/turtle_figure/turtle_figure.egg-info to /home/israamaciaas/ros2_ws/install/turtle_figure/lib/python3.10/site-packages/turtle_figure-0.0.0-py3.10.egg-info
running install_scripts
Installing turtleFigureNode script to /home/israamaciaas/ros2_ws/install/turtle_figure/lib/turtle_figure
writing list of installed files to '/home/israamaciaas/ros2_ws/build/turtle_figure/install.log'
