[2.177s] Invoking command in '/home/israamaciaas/ros2_ws/build/turtle_figure': PYTHONPATH=/home/israamaciaas/ros2_ws/build/turtle_figure/prefix_override:/usr/lib/python3/dist-packages/colcon_core/task/python/colcon_distutils_commands:/home/israamaciaas/ros2_ws/install/turtle_figure/lib/python3.10/site-packages:${PYTHONPATH} /usr/bin/python3 -W ignore:setup.py install is deprecated setup.py develop --uninstall --editable --build-directory /home/israamaciaas/ros2_ws/build/turtle_figure/build
[2.595s] running develop
[2.595s] /usr/lib/python3/dist-packages/setuptools/command/easy_install.py:158: EasyInstallDeprecationWarning: easy_install command is deprecated. Use build and pip and other standards-based tools.
[2.595s]   warnings.warn(
[2.877s] Removing /home/israamaciaas/ros2_ws/install/turtle_figure/lib/python3.10/site-packages/turtle-figure.egg-link (link to .)
[2.952s] Invoked command in '/home/israamaciaas/ros2_ws/build/turtle_figure' returned '0': PYTHONPATH=/home/israamaciaas/ros2_ws/build/turtle_figure/prefix_override:/usr/lib/python3/dist-packages/colcon_core/task/python/colcon_distutils_commands:/home/israamaciaas/ros2_ws/install/turtle_figure/lib/python3.10/site-packages:${PYTHONPATH} /usr/bin/python3 -W ignore:setup.py install is deprecated setup.py develop --uninstall --editable --build-directory /home/israamaciaas/ros2_ws/build/turtle_figure/build
[2.954s] Invoking command in '/home/israamaciaas/ros2_ws/src/turtle_figure': PYTHONPATH=/home/israamaciaas/ros2_ws/build/turtle_figure/prefix_override:/usr/lib/python3/dist-packages/colcon_core/task/python/colcon_distutils_commands:/home/israamaciaas/ros2_ws/install/turtle_figure/lib/python3.10/site-packages:${PYTHONPATH} /usr/bin/python3 -W ignore:setup.py install is deprecated setup.py egg_info --egg-base ../../build/turtle_figure build --build-base /home/israamaciaas/ros2_ws/build/turtle_figure/build install --record /home/israamaciaas/ros2_ws/build/turtle_figure/install.log --single-version-externally-managed install_data --force
[3.330s] running egg_info
[3.332s] writing ../../build/turtle_figure/turtle_figure.egg-info/PKG-INFO
[3.332s] writing dependency_links to ../../build/turtle_figure/turtle_figure.egg-info/dependency_links.txt
[3.332s] writing entry points to ../../build/turtle_figure/turtle_figure.egg-info/entry_points.txt
[3.333s] writing requirements to ../../build/turtle_figure/turtle_figure.egg-info/requires.txt
[3.333s] writing top-level names to ../../build/turtle_figure/turtle_figure.egg-info/top_level.txt
[3.336s] reading manifest file '../../build/turtle_figure/turtle_figure.egg-info/SOURCES.txt'
[3.337s] writing manifest file '../../build/turtle_figure/turtle_figure.egg-info/SOURCES.txt'
[3.338s] running build
[3.338s] running build_py
[3.338s] creating /home/israamaciaas/ros2_ws/build/turtle_figure/build
[3.338s] creating /home/israamaciaas/ros2_ws/build/turtle_figure/build/lib
[3.338s] creating /home/israamaciaas/ros2_ws/build/turtle_figure/build/lib/turtle_figure
[3.338s] copying turtle_figure/turtleFigureNode.py -> /home/israamaciaas/ros2_ws/build/turtle_figure/build/lib/turtle_figure
[3.339s] copying turtle_figure/__init__.py -> /home/israamaciaas/ros2_ws/build/turtle_figure/build/lib/turtle_figure
[3.339s] running install
[3.340s] running install_lib
[3.341s] creating /home/israamaciaas/ros2_ws/install/turtle_figure/lib/python3.10/site-packages/turtle_figure
[3.341s] copying /home/israamaciaas/ros2_ws/build/turtle_figure/build/lib/turtle_figure/turtleFigureNode.py -> /home/israamaciaas/ros2_ws/install/turtle_figure/lib/python3.10/site-packages/turtle_figure
[3.341s] copying /home/israamaciaas/ros2_ws/build/turtle_figure/build/lib/turtle_figure/__init__.py -> /home/israamaciaas/ros2_ws/install/turtle_figure/lib/python3.10/site-packages/turtle_figure
[3.342s] byte-compiling /home/israamaciaas/ros2_ws/install/turtle_figure/lib/python3.10/site-packages/turtle_figure/turtleFigureNode.py to turtleFigureNode.cpython-310.pyc
[3.343s] byte-compiling /home/israamaciaas/ros2_ws/install/turtle_figure/lib/python3.10/site-packages/turtle_figure/__init__.py to __init__.cpython-310.pyc
[3.344s] running install_data
[3.344s] copying resource/turtle_figure -> /home/israamaciaas/ros2_ws/install/turtle_figure/share/ament_index/resource_index/packages
[3.344s] copying package.xml -> /home/israamaciaas/ros2_ws/install/turtle_figure/share/turtle_figure
[3.344s] copying launch/launch.py -> /home/israamaciaas/ros2_ws/install/turtle_figure/share/turtle_figure/launch
[3.345s] running install_egg_info
[3.348s] Copying ../../build/turtle_figure/turtle_figure.egg-info to /home/israamaciaas/ros2_ws/install/turtle_figure/lib/python3.10/site-packages/turtle_figure-0.0.0-py3.10.egg-info
[3.349s] running install_scripts
[3.385s] Installing turtleFigureNode script to /home/israamaciaas/ros2_ws/install/turtle_figure/lib/turtle_figure
[3.386s] writing list of installed files to '/home/israamaciaas/ros2_ws/build/turtle_figure/install.log'
[3.447s] Invoked command in '/home/israamaciaas/ros2_ws/src/turtle_figure' returned '0': PYTHONPATH=/home/israamaciaas/ros2_ws/build/turtle_figure/prefix_override:/usr/lib/python3/dist-packages/colcon_core/task/python/colcon_distutils_commands:/home/israamaciaas/ros2_ws/install/turtle_figure/lib/python3.10/site-packages:${PYTHONPATH} /usr/bin/python3 -W ignore:setup.py install is deprecated setup.py egg_info --egg-base ../../build/turtle_figure build --build-base /home/israamaciaas/ros2_ws/build/turtle_figure/build install --record /home/israamaciaas/ros2_ws/build/turtle_figure/install.log --single-version-externally-managed install_data --force
