[1.398s] Invoking command in '/home/israamaciaas/ros2_ws/src/turtle_figure': PYTHONPATH=/home/israamaciaas/ros2_ws/build/turtle_figure/prefix_override:/usr/lib/python3/dist-packages/colcon_core/task/python/colcon_distutils_commands:/home/israamaciaas/ros2_ws/install/turtle_figure/lib/python3.10/site-packages:${PYTHONPATH} /usr/bin/python3 -W ignore:setup.py install is deprecated setup.py egg_info --egg-base ../../build/turtle_figure build --build-base /home/israamaciaas/ros2_ws/build/turtle_figure/build install --record /home/israamaciaas/ros2_ws/build/turtle_figure/install.log --single-version-externally-managed install_data
[1.654s] running egg_info
[1.655s] writing ../../build/turtle_figure/turtle_figure.egg-info/PKG-INFO
[1.655s] writing dependency_links to ../../build/turtle_figure/turtle_figure.egg-info/dependency_links.txt
[1.655s] writing entry points to ../../build/turtle_figure/turtle_figure.egg-info/entry_points.txt
[1.656s] writing requirements to ../../build/turtle_figure/turtle_figure.egg-info/requires.txt
[1.656s] writing top-level names to ../../build/turtle_figure/turtle_figure.egg-info/top_level.txt
[1.658s] reading manifest file '../../build/turtle_figure/turtle_figure.egg-info/SOURCES.txt'
[1.659s] writing manifest file '../../build/turtle_figure/turtle_figure.egg-info/SOURCES.txt'
[1.659s] running build
[1.659s] running build_py
[1.659s] copying turtle_figure/turtleFigureNode.py -> /home/israamaciaas/ros2_ws/build/turtle_figure/build/lib/turtle_figure
[1.660s] running install
[1.660s] running install_lib
[1.661s] copying /home/israamaciaas/ros2_ws/build/turtle_figure/build/lib/turtle_figure/turtleFigureNode.py -> /home/israamaciaas/ros2_ws/install/turtle_figure/lib/python3.10/site-packages/turtle_figure
[1.662s] byte-compiling /home/israamaciaas/ros2_ws/install/turtle_figure/lib/python3.10/site-packages/turtle_figure/turtleFigureNode.py to turtleFigureNode.cpython-310.pyc
[1.663s] running install_data
[1.663s] running install_egg_info
[1.665s] removing '/home/israamaciaas/ros2_ws/install/turtle_figure/lib/python3.10/site-packages/turtle_figure-0.0.0-py3.10.egg-info' (and everything under it)
[1.665s] Copying ../../build/turtle_figure/turtle_figure.egg-info to /home/israamaciaas/ros2_ws/install/turtle_figure/lib/python3.10/site-packages/turtle_figure-0.0.0-py3.10.egg-info
[1.666s] running install_scripts
[1.692s] Installing turtleFigureNode script to /home/israamaciaas/ros2_ws/install/turtle_figure/lib/turtle_figure
[1.692s] writing list of installed files to '/home/israamaciaas/ros2_ws/build/turtle_figure/install.log'
[1.743s] Invoked command in '/home/israamaciaas/ros2_ws/src/turtle_figure' returned '0': PYTHONPATH=/home/israamaciaas/ros2_ws/build/turtle_figure/prefix_override:/usr/lib/python3/dist-packages/colcon_core/task/python/colcon_distutils_commands:/home/israamaciaas/ros2_ws/install/turtle_figure/lib/python3.10/site-packages:${PYTHONPATH} /usr/bin/python3 -W ignore:setup.py install is deprecated setup.py egg_info --egg-base ../../build/turtle_figure build --build-base /home/israamaciaas/ros2_ws/build/turtle_figure/build install --record /home/israamaciaas/ros2_ws/build/turtle_figure/install.log --single-version-externally-managed install_data
