[0.942s] Invoking command in '/home/israamaciaas/ros2_ws/src/ros_move': PYTHONPATH=/home/israamaciaas/ros2_ws/build/ros_move/prefix_override:/usr/lib/python3/dist-packages/colcon_core/task/python/colcon_distutils_commands:/home/israamaciaas/ros2_ws/install/ros_move/lib/python3.10/site-packages:${PYTHONPATH} /usr/bin/python3 -W ignore:setup.py install is deprecated setup.py egg_info --egg-base ../../build/ros_move build --build-base /home/israamaciaas/ros2_ws/build/ros_move/build install --record /home/israamaciaas/ros2_ws/build/ros_move/install.log --single-version-externally-managed install_data
[1.254s] running egg_info
[1.256s] writing ../../build/ros_move/ros_move.egg-info/PKG-INFO
[1.261s] writing dependency_links to ../../build/ros_move/ros_move.egg-info/dependency_links.txt
[1.262s] writing entry points to ../../build/ros_move/ros_move.egg-info/entry_points.txt
[1.263s] writing requirements to ../../build/ros_move/ros_move.egg-info/requires.txt
[1.263s] writing top-level names to ../../build/ros_move/ros_move.egg-info/top_level.txt
[1.270s] reading manifest file '../../build/ros_move/ros_move.egg-info/SOURCES.txt'
[1.272s] writing manifest file '../../build/ros_move/ros_move.egg-info/SOURCES.txt'
[1.272s] running build
[1.272s] running build_py
[1.273s] running install
[1.274s] running install_lib
[1.278s] running install_data
[1.279s] running install_egg_info
[1.282s] removing '/home/israamaciaas/ros2_ws/install/ros_move/lib/python3.10/site-packages/ros_move-0.0.0-py3.10.egg-info' (and everything under it)
[1.283s] Copying ../../build/ros_move/ros_move.egg-info to /home/israamaciaas/ros2_ws/install/ros_move/lib/python3.10/site-packages/ros_move-0.0.0-py3.10.egg-info
[1.285s] running install_scripts
[1.321s] Installing bot_node script to /home/israamaciaas/ros2_ws/install/ros_move/lib/ros_move
[1.322s] Installing fuzzy_controller_node script to /home/israamaciaas/ros2_ws/install/ros_move/lib/ros_move
[1.322s] writing list of installed files to '/home/israamaciaas/ros2_ws/build/ros_move/install.log'
[1.409s] Invoked command in '/home/israamaciaas/ros2_ws/src/ros_move' returned '0': PYTHONPATH=/home/israamaciaas/ros2_ws/build/ros_move/prefix_override:/usr/lib/python3/dist-packages/colcon_core/task/python/colcon_distutils_commands:/home/israamaciaas/ros2_ws/install/ros_move/lib/python3.10/site-packages:${PYTHONPATH} /usr/bin/python3 -W ignore:setup.py install is deprecated setup.py egg_info --egg-base ../../build/ros_move build --build-base /home/israamaciaas/ros2_ws/build/ros_move/build install --record /home/israamaciaas/ros2_ws/build/ros_move/install.log --single-version-externally-managed install_data
