running egg_info
writing ../../../build/act1_tf/act1_tf.egg-info/PKG-INFO
writing dependency_links to ../../../build/act1_tf/act1_tf.egg-info/dependency_links.txt
writing entry points to ../../../build/act1_tf/act1_tf.egg-info/entry_points.txt
writing requirements to ../../../build/act1_tf/act1_tf.egg-info/requires.txt
writing top-level names to ../../../build/act1_tf/act1_tf.egg-info/top_level.txt
reading manifest file '../../../build/act1_tf/act1_tf.egg-info/SOURCES.txt'
writing manifest file '../../../build/act1_tf/act1_tf.egg-info/SOURCES.txt'
running build
running build_py
copying act1_tf/act1_tf_node.py -> /home/israamaciaas/ros2_ws/build/act1_tf/build/lib/act1_tf
running install
running install_lib
copying /home/israamaciaas/ros2_ws/build/act1_tf/build/lib/act1_tf/act1_tf_node.py -> /home/israamaciaas/ros2_ws/install/act1_tf/lib/python3.10/site-packages/act1_tf
byte-compiling /home/israamaciaas/ros2_ws/install/act1_tf/lib/python3.10/site-packages/act1_tf/act1_tf_node.py to act1_tf_node.cpython-310.pyc
running install_data
running install_egg_info
removing '/home/israamaciaas/ros2_ws/install/act1_tf/lib/python3.10/site-packages/act1_tf-0.0.0-py3.10.egg-info' (and everything under it)
Copying ../../../build/act1_tf/act1_tf.egg-info to /home/israamaciaas/ros2_ws/install/act1_tf/lib/python3.10/site-packages/act1_tf-0.0.0-py3.10.egg-info
running install_scripts
writing list of installed files to '/home/israamaciaas/ros2_ws/build/act1_tf/install.log'
