[2.560s] Invoking command in '/home/israamaciaas/ros2_ws/src/manchester_activities/act1_tf': PYTHONPATH=/home/israamaciaas/ros2_ws/build/act1_tf/prefix_override:/usr/lib/python3/dist-packages/colcon_core/task/python/colcon_distutils_commands:/home/israamaciaas/ros2_ws/install/act1_tf/lib/python3.10/site-packages:${PYTHONPATH} /usr/bin/python3 -W ignore:setup.py install is deprecated setup.py egg_info --egg-base ../../../build/act1_tf build --build-base /home/israamaciaas/ros2_ws/build/act1_tf/build install --record /home/israamaciaas/ros2_ws/build/act1_tf/install.log --single-version-externally-managed install_data
[2.872s] running egg_info
[2.873s] writing ../../../build/act1_tf/act1_tf.egg-info/PKG-INFO
[2.873s] writing dependency_links to ../../../build/act1_tf/act1_tf.egg-info/dependency_links.txt
[2.873s] writing entry points to ../../../build/act1_tf/act1_tf.egg-info/entry_points.txt
[2.874s] writing requirements to ../../../build/act1_tf/act1_tf.egg-info/requires.txt
[2.874s] writing top-level names to ../../../build/act1_tf/act1_tf.egg-info/top_level.txt
[2.877s] reading manifest file '../../../build/act1_tf/act1_tf.egg-info/SOURCES.txt'
[2.879s] writing manifest file '../../../build/act1_tf/act1_tf.egg-info/SOURCES.txt'
[2.879s] running build
[2.879s] running build_py
[2.879s] copying act1_tf/act1_tf_node.py -> /home/israamaciaas/ros2_ws/build/act1_tf/build/lib/act1_tf
[2.879s] running install
[2.880s] running install_lib
[2.882s] copying /home/israamaciaas/ros2_ws/build/act1_tf/build/lib/act1_tf/act1_tf_node.py -> /home/israamaciaas/ros2_ws/install/act1_tf/lib/python3.10/site-packages/act1_tf
[2.883s] byte-compiling /home/israamaciaas/ros2_ws/install/act1_tf/lib/python3.10/site-packages/act1_tf/act1_tf_node.py to act1_tf_node.cpython-310.pyc
[2.883s] running install_data
[2.883s] running install_egg_info
[2.886s] removing '/home/israamaciaas/ros2_ws/install/act1_tf/lib/python3.10/site-packages/act1_tf-0.0.0-py3.10.egg-info' (and everything under it)
[2.887s] Copying ../../../build/act1_tf/act1_tf.egg-info to /home/israamaciaas/ros2_ws/install/act1_tf/lib/python3.10/site-packages/act1_tf-0.0.0-py3.10.egg-info
[2.888s] running install_scripts
[2.924s] writing list of installed files to '/home/israamaciaas/ros2_ws/build/act1_tf/install.log'
[3.003s] Invoked command in '/home/israamaciaas/ros2_ws/src/manchester_activities/act1_tf' returned '0': PYTHONPATH=/home/israamaciaas/ros2_ws/build/act1_tf/prefix_override:/usr/lib/python3/dist-packages/colcon_core/task/python/colcon_distutils_commands:/home/israamaciaas/ros2_ws/install/act1_tf/lib/python3.10/site-packages:${PYTHONPATH} /usr/bin/python3 -W ignore:setup.py install is deprecated setup.py egg_info --egg-base ../../../build/act1_tf build --build-base /home/israamaciaas/ros2_ws/build/act1_tf/build install --record /home/israamaciaas/ros2_ws/build/act1_tf/install.log --single-version-externally-managed install_data
