[0.778s] Invoking command in '/home/israamaciaas/ros2_ws/src/hybrid_project/a_star_robot': PYTHONPATH=/home/israamaciaas/ros2_ws/build/a_star_robot/prefix_override:/usr/lib/python3/dist-packages/colcon_core/task/python/colcon_distutils_commands:/home/israamaciaas/ros2_ws/install/a_star_robot/lib/python3.10/site-packages:${PYTHONPATH} /usr/bin/python3 -W ignore:setup.py install is deprecated setup.py egg_info --egg-base ../../../build/a_star_robot build --build-base /home/israamaciaas/ros2_ws/build/a_star_robot/build install --record /home/israamaciaas/ros2_ws/build/a_star_robot/install.log --single-version-externally-managed install_data
[1.023s] running egg_info
[1.023s] writing ../../../build/a_star_robot/a_star_robot.egg-info/PKG-INFO
[1.023s] writing dependency_links to ../../../build/a_star_robot/a_star_robot.egg-info/dependency_links.txt
[1.023s] writing entry points to ../../../build/a_star_robot/a_star_robot.egg-info/entry_points.txt
[1.024s] writing requirements to ../../../build/a_star_robot/a_star_robot.egg-info/requires.txt
[1.024s] writing top-level names to ../../../build/a_star_robot/a_star_robot.egg-info/top_level.txt
[1.026s] reading manifest file '../../../build/a_star_robot/a_star_robot.egg-info/SOURCES.txt'
[1.026s] writing manifest file '../../../build/a_star_robot/a_star_robot.egg-info/SOURCES.txt'
[1.026s] running build
[1.026s] running build_py
[1.026s] copying a_star_robot/a_star_planner.py -> /home/israamaciaas/ros2_ws/build/a_star_robot/build/lib/a_star_robot
[1.027s] running install
[1.027s] running install_lib
[1.028s] copying /home/israamaciaas/ros2_ws/build/a_star_robot/build/lib/a_star_robot/a_star_planner.py -> /home/israamaciaas/ros2_ws/install/a_star_robot/lib/python3.10/site-packages/a_star_robot
[1.030s] byte-compiling /home/israamaciaas/ros2_ws/install/a_star_robot/lib/python3.10/site-packages/a_star_robot/a_star_planner.py to a_star_planner.cpython-310.pyc
[1.032s] running install_data
[1.032s] running install_egg_info
[1.034s] removing '/home/israamaciaas/ros2_ws/install/a_star_robot/lib/python3.10/site-packages/a_star_robot-0.0.0-py3.10.egg-info' (and everything under it)
[1.034s] Copying ../../../build/a_star_robot/a_star_robot.egg-info to /home/israamaciaas/ros2_ws/install/a_star_robot/lib/python3.10/site-packages/a_star_robot-0.0.0-py3.10.egg-info
[1.035s] running install_scripts
[1.058s] Installing a_star_planner script to /home/israamaciaas/ros2_ws/install/a_star_robot/lib/a_star_robot
[1.058s] Installing trajectory_controller script to /home/israamaciaas/ros2_ws/install/a_star_robot/lib/a_star_robot
[1.059s] writing list of installed files to '/home/israamaciaas/ros2_ws/build/a_star_robot/install.log'
[1.103s] Invoked command in '/home/israamaciaas/ros2_ws/src/hybrid_project/a_star_robot' returned '0': PYTHONPATH=/home/israamaciaas/ros2_ws/build/a_star_robot/prefix_override:/usr/lib/python3/dist-packages/colcon_core/task/python/colcon_distutils_commands:/home/israamaciaas/ros2_ws/install/a_star_robot/lib/python3.10/site-packages:${PYTHONPATH} /usr/bin/python3 -W ignore:setup.py install is deprecated setup.py egg_info --egg-base ../../../build/a_star_robot build --build-base /home/israamaciaas/ros2_ws/build/a_star_robot/build install --record /home/israamaciaas/ros2_ws/build/a_star_robot/install.log --single-version-externally-managed install_data
