[0.150s] DEBUG:colcon:Command line arguments: ['/usr/bin/colcon', 'build']
[0.150s] DEBUG:colcon:Parsed command line arguments: Namespace(log_base=None, log_level=None, verb_name='build', build_base='build', install_base='install', merge_install=False, symlink_install=False, test_result_base=None, continue_on_error=False, executor='parallel', parallel_workers=8, event_handlers=None, ignore_user_meta=False, metas=['./colcon.meta'], base_paths=['.'], packages_ignore=None, packages_ignore_regex=None, paths=None, packages_up_to=None, packages_up_to_regex=None, packages_above=None, packages_above_and_dependencies=None, packages_above_depth=None, packages_select_by_dep=None, packages_skip_by_dep=None, packages_skip_up_to=None, packages_select_build_failed=False, packages_skip_build_finished=False, packages_select_test_failures=False, packages_skip_test_passed=False, packages_select=None, packages_skip=None, packages_select_regex=None, packages_skip_regex=None, packages_start=None, packages_end=None, allow_overriding=[], cmake_args=None, cmake_target=None, cmake_target_skip_unavailable=False, cmake_clean_cache=False, cmake_clean_first=False, cmake_force_configure=False, ament_cmake_args=None, catkin_cmake_args=None, catkin_skip_building_tests=False, verb_parser=<colcon_defaults.argument_parser.defaults.DefaultArgumentsDecorator object at 0x7e6fdba3e140>, verb_extension=<colcon_core.verb.build.BuildVerb object at 0x7e6fdbbb2530>, main=<bound method BuildVerb.main of <colcon_core.verb.build.BuildVerb object at 0x7e6fdbbb2530>>)
[0.390s] Level 1:colcon.colcon_core.package_discovery:discover_packages(colcon_meta) check parameters
[0.390s] Level 1:colcon.colcon_core.package_discovery:discover_packages(recursive) check parameters
[0.391s] Level 1:colcon.colcon_core.package_discovery:discover_packages(ignore) check parameters
[0.391s] Level 1:colcon.colcon_core.package_discovery:discover_packages(path) check parameters
[0.391s] Level 1:colcon.colcon_core.package_discovery:discover_packages(colcon_meta) discover
[0.391s] Level 1:colcon.colcon_core.package_discovery:discover_packages(recursive) discover
[0.391s] INFO:colcon.colcon_core.package_discovery:Crawling recursively for packages in '/home/israamaciaas/ros2_ws'
[0.391s] Level 1:colcon.colcon_core.package_identification:_identify(.) by extensions ['ignore', 'ignore_ament_install']
[0.391s] Level 1:colcon.colcon_core.package_identification:_identify(.) by extension 'ignore'
[0.391s] Level 1:colcon.colcon_core.package_identification:_identify(.) by extension 'ignore_ament_install'
[0.391s] Level 1:colcon.colcon_core.package_identification:_identify(.) by extensions ['colcon_pkg']
[0.391s] Level 1:colcon.colcon_core.package_identification:_identify(.) by extension 'colcon_pkg'
[0.391s] Level 1:colcon.colcon_core.package_identification:_identify(.) by extensions ['colcon_meta']
[0.391s] Level 1:colcon.colcon_core.package_identification:_identify(.) by extension 'colcon_meta'
[0.391s] Level 1:colcon.colcon_core.package_identification:_identify(.) by extensions ['ros']
[0.391s] Level 1:colcon.colcon_core.package_identification:_identify(.) by extension 'ros'
[0.408s] Level 1:colcon.colcon_core.package_identification:_identify(.) by extensions ['cmake', 'python']
[0.408s] Level 1:colcon.colcon_core.package_identification:_identify(.) by extension 'cmake'
[0.408s] Level 1:colcon.colcon_core.package_identification:_identify(.) by extension 'python'
[0.408s] Level 1:colcon.colcon_core.package_identification:_identify(.) by extensions ['python_setup_py']
[0.408s] Level 1:colcon.colcon_core.package_identification:_identify(.) by extension 'python_setup_py'
[0.408s] Level 1:colcon.colcon_core.package_identification:_identify(build) by extensions ['ignore', 'ignore_ament_install']
[0.408s] Level 1:colcon.colcon_core.package_identification:_identify(build) by extension 'ignore'
[0.408s] Level 1:colcon.colcon_core.package_identification:_identify(build) ignored
[0.409s] Level 1:colcon.colcon_core.package_identification:_identify(install) by extensions ['ignore', 'ignore_ament_install']
[0.409s] Level 1:colcon.colcon_core.package_identification:_identify(install) by extension 'ignore'
[0.409s] Level 1:colcon.colcon_core.package_identification:_identify(install) ignored
[0.409s] Level 1:colcon.colcon_core.package_identification:_identify(log) by extensions ['ignore', 'ignore_ament_install']
[0.409s] Level 1:colcon.colcon_core.package_identification:_identify(log) by extension 'ignore'
[0.409s] Level 1:colcon.colcon_core.package_identification:_identify(log) ignored
[0.409s] Level 1:colcon.colcon_core.package_identification:_identify(src) by extensions ['ignore', 'ignore_ament_install']
[0.409s] Level 1:colcon.colcon_core.package_identification:_identify(src) by extension 'ignore'
[0.409s] Level 1:colcon.colcon_core.package_identification:_identify(src) by extension 'ignore_ament_install'
[0.409s] Level 1:colcon.colcon_core.package_identification:_identify(src) by extensions ['colcon_pkg']
[0.409s] Level 1:colcon.colcon_core.package_identification:_identify(src) by extension 'colcon_pkg'
[0.410s] Level 1:colcon.colcon_core.package_identification:_identify(src) by extensions ['colcon_meta']
[0.410s] Level 1:colcon.colcon_core.package_identification:_identify(src) by extension 'colcon_meta'
[0.410s] Level 1:colcon.colcon_core.package_identification:_identify(src) by extensions ['ros']
[0.410s] Level 1:colcon.colcon_core.package_identification:_identify(src) by extension 'ros'
[0.410s] Level 1:colcon.colcon_core.package_identification:_identify(src) by extensions ['cmake', 'python']
[0.410s] Level 1:colcon.colcon_core.package_identification:_identify(src) by extension 'cmake'
[0.410s] Level 1:colcon.colcon_core.package_identification:_identify(src) by extension 'python'
[0.410s] Level 1:colcon.colcon_core.package_identification:_identify(src) by extensions ['python_setup_py']
[0.410s] Level 1:colcon.colcon_core.package_identification:_identify(src) by extension 'python_setup_py'
[0.410s] Level 1:colcon.colcon_core.package_identification:_identify(src/potMap) by extensions ['ignore', 'ignore_ament_install']
[0.410s] Level 1:colcon.colcon_core.package_identification:_identify(src/potMap) by extension 'ignore'
[0.410s] Level 1:colcon.colcon_core.package_identification:_identify(src/potMap) by extension 'ignore_ament_install'
[0.410s] Level 1:colcon.colcon_core.package_identification:_identify(src/potMap) by extensions ['colcon_pkg']
[0.410s] Level 1:colcon.colcon_core.package_identification:_identify(src/potMap) by extension 'colcon_pkg'
[0.410s] Level 1:colcon.colcon_core.package_identification:_identify(src/potMap) by extensions ['colcon_meta']
[0.410s] Level 1:colcon.colcon_core.package_identification:_identify(src/potMap) by extension 'colcon_meta'
[0.411s] Level 1:colcon.colcon_core.package_identification:_identify(src/potMap) by extensions ['ros']
[0.411s] Level 1:colcon.colcon_core.package_identification:_identify(src/potMap) by extension 'ros'
[0.415s] DEBUG:colcon.colcon_core.package_identification:Package 'src/potMap' with type 'ros.ament_python' and name 'potMap'
[0.415s] Level 1:colcon.colcon_core.package_identification:_identify(src/ros_move) by extensions ['ignore', 'ignore_ament_install']
[0.415s] Level 1:colcon.colcon_core.package_identification:_identify(src/ros_move) by extension 'ignore'
[0.415s] Level 1:colcon.colcon_core.package_identification:_identify(src/ros_move) by extension 'ignore_ament_install'
[0.415s] Level 1:colcon.colcon_core.package_identification:_identify(src/ros_move) by extensions ['colcon_pkg']
[0.415s] Level 1:colcon.colcon_core.package_identification:_identify(src/ros_move) by extension 'colcon_pkg'
[0.415s] Level 1:colcon.colcon_core.package_identification:_identify(src/ros_move) by extensions ['colcon_meta']
[0.415s] Level 1:colcon.colcon_core.package_identification:_identify(src/ros_move) by extension 'colcon_meta'
[0.415s] Level 1:colcon.colcon_core.package_identification:_identify(src/ros_move) by extensions ['ros']
[0.415s] Level 1:colcon.colcon_core.package_identification:_identify(src/ros_move) by extension 'ros'
[0.416s] DEBUG:colcon.colcon_core.package_identification:Package 'src/ros_move' with type 'ros.ament_python' and name 'ros_move'
[0.416s] Level 1:colcon.colcon_core.package_identification:_identify(src/signal_generator) by extensions ['ignore', 'ignore_ament_install']
[0.417s] Level 1:colcon.colcon_core.package_identification:_identify(src/signal_generator) by extension 'ignore'
[0.417s] Level 1:colcon.colcon_core.package_identification:_identify(src/signal_generator) by extension 'ignore_ament_install'
[0.417s] Level 1:colcon.colcon_core.package_identification:_identify(src/signal_generator) by extensions ['colcon_pkg']
[0.417s] Level 1:colcon.colcon_core.package_identification:_identify(src/signal_generator) by extension 'colcon_pkg'
[0.417s] Level 1:colcon.colcon_core.package_identification:_identify(src/signal_generator) by extensions ['colcon_meta']
[0.417s] Level 1:colcon.colcon_core.package_identification:_identify(src/signal_generator) by extension 'colcon_meta'
[0.417s] Level 1:colcon.colcon_core.package_identification:_identify(src/signal_generator) by extensions ['ros']
[0.417s] Level 1:colcon.colcon_core.package_identification:_identify(src/signal_generator) by extension 'ros'
[0.418s] DEBUG:colcon.colcon_core.package_identification:Package 'src/signal_generator' with type 'ros.ament_cmake' and name 'signal_generator'
[0.418s] Level 1:colcon.colcon_core.package_identification:_identify(src/turtle_figure) by extensions ['ignore', 'ignore_ament_install']
[0.418s] Level 1:colcon.colcon_core.package_identification:_identify(src/turtle_figure) by extension 'ignore'
[0.418s] Level 1:colcon.colcon_core.package_identification:_identify(src/turtle_figure) by extension 'ignore_ament_install'
[0.418s] Level 1:colcon.colcon_core.package_identification:_identify(src/turtle_figure) by extensions ['colcon_pkg']
[0.418s] Level 1:colcon.colcon_core.package_identification:_identify(src/turtle_figure) by extension 'colcon_pkg'
[0.418s] Level 1:colcon.colcon_core.package_identification:_identify(src/turtle_figure) by extensions ['colcon_meta']
[0.418s] Level 1:colcon.colcon_core.package_identification:_identify(src/turtle_figure) by extension 'colcon_meta'
[0.418s] Level 1:colcon.colcon_core.package_identification:_identify(src/turtle_figure) by extensions ['ros']
[0.418s] Level 1:colcon.colcon_core.package_identification:_identify(src/turtle_figure) by extension 'ros'
[0.419s] DEBUG:colcon.colcon_core.package_identification:Package 'src/turtle_figure' with type 'ros.ament_python' and name 'turtle_figure'
[0.419s] Level 1:colcon.colcon_core.package_discovery:discover_packages(recursive) using defaults
[0.419s] Level 1:colcon.colcon_core.package_discovery:discover_packages(ignore) discover
[0.419s] Level 1:colcon.colcon_core.package_discovery:discover_packages(ignore) using defaults
[0.419s] Level 1:colcon.colcon_core.package_discovery:discover_packages(path) discover
[0.419s] Level 1:colcon.colcon_core.package_discovery:discover_packages(path) using defaults
[0.474s] Level 1:colcon.colcon_core.package_discovery:discover_packages(prefix_path) check parameters
[0.474s] Level 1:colcon.colcon_core.package_discovery:discover_packages(prefix_path) discover
[0.476s] DEBUG:colcon.colcon_installed_package_information.package_discovery:Found 4 installed packages in /home/israamaciaas/ros2_ws/install
[0.479s] DEBUG:colcon.colcon_installed_package_information.package_discovery:Found 423 installed packages in /opt/ros/humble
[0.482s] Level 1:colcon.colcon_core.package_discovery:discover_packages(prefix_path) using defaults
[0.548s] Level 5:colcon.colcon_core.verb:set package 'potMap' build argument 'cmake_args' from command line to 'None'
[0.548s] Level 5:colcon.colcon_core.verb:set package 'potMap' build argument 'cmake_target' from command line to 'None'
[0.548s] Level 5:colcon.colcon_core.verb:set package 'potMap' build argument 'cmake_target_skip_unavailable' from command line to 'False'
[0.548s] Level 5:colcon.colcon_core.verb:set package 'potMap' build argument 'cmake_clean_cache' from command line to 'False'
[0.548s] Level 5:colcon.colcon_core.verb:set package 'potMap' build argument 'cmake_clean_first' from command line to 'False'
[0.548s] Level 5:colcon.colcon_core.verb:set package 'potMap' build argument 'cmake_force_configure' from command line to 'False'
[0.548s] Level 5:colcon.colcon_core.verb:set package 'potMap' build argument 'ament_cmake_args' from command line to 'None'
[0.548s] Level 5:colcon.colcon_core.verb:set package 'potMap' build argument 'catkin_cmake_args' from command line to 'None'
[0.548s] Level 5:colcon.colcon_core.verb:set package 'potMap' build argument 'catkin_skip_building_tests' from command line to 'False'
[0.548s] DEBUG:colcon.colcon_core.verb:Building package 'potMap' with the following arguments: {'ament_cmake_args': None, 'build_base': '/home/israamaciaas/ros2_ws/build/potMap', 'catkin_cmake_args': None, 'catkin_skip_building_tests': False, 'cmake_args': None, 'cmake_clean_cache': False, 'cmake_clean_first': False, 'cmake_force_configure': False, 'cmake_target': None, 'cmake_target_skip_unavailable': False, 'install_base': '/home/israamaciaas/ros2_ws/install/potMap', 'merge_install': False, 'path': '/home/israamaciaas/ros2_ws/src/potMap', 'symlink_install': False, 'test_result_base': None}
[0.549s] Level 5:colcon.colcon_core.verb:set package 'ros_move' build argument 'cmake_args' from command line to 'None'
[0.549s] Level 5:colcon.colcon_core.verb:set package 'ros_move' build argument 'cmake_target' from command line to 'None'
[0.549s] Level 5:colcon.colcon_core.verb:set package 'ros_move' build argument 'cmake_target_skip_unavailable' from command line to 'False'
[0.549s] Level 5:colcon.colcon_core.verb:set package 'ros_move' build argument 'cmake_clean_cache' from command line to 'False'
[0.549s] Level 5:colcon.colcon_core.verb:set package 'ros_move' build argument 'cmake_clean_first' from command line to 'False'
[0.549s] Level 5:colcon.colcon_core.verb:set package 'ros_move' build argument 'cmake_force_configure' from command line to 'False'
[0.549s] Level 5:colcon.colcon_core.verb:set package 'ros_move' build argument 'ament_cmake_args' from command line to 'None'
[0.549s] Level 5:colcon.colcon_core.verb:set package 'ros_move' build argument 'catkin_cmake_args' from command line to 'None'
[0.549s] Level 5:colcon.colcon_core.verb:set package 'ros_move' build argument 'catkin_skip_building_tests' from command line to 'False'
[0.549s] DEBUG:colcon.colcon_core.verb:Building package 'ros_move' with the following arguments: {'ament_cmake_args': None, 'build_base': '/home/israamaciaas/ros2_ws/build/ros_move', 'catkin_cmake_args': None, 'catkin_skip_building_tests': False, 'cmake_args': None, 'cmake_clean_cache': False, 'cmake_clean_first': False, 'cmake_force_configure': False, 'cmake_target': None, 'cmake_target_skip_unavailable': False, 'install_base': '/home/israamaciaas/ros2_ws/install/ros_move', 'merge_install': False, 'path': '/home/israamaciaas/ros2_ws/src/ros_move', 'symlink_install': False, 'test_result_base': None}
[0.550s] Level 5:colcon.colcon_core.verb:set package 'signal_generator' build argument 'cmake_args' from command line to 'None'
[0.550s] Level 5:colcon.colcon_core.verb:set package 'signal_generator' build argument 'cmake_target' from command line to 'None'
[0.550s] Level 5:colcon.colcon_core.verb:set package 'signal_generator' build argument 'cmake_target_skip_unavailable' from command line to 'False'
[0.550s] Level 5:colcon.colcon_core.verb:set package 'signal_generator' build argument 'cmake_clean_cache' from command line to 'False'
[0.550s] Level 5:colcon.colcon_core.verb:set package 'signal_generator' build argument 'cmake_clean_first' from command line to 'False'
[0.550s] Level 5:colcon.colcon_core.verb:set package 'signal_generator' build argument 'cmake_force_configure' from command line to 'False'
[0.550s] Level 5:colcon.colcon_core.verb:set package 'signal_generator' build argument 'ament_cmake_args' from command line to 'None'
[0.550s] Level 5:colcon.colcon_core.verb:set package 'signal_generator' build argument 'catkin_cmake_args' from command line to 'None'
[0.550s] Level 5:colcon.colcon_core.verb:set package 'signal_generator' build argument 'catkin_skip_building_tests' from command line to 'False'
[0.550s] DEBUG:colcon.colcon_core.verb:Building package 'signal_generator' with the following arguments: {'ament_cmake_args': None, 'build_base': '/home/israamaciaas/ros2_ws/build/signal_generator', 'catkin_cmake_args': None, 'catkin_skip_building_tests': False, 'cmake_args': None, 'cmake_clean_cache': False, 'cmake_clean_first': False, 'cmake_force_configure': False, 'cmake_target': None, 'cmake_target_skip_unavailable': False, 'install_base': '/home/israamaciaas/ros2_ws/install/signal_generator', 'merge_install': False, 'path': '/home/israamaciaas/ros2_ws/src/signal_generator', 'symlink_install': False, 'test_result_base': None}
[0.550s] Level 5:colcon.colcon_core.verb:set package 'turtle_figure' build argument 'cmake_args' from command line to 'None'
[0.550s] Level 5:colcon.colcon_core.verb:set package 'turtle_figure' build argument 'cmake_target' from command line to 'None'
[0.550s] Level 5:colcon.colcon_core.verb:set package 'turtle_figure' build argument 'cmake_target_skip_unavailable' from command line to 'False'
[0.551s] Level 5:colcon.colcon_core.verb:set package 'turtle_figure' build argument 'cmake_clean_cache' from command line to 'False'
[0.551s] Level 5:colcon.colcon_core.verb:set package 'turtle_figure' build argument 'cmake_clean_first' from command line to 'False'
[0.551s] Level 5:colcon.colcon_core.verb:set package 'turtle_figure' build argument 'cmake_force_configure' from command line to 'False'
[0.551s] Level 5:colcon.colcon_core.verb:set package 'turtle_figure' build argument 'ament_cmake_args' from command line to 'None'
[0.551s] Level 5:colcon.colcon_core.verb:set package 'turtle_figure' build argument 'catkin_cmake_args' from command line to 'None'
[0.551s] Level 5:colcon.colcon_core.verb:set package 'turtle_figure' build argument 'catkin_skip_building_tests' from command line to 'False'
[0.551s] DEBUG:colcon.colcon_core.verb:Building package 'turtle_figure' with the following arguments: {'ament_cmake_args': None, 'build_base': '/home/israamaciaas/ros2_ws/build/turtle_figure', 'catkin_cmake_args': None, 'catkin_skip_building_tests': False, 'cmake_args': None, 'cmake_clean_cache': False, 'cmake_clean_first': False, 'cmake_force_configure': False, 'cmake_target': None, 'cmake_target_skip_unavailable': False, 'install_base': '/home/israamaciaas/ros2_ws/install/turtle_figure', 'merge_install': False, 'path': '/home/israamaciaas/ros2_ws/src/turtle_figure', 'symlink_install': False, 'test_result_base': None}
[0.551s] INFO:colcon.colcon_core.executor:Executing jobs using 'parallel' executor
[0.552s] DEBUG:colcon.colcon_parallel_executor.executor.parallel:run_until_complete
[0.553s] INFO:colcon.colcon_ros.task.ament_python.build:Building ROS package in '/home/israamaciaas/ros2_ws/src/potMap' with build type 'ament_python'
[0.553s] Level 1:colcon.colcon_core.shell:create_environment_hook('potMap', 'ament_prefix_path')
[0.556s] INFO:colcon.colcon_core.plugin_system:Skipping extension 'colcon_core.shell.bat': Not used on non-Windows systems
[0.557s] INFO:colcon.colcon_core.shell:Creating environment hook '/home/israamaciaas/ros2_ws/install/potMap/share/potMap/hook/ament_prefix_path.ps1'
[0.558s] INFO:colcon.colcon_core.shell:Creating environment descriptor '/home/israamaciaas/ros2_ws/install/potMap/share/potMap/hook/ament_prefix_path.dsv'
[0.558s] INFO:colcon.colcon_core.shell:Creating environment hook '/home/israamaciaas/ros2_ws/install/potMap/share/potMap/hook/ament_prefix_path.sh'
[0.559s] INFO:colcon.colcon_core.shell:Skip shell extension 'powershell' for command environment: Not usable outside of PowerShell
[0.559s] DEBUG:colcon.colcon_core.shell:Skip shell extension 'dsv' for command environment
[0.565s] INFO:colcon.colcon_ros.task.ament_python.build:Building ROS package in '/home/israamaciaas/ros2_ws/src/ros_move' with build type 'ament_python'
[0.565s] Level 1:colcon.colcon_core.shell:create_environment_hook('ros_move', 'ament_prefix_path')
[0.566s] INFO:colcon.colcon_core.shell:Creating environment hook '/home/israamaciaas/ros2_ws/install/ros_move/share/ros_move/hook/ament_prefix_path.ps1'
[0.567s] INFO:colcon.colcon_core.shell:Creating environment descriptor '/home/israamaciaas/ros2_ws/install/ros_move/share/ros_move/hook/ament_prefix_path.dsv'
[0.567s] INFO:colcon.colcon_core.shell:Creating environment hook '/home/israamaciaas/ros2_ws/install/ros_move/share/ros_move/hook/ament_prefix_path.sh'
[0.569s] INFO:colcon.colcon_core.shell:Skip shell extension 'powershell' for command environment: Not usable outside of PowerShell
[0.569s] DEBUG:colcon.colcon_core.shell:Skip shell extension 'dsv' for command environment
[0.575s] INFO:colcon.colcon_ros.task.ament_cmake.build:Building ROS package in '/home/israamaciaas/ros2_ws/src/signal_generator' with build type 'ament_cmake'
[0.575s] INFO:colcon.colcon_cmake.task.cmake.build:Building CMake package in '/home/israamaciaas/ros2_ws/src/signal_generator'
[0.575s] INFO:colcon.colcon_core.shell:Skip shell extension 'powershell' for command environment: Not usable outside of PowerShell
[0.575s] DEBUG:colcon.colcon_core.shell:Skip shell extension 'dsv' for command environment
[0.581s] INFO:colcon.colcon_ros.task.ament_python.build:Building ROS package in '/home/israamaciaas/ros2_ws/src/turtle_figure' with build type 'ament_python'
[0.582s] Level 1:colcon.colcon_core.shell:create_environment_hook('turtle_figure', 'ament_prefix_path')
[0.582s] INFO:colcon.colcon_core.shell:Creating environment hook '/home/israamaciaas/ros2_ws/install/turtle_figure/share/turtle_figure/hook/ament_prefix_path.ps1'
[0.583s] INFO:colcon.colcon_core.shell:Creating environment descriptor '/home/israamaciaas/ros2_ws/install/turtle_figure/share/turtle_figure/hook/ament_prefix_path.dsv'
[0.584s] INFO:colcon.colcon_core.shell:Creating environment hook '/home/israamaciaas/ros2_ws/install/turtle_figure/share/turtle_figure/hook/ament_prefix_path.sh'
[0.585s] INFO:colcon.colcon_core.shell:Skip shell extension 'powershell' for command environment: Not usable outside of PowerShell
[0.586s] DEBUG:colcon.colcon_core.shell:Skip shell extension 'dsv' for command environment
[0.995s] INFO:colcon.colcon_core.task.python.build:Building Python package in '/home/israamaciaas/ros2_ws/src/potMap'
[0.996s] INFO:colcon.colcon_core.shell:Skip shell extension 'powershell' for command environment: Not usable outside of PowerShell
[0.996s] DEBUG:colcon.colcon_core.shell:Skip shell extension 'dsv' for command environment
[1.411s] INFO:colcon.colcon_core.task.python.build:Building Python package in '/home/israamaciaas/ros2_ws/src/ros_move'
[1.411s] INFO:colcon.colcon_core.shell:Skip shell extension 'powershell' for command environment: Not usable outside of PowerShell
[1.411s] DEBUG:colcon.colcon_core.shell:Skip shell extension 'dsv' for command environment
[1.424s] DEBUG:colcon.colcon_core.event_handler.log_command:Invoking command in '/home/israamaciaas/ros2_ws/build/signal_generator': CMAKE_PREFIX_PATH=${CMAKE_PREFIX_PATH}:/home/israamaciaas/ros2_ws/install/turtle_figure:/home/israamaciaas/ros2_ws/install/ros_move:/home/israamaciaas/ros2_ws/install/potMap:/opt/ros/humble /usr/bin/cmake --build /home/israamaciaas/ros2_ws/build/signal_generator -- -j8 -l8
[1.841s] INFO:colcon.colcon_core.task.python.build:Building Python package in '/home/israamaciaas/ros2_ws/src/turtle_figure'
[1.842s] INFO:colcon.colcon_core.shell:Skip shell extension 'powershell' for command environment: Not usable outside of PowerShell
[1.842s] DEBUG:colcon.colcon_core.shell:Skip shell extension 'dsv' for command environment
[1.856s] DEBUG:colcon.colcon_core.event_handler.log_command:Invoked command in '/home/israamaciaas/ros2_ws/build/signal_generator' returned '0': CMAKE_PREFIX_PATH=${CMAKE_PREFIX_PATH}:/home/israamaciaas/ros2_ws/install/turtle_figure:/home/israamaciaas/ros2_ws/install/ros_move:/home/israamaciaas/ros2_ws/install/potMap:/opt/ros/humble /usr/bin/cmake --build /home/israamaciaas/ros2_ws/build/signal_generator -- -j8 -l8
[1.928s] DEBUG:colcon.colcon_core.event_handler.log_command:Invoking command in '/home/israamaciaas/ros2_ws/build/signal_generator': CMAKE_PREFIX_PATH=${CMAKE_PREFIX_PATH}:/home/israamaciaas/ros2_ws/install/turtle_figure:/home/israamaciaas/ros2_ws/install/ros_move:/home/israamaciaas/ros2_ws/install/potMap:/opt/ros/humble /usr/bin/cmake --install /home/israamaciaas/ros2_ws/build/signal_generator
[1.948s] Level 1:colcon.colcon_core.environment:create_environment_scripts_only(signal_generator)
[1.949s] DEBUG:colcon.colcon_core.event_handler.log_command:Invoked command in '/home/israamaciaas/ros2_ws/build/signal_generator' returned '0': CMAKE_PREFIX_PATH=${CMAKE_PREFIX_PATH}:/home/israamaciaas/ros2_ws/install/turtle_figure:/home/israamaciaas/ros2_ws/install/ros_move:/home/israamaciaas/ros2_ws/install/potMap:/opt/ros/humble /usr/bin/cmake --install /home/israamaciaas/ros2_ws/build/signal_generator
[1.952s] Level 1:colcon.colcon_core.environment:checking '/home/israamaciaas/ros2_ws/install/signal_generator' for CMake module files
[1.953s] Level 1:colcon.colcon_core.environment:checking '/home/israamaciaas/ros2_ws/install/signal_generator' for CMake config files
[1.953s] Level 1:colcon.colcon_core.shell:create_environment_hook('signal_generator', 'cmake_prefix_path')
[1.954s] INFO:colcon.colcon_core.shell:Creating environment hook '/home/israamaciaas/ros2_ws/install/signal_generator/share/signal_generator/hook/cmake_prefix_path.ps1'
[1.954s] INFO:colcon.colcon_core.shell:Creating environment descriptor '/home/israamaciaas/ros2_ws/install/signal_generator/share/signal_generator/hook/cmake_prefix_path.dsv'
[1.955s] INFO:colcon.colcon_core.shell:Creating environment hook '/home/israamaciaas/ros2_ws/install/signal_generator/share/signal_generator/hook/cmake_prefix_path.sh'
[1.956s] Level 1:colcon.colcon_core.environment:checking '/home/israamaciaas/ros2_ws/install/signal_generator/lib'
[1.956s] Level 1:colcon.colcon_core.environment:checking '/home/israamaciaas/ros2_ws/install/signal_generator/bin'
[1.956s] Level 1:colcon.colcon_core.environment:checking '/home/israamaciaas/ros2_ws/install/signal_generator/lib/pkgconfig/signal_generator.pc'
[1.957s] Level 1:colcon.colcon_core.environment:checking '/home/israamaciaas/ros2_ws/install/signal_generator/lib/python3.10/site-packages'
[1.957s] Level 1:colcon.colcon_core.environment:checking '/home/israamaciaas/ros2_ws/install/signal_generator/bin'
[1.958s] INFO:colcon.colcon_core.shell:Creating package script '/home/israamaciaas/ros2_ws/install/signal_generator/share/signal_generator/package.ps1'
[1.960s] INFO:colcon.colcon_core.shell:Creating package descriptor '/home/israamaciaas/ros2_ws/install/signal_generator/share/signal_generator/package.dsv'
[1.961s] INFO:colcon.colcon_core.shell:Creating package script '/home/israamaciaas/ros2_ws/install/signal_generator/share/signal_generator/package.sh'
[1.962s] INFO:colcon.colcon_core.shell:Creating package script '/home/israamaciaas/ros2_ws/install/signal_generator/share/signal_generator/package.bash'
[1.964s] INFO:colcon.colcon_core.shell:Creating package script '/home/israamaciaas/ros2_ws/install/signal_generator/share/signal_generator/package.zsh'
[1.965s] Level 1:colcon.colcon_core.environment:create_file_with_runtime_dependencies(/home/israamaciaas/ros2_ws/install/signal_generator/share/colcon-core/packages/signal_generator)
[2.015s] Level 1:colcon.colcon_core.environment:create_environment_scripts_only(signal_generator)
[2.015s] Level 1:colcon.colcon_core.environment:checking '/home/israamaciaas/ros2_ws/install/signal_generator' for CMake module files
[2.016s] Level 1:colcon.colcon_core.environment:checking '/home/israamaciaas/ros2_ws/install/signal_generator' for CMake config files
[2.016s] Level 1:colcon.colcon_core.shell:create_environment_hook('signal_generator', 'cmake_prefix_path')
[2.017s] INFO:colcon.colcon_core.shell:Creating environment hook '/home/israamaciaas/ros2_ws/install/signal_generator/share/signal_generator/hook/cmake_prefix_path.ps1'
[2.017s] INFO:colcon.colcon_core.shell:Creating environment descriptor '/home/israamaciaas/ros2_ws/install/signal_generator/share/signal_generator/hook/cmake_prefix_path.dsv'
[2.018s] INFO:colcon.colcon_core.shell:Creating environment hook '/home/israamaciaas/ros2_ws/install/signal_generator/share/signal_generator/hook/cmake_prefix_path.sh'
[2.018s] Level 1:colcon.colcon_core.environment:checking '/home/israamaciaas/ros2_ws/install/signal_generator/lib'
[2.019s] Level 1:colcon.colcon_core.environment:checking '/home/israamaciaas/ros2_ws/install/signal_generator/bin'
[2.019s] Level 1:colcon.colcon_core.environment:checking '/home/israamaciaas/ros2_ws/install/signal_generator/lib/pkgconfig/signal_generator.pc'
[2.019s] Level 1:colcon.colcon_core.environment:checking '/home/israamaciaas/ros2_ws/install/signal_generator/lib/python3.10/site-packages'
[2.019s] Level 1:colcon.colcon_core.environment:checking '/home/israamaciaas/ros2_ws/install/signal_generator/bin'
[2.020s] INFO:colcon.colcon_core.shell:Creating package script '/home/israamaciaas/ros2_ws/install/signal_generator/share/signal_generator/package.ps1'
[2.020s] INFO:colcon.colcon_core.shell:Creating package descriptor '/home/israamaciaas/ros2_ws/install/signal_generator/share/signal_generator/package.dsv'
[2.021s] INFO:colcon.colcon_core.shell:Creating package script '/home/israamaciaas/ros2_ws/install/signal_generator/share/signal_generator/package.sh'
[2.022s] INFO:colcon.colcon_core.shell:Creating package script '/home/israamaciaas/ros2_ws/install/signal_generator/share/signal_generator/package.bash'
[2.023s] INFO:colcon.colcon_core.shell:Creating package script '/home/israamaciaas/ros2_ws/install/signal_generator/share/signal_generator/package.zsh'
[2.024s] Level 1:colcon.colcon_core.environment:create_file_with_runtime_dependencies(/home/israamaciaas/ros2_ws/install/signal_generator/share/colcon-core/packages/signal_generator)
[2.597s] DEBUG:colcon.colcon_core.event_handler.log_command:Invoking command in '/home/israamaciaas/ros2_ws/src/potMap': PYTHONPATH=/home/israamaciaas/ros2_ws/build/potMap/prefix_override:/usr/lib/python3/dist-packages/colcon_core/task/python/colcon_distutils_commands:/home/israamaciaas/ros2_ws/install/potMap/lib/python3.10/site-packages:${PYTHONPATH} /usr/bin/python3 -W ignore:setup.py install is deprecated setup.py egg_info --egg-base ../../build/potMap build --build-base /home/israamaciaas/ros2_ws/build/potMap/build install --record /home/israamaciaas/ros2_ws/build/potMap/install.log --single-version-externally-managed install_data
[2.613s] DEBUG:colcon.colcon_core.event_handler.log_command:Invoking command in '/home/israamaciaas/ros2_ws/src/turtle_figure': PYTHONPATH=/home/israamaciaas/ros2_ws/build/turtle_figure/prefix_override:/usr/lib/python3/dist-packages/colcon_core/task/python/colcon_distutils_commands:/home/israamaciaas/ros2_ws/install/turtle_figure/lib/python3.10/site-packages:${PYTHONPATH} /usr/bin/python3 -W ignore:setup.py install is deprecated setup.py egg_info --egg-base ../../build/turtle_figure build --build-base /home/israamaciaas/ros2_ws/build/turtle_figure/build install --record /home/israamaciaas/ros2_ws/build/turtle_figure/install.log --single-version-externally-managed install_data
[2.621s] DEBUG:colcon.colcon_core.event_handler.log_command:Invoking command in '/home/israamaciaas/ros2_ws/src/ros_move': PYTHONPATH=/home/israamaciaas/ros2_ws/build/ros_move/prefix_override:/usr/lib/python3/dist-packages/colcon_core/task/python/colcon_distutils_commands:/home/israamaciaas/ros2_ws/install/ros_move/lib/python3.10/site-packages:${PYTHONPATH} /usr/bin/python3 -W ignore:setup.py install is deprecated setup.py egg_info --egg-base ../../build/ros_move build --build-base /home/israamaciaas/ros2_ws/build/ros_move/build install --record /home/israamaciaas/ros2_ws/build/ros_move/install.log --single-version-externally-managed install_data
[3.108s] Level 1:colcon.colcon_core.environment:checking '/home/israamaciaas/ros2_ws/install/potMap' for CMake module files
[3.108s] DEBUG:colcon.colcon_core.event_handler.log_command:Invoked command in '/home/israamaciaas/ros2_ws/src/potMap' returned '0': PYTHONPATH=/home/israamaciaas/ros2_ws/build/potMap/prefix_override:/usr/lib/python3/dist-packages/colcon_core/task/python/colcon_distutils_commands:/home/israamaciaas/ros2_ws/install/potMap/lib/python3.10/site-packages:${PYTHONPATH} /usr/bin/python3 -W ignore:setup.py install is deprecated setup.py egg_info --egg-base ../../build/potMap build --build-base /home/israamaciaas/ros2_ws/build/potMap/build install --record /home/israamaciaas/ros2_ws/build/potMap/install.log --single-version-externally-managed install_data
[3.109s] Level 1:colcon.colcon_core.environment:checking '/home/israamaciaas/ros2_ws/install/potMap' for CMake config files
[3.110s] Level 1:colcon.colcon_core.environment:checking '/home/israamaciaas/ros2_ws/install/potMap/lib'
[3.110s] Level 1:colcon.colcon_core.environment:checking '/home/israamaciaas/ros2_ws/install/potMap/bin'
[3.110s] Level 1:colcon.colcon_core.environment:checking '/home/israamaciaas/ros2_ws/install/potMap/lib/pkgconfig/potMap.pc'
[3.110s] Level 1:colcon.colcon_core.environment:checking '/home/israamaciaas/ros2_ws/install/potMap/lib/python3.10/site-packages'
[3.110s] Level 1:colcon.colcon_core.shell:create_environment_hook('potMap', 'pythonpath')
[3.111s] INFO:colcon.colcon_core.shell:Creating environment hook '/home/israamaciaas/ros2_ws/install/potMap/share/potMap/hook/pythonpath.ps1'
[3.112s] INFO:colcon.colcon_core.shell:Creating environment descriptor '/home/israamaciaas/ros2_ws/install/potMap/share/potMap/hook/pythonpath.dsv'
[3.112s] INFO:colcon.colcon_core.shell:Creating environment hook '/home/israamaciaas/ros2_ws/install/potMap/share/potMap/hook/pythonpath.sh'
[3.114s] Level 1:colcon.colcon_core.environment:checking '/home/israamaciaas/ros2_ws/install/potMap/bin'
[3.114s] Level 1:colcon.colcon_core.environment:create_environment_scripts_only(potMap)
[3.115s] INFO:colcon.colcon_core.shell:Creating package script '/home/israamaciaas/ros2_ws/install/potMap/share/potMap/package.ps1'
[3.116s] INFO:colcon.colcon_core.shell:Creating package descriptor '/home/israamaciaas/ros2_ws/install/potMap/share/potMap/package.dsv'
[3.117s] INFO:colcon.colcon_core.shell:Creating package script '/home/israamaciaas/ros2_ws/install/potMap/share/potMap/package.sh'
[3.118s] INFO:colcon.colcon_core.shell:Creating package script '/home/israamaciaas/ros2_ws/install/potMap/share/potMap/package.bash'
[3.119s] INFO:colcon.colcon_core.shell:Creating package script '/home/israamaciaas/ros2_ws/install/potMap/share/potMap/package.zsh'
[3.120s] Level 1:colcon.colcon_core.environment:create_file_with_runtime_dependencies(/home/israamaciaas/ros2_ws/install/potMap/share/colcon-core/packages/potMap)
[3.131s] Level 1:colcon.colcon_core.environment:checking '/home/israamaciaas/ros2_ws/install/turtle_figure' for CMake module files
[3.132s] DEBUG:colcon.colcon_core.event_handler.log_command:Invoked command in '/home/israamaciaas/ros2_ws/src/turtle_figure' returned '0': PYTHONPATH=/home/israamaciaas/ros2_ws/build/turtle_figure/prefix_override:/usr/lib/python3/dist-packages/colcon_core/task/python/colcon_distutils_commands:/home/israamaciaas/ros2_ws/install/turtle_figure/lib/python3.10/site-packages:${PYTHONPATH} /usr/bin/python3 -W ignore:setup.py install is deprecated setup.py egg_info --egg-base ../../build/turtle_figure build --build-base /home/israamaciaas/ros2_ws/build/turtle_figure/build install --record /home/israamaciaas/ros2_ws/build/turtle_figure/install.log --single-version-externally-managed install_data
[3.133s] Level 1:colcon.colcon_core.environment:checking '/home/israamaciaas/ros2_ws/install/turtle_figure' for CMake config files
[3.133s] Level 1:colcon.colcon_core.environment:checking '/home/israamaciaas/ros2_ws/install/turtle_figure/lib'
[3.134s] Level 1:colcon.colcon_core.environment:checking '/home/israamaciaas/ros2_ws/install/turtle_figure/bin'
[3.134s] Level 1:colcon.colcon_core.environment:checking '/home/israamaciaas/ros2_ws/install/turtle_figure/lib/pkgconfig/turtle_figure.pc'
[3.134s] Level 1:colcon.colcon_core.environment:checking '/home/israamaciaas/ros2_ws/install/turtle_figure/lib/python3.10/site-packages'
[3.134s] Level 1:colcon.colcon_core.shell:create_environment_hook('turtle_figure', 'pythonpath')
[3.134s] INFO:colcon.colcon_core.shell:Creating environment hook '/home/israamaciaas/ros2_ws/install/turtle_figure/share/turtle_figure/hook/pythonpath.ps1'
[3.135s] INFO:colcon.colcon_core.shell:Creating environment descriptor '/home/israamaciaas/ros2_ws/install/turtle_figure/share/turtle_figure/hook/pythonpath.dsv'
[3.135s] INFO:colcon.colcon_core.shell:Creating environment hook '/home/israamaciaas/ros2_ws/install/turtle_figure/share/turtle_figure/hook/pythonpath.sh'
[3.136s] Level 1:colcon.colcon_core.environment:checking '/home/israamaciaas/ros2_ws/install/turtle_figure/bin'
[3.136s] Level 1:colcon.colcon_core.environment:create_environment_scripts_only(turtle_figure)
[3.137s] INFO:colcon.colcon_core.shell:Creating package script '/home/israamaciaas/ros2_ws/install/turtle_figure/share/turtle_figure/package.ps1'
[3.137s] INFO:colcon.colcon_core.shell:Creating package descriptor '/home/israamaciaas/ros2_ws/install/turtle_figure/share/turtle_figure/package.dsv'
[3.138s] INFO:colcon.colcon_core.shell:Creating package script '/home/israamaciaas/ros2_ws/install/turtle_figure/share/turtle_figure/package.sh'
[3.138s] INFO:colcon.colcon_core.shell:Creating package script '/home/israamaciaas/ros2_ws/install/turtle_figure/share/turtle_figure/package.bash'
[3.139s] INFO:colcon.colcon_core.shell:Creating package script '/home/israamaciaas/ros2_ws/install/turtle_figure/share/turtle_figure/package.zsh'
[3.139s] Level 1:colcon.colcon_core.environment:create_file_with_runtime_dependencies(/home/israamaciaas/ros2_ws/install/turtle_figure/share/colcon-core/packages/turtle_figure)
[3.140s] Level 1:colcon.colcon_core.environment:checking '/home/israamaciaas/ros2_ws/install/ros_move' for CMake module files
[3.141s] DEBUG:colcon.colcon_core.event_handler.log_command:Invoked command in '/home/israamaciaas/ros2_ws/src/ros_move' returned '0': PYTHONPATH=/home/israamaciaas/ros2_ws/build/ros_move/prefix_override:/usr/lib/python3/dist-packages/colcon_core/task/python/colcon_distutils_commands:/home/israamaciaas/ros2_ws/install/ros_move/lib/python3.10/site-packages:${PYTHONPATH} /usr/bin/python3 -W ignore:setup.py install is deprecated setup.py egg_info --egg-base ../../build/ros_move build --build-base /home/israamaciaas/ros2_ws/build/ros_move/build install --record /home/israamaciaas/ros2_ws/build/ros_move/install.log --single-version-externally-managed install_data
[3.142s] Level 1:colcon.colcon_core.environment:checking '/home/israamaciaas/ros2_ws/install/ros_move' for CMake config files
[3.142s] Level 1:colcon.colcon_core.environment:checking '/home/israamaciaas/ros2_ws/install/ros_move/lib'
[3.143s] Level 1:colcon.colcon_core.environment:checking '/home/israamaciaas/ros2_ws/install/ros_move/bin'
[3.143s] Level 1:colcon.colcon_core.environment:checking '/home/israamaciaas/ros2_ws/install/ros_move/lib/pkgconfig/ros_move.pc'
[3.143s] Level 1:colcon.colcon_core.environment:checking '/home/israamaciaas/ros2_ws/install/ros_move/lib/python3.10/site-packages'
[3.143s] Level 1:colcon.colcon_core.shell:create_environment_hook('ros_move', 'pythonpath')
[3.143s] INFO:colcon.colcon_core.shell:Creating environment hook '/home/israamaciaas/ros2_ws/install/ros_move/share/ros_move/hook/pythonpath.ps1'
[3.144s] INFO:colcon.colcon_core.shell:Creating environment descriptor '/home/israamaciaas/ros2_ws/install/ros_move/share/ros_move/hook/pythonpath.dsv'
[3.145s] INFO:colcon.colcon_core.shell:Creating environment hook '/home/israamaciaas/ros2_ws/install/ros_move/share/ros_move/hook/pythonpath.sh'
[3.145s] Level 1:colcon.colcon_core.environment:checking '/home/israamaciaas/ros2_ws/install/ros_move/bin'
[3.146s] Level 1:colcon.colcon_core.environment:create_environment_scripts_only(ros_move)
[3.146s] INFO:colcon.colcon_core.shell:Creating package script '/home/israamaciaas/ros2_ws/install/ros_move/share/ros_move/package.ps1'
[3.147s] INFO:colcon.colcon_core.shell:Creating package descriptor '/home/israamaciaas/ros2_ws/install/ros_move/share/ros_move/package.dsv'
[3.148s] INFO:colcon.colcon_core.shell:Creating package script '/home/israamaciaas/ros2_ws/install/ros_move/share/ros_move/package.sh'
[3.148s] INFO:colcon.colcon_core.shell:Creating package script '/home/israamaciaas/ros2_ws/install/ros_move/share/ros_move/package.bash'
[3.149s] INFO:colcon.colcon_core.shell:Creating package script '/home/israamaciaas/ros2_ws/install/ros_move/share/ros_move/package.zsh'
[3.150s] Level 1:colcon.colcon_core.environment:create_file_with_runtime_dependencies(/home/israamaciaas/ros2_ws/install/ros_move/share/colcon-core/packages/ros_move)
[3.150s] DEBUG:colcon.colcon_parallel_executor.executor.parallel:closing loop
[3.151s] DEBUG:colcon.colcon_parallel_executor.executor.parallel:loop closed
[3.151s] DEBUG:colcon.colcon_parallel_executor.executor.parallel:run_until_complete finished with '0'
[3.151s] DEBUG:colcon.colcon_core.event_reactor:joining thread
[3.158s] INFO:colcon.colcon_core.plugin_system:Skipping extension 'colcon_notification.desktop_notification.terminal_notifier': Not used on non-Darwin systems
[3.158s] INFO:colcon.colcon_core.plugin_system:Skipping extension 'colcon_notification.desktop_notification.win32': Not used on non-Windows systems
[3.158s] INFO:colcon.colcon_notification.desktop_notification:Sending desktop notification using 'notify2'
[3.176s] DEBUG:colcon.colcon_core.event_reactor:joined thread
[3.177s] INFO:colcon.colcon_core.shell:Creating prefix script '/home/israamaciaas/ros2_ws/install/local_setup.ps1'
[3.179s] INFO:colcon.colcon_core.shell:Creating prefix util module '/home/israamaciaas/ros2_ws/install/_local_setup_util_ps1.py'
[3.182s] INFO:colcon.colcon_core.shell:Creating prefix chain script '/home/israamaciaas/ros2_ws/install/setup.ps1'
[3.183s] INFO:colcon.colcon_core.shell:Creating prefix script '/home/israamaciaas/ros2_ws/install/local_setup.sh'
[3.184s] INFO:colcon.colcon_core.shell:Creating prefix util module '/home/israamaciaas/ros2_ws/install/_local_setup_util_sh.py'
[3.185s] INFO:colcon.colcon_core.shell:Creating prefix chain script '/home/israamaciaas/ros2_ws/install/setup.sh'
[3.186s] INFO:colcon.colcon_core.shell:Creating prefix script '/home/israamaciaas/ros2_ws/install/local_setup.bash'
[3.187s] INFO:colcon.colcon_core.shell:Creating prefix chain script '/home/israamaciaas/ros2_ws/install/setup.bash'
[3.188s] INFO:colcon.colcon_core.shell:Creating prefix script '/home/israamaciaas/ros2_ws/install/local_setup.zsh'
[3.189s] INFO:colcon.colcon_core.shell:Creating prefix chain script '/home/israamaciaas/ros2_ws/install/setup.zsh'
