[0.147s] DEBUG:colcon:Command line arguments: ['/usr/bin/colcon', 'build']
[0.147s] DEBUG:colcon:Parsed command line arguments: Namespace(log_base=None, log_level=None, verb_name='build', build_base='build', install_base='install', merge_install=False, symlink_install=False, test_result_base=None, continue_on_error=False, executor='parallel', parallel_workers=8, event_handlers=None, ignore_user_meta=False, metas=['./colcon.meta'], base_paths=['.'], packages_ignore=None, packages_ignore_regex=None, paths=None, packages_up_to=None, packages_up_to_regex=None, packages_above=None, packages_above_and_dependencies=None, packages_above_depth=None, packages_select_by_dep=None, packages_skip_by_dep=None, packages_skip_up_to=None, packages_select_build_failed=False, packages_skip_build_finished=False, packages_select_test_failures=False, packages_skip_test_passed=False, packages_select=None, packages_skip=None, packages_select_regex=None, packages_skip_regex=None, packages_start=None, packages_end=None, allow_overriding=[], cmake_args=None, cmake_target=None, cmake_target_skip_unavailable=False, cmake_clean_cache=False, cmake_clean_first=False, cmake_force_configure=False, ament_cmake_args=None, catkin_cmake_args=None, catkin_skip_building_tests=False, verb_parser=<colcon_defaults.argument_parser.defaults.DefaultArgumentsDecorator object at 0x7f96829b82b0>, verb_extension=<colcon_core.verb.build.BuildVerb object at 0x7f9682ba4730>, main=<bound method BuildVerb.main of <colcon_core.verb.build.BuildVerb object at 0x7f9682ba4730>>)
[0.344s] Level 1:colcon.colcon_core.package_discovery:discover_packages(colcon_meta) check parameters
[0.344s] Level 1:colcon.colcon_core.package_discovery:discover_packages(recursive) check parameters
[0.345s] Level 1:colcon.colcon_core.package_discovery:discover_packages(ignore) check parameters
[0.345s] Level 1:colcon.colcon_core.package_discovery:discover_packages(path) check parameters
[0.345s] Level 1:colcon.colcon_core.package_discovery:discover_packages(colcon_meta) discover
[0.345s] Level 1:colcon.colcon_core.package_discovery:discover_packages(recursive) discover
[0.345s] INFO:colcon.colcon_core.package_discovery:Crawling recursively for packages in '/home/israamaciaas/ros2_ws'
[0.345s] Level 1:colcon.colcon_core.package_identification:_identify(.) by extensions ['ignore', 'ignore_ament_install']
[0.345s] Level 1:colcon.colcon_core.package_identification:_identify(.) by extension 'ignore'
[0.345s] Level 1:colcon.colcon_core.package_identification:_identify(.) by extension 'ignore_ament_install'
[0.345s] Level 1:colcon.colcon_core.package_identification:_identify(.) by extensions ['colcon_pkg']
[0.345s] Level 1:colcon.colcon_core.package_identification:_identify(.) by extension 'colcon_pkg'
[0.345s] Level 1:colcon.colcon_core.package_identification:_identify(.) by extensions ['colcon_meta']
[0.345s] Level 1:colcon.colcon_core.package_identification:_identify(.) by extension 'colcon_meta'
[0.346s] Level 1:colcon.colcon_core.package_identification:_identify(.) by extensions ['ros']
[0.346s] Level 1:colcon.colcon_core.package_identification:_identify(.) by extension 'ros'
[0.360s] Level 1:colcon.colcon_core.package_identification:_identify(.) by extensions ['cmake', 'python']
[0.360s] Level 1:colcon.colcon_core.package_identification:_identify(.) by extension 'cmake'
[0.360s] Level 1:colcon.colcon_core.package_identification:_identify(.) by extension 'python'
[0.360s] Level 1:colcon.colcon_core.package_identification:_identify(.) by extensions ['python_setup_py']
[0.360s] Level 1:colcon.colcon_core.package_identification:_identify(.) by extension 'python_setup_py'
[0.360s] Level 1:colcon.colcon_core.package_identification:_identify(build) by extensions ['ignore', 'ignore_ament_install']
[0.360s] Level 1:colcon.colcon_core.package_identification:_identify(build) by extension 'ignore'
[0.360s] Level 1:colcon.colcon_core.package_identification:_identify(build) ignored
[0.360s] Level 1:colcon.colcon_core.package_identification:_identify(install) by extensions ['ignore', 'ignore_ament_install']
[0.360s] Level 1:colcon.colcon_core.package_identification:_identify(install) by extension 'ignore'
[0.361s] Level 1:colcon.colcon_core.package_identification:_identify(install) ignored
[0.361s] Level 1:colcon.colcon_core.package_identification:_identify(log) by extensions ['ignore', 'ignore_ament_install']
[0.361s] Level 1:colcon.colcon_core.package_identification:_identify(log) by extension 'ignore'
[0.361s] Level 1:colcon.colcon_core.package_identification:_identify(log) ignored
[0.361s] Level 1:colcon.colcon_core.package_identification:_identify(signal_generator) by extensions ['ignore', 'ignore_ament_install']
[0.361s] Level 1:colcon.colcon_core.package_identification:_identify(signal_generator) by extension 'ignore'
[0.361s] Level 1:colcon.colcon_core.package_identification:_identify(signal_generator) by extension 'ignore_ament_install'
[0.361s] Level 1:colcon.colcon_core.package_identification:_identify(signal_generator) by extensions ['colcon_pkg']
[0.361s] Level 1:colcon.colcon_core.package_identification:_identify(signal_generator) by extension 'colcon_pkg'
[0.361s] Level 1:colcon.colcon_core.package_identification:_identify(signal_generator) by extensions ['colcon_meta']
[0.361s] Level 1:colcon.colcon_core.package_identification:_identify(signal_generator) by extension 'colcon_meta'
[0.361s] Level 1:colcon.colcon_core.package_identification:_identify(signal_generator) by extensions ['ros']
[0.361s] Level 1:colcon.colcon_core.package_identification:_identify(signal_generator) by extension 'ros'
[0.365s] DEBUG:colcon.colcon_core.package_identification:Package 'signal_generator' with type 'ros.ament_cmake' and name 'signal_generator'
[0.365s] Level 1:colcon.colcon_core.package_identification:_identify(src) by extensions ['ignore', 'ignore_ament_install']
[0.365s] Level 1:colcon.colcon_core.package_identification:_identify(src) by extension 'ignore'
[0.365s] Level 1:colcon.colcon_core.package_identification:_identify(src) by extension 'ignore_ament_install'
[0.365s] Level 1:colcon.colcon_core.package_identification:_identify(src) by extensions ['colcon_pkg']
[0.365s] Level 1:colcon.colcon_core.package_identification:_identify(src) by extension 'colcon_pkg'
[0.365s] Level 1:colcon.colcon_core.package_identification:_identify(src) by extensions ['colcon_meta']
[0.365s] Level 1:colcon.colcon_core.package_identification:_identify(src) by extension 'colcon_meta'
[0.366s] Level 1:colcon.colcon_core.package_identification:_identify(src) by extensions ['ros']
[0.366s] Level 1:colcon.colcon_core.package_identification:_identify(src) by extension 'ros'
[0.366s] Level 1:colcon.colcon_core.package_identification:_identify(src) by extensions ['cmake', 'python']
[0.366s] Level 1:colcon.colcon_core.package_identification:_identify(src) by extension 'cmake'
[0.366s] Level 1:colcon.colcon_core.package_identification:_identify(src) by extension 'python'
[0.366s] Level 1:colcon.colcon_core.package_identification:_identify(src) by extensions ['python_setup_py']
[0.366s] Level 1:colcon.colcon_core.package_identification:_identify(src) by extension 'python_setup_py'
[0.366s] Level 1:colcon.colcon_core.package_identification:_identify(src/ros_move) by extensions ['ignore', 'ignore_ament_install']
[0.366s] Level 1:colcon.colcon_core.package_identification:_identify(src/ros_move) by extension 'ignore'
[0.366s] Level 1:colcon.colcon_core.package_identification:_identify(src/ros_move) by extension 'ignore_ament_install'
[0.366s] Level 1:colcon.colcon_core.package_identification:_identify(src/ros_move) by extensions ['colcon_pkg']
[0.366s] Level 1:colcon.colcon_core.package_identification:_identify(src/ros_move) by extension 'colcon_pkg'
[0.366s] Level 1:colcon.colcon_core.package_identification:_identify(src/ros_move) by extensions ['colcon_meta']
[0.366s] Level 1:colcon.colcon_core.package_identification:_identify(src/ros_move) by extension 'colcon_meta'
[0.366s] Level 1:colcon.colcon_core.package_identification:_identify(src/ros_move) by extensions ['ros']
[0.366s] Level 1:colcon.colcon_core.package_identification:_identify(src/ros_move) by extension 'ros'
[0.367s] DEBUG:colcon.colcon_core.package_identification:Package 'src/ros_move' with type 'ros.ament_python' and name 'ros_move'
[0.367s] Level 1:colcon.colcon_core.package_discovery:discover_packages(recursive) using defaults
[0.368s] Level 1:colcon.colcon_core.package_discovery:discover_packages(ignore) discover
[0.368s] Level 1:colcon.colcon_core.package_discovery:discover_packages(ignore) using defaults
[0.368s] Level 1:colcon.colcon_core.package_discovery:discover_packages(path) discover
[0.368s] Level 1:colcon.colcon_core.package_discovery:discover_packages(path) using defaults
[0.398s] Level 1:colcon.colcon_core.package_discovery:discover_packages(prefix_path) check parameters
[0.398s] Level 1:colcon.colcon_core.package_discovery:discover_packages(prefix_path) discover
[0.401s] DEBUG:colcon.colcon_installed_package_information.package_discovery:Found 1 installed packages in /home/israamaciaas/ros2_ws/install
[0.403s] DEBUG:colcon.colcon_installed_package_information.package_discovery:Found 270 installed packages in /opt/ros/humble
[0.404s] Level 1:colcon.colcon_core.package_discovery:discover_packages(prefix_path) using defaults
[0.484s] Level 5:colcon.colcon_core.verb:set package 'ros_move' build argument 'cmake_args' from command line to 'None'
[0.484s] Level 5:colcon.colcon_core.verb:set package 'ros_move' build argument 'cmake_target' from command line to 'None'
[0.484s] Level 5:colcon.colcon_core.verb:set package 'ros_move' build argument 'cmake_target_skip_unavailable' from command line to 'False'
[0.484s] Level 5:colcon.colcon_core.verb:set package 'ros_move' build argument 'cmake_clean_cache' from command line to 'False'
[0.484s] Level 5:colcon.colcon_core.verb:set package 'ros_move' build argument 'cmake_clean_first' from command line to 'False'
[0.484s] Level 5:colcon.colcon_core.verb:set package 'ros_move' build argument 'cmake_force_configure' from command line to 'False'
[0.484s] Level 5:colcon.colcon_core.verb:set package 'ros_move' build argument 'ament_cmake_args' from command line to 'None'
[0.484s] Level 5:colcon.colcon_core.verb:set package 'ros_move' build argument 'catkin_cmake_args' from command line to 'None'
[0.484s] Level 5:colcon.colcon_core.verb:set package 'ros_move' build argument 'catkin_skip_building_tests' from command line to 'False'
[0.484s] DEBUG:colcon.colcon_core.verb:Building package 'ros_move' with the following arguments: {'ament_cmake_args': None, 'build_base': '/home/israamaciaas/ros2_ws/build/ros_move', 'catkin_cmake_args': None, 'catkin_skip_building_tests': False, 'cmake_args': None, 'cmake_clean_cache': False, 'cmake_clean_first': False, 'cmake_force_configure': False, 'cmake_target': None, 'cmake_target_skip_unavailable': False, 'install_base': '/home/israamaciaas/ros2_ws/install/ros_move', 'merge_install': False, 'path': '/home/israamaciaas/ros2_ws/src/ros_move', 'symlink_install': False, 'test_result_base': None}
[0.484s] Level 5:colcon.colcon_core.verb:set package 'signal_generator' build argument 'cmake_args' from command line to 'None'
[0.485s] Level 5:colcon.colcon_core.verb:set package 'signal_generator' build argument 'cmake_target' from command line to 'None'
[0.485s] Level 5:colcon.colcon_core.verb:set package 'signal_generator' build argument 'cmake_target_skip_unavailable' from command line to 'False'
[0.485s] Level 5:colcon.colcon_core.verb:set package 'signal_generator' build argument 'cmake_clean_cache' from command line to 'False'
[0.485s] Level 5:colcon.colcon_core.verb:set package 'signal_generator' build argument 'cmake_clean_first' from command line to 'False'
[0.485s] Level 5:colcon.colcon_core.verb:set package 'signal_generator' build argument 'cmake_force_configure' from command line to 'False'
[0.485s] Level 5:colcon.colcon_core.verb:set package 'signal_generator' build argument 'ament_cmake_args' from command line to 'None'
[0.485s] Level 5:colcon.colcon_core.verb:set package 'signal_generator' build argument 'catkin_cmake_args' from command line to 'None'
[0.485s] Level 5:colcon.colcon_core.verb:set package 'signal_generator' build argument 'catkin_skip_building_tests' from command line to 'False'
[0.485s] DEBUG:colcon.colcon_core.verb:Building package 'signal_generator' with the following arguments: {'ament_cmake_args': None, 'build_base': '/home/israamaciaas/ros2_ws/build/signal_generator', 'catkin_cmake_args': None, 'catkin_skip_building_tests': False, 'cmake_args': None, 'cmake_clean_cache': False, 'cmake_clean_first': False, 'cmake_force_configure': False, 'cmake_target': None, 'cmake_target_skip_unavailable': False, 'install_base': '/home/israamaciaas/ros2_ws/install/signal_generator', 'merge_install': False, 'path': '/home/israamaciaas/ros2_ws/signal_generator', 'symlink_install': False, 'test_result_base': None}
[0.485s] INFO:colcon.colcon_core.executor:Executing jobs using 'parallel' executor
[0.486s] DEBUG:colcon.colcon_parallel_executor.executor.parallel:run_until_complete
[0.487s] INFO:colcon.colcon_ros.task.ament_python.build:Building ROS package in '/home/israamaciaas/ros2_ws/src/ros_move' with build type 'ament_python'
[0.487s] Level 1:colcon.colcon_core.shell:create_environment_hook('ros_move', 'ament_prefix_path')
[0.491s] INFO:colcon.colcon_core.plugin_system:Skipping extension 'colcon_core.shell.bat': Not used on non-Windows systems
[0.491s] INFO:colcon.colcon_core.shell:Creating environment hook '/home/israamaciaas/ros2_ws/install/ros_move/share/ros_move/hook/ament_prefix_path.ps1'
[0.492s] INFO:colcon.colcon_core.shell:Creating environment descriptor '/home/israamaciaas/ros2_ws/install/ros_move/share/ros_move/hook/ament_prefix_path.dsv'
[0.493s] INFO:colcon.colcon_core.shell:Creating environment hook '/home/israamaciaas/ros2_ws/install/ros_move/share/ros_move/hook/ament_prefix_path.sh'
[0.494s] INFO:colcon.colcon_core.shell:Skip shell extension 'powershell' for command environment: Not usable outside of PowerShell
[0.494s] DEBUG:colcon.colcon_core.shell:Skip shell extension 'dsv' for command environment
[0.499s] INFO:colcon.colcon_ros.task.ament_cmake.build:Building ROS package in '/home/israamaciaas/ros2_ws/signal_generator' with build type 'ament_cmake'
[0.499s] INFO:colcon.colcon_cmake.task.cmake.build:Building CMake package in '/home/israamaciaas/ros2_ws/signal_generator'
[0.499s] INFO:colcon.colcon_core.shell:Skip shell extension 'powershell' for command environment: Not usable outside of PowerShell
[0.499s] DEBUG:colcon.colcon_core.shell:Skip shell extension 'dsv' for command environment
[0.842s] INFO:colcon.colcon_core.task.python.build:Building Python package in '/home/israamaciaas/ros2_ws/src/ros_move'
[0.842s] INFO:colcon.colcon_core.shell:Skip shell extension 'powershell' for command environment: Not usable outside of PowerShell
[0.843s] DEBUG:colcon.colcon_core.shell:Skip shell extension 'dsv' for command environment
[0.854s] DEBUG:colcon.colcon_core.event_handler.log_command:Invoking command in '/home/israamaciaas/ros2_ws/build/signal_generator': CMAKE_PREFIX_PATH=/home/israamaciaas/ros2_ws/install/ros_move:/opt/ros/humble /usr/bin/cmake /home/israamaciaas/ros2_ws/signal_generator -DCMAKE_INSTALL_PREFIX=/home/israamaciaas/ros2_ws/install/signal_generator
[1.362s] DEBUG:colcon.colcon_core.event_handler.log_command:Invoking command in '/home/israamaciaas/ros2_ws/src/ros_move': PYTHONPATH=/home/israamaciaas/ros2_ws/build/ros_move/prefix_override:/usr/lib/python3/dist-packages/colcon_core/task/python/colcon_distutils_commands:/home/israamaciaas/ros2_ws/install/ros_move/lib/python3.10/site-packages:${PYTHONPATH} /usr/bin/python3 -W ignore:setup.py install is deprecated setup.py egg_info --egg-base ../../build/ros_move build --build-base /home/israamaciaas/ros2_ws/build/ros_move/build install --record /home/israamaciaas/ros2_ws/build/ros_move/install.log --single-version-externally-managed install_data
[1.809s] DEBUG:colcon.colcon_core.event_handler.log_command:Invoked command in '/home/israamaciaas/ros2_ws/src/ros_move' returned '0': PYTHONPATH=/home/israamaciaas/ros2_ws/build/ros_move/prefix_override:/usr/lib/python3/dist-packages/colcon_core/task/python/colcon_distutils_commands:/home/israamaciaas/ros2_ws/install/ros_move/lib/python3.10/site-packages:${PYTHONPATH} /usr/bin/python3 -W ignore:setup.py install is deprecated setup.py egg_info --egg-base ../../build/ros_move build --build-base /home/israamaciaas/ros2_ws/build/ros_move/build install --record /home/israamaciaas/ros2_ws/build/ros_move/install.log --single-version-externally-managed install_data
[1.814s] Level 1:colcon.colcon_core.environment:checking '/home/israamaciaas/ros2_ws/install/ros_move' for CMake module files
[1.815s] Level 1:colcon.colcon_core.environment:checking '/home/israamaciaas/ros2_ws/install/ros_move' for CMake config files
[1.816s] Level 1:colcon.colcon_core.environment:checking '/home/israamaciaas/ros2_ws/install/ros_move/lib'
[1.816s] Level 1:colcon.colcon_core.environment:checking '/home/israamaciaas/ros2_ws/install/ros_move/bin'
[1.817s] Level 1:colcon.colcon_core.environment:checking '/home/israamaciaas/ros2_ws/install/ros_move/lib/pkgconfig/ros_move.pc'
[1.817s] Level 1:colcon.colcon_core.environment:checking '/home/israamaciaas/ros2_ws/install/ros_move/lib/python3.10/site-packages'
[1.817s] Level 1:colcon.colcon_core.shell:create_environment_hook('ros_move', 'pythonpath')
[1.818s] INFO:colcon.colcon_core.shell:Creating environment hook '/home/israamaciaas/ros2_ws/install/ros_move/share/ros_move/hook/pythonpath.ps1'
[1.819s] INFO:colcon.colcon_core.shell:Creating environment descriptor '/home/israamaciaas/ros2_ws/install/ros_move/share/ros_move/hook/pythonpath.dsv'
[1.819s] INFO:colcon.colcon_core.shell:Creating environment hook '/home/israamaciaas/ros2_ws/install/ros_move/share/ros_move/hook/pythonpath.sh'
[1.820s] Level 1:colcon.colcon_core.environment:checking '/home/israamaciaas/ros2_ws/install/ros_move/bin'
[1.820s] Level 1:colcon.colcon_core.environment:create_environment_scripts_only(ros_move)
[1.821s] INFO:colcon.colcon_core.shell:Creating package script '/home/israamaciaas/ros2_ws/install/ros_move/share/ros_move/package.ps1'
[1.822s] INFO:colcon.colcon_core.shell:Creating package descriptor '/home/israamaciaas/ros2_ws/install/ros_move/share/ros_move/package.dsv'
[1.823s] INFO:colcon.colcon_core.shell:Creating package script '/home/israamaciaas/ros2_ws/install/ros_move/share/ros_move/package.sh'
[1.825s] INFO:colcon.colcon_core.shell:Creating package script '/home/israamaciaas/ros2_ws/install/ros_move/share/ros_move/package.bash'
[1.826s] INFO:colcon.colcon_core.shell:Creating package script '/home/israamaciaas/ros2_ws/install/ros_move/share/ros_move/package.zsh'
[1.827s] Level 1:colcon.colcon_core.environment:create_file_with_runtime_dependencies(/home/israamaciaas/ros2_ws/install/ros_move/share/colcon-core/packages/ros_move)
[1.999s] DEBUG:colcon.colcon_core.event_handler.log_command:Invoked command in '/home/israamaciaas/ros2_ws/build/signal_generator' returned '0': CMAKE_PREFIX_PATH=/home/israamaciaas/ros2_ws/install/ros_move:/opt/ros/humble /usr/bin/cmake /home/israamaciaas/ros2_ws/signal_generator -DCMAKE_INSTALL_PREFIX=/home/israamaciaas/ros2_ws/install/signal_generator
[2.002s] DEBUG:colcon.colcon_core.event_handler.log_command:Invoking command in '/home/israamaciaas/ros2_ws/build/signal_generator': CMAKE_PREFIX_PATH=/home/israamaciaas/ros2_ws/install/ros_move:/opt/ros/humble /usr/bin/cmake --build /home/israamaciaas/ros2_ws/build/signal_generator -- -j8 -l8
[2.238s] DEBUG:colcon.colcon_core.event_handler.log_command:Invoked command in '/home/israamaciaas/ros2_ws/build/signal_generator' returned '0': CMAKE_PREFIX_PATH=/home/israamaciaas/ros2_ws/install/ros_move:/opt/ros/humble /usr/bin/cmake --build /home/israamaciaas/ros2_ws/build/signal_generator -- -j8 -l8
[2.306s] DEBUG:colcon.colcon_core.event_handler.log_command:Invoking command in '/home/israamaciaas/ros2_ws/build/signal_generator': CMAKE_PREFIX_PATH=/home/israamaciaas/ros2_ws/install/ros_move:/opt/ros/humble /usr/bin/cmake --install /home/israamaciaas/ros2_ws/build/signal_generator
[2.326s] Level 1:colcon.colcon_core.environment:create_environment_scripts_only(signal_generator)
[2.327s] Level 1:colcon.colcon_core.environment:checking '/home/israamaciaas/ros2_ws/install/signal_generator' for CMake module files
[2.327s] DEBUG:colcon.colcon_core.event_handler.log_command:Invoked command in '/home/israamaciaas/ros2_ws/build/signal_generator' returned '0': CMAKE_PREFIX_PATH=/home/israamaciaas/ros2_ws/install/ros_move:/opt/ros/humble /usr/bin/cmake --install /home/israamaciaas/ros2_ws/build/signal_generator
[2.328s] Level 1:colcon.colcon_core.environment:checking '/home/israamaciaas/ros2_ws/install/signal_generator' for CMake config files
[2.328s] Level 1:colcon.colcon_core.shell:create_environment_hook('signal_generator', 'cmake_prefix_path')
[2.329s] INFO:colcon.colcon_core.shell:Creating environment hook '/home/israamaciaas/ros2_ws/install/signal_generator/share/signal_generator/hook/cmake_prefix_path.ps1'
[2.329s] INFO:colcon.colcon_core.shell:Creating environment descriptor '/home/israamaciaas/ros2_ws/install/signal_generator/share/signal_generator/hook/cmake_prefix_path.dsv'
[2.329s] INFO:colcon.colcon_core.shell:Creating environment hook '/home/israamaciaas/ros2_ws/install/signal_generator/share/signal_generator/hook/cmake_prefix_path.sh'
[2.330s] Level 1:colcon.colcon_core.environment:checking '/home/israamaciaas/ros2_ws/install/signal_generator/lib'
[2.330s] Level 1:colcon.colcon_core.environment:checking '/home/israamaciaas/ros2_ws/install/signal_generator/bin'
[2.330s] Level 1:colcon.colcon_core.environment:checking '/home/israamaciaas/ros2_ws/install/signal_generator/lib/pkgconfig/signal_generator.pc'
[2.330s] Level 1:colcon.colcon_core.environment:checking '/home/israamaciaas/ros2_ws/install/signal_generator/lib/python3.10/site-packages'
[2.331s] Level 1:colcon.colcon_core.environment:checking '/home/israamaciaas/ros2_ws/install/signal_generator/bin'
[2.331s] INFO:colcon.colcon_core.shell:Creating package script '/home/israamaciaas/ros2_ws/install/signal_generator/share/signal_generator/package.ps1'
[2.331s] INFO:colcon.colcon_core.shell:Creating package descriptor '/home/israamaciaas/ros2_ws/install/signal_generator/share/signal_generator/package.dsv'
[2.332s] INFO:colcon.colcon_core.shell:Creating package script '/home/israamaciaas/ros2_ws/install/signal_generator/share/signal_generator/package.sh'
[2.332s] INFO:colcon.colcon_core.shell:Creating package script '/home/israamaciaas/ros2_ws/install/signal_generator/share/signal_generator/package.bash'
[2.333s] INFO:colcon.colcon_core.shell:Creating package script '/home/israamaciaas/ros2_ws/install/signal_generator/share/signal_generator/package.zsh'
[2.333s] Level 1:colcon.colcon_core.environment:create_file_with_runtime_dependencies(/home/israamaciaas/ros2_ws/install/signal_generator/share/colcon-core/packages/signal_generator)
[2.383s] Level 1:colcon.colcon_core.environment:create_environment_scripts_only(signal_generator)
[2.383s] Level 1:colcon.colcon_core.environment:checking '/home/israamaciaas/ros2_ws/install/signal_generator' for CMake module files
[2.384s] Level 1:colcon.colcon_core.environment:checking '/home/israamaciaas/ros2_ws/install/signal_generator' for CMake config files
[2.384s] Level 1:colcon.colcon_core.shell:create_environment_hook('signal_generator', 'cmake_prefix_path')
[2.385s] INFO:colcon.colcon_core.shell:Creating environment hook '/home/israamaciaas/ros2_ws/install/signal_generator/share/signal_generator/hook/cmake_prefix_path.ps1'
[2.385s] INFO:colcon.colcon_core.shell:Creating environment descriptor '/home/israamaciaas/ros2_ws/install/signal_generator/share/signal_generator/hook/cmake_prefix_path.dsv'
[2.386s] INFO:colcon.colcon_core.shell:Creating environment hook '/home/israamaciaas/ros2_ws/install/signal_generator/share/signal_generator/hook/cmake_prefix_path.sh'
[2.386s] Level 1:colcon.colcon_core.environment:checking '/home/israamaciaas/ros2_ws/install/signal_generator/lib'
[2.386s] Level 1:colcon.colcon_core.environment:checking '/home/israamaciaas/ros2_ws/install/signal_generator/bin'
[2.387s] Level 1:colcon.colcon_core.environment:checking '/home/israamaciaas/ros2_ws/install/signal_generator/lib/pkgconfig/signal_generator.pc'
[2.387s] Level 1:colcon.colcon_core.environment:checking '/home/israamaciaas/ros2_ws/install/signal_generator/lib/python3.10/site-packages'
[2.387s] Level 1:colcon.colcon_core.environment:checking '/home/israamaciaas/ros2_ws/install/signal_generator/bin'
[2.387s] INFO:colcon.colcon_core.shell:Creating package script '/home/israamaciaas/ros2_ws/install/signal_generator/share/signal_generator/package.ps1'
[2.388s] INFO:colcon.colcon_core.shell:Creating package descriptor '/home/israamaciaas/ros2_ws/install/signal_generator/share/signal_generator/package.dsv'
[2.389s] INFO:colcon.colcon_core.shell:Creating package script '/home/israamaciaas/ros2_ws/install/signal_generator/share/signal_generator/package.sh'
[2.389s] INFO:colcon.colcon_core.shell:Creating package script '/home/israamaciaas/ros2_ws/install/signal_generator/share/signal_generator/package.bash'
[2.390s] INFO:colcon.colcon_core.shell:Creating package script '/home/israamaciaas/ros2_ws/install/signal_generator/share/signal_generator/package.zsh'
[2.390s] Level 1:colcon.colcon_core.environment:create_file_with_runtime_dependencies(/home/israamaciaas/ros2_ws/install/signal_generator/share/colcon-core/packages/signal_generator)
[2.391s] DEBUG:colcon.colcon_parallel_executor.executor.parallel:closing loop
[2.391s] DEBUG:colcon.colcon_parallel_executor.executor.parallel:loop closed
[2.391s] DEBUG:colcon.colcon_parallel_executor.executor.parallel:run_until_complete finished with '0'
[2.391s] DEBUG:colcon.colcon_core.event_reactor:joining thread
[2.399s] INFO:colcon.colcon_core.plugin_system:Skipping extension 'colcon_notification.desktop_notification.terminal_notifier': Not used on non-Darwin systems
[2.399s] INFO:colcon.colcon_core.plugin_system:Skipping extension 'colcon_notification.desktop_notification.win32': Not used on non-Windows systems
[2.399s] INFO:colcon.colcon_notification.desktop_notification:Sending desktop notification using 'notify2'
[2.427s] DEBUG:colcon.colcon_core.event_reactor:joined thread
[2.428s] INFO:colcon.colcon_core.shell:Creating prefix script '/home/israamaciaas/ros2_ws/install/local_setup.ps1'
[2.429s] INFO:colcon.colcon_core.shell:Creating prefix util module '/home/israamaciaas/ros2_ws/install/_local_setup_util_ps1.py'
[2.432s] INFO:colcon.colcon_core.shell:Creating prefix chain script '/home/israamaciaas/ros2_ws/install/setup.ps1'
[2.435s] INFO:colcon.colcon_core.shell:Creating prefix script '/home/israamaciaas/ros2_ws/install/local_setup.sh'
[2.436s] INFO:colcon.colcon_core.shell:Creating prefix util module '/home/israamaciaas/ros2_ws/install/_local_setup_util_sh.py'
[2.437s] INFO:colcon.colcon_core.shell:Creating prefix chain script '/home/israamaciaas/ros2_ws/install/setup.sh'
[2.439s] INFO:colcon.colcon_core.shell:Creating prefix script '/home/israamaciaas/ros2_ws/install/local_setup.bash'
[2.440s] INFO:colcon.colcon_core.shell:Creating prefix chain script '/home/israamaciaas/ros2_ws/install/setup.bash'
[2.442s] INFO:colcon.colcon_core.shell:Creating prefix script '/home/israamaciaas/ros2_ws/install/local_setup.zsh'
[2.443s] INFO:colcon.colcon_core.shell:Creating prefix chain script '/home/israamaciaas/ros2_ws/install/setup.zsh'
