[0.026s] Invoking command in '/home/israamaciaas/ros2_ws/build/orbbec_description': CMAKE_PREFIX_PATH=/opt/ros/humble /usr/bin/cmake /home/israamaciaas/ros2_ws/src/OrbbecSDK_ROS2/orbbec_description -DCMAKE_BUILD_TYPE=Release -DCMAKE_INSTALL_PREFIX=/home/israamaciaas/ros2_ws/install/orbbec_description
[0.367s] -- The C compiler identification is GNU 11.4.0
[0.367s] -- The CXX compiler identification is GNU 11.4.0
[0.367s] -- Detecting C compiler ABI info
[0.446s] -- Detecting C compiler ABI info - done
[0.454s] -- Check for working C compiler: /usr/bin/cc - skipped
[0.455s] -- Detecting C compile features
[0.456s] -- Detecting C compile features - done
[0.460s] -- Detecting CXX compiler ABI info
[0.599s] -- Detecting CXX compiler ABI info - done
[0.609s] -- Check for working CXX compiler: /usr/bin/c++ - skipped
[0.610s] -- Detecting CXX compile features
[0.610s] -- Detecting CXX compile features - done
[0.617s] -- Found ament_cmake: 1.3.10 (/opt/ros/humble/share/ament_cmake/cmake)
[0.879s] -- Found Python3: /usr/bin/python3 (found version "3.10.12") found components: Interpreter 
[1.117s] -- Configuring done
[1.121s] -- Generating done
[1.122s] -- Build files have been written to: /home/israamaciaas/ros2_ws/build/orbbec_description
[1.133s] Invoked command in '/home/israamaciaas/ros2_ws/build/orbbec_description' returned '0': CMAKE_PREFIX_PATH=/opt/ros/humble /usr/bin/cmake /home/israamaciaas/ros2_ws/src/OrbbecSDK_ROS2/orbbec_description -DCMAKE_BUILD_TYPE=Release -DCMAKE_INSTALL_PREFIX=/home/israamaciaas/ros2_ws/install/orbbec_description
[1.136s] Invoking command in '/home/israamaciaas/ros2_ws/build/orbbec_description': CMAKE_PREFIX_PATH=/opt/ros/humble /usr/bin/cmake --build /home/israamaciaas/ros2_ws/build/orbbec_description -- -j8 -l8
[1.199s] Invoked command in '/home/israamaciaas/ros2_ws/build/orbbec_description' returned '0': CMAKE_PREFIX_PATH=/opt/ros/humble /usr/bin/cmake --build /home/israamaciaas/ros2_ws/build/orbbec_description -- -j8 -l8
[1.256s] Invoking command in '/home/israamaciaas/ros2_ws/build/orbbec_description': CMAKE_PREFIX_PATH=/opt/ros/humble /usr/bin/cmake --install /home/israamaciaas/ros2_ws/build/orbbec_description
[1.269s] -- Install configuration: "Release"
[1.269s] -- Installing: /home/israamaciaas/ros2_ws/install/orbbec_description/share/orbbec_description/launch
[1.270s] -- Installing: /home/israamaciaas/ros2_ws/install/orbbec_description/share/orbbec_description/launch/launch_utils.py
[1.270s] -- Installing: /home/israamaciaas/ros2_ws/install/orbbec_description/share/orbbec_description/launch/view_model.launch.py
[1.272s] -- Installing: /home/israamaciaas/ros2_ws/install/orbbec_description/share/orbbec_description/meshes
[1.273s] -- Installing: /home/israamaciaas/ros2_ws/install/orbbec_description/share/orbbec_description/meshes/gemini335_336
[1.276s] -- Installing: /home/israamaciaas/ros2_ws/install/orbbec_description/share/orbbec_description/meshes/gemini335_336/camera_infra2_frame.STL
[1.276s] -- Installing: /home/israamaciaas/ros2_ws/install/orbbec_description/share/orbbec_description/meshes/gemini335_336/camera_infra2_optical_frame.STL
[1.277s] -- Installing: /home/israamaciaas/ros2_ws/install/orbbec_description/share/orbbec_description/meshes/gemini335_336/camera_infra_1_optical_frame.STL
[1.277s] -- Installing: /home/israamaciaas/ros2_ws/install/orbbec_description/share/orbbec_description/meshes/gemini335_336/camera_depth_frame.STL
[1.277s] -- Installing: /home/israamaciaas/ros2_ws/install/orbbec_description/share/orbbec_description/meshes/gemini335_336/camera_link.STL
[1.282s] -- Installing: /home/israamaciaas/ros2_ws/install/orbbec_description/share/orbbec_description/meshes/gemini335_336/camera_color_optical_frame.STL
[1.283s] -- Installing: /home/israamaciaas/ros2_ws/install/orbbec_description/share/orbbec_description/meshes/gemini335_336/camera_infra_1_frame.STL
[1.284s] -- Installing: /home/israamaciaas/ros2_ws/install/orbbec_description/share/orbbec_description/meshes/gemini335_336/camera_depth_optical_frame.STL
[1.284s] -- Installing: /home/israamaciaas/ros2_ws/install/orbbec_description/share/orbbec_description/meshes/gemini335_336/camera_bottom_screw_frame.STL
[1.286s] -- Installing: /home/israamaciaas/ros2_ws/install/orbbec_description/share/orbbec_description/meshes/gemini335_336/camera_color_frame.STL
[1.287s] -- Installing: /home/israamaciaas/ros2_ws/install/orbbec_description/share/orbbec_description/meshes/femto_bolt
[1.287s] -- Installing: /home/israamaciaas/ros2_ws/install/orbbec_description/share/orbbec_description/meshes/femto_bolt/femto_bolt.stl
[1.289s] -- Installing: /home/israamaciaas/ros2_ws/install/orbbec_description/share/orbbec_description/meshes/AstraPlus.stl
[1.335s] -- Installing: /home/israamaciaas/ros2_ws/install/orbbec_description/share/orbbec_description/urdf
[1.335s] -- Installing: /home/israamaciaas/ros2_ws/install/orbbec_description/share/orbbec_description/urdf/_gemini_335_336.urdf.xacro
[1.335s] -- Installing: /home/israamaciaas/ros2_ws/install/orbbec_description/share/orbbec_description/urdf/femto_bolt.urdf.xacro
[1.336s] -- Installing: /home/israamaciaas/ros2_ws/install/orbbec_description/share/orbbec_description/urdf/test_gemini_335.urdf.xarco
[1.336s] -- Installing: /home/israamaciaas/ros2_ws/install/orbbec_description/share/orbbec_description/urdf/test_gemini_336.urdf.xarco
[1.336s] -- Installing: /home/israamaciaas/ros2_ws/install/orbbec_description/share/orbbec_description/rviz
[1.336s] -- Installing: /home/israamaciaas/ros2_ws/install/orbbec_description/share/orbbec_description/rviz/urdf.rviz
[1.337s] -- Installing: /home/israamaciaas/ros2_ws/install/orbbec_description/share/ament_index/resource_index/package_run_dependencies/orbbec_description
[1.338s] -- Installing: /home/israamaciaas/ros2_ws/install/orbbec_description/share/ament_index/resource_index/parent_prefix_path/orbbec_description
[1.338s] -- Installing: /home/israamaciaas/ros2_ws/install/orbbec_description/share/orbbec_description/environment/ament_prefix_path.sh
[1.338s] -- Installing: /home/israamaciaas/ros2_ws/install/orbbec_description/share/orbbec_description/environment/ament_prefix_path.dsv
[1.338s] -- Installing: /home/israamaciaas/ros2_ws/install/orbbec_description/share/orbbec_description/environment/path.sh
[1.339s] -- Installing: /home/israamaciaas/ros2_ws/install/orbbec_description/share/orbbec_description/environment/path.dsv
[1.340s] -- Installing: /home/israamaciaas/ros2_ws/install/orbbec_description/share/orbbec_description/local_setup.bash
[1.340s] -- Installing: /home/israamaciaas/ros2_ws/install/orbbec_description/share/orbbec_description/local_setup.sh
[1.341s] -- Installing: /home/israamaciaas/ros2_ws/install/orbbec_description/share/orbbec_description/local_setup.zsh
[1.342s] -- Installing: /home/israamaciaas/ros2_ws/install/orbbec_description/share/orbbec_description/local_setup.dsv
[1.342s] -- Installing: /home/israamaciaas/ros2_ws/install/orbbec_description/share/orbbec_description/package.dsv
[1.342s] -- Installing: /home/israamaciaas/ros2_ws/install/orbbec_description/share/ament_index/resource_index/packages/orbbec_description
[1.343s] -- Installing: /home/israamaciaas/ros2_ws/install/orbbec_description/share/orbbec_description/cmake/orbbec_descriptionConfig.cmake
[1.343s] -- Installing: /home/israamaciaas/ros2_ws/install/orbbec_description/share/orbbec_description/cmake/orbbec_descriptionConfig-version.cmake
[1.344s] -- Installing: /home/israamaciaas/ros2_ws/install/orbbec_description/share/orbbec_description/package.xml
[1.346s] Invoked command in '/home/israamaciaas/ros2_ws/build/orbbec_description' returned '0': CMAKE_PREFIX_PATH=/opt/ros/humble /usr/bin/cmake --install /home/israamaciaas/ros2_ws/build/orbbec_description
