[0.814s] Invoking command in '/home/israamaciaas/ros2_ws/build/signal_generator': CMAKE_PREFIX_PATH=/opt/ros/humble /usr/bin/cmake --build /home/israamaciaas/ros2_ws/build/signal_generator -- -j8 -l8
[1.095s] [100%] Built target signal_generator
[1.208s] Invoked command in '/home/israamaciaas/ros2_ws/build/signal_generator' returned '0': CMAKE_PREFIX_PATH=/opt/ros/humble /usr/bin/cmake --build /home/israamaciaas/ros2_ws/build/signal_generator -- -j8 -l8
[1.268s] Invoking command in '/home/israamaciaas/ros2_ws/build/signal_generator': CMAKE_PREFIX_PATH=/opt/ros/humble /usr/bin/cmake --install /home/israamaciaas/ros2_ws/build/signal_generator
[1.279s] -- Install configuration: ""
[1.281s] -- Up-to-date: /home/israamaciaas/ros2_ws/install/signal_generator/lib/signal_generator/signal_generator
[1.281s] -- Up-to-date: /home/israamaciaas/ros2_ws/install/signal_generator/share/ament_index/resource_index/package_run_dependencies/signal_generator
[1.281s] -- Up-to-date: /home/israamaciaas/ros2_ws/install/signal_generator/share/ament_index/resource_index/parent_prefix_path/signal_generator
[1.281s] -- Up-to-date: /home/israamaciaas/ros2_ws/install/signal_generator/share/signal_generator/environment/ament_prefix_path.sh
[1.281s] -- Up-to-date: /home/israamaciaas/ros2_ws/install/signal_generator/share/signal_generator/environment/ament_prefix_path.dsv
[1.282s] -- Up-to-date: /home/israamaciaas/ros2_ws/install/signal_generator/share/signal_generator/environment/path.sh
[1.282s] -- Up-to-date: /home/israamaciaas/ros2_ws/install/signal_generator/share/signal_generator/environment/path.dsv
[1.282s] -- Up-to-date: /home/israamaciaas/ros2_ws/install/signal_generator/share/signal_generator/local_setup.bash
[1.282s] -- Up-to-date: /home/israamaciaas/ros2_ws/install/signal_generator/share/signal_generator/local_setup.sh
[1.282s] -- Up-to-date: /home/israamaciaas/ros2_ws/install/signal_generator/share/signal_generator/local_setup.zsh
[1.282s] -- Up-to-date: /home/israamaciaas/ros2_ws/install/signal_generator/share/signal_generator/local_setup.dsv
[1.282s] -- Installing: /home/israamaciaas/ros2_ws/install/signal_generator/share/signal_generator/package.dsv
[1.282s] -- Up-to-date: /home/israamaciaas/ros2_ws/install/signal_generator/share/ament_index/resource_index/packages/signal_generator
[1.283s] -- Up-to-date: /home/israamaciaas/ros2_ws/install/signal_generator/share/signal_generator/cmake/signal_generatorConfig.cmake
[1.283s] -- Up-to-date: /home/israamaciaas/ros2_ws/install/signal_generator/share/signal_generator/cmake/signal_generatorConfig-version.cmake
[1.283s] -- Up-to-date: /home/israamaciaas/ros2_ws/install/signal_generator/share/signal_generator/package.xml
[1.287s] Invoked command in '/home/israamaciaas/ros2_ws/build/signal_generator' returned '0': CMAKE_PREFIX_PATH=/opt/ros/humble /usr/bin/cmake --install /home/israamaciaas/ros2_ws/build/signal_generator
