[0.807s] Invoking command in '/home/israamaciaas/ros2_ws/src/potMap': PYTHONPATH=/home/israamaciaas/ros2_ws/build/potMap/prefix_override:/usr/lib/python3/dist-packages/colcon_core/task/python/colcon_distutils_commands:/home/israamaciaas/ros2_ws/install/potMap/lib/python3.10/site-packages:${PYTHONPATH} /usr/bin/python3 -W ignore:setup.py install is deprecated setup.py egg_info --egg-base ../../build/potMap build --build-base /home/israamaciaas/ros2_ws/build/potMap/build install --record /home/israamaciaas/ros2_ws/build/potMap/install.log --single-version-externally-managed install_data
[1.025s] running egg_info
[1.025s] writing ../../build/potMap/potMap.egg-info/PKG-INFO
[1.025s] writing dependency_links to ../../build/potMap/potMap.egg-info/dependency_links.txt
[1.026s] writing entry points to ../../build/potMap/potMap.egg-info/entry_points.txt
[1.026s] writing requirements to ../../build/potMap/potMap.egg-info/requires.txt
[1.026s] writing top-level names to ../../build/potMap/potMap.egg-info/top_level.txt
[1.028s] reading manifest file '../../build/potMap/potMap.egg-info/SOURCES.txt'
[1.029s] writing manifest file '../../build/potMap/potMap.egg-info/SOURCES.txt'
[1.030s] running build
[1.030s] running build_py
[1.030s] running install
[1.030s] running install_lib
[1.032s] running install_data
[1.032s] running install_egg_info
[1.033s] removing '/home/israamaciaas/ros2_ws/install/potMap/lib/python3.10/site-packages/potMap-0.0.0-py3.10.egg-info' (and everything under it)
[1.034s] Copying ../../build/potMap/potMap.egg-info to /home/israamaciaas/ros2_ws/install/potMap/lib/python3.10/site-packages/potMap-0.0.0-py3.10.egg-info
[1.035s] running install_scripts
[1.054s] Installing potMap_node script to /home/israamaciaas/ros2_ws/install/potMap/lib/potMap
[1.055s] writing list of installed files to '/home/israamaciaas/ros2_ws/build/potMap/install.log'
[1.088s] Invoked command in '/home/israamaciaas/ros2_ws/src/potMap' returned '0': PYTHONPATH=/home/israamaciaas/ros2_ws/build/potMap/prefix_override:/usr/lib/python3/dist-packages/colcon_core/task/python/colcon_distutils_commands:/home/israamaciaas/ros2_ws/install/potMap/lib/python3.10/site-packages:${PYTHONPATH} /usr/bin/python3 -W ignore:setup.py install is deprecated setup.py egg_info --egg-base ../../build/potMap build --build-base /home/israamaciaas/ros2_ws/build/potMap/build install --record /home/israamaciaas/ros2_ws/build/potMap/install.log --single-version-externally-managed install_data
