[1.903s] Invoking command in '/home/israamaciaas/ros2_ws/src/potMap': PYTHONPATH=/home/israamaciaas/ros2_ws/build/potMap/prefix_override:/usr/lib/python3/dist-packages/colcon_core/task/python/colcon_distutils_commands:/home/israamaciaas/ros2_ws/install/potMap/lib/python3.10/site-packages:${PYTHONPATH} /usr/bin/python3 -W ignore:setup.py install is deprecated setup.py egg_info --egg-base ../../build/potMap build --build-base /home/israamaciaas/ros2_ws/build/potMap/build install --record /home/israamaciaas/ros2_ws/build/potMap/install.log --single-version-externally-managed install_data
[2.504s] running egg_info
[2.506s] writing ../../build/potMap/potMap.egg-info/PKG-INFO
[2.507s] writing dependency_links to ../../build/potMap/potMap.egg-info/dependency_links.txt
[2.507s] writing entry points to ../../build/potMap/potMap.egg-info/entry_points.txt
[2.507s] writing requirements to ../../build/potMap/potMap.egg-info/requires.txt
[2.507s] writing top-level names to ../../build/potMap/potMap.egg-info/top_level.txt
[2.515s] reading manifest file '../../build/potMap/potMap.egg-info/SOURCES.txt'
[2.516s] writing manifest file '../../build/potMap/potMap.egg-info/SOURCES.txt'
[2.517s] running build
[2.517s] running build_py
[2.517s] running install
[2.519s] running install_lib
[2.523s] running install_data
[2.523s] running install_egg_info
[2.527s] removing '/home/israamaciaas/ros2_ws/install/potMap/lib/python3.10/site-packages/potMap-0.0.0-py3.10.egg-info' (and everything under it)
[2.528s] Copying ../../build/potMap/potMap.egg-info to /home/israamaciaas/ros2_ws/install/potMap/lib/python3.10/site-packages/potMap-0.0.0-py3.10.egg-info
[2.530s] running install_scripts
[2.597s] Installing potMap_node script to /home/israamaciaas/ros2_ws/install/potMap/lib/potMap
[2.598s] writing list of installed files to '/home/israamaciaas/ros2_ws/build/potMap/install.log'
[2.741s] Invoked command in '/home/israamaciaas/ros2_ws/src/potMap' returned '0': PYTHONPATH=/home/israamaciaas/ros2_ws/build/potMap/prefix_override:/usr/lib/python3/dist-packages/colcon_core/task/python/colcon_distutils_commands:/home/israamaciaas/ros2_ws/install/potMap/lib/python3.10/site-packages:${PYTHONPATH} /usr/bin/python3 -W ignore:setup.py install is deprecated setup.py egg_info --egg-base ../../build/potMap build --build-base /home/israamaciaas/ros2_ws/build/potMap/build install --record /home/israamaciaas/ros2_ws/build/potMap/install.log --single-version-externally-managed install_data
