[1.234s] Invoking command in '/home/israamaciaas/ros2_ws/build/signal_generator': CMAKE_PREFIX_PATH=${CMAKE_PREFIX_PATH}:/home/israamaciaas/turtlebot3_ws/install/turtlebot3_teleop:/home/israamaciaas/turtlebot3_ws/install/turtlebot3_example:/opt/ros/humble /usr/bin/cmake --build /home/israamaciaas/ros2_ws/build/signal_generator -- -j8 -l8
[1.445s] [100%] Built target signal_generator
[1.565s] Invoked command in '/home/israamaciaas/ros2_ws/build/signal_generator' returned '0': CMAKE_PREFIX_PATH=${CMAKE_PREFIX_PATH}:/home/israamaciaas/turtlebot3_ws/install/turtlebot3_teleop:/home/israamaciaas/turtlebot3_ws/install/turtlebot3_example:/opt/ros/humble /usr/bin/cmake --build /home/israamaciaas/ros2_ws/build/signal_generator -- -j8 -l8
[1.647s] Invoking command in '/home/israamaciaas/ros2_ws/build/signal_generator': CMAKE_PREFIX_PATH=${CMAKE_PREFIX_PATH}:/home/israamaciaas/turtlebot3_ws/install/turtlebot3_teleop:/home/israamaciaas/turtlebot3_ws/install/turtlebot3_example:/opt/ros/humble /usr/bin/cmake --install /home/israamaciaas/ros2_ws/build/signal_generator
[1.660s] -- Install configuration: ""
[1.662s] -- Execute custom install script
[1.663s] -- Up-to-date symlink: /home/israamaciaas/ros2_ws/install/signal_generator/lib/signal_generator/signal_generator
[1.664s] -- Up-to-date symlink: /home/israamaciaas/ros2_ws/install/signal_generator/share/ament_index/resource_index/package_run_dependencies/signal_generator
[1.664s] -- Up-to-date symlink: /home/israamaciaas/ros2_ws/install/signal_generator/share/ament_index/resource_index/parent_prefix_path/signal_generator
[1.665s] -- Up-to-date symlink: /home/israamaciaas/ros2_ws/install/signal_generator/share/signal_generator/environment/ament_prefix_path.sh
[1.665s] -- Up-to-date symlink: /home/israamaciaas/ros2_ws/install/signal_generator/share/signal_generator/environment/ament_prefix_path.dsv
[1.666s] -- Up-to-date symlink: /home/israamaciaas/ros2_ws/install/signal_generator/share/signal_generator/environment/path.sh
[1.667s] -- Up-to-date symlink: /home/israamaciaas/ros2_ws/install/signal_generator/share/signal_generator/environment/path.dsv
[1.667s] -- Up-to-date symlink: /home/israamaciaas/ros2_ws/install/signal_generator/share/signal_generator/local_setup.bash
[1.668s] -- Up-to-date symlink: /home/israamaciaas/ros2_ws/install/signal_generator/share/signal_generator/local_setup.sh
[1.668s] -- Up-to-date symlink: /home/israamaciaas/ros2_ws/install/signal_generator/share/signal_generator/local_setup.zsh
[1.669s] -- Up-to-date symlink: /home/israamaciaas/ros2_ws/install/signal_generator/share/signal_generator/local_setup.dsv
[1.669s] -- Symlinking: /home/israamaciaas/ros2_ws/install/signal_generator/share/signal_generator/package.dsv
[1.687s] -- Up-to-date symlink: /home/israamaciaas/ros2_ws/install/signal_generator/share/ament_index/resource_index/packages/signal_generator
[1.688s] -- Up-to-date symlink: /home/israamaciaas/ros2_ws/install/signal_generator/share/signal_generator/cmake/signal_generatorConfig.cmake
[1.689s] -- Up-to-date symlink: /home/israamaciaas/ros2_ws/install/signal_generator/share/signal_generator/cmake/signal_generatorConfig-version.cmake
[1.689s] -- Up-to-date symlink: /home/israamaciaas/ros2_ws/install/signal_generator/share/signal_generator/package.xml
[1.693s] Invoked command in '/home/israamaciaas/ros2_ws/build/signal_generator' returned '0': CMAKE_PREFIX_PATH=${CMAKE_PREFIX_PATH}:/home/israamaciaas/turtlebot3_ws/install/turtlebot3_teleop:/home/israamaciaas/turtlebot3_ws/install/turtlebot3_example:/opt/ros/humble /usr/bin/cmake --install /home/israamaciaas/ros2_ws/build/signal_generator
