running egg_info
creating ../../build/puzzlebot_sim/puzzlebot_sim.egg-info
writing ../../build/puzzlebot_sim/puzzlebot_sim.egg-info/PKG-INFO
writing dependency_links to ../../build/puzzlebot_sim/puzzlebot_sim.egg-info/dependency_links.txt
writing entry points to ../../build/puzzlebot_sim/puzzlebot_sim.egg-info/entry_points.txt
writing requirements to ../../build/puzzlebot_sim/puzzlebot_sim.egg-info/requires.txt
writing top-level names to ../../build/puzzlebot_sim/puzzlebot_sim.egg-info/top_level.txt
writing manifest file '../../build/puzzlebot_sim/puzzlebot_sim.egg-info/SOURCES.txt'
reading manifest file '../../build/puzzlebot_sim/puzzlebot_sim.egg-info/SOURCES.txt'
writing manifest file '../../build/puzzlebot_sim/puzzlebot_sim.egg-info/SOURCES.txt'
running build
running build_py
creating /home/israamaciaas/ros2_ws/build/puzzlebot_sim/build
creating /home/israamaciaas/ros2_ws/build/puzzlebot_sim/build/lib
creating /home/israamaciaas/ros2_ws/build/puzzlebot_sim/build/lib/puzzlebot_sim
copying puzzlebot_sim/__init__.py -> /home/israamaciaas/ros2_ws/build/puzzlebot_sim/build/lib/puzzlebot_sim
copying puzzlebot_sim/puzzlebot_sim_node.py -> /home/israamaciaas/ros2_ws/build/puzzlebot_sim/build/lib/puzzlebot_sim
running install
running install_lib
creating /home/israamaciaas/ros2_ws/install/puzzlebot_sim/lib/python3.10/site-packages/puzzlebot_sim
copying /home/israamaciaas/ros2_ws/build/puzzlebot_sim/build/lib/puzzlebot_sim/__init__.py -> /home/israamaciaas/ros2_ws/install/puzzlebot_sim/lib/python3.10/site-packages/puzzlebot_sim
copying /home/israamaciaas/ros2_ws/build/puzzlebot_sim/build/lib/puzzlebot_sim/puzzlebot_sim_node.py -> /home/israamaciaas/ros2_ws/install/puzzlebot_sim/lib/python3.10/site-packages/puzzlebot_sim
byte-compiling /home/israamaciaas/ros2_ws/install/puzzlebot_sim/lib/python3.10/site-packages/puzzlebot_sim/__init__.py to __init__.cpython-310.pyc
byte-compiling /home/israamaciaas/ros2_ws/install/puzzlebot_sim/lib/python3.10/site-packages/puzzlebot_sim/puzzlebot_sim_node.py to puzzlebot_sim_node.cpython-310.pyc
running install_data
creating /home/israamaciaas/ros2_ws/install/puzzlebot_sim/share/ament_index
creating /home/israamaciaas/ros2_ws/install/puzzlebot_sim/share/ament_index/resource_index
creating /home/israamaciaas/ros2_ws/install/puzzlebot_sim/share/ament_index/resource_index/packages
copying resource/puzzlebot_sim -> /home/israamaciaas/ros2_ws/install/puzzlebot_sim/share/ament_index/resource_index/packages
copying package.xml -> /home/israamaciaas/ros2_ws/install/puzzlebot_sim/share/puzzlebot_sim
running install_egg_info
Copying ../../build/puzzlebot_sim/puzzlebot_sim.egg-info to /home/israamaciaas/ros2_ws/install/puzzlebot_sim/lib/python3.10/site-packages/puzzlebot_sim-0.0.0-py3.10.egg-info
running install_scripts
Installing puzzlebot_sim_node script to /home/israamaciaas/ros2_ws/install/puzzlebot_sim/lib/puzzlebot_sim
writing list of installed files to '/home/israamaciaas/ros2_ws/build/puzzlebot_sim/install.log'
