running egg_info
creating ../../../build/act2_tf/act2_tf.egg-info
writing ../../../build/act2_tf/act2_tf.egg-info/PKG-INFO
writing dependency_links to ../../../build/act2_tf/act2_tf.egg-info/dependency_links.txt
writing entry points to ../../../build/act2_tf/act2_tf.egg-info/entry_points.txt
writing requirements to ../../../build/act2_tf/act2_tf.egg-info/requires.txt
writing top-level names to ../../../build/act2_tf/act2_tf.egg-info/top_level.txt
writing manifest file '../../../build/act2_tf/act2_tf.egg-info/SOURCES.txt'
reading manifest file '../../../build/act2_tf/act2_tf.egg-info/SOURCES.txt'
writing manifest file '../../../build/act2_tf/act2_tf.egg-info/SOURCES.txt'
running build
running build_py
creating /home/israamaciaas/ros2_ws/build/act2_tf/build
creating /home/israamaciaas/ros2_ws/build/act2_tf/build/lib
creating /home/israamaciaas/ros2_ws/build/act2_tf/build/lib/act2_tf
copying act2_tf/joint_pub.py -> /home/israamaciaas/ros2_ws/build/act2_tf/build/lib/act2_tf
copying act2_tf/__init__.py -> /home/israamaciaas/ros2_ws/build/act2_tf/build/lib/act2_tf
running install
running install_lib
creating /home/israamaciaas/ros2_ws/install/act2_tf/lib/python3.10/site-packages/act2_tf
copying /home/israamaciaas/ros2_ws/build/act2_tf/build/lib/act2_tf/joint_pub.py -> /home/israamaciaas/ros2_ws/install/act2_tf/lib/python3.10/site-packages/act2_tf
copying /home/israamaciaas/ros2_ws/build/act2_tf/build/lib/act2_tf/__init__.py -> /home/israamaciaas/ros2_ws/install/act2_tf/lib/python3.10/site-packages/act2_tf
byte-compiling /home/israamaciaas/ros2_ws/install/act2_tf/lib/python3.10/site-packages/act2_tf/joint_pub.py to joint_pub.cpython-310.pyc
byte-compiling /home/israamaciaas/ros2_ws/install/act2_tf/lib/python3.10/site-packages/act2_tf/__init__.py to __init__.cpython-310.pyc
running install_data
creating /home/israamaciaas/ros2_ws/install/act2_tf/share/ament_index
creating /home/israamaciaas/ros2_ws/install/act2_tf/share/ament_index/resource_index
creating /home/israamaciaas/ros2_ws/install/act2_tf/share/ament_index/resource_index/packages
copying resource/act2_tf -> /home/israamaciaas/ros2_ws/install/act2_tf/share/ament_index/resource_index/packages
copying package.xml -> /home/israamaciaas/ros2_ws/install/act2_tf/share/act2_tf
creating /home/israamaciaas/ros2_ws/install/act2_tf/share/act2_tf/launch
copying launch/joints_launch.py -> /home/israamaciaas/ros2_ws/install/act2_tf/share/act2_tf/launch
creating /home/israamaciaas/ros2_ws/install/act2_tf/share/act2_tf/config
creating /home/israamaciaas/ros2_ws/install/act2_tf/share/act2_tf/rviz
creating /home/israamaciaas/ros2_ws/install/act2_tf/share/act2_tf/meshes
copying meshes/MCR2_puzzlebot_base.stl -> /home/israamaciaas/ros2_ws/install/act2_tf/share/act2_tf/meshes
copying meshes/MCR2_wheel.stl -> /home/israamaciaas/ros2_ws/install/act2_tf/share/act2_tf/meshes
copying meshes/MCR2_puzzlebot_jetson_base.stl -> /home/israamaciaas/ros2_ws/install/act2_tf/share/act2_tf/meshes
copying meshes/MCR2_puzzlebot_jetson_lidar_base.stl -> /home/israamaciaas/ros2_ws/install/act2_tf/share/act2_tf/meshes
copying meshes/MCR2_caster_wheel.stl -> /home/israamaciaas/ros2_ws/install/act2_tf/share/act2_tf/meshes
creating /home/israamaciaas/ros2_ws/install/act2_tf/share/act2_tf/urdf
copying urdf/puzzlebot.urdf -> /home/israamaciaas/ros2_ws/install/act2_tf/share/act2_tf/urdf
running install_egg_info
Copying ../../../build/act2_tf/act2_tf.egg-info to /home/israamaciaas/ros2_ws/install/act2_tf/lib/python3.10/site-packages/act2_tf-0.0.0-py3.10.egg-info
running install_scripts
Installing joint_pub script to /home/israamaciaas/ros2_ws/install/act2_tf/lib/act2_tf
Installing puzzlebot script to /home/israamaciaas/ros2_ws/install/act2_tf/lib/act2_tf
writing list of installed files to '/home/israamaciaas/ros2_ws/build/act2_tf/install.log'
