running egg_info
creating ../../../build/act1_tf/act1_tf.egg-info
writing ../../../build/act1_tf/act1_tf.egg-info/PKG-INFO
writing dependency_links to ../../../build/act1_tf/act1_tf.egg-info/dependency_links.txt
writing entry points to ../../../build/act1_tf/act1_tf.egg-info/entry_points.txt
writing requirements to ../../../build/act1_tf/act1_tf.egg-info/requires.txt
writing top-level names to ../../../build/act1_tf/act1_tf.egg-info/top_level.txt
writing manifest file '../../../build/act1_tf/act1_tf.egg-info/SOURCES.txt'
reading manifest file '../../../build/act1_tf/act1_tf.egg-info/SOURCES.txt'
writing manifest file '../../../build/act1_tf/act1_tf.egg-info/SOURCES.txt'
running build
running build_py
creating /home/israamaciaas/ros2_ws/build/act1_tf/build
creating /home/israamaciaas/ros2_ws/build/act1_tf/build/lib
creating /home/israamaciaas/ros2_ws/build/act1_tf/build/lib/act1_tf
copying act1_tf/__init__.py -> /home/israamaciaas/ros2_ws/build/act1_tf/build/lib/act1_tf
copying act1_tf/act1_tf_node.py -> /home/israamaciaas/ros2_ws/build/act1_tf/build/lib/act1_tf
running install
running install_lib
creating /home/israamaciaas/ros2_ws/install/act1_tf/lib/python3.10/site-packages/act1_tf
copying /home/israamaciaas/ros2_ws/build/act1_tf/build/lib/act1_tf/__init__.py -> /home/israamaciaas/ros2_ws/install/act1_tf/lib/python3.10/site-packages/act1_tf
copying /home/israamaciaas/ros2_ws/build/act1_tf/build/lib/act1_tf/act1_tf_node.py -> /home/israamaciaas/ros2_ws/install/act1_tf/lib/python3.10/site-packages/act1_tf
byte-compiling /home/israamaciaas/ros2_ws/install/act1_tf/lib/python3.10/site-packages/act1_tf/__init__.py to __init__.cpython-310.pyc
byte-compiling /home/israamaciaas/ros2_ws/install/act1_tf/lib/python3.10/site-packages/act1_tf/act1_tf_node.py to act1_tf_node.cpython-310.pyc
running install_data
creating /home/israamaciaas/ros2_ws/install/act1_tf/share/ament_index
creating /home/israamaciaas/ros2_ws/install/act1_tf/share/ament_index/resource_index
creating /home/israamaciaas/ros2_ws/install/act1_tf/share/ament_index/resource_index/packages
copying resource/act1_tf -> /home/israamaciaas/ros2_ws/install/act1_tf/share/ament_index/resource_index/packages
copying package.xml -> /home/israamaciaas/ros2_ws/install/act1_tf/share/act1_tf
running install_egg_info
Copying ../../../build/act1_tf/act1_tf.egg-info to /home/israamaciaas/ros2_ws/install/act1_tf/lib/python3.10/site-packages/act1_tf-0.0.0-py3.10.egg-info
running install_scripts
Installing act1_tf_node script to /home/israamaciaas/ros2_ws/install/act1_tf/lib/act1_tf
writing list of installed files to '/home/israamaciaas/ros2_ws/build/act1_tf/install.log'
