[2.012s] Invoking command in '/home/israamaciaas/ros2_ws/src/ros_move': PYTHONPATH=/home/israamaciaas/ros2_ws/build/ros_move/prefix_override:/usr/lib/python3/dist-packages/colcon_core/task/python/colcon_distutils_commands:/home/israamaciaas/ros2_ws/install/ros_move/lib/python3.10/site-packages:${PYTHONPATH} /usr/bin/python3 -W ignore:setup.py install is deprecated setup.py egg_info --egg-base ../../build/ros_move build --build-base /home/israamaciaas/ros2_ws/build/ros_move/build install --record /home/israamaciaas/ros2_ws/build/ros_move/install.log --single-version-externally-managed install_data
[2.518s] running egg_info
[2.520s] writing ../../build/ros_move/ros_move.egg-info/PKG-INFO
[2.520s] writing dependency_links to ../../build/ros_move/ros_move.egg-info/dependency_links.txt
[2.520s] writing entry points to ../../build/ros_move/ros_move.egg-info/entry_points.txt
[2.521s] writing requirements to ../../build/ros_move/ros_move.egg-info/requires.txt
[2.521s] writing top-level names to ../../build/ros_move/ros_move.egg-info/top_level.txt
[2.524s] reading manifest file '../../build/ros_move/ros_move.egg-info/SOURCES.txt'
[2.526s] writing manifest file '../../build/ros_move/ros_move.egg-info/SOURCES.txt'
[2.526s] running build
[2.526s] running build_py
[2.527s] running install
[2.527s] running install_lib
[2.531s] running install_data
[2.531s] running install_egg_info
[2.534s] removing '/home/israamaciaas/ros2_ws/install/ros_move/lib/python3.10/site-packages/ros_move-0.0.0-py3.10.egg-info' (and everything under it)
[2.534s] Copying ../../build/ros_move/ros_move.egg-info to /home/israamaciaas/ros2_ws/install/ros_move/lib/python3.10/site-packages/ros_move-0.0.0-py3.10.egg-info
[2.536s] running install_scripts
[2.573s] Installing bot_node script to /home/israamaciaas/ros2_ws/install/ros_move/lib/ros_move
[2.573s] Installing fuzzy_controller_node script to /home/israamaciaas/ros2_ws/install/ros_move/lib/ros_move
[2.574s] writing list of installed files to '/home/israamaciaas/ros2_ws/build/ros_move/install.log'
[2.664s] Invoked command in '/home/israamaciaas/ros2_ws/src/ros_move' returned '0': PYTHONPATH=/home/israamaciaas/ros2_ws/build/ros_move/prefix_override:/usr/lib/python3/dist-packages/colcon_core/task/python/colcon_distutils_commands:/home/israamaciaas/ros2_ws/install/ros_move/lib/python3.10/site-packages:${PYTHONPATH} /usr/bin/python3 -W ignore:setup.py install is deprecated setup.py egg_info --egg-base ../../build/ros_move build --build-base /home/israamaciaas/ros2_ws/build/ros_move/build install --record /home/israamaciaas/ros2_ws/build/ros_move/install.log --single-version-externally-managed install_data
