[0.952s] Invoking command in '/home/israamaciaas/ros2_ws/src/manchester_activities/act2_tf': PYTHONPATH=/home/israamaciaas/ros2_ws/build/act2_tf/prefix_override:/usr/lib/python3/dist-packages/colcon_core/task/python/colcon_distutils_commands:/home/israamaciaas/ros2_ws/install/act2_tf/lib/python3.10/site-packages:${PYTHONPATH} /usr/bin/python3 -W ignore:setup.py install is deprecated setup.py egg_info --egg-base ../../../build/act2_tf build --build-base /home/israamaciaas/ros2_ws/build/act2_tf/build install --record /home/israamaciaas/ros2_ws/build/act2_tf/install.log --single-version-externally-managed install_data
[1.199s] running egg_info
[1.200s] writing ../../../build/act2_tf/act2_tf.egg-info/PKG-INFO
[1.200s] writing dependency_links to ../../../build/act2_tf/act2_tf.egg-info/dependency_links.txt
[1.200s] writing entry points to ../../../build/act2_tf/act2_tf.egg-info/entry_points.txt
[1.201s] writing requirements to ../../../build/act2_tf/act2_tf.egg-info/requires.txt
[1.201s] writing top-level names to ../../../build/act2_tf/act2_tf.egg-info/top_level.txt
[1.203s] reading manifest file '../../../build/act2_tf/act2_tf.egg-info/SOURCES.txt'
[1.204s] writing manifest file '../../../build/act2_tf/act2_tf.egg-info/SOURCES.txt'
[1.204s] running build
[1.204s] running build_py
[1.204s] running install
[1.205s] running install_lib
[1.207s] running install_data
[1.207s] creating /home/israamaciaas/ros2_ws/install/act2_tf/share/act2_tf/launch
[1.207s] copying launch/joints_launch.py -> /home/israamaciaas/ros2_ws/install/act2_tf/share/act2_tf/launch
[1.207s] creating /home/israamaciaas/ros2_ws/install/act2_tf/share/act2_tf/config
[1.207s] creating /home/israamaciaas/ros2_ws/install/act2_tf/share/act2_tf/rviz
[1.207s] creating /home/israamaciaas/ros2_ws/install/act2_tf/share/act2_tf/meshes
[1.208s] copying meshes/MCR2_puzzlebot_base.stl -> /home/israamaciaas/ros2_ws/install/act2_tf/share/act2_tf/meshes
[1.208s] copying meshes/MCR2_wheel.stl -> /home/israamaciaas/ros2_ws/install/act2_tf/share/act2_tf/meshes
[1.208s] copying meshes/MCR2_puzzlebot_jetson_base.stl -> /home/israamaciaas/ros2_ws/install/act2_tf/share/act2_tf/meshes
[1.208s] copying meshes/MCR2_puzzlebot_jetson_lidar_base.stl -> /home/israamaciaas/ros2_ws/install/act2_tf/share/act2_tf/meshes
[1.209s] copying meshes/MCR2_caster_wheel.stl -> /home/israamaciaas/ros2_ws/install/act2_tf/share/act2_tf/meshes
[1.210s] creating /home/israamaciaas/ros2_ws/install/act2_tf/share/act2_tf/urdf
[1.210s] copying urdf/puzzlebot.urdf -> /home/israamaciaas/ros2_ws/install/act2_tf/share/act2_tf/urdf
[1.210s] running install_egg_info
[1.213s] removing '/home/israamaciaas/ros2_ws/install/act2_tf/lib/python3.10/site-packages/act2_tf-0.0.0-py3.10.egg-info' (and everything under it)
[1.213s] Copying ../../../build/act2_tf/act2_tf.egg-info to /home/israamaciaas/ros2_ws/install/act2_tf/lib/python3.10/site-packages/act2_tf-0.0.0-py3.10.egg-info
[1.214s] running install_scripts
[1.239s] Installing joint_pub script to /home/israamaciaas/ros2_ws/install/act2_tf/lib/act2_tf
[1.239s] Installing puzzlebot script to /home/israamaciaas/ros2_ws/install/act2_tf/lib/act2_tf
[1.239s] writing list of installed files to '/home/israamaciaas/ros2_ws/build/act2_tf/install.log'
[1.300s] Invoked command in '/home/israamaciaas/ros2_ws/src/manchester_activities/act2_tf' returned '0': PYTHONPATH=/home/israamaciaas/ros2_ws/build/act2_tf/prefix_override:/usr/lib/python3/dist-packages/colcon_core/task/python/colcon_distutils_commands:/home/israamaciaas/ros2_ws/install/act2_tf/lib/python3.10/site-packages:${PYTHONPATH} /usr/bin/python3 -W ignore:setup.py install is deprecated setup.py egg_info --egg-base ../../../build/act2_tf build --build-base /home/israamaciaas/ros2_ws/build/act2_tf/build install --record /home/israamaciaas/ros2_ws/build/act2_tf/install.log --single-version-externally-managed install_data
