[0.014s] Invoking command in '/home/israamaciaas/ros2_ws/build/orbbec_camera': AMENT_PREFIX_PATH=/home/israamaciaas/ros2_ws/install/orbbec_camera_msgs:${AMENT_PREFIX_PATH} CMAKE_PREFIX_PATH=/home/israamaciaas/ros2_ws/install/orbbec_camera_msgs:/opt/ros/humble LD_LIBRARY_PATH=/home/israamaciaas/ros2_ws/install/orbbec_camera_msgs/lib:${LD_LIBRARY_PATH} PYTHONPATH=/home/israamaciaas/ros2_ws/install/orbbec_camera_msgs/local/lib/python3.10/dist-packages:${PYTHONPATH} /usr/bin/cmake /home/israamaciaas/ros2_ws/src/OrbbecSDK_ROS2/orbbec_camera -DCMAKE_BUILD_TYPE=Release -DCMAKE_INSTALL_PREFIX=/home/israamaciaas/ros2_ws/install/orbbec_camera
[0.094s] -- The C compiler identification is GNU 11.4.0
[0.173s] -- The CXX compiler identification is GNU 11.4.0
[0.183s] -- Detecting C compiler ABI info
[0.291s] -- Detecting C compiler ABI info - done
[0.299s] -- Check for working C compiler: /usr/bin/cc - skipped
[0.300s] -- Detecting C compile features
[0.300s] -- Detecting C compile features - done
[0.303s] -- Detecting CXX compiler ABI info
[0.423s] -- Detecting CXX compiler ABI info - done
[0.432s] -- Check for working CXX compiler: /usr/bin/c++ - skipped
[0.432s] -- Detecting CXX compile features
[0.432s] -- Detecting CXX compile features - done
[0.435s] -- Found ament_cmake: 1.3.10 (/opt/ros/humble/share/ament_cmake/cmake)
[0.639s] -- Found Python3: /usr/bin/python3 (found version "3.10.12") found components: Interpreter 
[0.748s] -- Found ament_index_cpp: 1.4.0 (/opt/ros/humble/share/ament_index_cpp/cmake)
[0.764s] -- Found builtin_interfaces: 1.2.1 (/opt/ros/humble/share/builtin_interfaces/cmake)
[0.801s] -- Found rosidl_generator_c: 3.1.5 (/opt/ros/humble/share/rosidl_generator_c/cmake)
[0.807s] -- Found rosidl_adapter: 3.1.5 (/opt/ros/humble/share/rosidl_adapter/cmake)
[0.816s] -- Found rosidl_generator_cpp: 3.1.5 (/opt/ros/humble/share/rosidl_generator_cpp/cmake)
[0.831s] -- Using all available rosidl_typesupport_c: rosidl_typesupport_fastrtps_c;rosidl_typesupport_introspection_c
[0.848s] -- Using all available rosidl_typesupport_cpp: rosidl_typesupport_fastrtps_cpp;rosidl_typesupport_introspection_cpp
[0.869s] -- Found cv_bridge: 3.2.1 (/opt/ros/humble/share/cv_bridge/cmake)
[0.943s] -- Found camera_info_manager: 3.1.9 (/opt/ros/humble/share/camera_info_manager/cmake)
[0.989s] -- Found rmw_implementation_cmake: 6.1.2 (/opt/ros/humble/share/rmw_implementation_cmake/cmake)
[0.992s] -- Found rmw_fastrtps_cpp: 6.2.7 (/opt/ros/humble/share/rmw_fastrtps_cpp/cmake)
[1.121s] -- Found OpenSSL: /usr/lib/x86_64-linux-gnu/libcrypto.so (found version "3.0.2")  
[1.159s] -- Found FastRTPS: /opt/ros/humble/include  
[1.209s] -- Using RMW implementation 'rmw_fastrtps_cpp' as default
[1.220s] -- Looking for pthread.h
[1.325s] -- Looking for pthread.h - found
[1.326s] -- Performing Test CMAKE_HAVE_LIBC_PTHREAD
[1.443s] -- Performing Test CMAKE_HAVE_LIBC_PTHREAD - Success
[1.444s] -- Found Threads: TRUE  
[1.500s] -- Found image_transport: 3.1.9 (/opt/ros/humble/share/image_transport/cmake)
[1.540s] -- Found image_publisher: 3.0.5 (/opt/ros/humble/share/image_publisher/cmake)
[1.577s] -- Found OpenCV: /usr (found version "4.5.4") 
[1.577s] -- Found orbbec_camera_msgs: 1.2.2 (/home/israamaciaas/ros2_ws/install/orbbec_camera_msgs/share/orbbec_camera_msgs/cmake)
[1.601s] -- Found std_srvs: 4.2.4 (/opt/ros/humble/share/std_srvs/cmake)
[1.620s] -- Found tf2: 0.25.7 (/opt/ros/humble/share/tf2/cmake)
[1.627s] -- Found tf2_eigen: 0.25.7 (/opt/ros/humble/share/tf2_eigen/cmake)
[1.722s] -- Found tf2_sensor_msgs: 0.25.7 (/opt/ros/humble/share/tf2_sensor_msgs/cmake)
[1.732s] -- Found diagnostic_updater: 4.0.0 (/opt/ros/humble/share/diagnostic_updater/cmake)
[1.767s] -- Found PkgConfig: /usr/bin/pkg-config (found version "0.29.2") 
[1.773s] -- ORRBEC Machine : x86_64
[1.773s] 
[1.773s] -- ORRBEC Machine Bits : 64
[1.773s] 
[1.844s] -- Found ament_lint_auto: 0.12.11 (/opt/ros/humble/share/ament_lint_auto/cmake)
[1.939s] -- Configuring done
[2.106s] -- Generating done
[2.109s] -- Build files have been written to: /home/israamaciaas/ros2_ws/build/orbbec_camera
[2.134s] Invoked command in '/home/israamaciaas/ros2_ws/build/orbbec_camera' returned '0': AMENT_PREFIX_PATH=/home/israamaciaas/ros2_ws/install/orbbec_camera_msgs:${AMENT_PREFIX_PATH} CMAKE_PREFIX_PATH=/home/israamaciaas/ros2_ws/install/orbbec_camera_msgs:/opt/ros/humble LD_LIBRARY_PATH=/home/israamaciaas/ros2_ws/install/orbbec_camera_msgs/lib:${LD_LIBRARY_PATH} PYTHONPATH=/home/israamaciaas/ros2_ws/install/orbbec_camera_msgs/local/lib/python3.10/dist-packages:${PYTHONPATH} /usr/bin/cmake /home/israamaciaas/ros2_ws/src/OrbbecSDK_ROS2/orbbec_camera -DCMAKE_BUILD_TYPE=Release -DCMAKE_INSTALL_PREFIX=/home/israamaciaas/ros2_ws/install/orbbec_camera
[2.136s] Invoking command in '/home/israamaciaas/ros2_ws/build/orbbec_camera': AMENT_PREFIX_PATH=/home/israamaciaas/ros2_ws/install/orbbec_camera_msgs:${AMENT_PREFIX_PATH} CMAKE_PREFIX_PATH=/home/israamaciaas/ros2_ws/install/orbbec_camera_msgs:/opt/ros/humble LD_LIBRARY_PATH=/home/israamaciaas/ros2_ws/install/orbbec_camera_msgs/lib:${LD_LIBRARY_PATH} PYTHONPATH=/home/israamaciaas/ros2_ws/install/orbbec_camera_msgs/local/lib/python3.10/dist-packages:${PYTHONPATH} /usr/bin/cmake --build /home/israamaciaas/ros2_ws/build/orbbec_camera -- -j8 -l8
[2.214s] [ 15%] [32mBuilding CXX object CMakeFiles/orbbec_camera.dir/src/d2c_viewer.cpp.o[0m
[2.215s] [ 15%] [32mBuilding CXX object CMakeFiles/orbbec_camera_node.dir/rclcpp_components/node_main_orbbec_camera_node.cpp.o[0m
[2.216s] [ 15%] [32mBuilding CXX object CMakeFiles/orbbec_camera.dir/src/ros_param_backend.cpp.o[0m
[2.217s] [ 20%] [32mBuilding CXX object CMakeFiles/orbbec_camera.dir/src/ob_camera_node_driver.cpp.o[0m
[2.218s] [ 25%] [32mBuilding CXX object CMakeFiles/orbbec_camera.dir/src/ob_camera_node.cpp.o[0m
[2.222s] [ 30%] [32mBuilding CXX object CMakeFiles/orbbec_camera.dir/src/dynamic_params.cpp.o[0m
[2.226s] [ 35%] [32mBuilding CXX object CMakeFiles/orbbec_camera.dir/src/ros_service.cpp.o[0m
[2.241s] [ 40%] [32mBuilding CXX object CMakeFiles/orbbec_camera.dir/src/synced_imu_publisher.cpp.o[0m
[10.393s] [ 45%] [32mBuilding CXX object CMakeFiles/orbbec_camera.dir/src/utils.cpp.o[0m
[12.195s] [ 50%] [32m[1mLinking CXX executable orbbec_camera_node[0m
[12.718s] [ 50%] Built target orbbec_camera_node
[12.743s] [ 55%] [32mBuilding CXX object CMakeFiles/orbbec_camera.dir/src/jpeg_decoder.cpp.o[0m
