[1.530s] Invoking command in '/home/israamaciaas/ros2_ws/build/signal_generator': CMAKE_PREFIX_PATH=${CMAKE_PREFIX_PATH}:/home/israamaciaas/ros2_ws/install/turtle_figure:/home/israamaciaas/ros2_ws/install/ros_move:/home/israamaciaas/ros2_ws/install/potMap:/opt/ros/humble /usr/bin/cmake --build /home/israamaciaas/ros2_ws/build/signal_generator -- -j8 -l8
[2.354s] [100%] Built target signal_generator
[2.358s] Invoked command in '/home/israamaciaas/ros2_ws/build/signal_generator' returned '0': CMAKE_PREFIX_PATH=${CMAKE_PREFIX_PATH}:/home/israamaciaas/ros2_ws/install/turtle_figure:/home/israamaciaas/ros2_ws/install/ros_move:/home/israamaciaas/ros2_ws/install/potMap:/opt/ros/humble /usr/bin/cmake --build /home/israamaciaas/ros2_ws/build/signal_generator -- -j8 -l8
[2.494s] Invoking command in '/home/israamaciaas/ros2_ws/build/signal_generator': CMAKE_PREFIX_PATH=${CMAKE_PREFIX_PATH}:/home/israamaciaas/ros2_ws/install/turtle_figure:/home/israamaciaas/ros2_ws/install/ros_move:/home/israamaciaas/ros2_ws/install/potMap:/opt/ros/humble /usr/bin/cmake --install /home/israamaciaas/ros2_ws/build/signal_generator
[2.523s] -- Install configuration: ""
[2.529s] -- Up-to-date: /home/israamaciaas/ros2_ws/install/signal_generator/lib/signal_generator/signal_generator
[2.529s] -- Up-to-date: /home/israamaciaas/ros2_ws/install/signal_generator/share/ament_index/resource_index/package_run_dependencies/signal_generator
[2.529s] -- Up-to-date: /home/israamaciaas/ros2_ws/install/signal_generator/share/ament_index/resource_index/parent_prefix_path/signal_generator
[2.529s] -- Up-to-date: /home/israamaciaas/ros2_ws/install/signal_generator/share/signal_generator/environment/ament_prefix_path.sh
[2.529s] -- Up-to-date: /home/israamaciaas/ros2_ws/install/signal_generator/share/signal_generator/environment/ament_prefix_path.dsv
[2.529s] -- Up-to-date: /home/israamaciaas/ros2_ws/install/signal_generator/share/signal_generator/environment/path.sh
[2.530s] -- Up-to-date: /home/israamaciaas/ros2_ws/install/signal_generator/share/signal_generator/environment/path.dsv
[2.530s] -- Up-to-date: /home/israamaciaas/ros2_ws/install/signal_generator/share/signal_generator/local_setup.bash
[2.532s] -- Up-to-date: /home/israamaciaas/ros2_ws/install/signal_generator/share/signal_generator/local_setup.sh
[2.534s] -- Up-to-date: /home/israamaciaas/ros2_ws/install/signal_generator/share/signal_generator/local_setup.zsh
[2.534s] -- Up-to-date: /home/israamaciaas/ros2_ws/install/signal_generator/share/signal_generator/local_setup.dsv
[2.535s] -- Installing: /home/israamaciaas/ros2_ws/install/signal_generator/share/signal_generator/package.dsv
[2.536s] -- Up-to-date: /home/israamaciaas/ros2_ws/install/signal_generator/share/ament_index/resource_index/packages/signal_generator
[2.536s] -- Up-to-date: /home/israamaciaas/ros2_ws/install/signal_generator/share/signal_generator/cmake/signal_generatorConfig.cmake
[2.536s] -- Up-to-date: /home/israamaciaas/ros2_ws/install/signal_generator/share/signal_generator/cmake/signal_generatorConfig-version.cmake
[2.536s] -- Up-to-date: /home/israamaciaas/ros2_ws/install/signal_generator/share/signal_generator/package.xml
[2.537s] Invoked command in '/home/israamaciaas/ros2_ws/build/signal_generator' returned '0': CMAKE_PREFIX_PATH=${CMAKE_PREFIX_PATH}:/home/israamaciaas/ros2_ws/install/turtle_figure:/home/israamaciaas/ros2_ws/install/ros_move:/home/israamaciaas/ros2_ws/install/potMap:/opt/ros/humble /usr/bin/cmake --install /home/israamaciaas/ros2_ws/build/signal_generator
