[2.055s] Invoking command in '/home/israamaciaas/ros2_ws/src/ros_move': PYTHONPATH=/home/israamaciaas/ros2_ws/build/ros_move/prefix_override:/usr/lib/python3/dist-packages/colcon_core/task/python/colcon_distutils_commands:/home/israamaciaas/ros2_ws/install/ros_move/lib/python3.10/site-packages:${PYTHONPATH} /usr/bin/python3 -W ignore:setup.py install is deprecated setup.py egg_info --egg-base ../../build/ros_move build --build-base /home/israamaciaas/ros2_ws/build/ros_move/build install --record /home/israamaciaas/ros2_ws/build/ros_move/install.log --single-version-externally-managed install_data
[2.444s] running egg_info
[2.445s] writing ../../build/ros_move/ros_move.egg-info/PKG-INFO
[2.445s] writing dependency_links to ../../build/ros_move/ros_move.egg-info/dependency_links.txt
[2.445s] writing entry points to ../../build/ros_move/ros_move.egg-info/entry_points.txt
[2.446s] writing requirements to ../../build/ros_move/ros_move.egg-info/requires.txt
[2.446s] writing top-level names to ../../build/ros_move/ros_move.egg-info/top_level.txt
[2.449s] reading manifest file '../../build/ros_move/ros_move.egg-info/SOURCES.txt'
[2.451s] writing manifest file '../../build/ros_move/ros_move.egg-info/SOURCES.txt'
[2.451s] running build
[2.451s] running build_py
[2.452s] running install
[2.453s] running install_lib
[2.456s] running install_data
[2.456s] running install_egg_info
[2.459s] removing '/home/israamaciaas/ros2_ws/install/ros_move/lib/python3.10/site-packages/ros_move-0.0.0-py3.10.egg-info' (and everything under it)
[2.459s] Copying ../../build/ros_move/ros_move.egg-info to /home/israamaciaas/ros2_ws/install/ros_move/lib/python3.10/site-packages/ros_move-0.0.0-py3.10.egg-info
[2.461s] running install_scripts
[2.497s] Installing bot_node script to /home/israamaciaas/ros2_ws/install/ros_move/lib/ros_move
[2.497s] Installing fuzzy_controller_node script to /home/israamaciaas/ros2_ws/install/ros_move/lib/ros_move
[2.498s] writing list of installed files to '/home/israamaciaas/ros2_ws/build/ros_move/install.log'
[2.575s] Invoked command in '/home/israamaciaas/ros2_ws/src/ros_move' returned '0': PYTHONPATH=/home/israamaciaas/ros2_ws/build/ros_move/prefix_override:/usr/lib/python3/dist-packages/colcon_core/task/python/colcon_distutils_commands:/home/israamaciaas/ros2_ws/install/ros_move/lib/python3.10/site-packages:${PYTHONPATH} /usr/bin/python3 -W ignore:setup.py install is deprecated setup.py egg_info --egg-base ../../build/ros_move build --build-base /home/israamaciaas/ros2_ws/build/ros_move/build install --record /home/israamaciaas/ros2_ws/build/ros_move/install.log --single-version-externally-managed install_data
