[2.710s] Invoking command in '/home/israamaciaas/ros2_ws/src/ros_move': PYTHONPATH=/home/israamaciaas/ros2_ws/build/ros_move/prefix_override:/usr/lib/python3/dist-packages/colcon_core/task/python/colcon_distutils_commands:/home/israamaciaas/ros2_ws/install/ros_move/lib/python3.10/site-packages:${PYTHONPATH} /usr/bin/python3 -W ignore:setup.py install is deprecated setup.py egg_info --egg-base ../../build/ros_move build --build-base /home/israamaciaas/ros2_ws/build/ros_move/build install --record /home/israamaciaas/ros2_ws/build/ros_move/install.log --single-version-externally-managed install_data
[3.223s] running egg_info
[3.225s] writing ../../build/ros_move/ros_move.egg-info/PKG-INFO
[3.226s] writing dependency_links to ../../build/ros_move/ros_move.egg-info/dependency_links.txt
[3.226s] writing entry points to ../../build/ros_move/ros_move.egg-info/entry_points.txt
[3.226s] writing requirements to ../../build/ros_move/ros_move.egg-info/requires.txt
[3.227s] writing top-level names to ../../build/ros_move/ros_move.egg-info/top_level.txt
[3.231s] reading manifest file '../../build/ros_move/ros_move.egg-info/SOURCES.txt'
[3.233s] writing manifest file '../../build/ros_move/ros_move.egg-info/SOURCES.txt'
[3.234s] running build
[3.234s] running build_py
[3.234s] running install
[3.234s] running install_lib
[3.238s] running install_data
[3.240s] running install_egg_info
[3.245s] removing '/home/israamaciaas/ros2_ws/install/ros_move/lib/python3.10/site-packages/ros_move-0.0.0-py3.10.egg-info' (and everything under it)
[3.246s] Copying ../../build/ros_move/ros_move.egg-info to /home/israamaciaas/ros2_ws/install/ros_move/lib/python3.10/site-packages/ros_move-0.0.0-py3.10.egg-info
[3.248s] running install_scripts
[3.298s] Installing bot_node script to /home/israamaciaas/ros2_ws/install/ros_move/lib/ros_move
[3.299s] Installing fuzzy_controller_node script to /home/israamaciaas/ros2_ws/install/ros_move/lib/ros_move
[3.301s] writing list of installed files to '/home/israamaciaas/ros2_ws/build/ros_move/install.log'
[3.418s] Invoked command in '/home/israamaciaas/ros2_ws/src/ros_move' returned '0': PYTHONPATH=/home/israamaciaas/ros2_ws/build/ros_move/prefix_override:/usr/lib/python3/dist-packages/colcon_core/task/python/colcon_distutils_commands:/home/israamaciaas/ros2_ws/install/ros_move/lib/python3.10/site-packages:${PYTHONPATH} /usr/bin/python3 -W ignore:setup.py install is deprecated setup.py egg_info --egg-base ../../build/ros_move build --build-base /home/israamaciaas/ros2_ws/build/ros_move/build install --record /home/israamaciaas/ros2_ws/build/ros_move/install.log --single-version-externally-managed install_data
