[0.827s] Invoking command in '/home/israamaciaas/ros2_ws/src/ros_move': PYTHONPATH=/home/israamaciaas/ros2_ws/build/ros_move/prefix_override:/usr/lib/python3/dist-packages/colcon_core/task/python/colcon_distutils_commands:/home/israamaciaas/ros2_ws/install/ros_move/lib/python3.10/site-packages:${PYTHONPATH} /usr/bin/python3 -W ignore:setup.py install is deprecated setup.py egg_info --egg-base ../../build/ros_move build --build-base /home/israamaciaas/ros2_ws/build/ros_move/build install --record /home/israamaciaas/ros2_ws/build/ros_move/install.log --single-version-externally-managed install_data
[1.073s] running egg_info
[1.074s] creating ../../build/ros_move/ros_move.egg-info
[1.074s] writing ../../build/ros_move/ros_move.egg-info/PKG-INFO
[1.075s] writing dependency_links to ../../build/ros_move/ros_move.egg-info/dependency_links.txt
[1.075s] writing entry points to ../../build/ros_move/ros_move.egg-info/entry_points.txt
[1.075s] writing requirements to ../../build/ros_move/ros_move.egg-info/requires.txt
[1.075s] writing top-level names to ../../build/ros_move/ros_move.egg-info/top_level.txt
[1.075s] writing manifest file '../../build/ros_move/ros_move.egg-info/SOURCES.txt'
[1.078s] reading manifest file '../../build/ros_move/ros_move.egg-info/SOURCES.txt'
[1.078s] writing manifest file '../../build/ros_move/ros_move.egg-info/SOURCES.txt'
[1.078s] running build
[1.078s] running build_py
[1.078s] creating /home/israamaciaas/ros2_ws/build/ros_move/build
[1.078s] creating /home/israamaciaas/ros2_ws/build/ros_move/build/lib
[1.079s] creating /home/israamaciaas/ros2_ws/build/ros_move/build/lib/ros_move
[1.079s] copying ros_move/bot_node.py -> /home/israamaciaas/ros2_ws/build/ros_move/build/lib/ros_move
[1.079s] copying ros_move/__init__.py -> /home/israamaciaas/ros2_ws/build/ros_move/build/lib/ros_move
[1.079s] copying ros_move/fuzzy_controller_node.py -> /home/israamaciaas/ros2_ws/build/ros_move/build/lib/ros_move
[1.079s] running install
[1.079s] running install_lib
[1.080s] creating /home/israamaciaas/ros2_ws/install/ros_move/lib/python3.10/site-packages/ros_move
[1.080s] copying /home/israamaciaas/ros2_ws/build/ros_move/build/lib/ros_move/bot_node.py -> /home/israamaciaas/ros2_ws/install/ros_move/lib/python3.10/site-packages/ros_move
[1.080s] copying /home/israamaciaas/ros2_ws/build/ros_move/build/lib/ros_move/__init__.py -> /home/israamaciaas/ros2_ws/install/ros_move/lib/python3.10/site-packages/ros_move
[1.081s] copying /home/israamaciaas/ros2_ws/build/ros_move/build/lib/ros_move/fuzzy_controller_node.py -> /home/israamaciaas/ros2_ws/install/ros_move/lib/python3.10/site-packages/ros_move
[1.081s] byte-compiling /home/israamaciaas/ros2_ws/install/ros_move/lib/python3.10/site-packages/ros_move/bot_node.py to bot_node.cpython-310.pyc
[1.083s] byte-compiling /home/israamaciaas/ros2_ws/install/ros_move/lib/python3.10/site-packages/ros_move/__init__.py to __init__.cpython-310.pyc
[1.083s] byte-compiling /home/israamaciaas/ros2_ws/install/ros_move/lib/python3.10/site-packages/ros_move/fuzzy_controller_node.py to fuzzy_controller_node.cpython-310.pyc
[1.084s] running install_data
[1.084s] creating /home/israamaciaas/ros2_ws/install/ros_move/share/ament_index
[1.084s] creating /home/israamaciaas/ros2_ws/install/ros_move/share/ament_index/resource_index
[1.084s] creating /home/israamaciaas/ros2_ws/install/ros_move/share/ament_index/resource_index/packages
[1.084s] copying resource/ros_move -> /home/israamaciaas/ros2_ws/install/ros_move/share/ament_index/resource_index/packages
[1.084s] copying package.xml -> /home/israamaciaas/ros2_ws/install/ros_move/share/ros_move
[1.084s] creating /home/israamaciaas/ros2_ws/install/ros_move/share/ros_move/launch
[1.084s] copying launch/fuzzy_launch.py -> /home/israamaciaas/ros2_ws/install/ros_move/share/ros_move/launch
[1.084s] running install_egg_info
[1.086s] Copying ../../build/ros_move/ros_move.egg-info to /home/israamaciaas/ros2_ws/install/ros_move/lib/python3.10/site-packages/ros_move-0.0.0-py3.10.egg-info
[1.087s] running install_scripts
[1.108s] Installing bot_node script to /home/israamaciaas/ros2_ws/install/ros_move/lib/ros_move
[1.109s] Installing fuzzy_controller_node script to /home/israamaciaas/ros2_ws/install/ros_move/lib/ros_move
[1.109s] writing list of installed files to '/home/israamaciaas/ros2_ws/build/ros_move/install.log'
[1.150s] Invoked command in '/home/israamaciaas/ros2_ws/src/ros_move' returned '0': PYTHONPATH=/home/israamaciaas/ros2_ws/build/ros_move/prefix_override:/usr/lib/python3/dist-packages/colcon_core/task/python/colcon_distutils_commands:/home/israamaciaas/ros2_ws/install/ros_move/lib/python3.10/site-packages:${PYTHONPATH} /usr/bin/python3 -W ignore:setup.py install is deprecated setup.py egg_info --egg-base ../../build/ros_move build --build-base /home/israamaciaas/ros2_ws/build/ros_move/build install --record /home/israamaciaas/ros2_ws/build/ros_move/install.log --single-version-externally-managed install_data
