/home/israamaciaas/ros2_ws/install/puzzlebot_sim/lib/python3.10/site-packages/puzzlebot_sim/joint_pub.py
/home/israamaciaas/ros2_ws/install/puzzlebot_sim/lib/python3.10/site-packages/puzzlebot_sim/__init__.py
/home/israamaciaas/ros2_ws/install/puzzlebot_sim/lib/python3.10/site-packages/puzzlebot_sim/puzzlebot_sim_node.py
/home/israamaciaas/ros2_ws/install/puzzlebot_sim/lib/python3.10/site-packages/puzzlebot_sim/__pycache__/joint_pub.cpython-310.pyc
/home/israamaciaas/ros2_ws/install/puzzlebot_sim/lib/python3.10/site-packages/puzzlebot_sim/__pycache__/__init__.cpython-310.pyc
/home/israamaciaas/ros2_ws/install/puzzlebot_sim/lib/python3.10/site-packages/puzzlebot_sim/__pycache__/puzzlebot_sim_node.cpython-310.pyc
/home/israamaciaas/ros2_ws/install/puzzlebot_sim/share/ament_index/resource_index/packages/puzzlebot_sim
/home/israamaciaas/ros2_ws/install/puzzlebot_sim/share/puzzlebot_sim/package.xml
/home/israamaciaas/ros2_ws/install/puzzlebot_sim/share/puzzlebot_sim/launch/puzzlebot_launch.py
/home/israamaciaas/ros2_ws/install/puzzlebot_sim/share/puzzlebot_sim/launch/puzzlebot_moving_launch.py
/home/israamaciaas/ros2_ws/install/puzzlebot_sim/share/puzzlebot_sim/config
/home/israamaciaas/ros2_ws/install/puzzlebot_sim/share/puzzlebot_sim/rviz
/home/israamaciaas/ros2_ws/install/puzzlebot_sim/share/puzzlebot_sim/meshes/MCR2_puzzlebot_base.stl
/home/israamaciaas/ros2_ws/install/puzzlebot_sim/share/puzzlebot_sim/meshes/MCR2_wheel.stl
/home/israamaciaas/ros2_ws/install/puzzlebot_sim/share/puzzlebot_sim/meshes/MCR2_puzzlebot_jetson_base.stl
/home/israamaciaas/ros2_ws/install/puzzlebot_sim/share/puzzlebot_sim/meshes/MCR2_puzzlebot_jetson_lidar_base.stl
/home/israamaciaas/ros2_ws/install/puzzlebot_sim/share/puzzlebot_sim/meshes/MCR2_caster_wheel.stl
/home/israamaciaas/ros2_ws/install/puzzlebot_sim/share/puzzlebot_sim/urdf/puzzlebot.urdf
/home/israamaciaas/ros2_ws/install/puzzlebot_sim/lib/python3.10/site-packages/puzzlebot_sim-0.0.0-py3.10.egg-info/entry_points.txt
/home/israamaciaas/ros2_ws/install/puzzlebot_sim/lib/python3.10/site-packages/puzzlebot_sim-0.0.0-py3.10.egg-info/PKG-INFO
/home/israamaciaas/ros2_ws/install/puzzlebot_sim/lib/python3.10/site-packages/puzzlebot_sim-0.0.0-py3.10.egg-info/top_level.txt
/home/israamaciaas/ros2_ws/install/puzzlebot_sim/lib/python3.10/site-packages/puzzlebot_sim-0.0.0-py3.10.egg-info/SOURCES.txt
/home/israamaciaas/ros2_ws/install/puzzlebot_sim/lib/python3.10/site-packages/puzzlebot_sim-0.0.0-py3.10.egg-info/requires.txt
/home/israamaciaas/ros2_ws/install/puzzlebot_sim/lib/python3.10/site-packages/puzzlebot_sim-0.0.0-py3.10.egg-info/dependency_links.txt
/home/israamaciaas/ros2_ws/install/puzzlebot_sim/lib/python3.10/site-packages/puzzlebot_sim-0.0.0-py3.10.egg-info/zip-safe
/home/israamaciaas/ros2_ws/install/puzzlebot_sim/lib/puzzlebot_sim/joint_pub
/home/israamaciaas/ros2_ws/install/puzzlebot_sim/lib/puzzlebot_sim/puzzlebot_sim_node
