running egg_info
writing ../../build/ros_move/ros_move.egg-info/PKG-INFO
writing dependency_links to ../../build/ros_move/ros_move.egg-info/dependency_links.txt
writing entry points to ../../build/ros_move/ros_move.egg-info/entry_points.txt
writing requirements to ../../build/ros_move/ros_move.egg-info/requires.txt
writing top-level names to ../../build/ros_move/ros_move.egg-info/top_level.txt
reading manifest file '../../build/ros_move/ros_move.egg-info/SOURCES.txt'
writing manifest file '../../build/ros_move/ros_move.egg-info/SOURCES.txt'
running build
running build_py
copying ros_move/fuzzy_controller_node.py -> /home/israamaciaas/ros2_ws/build/ros_move/build/lib/ros_move
running install
running install_lib
copying /home/israamaciaas/ros2_ws/build/ros_move/build/lib/ros_move/fuzzy_controller_node.py -> /home/israamaciaas/ros2_ws/install/ros_move/lib/python3.10/site-packages/ros_move
byte-compiling /home/israamaciaas/ros2_ws/install/ros_move/lib/python3.10/site-packages/ros_move/fuzzy_controller_node.py to fuzzy_controller_node.cpython-310.pyc
running install_data
running install_egg_info
removing '/home/israamaciaas/ros2_ws/install/ros_move/lib/python3.10/site-packages/ros_move-0.0.0-py3.10.egg-info' (and everything under it)
Copying ../../build/ros_move/ros_move.egg-info to /home/israamaciaas/ros2_ws/install/ros_move/lib/python3.10/site-packages/ros_move-0.0.0-py3.10.egg-info
running install_scripts
Installing bot_node script to /home/israamaciaas/ros2_ws/install/ros_move/lib/ros_move
Installing fuzzy_controller_node script to /home/israamaciaas/ros2_ws/install/ros_move/lib/ros_move
writing list of installed files to '/home/israamaciaas/ros2_ws/build/ros_move/install.log'
