/home/israamaciaas/ros2_ws/install/multidim_rrt_planner/lib/python3.10/site-packages/multidim_rrt_planner/rrt2D.py
/home/israamaciaas/ros2_ws/install/multidim_rrt_planner/lib/python3.10/site-packages/multidim_rrt_planner/map_frame_pub.py
/home/israamaciaas/ros2_ws/install/multidim_rrt_planner/lib/python3.10/site-packages/multidim_rrt_planner/__init__.py
/home/israamaciaas/ros2_ws/install/multidim_rrt_planner/lib/python3.10/site-packages/multidim_rrt_planner/obstacle_pub_2D.py
/home/israamaciaas/ros2_ws/install/multidim_rrt_planner/lib/python3.10/site-packages/multidim_rrt_planner/rrt3D.py
/home/israamaciaas/ros2_ws/install/multidim_rrt_planner/lib/python3.10/site-packages/multidim_rrt_planner/Marker.py
/home/israamaciaas/ros2_ws/install/multidim_rrt_planner/lib/python3.10/site-packages/multidim_rrt_planner/occupancy_pub.py
/home/israamaciaas/ros2_ws/install/multidim_rrt_planner/lib/python3.10/site-packages/multidim_rrt_planner/TreeNode.py
/home/israamaciaas/ros2_ws/install/multidim_rrt_planner/lib/python3.10/site-packages/multidim_rrt_planner/obstacle_pub_3D.py
/home/israamaciaas/ros2_ws/install/multidim_rrt_planner/lib/python3.10/site-packages/multidim_rrt_planner/__pycache__/rrt2D.cpython-310.pyc
/home/israamaciaas/ros2_ws/install/multidim_rrt_planner/lib/python3.10/site-packages/multidim_rrt_planner/__pycache__/map_frame_pub.cpython-310.pyc
/home/israamaciaas/ros2_ws/install/multidim_rrt_planner/lib/python3.10/site-packages/multidim_rrt_planner/__pycache__/__init__.cpython-310.pyc
/home/israamaciaas/ros2_ws/install/multidim_rrt_planner/lib/python3.10/site-packages/multidim_rrt_planner/__pycache__/obstacle_pub_2D.cpython-310.pyc
/home/israamaciaas/ros2_ws/install/multidim_rrt_planner/lib/python3.10/site-packages/multidim_rrt_planner/__pycache__/rrt3D.cpython-310.pyc
/home/israamaciaas/ros2_ws/install/multidim_rrt_planner/lib/python3.10/site-packages/multidim_rrt_planner/__pycache__/Marker.cpython-310.pyc
/home/israamaciaas/ros2_ws/install/multidim_rrt_planner/lib/python3.10/site-packages/multidim_rrt_planner/__pycache__/occupancy_pub.cpython-310.pyc
/home/israamaciaas/ros2_ws/install/multidim_rrt_planner/lib/python3.10/site-packages/multidim_rrt_planner/__pycache__/TreeNode.cpython-310.pyc
/home/israamaciaas/ros2_ws/install/multidim_rrt_planner/lib/python3.10/site-packages/multidim_rrt_planner/__pycache__/obstacle_pub_3D.cpython-310.pyc
/home/israamaciaas/ros2_ws/install/multidim_rrt_planner/share/ament_index/resource_index/packages/multidim_rrt_planner
/home/israamaciaas/ros2_ws/install/multidim_rrt_planner/share/multidim_rrt_planner/package.xml
/home/israamaciaas/ros2_ws/install/multidim_rrt_planner/share/multidim_rrt_planner/launch/rrt2Dlaunch.xml
/home/israamaciaas/ros2_ws/install/multidim_rrt_planner/share/multidim_rrt_planner/launch/rrt3Dlaunch.xml
/home/israamaciaas/ros2_ws/install/multidim_rrt_planner/share/multidim_rrt_planner/config/rrt2Dconfig.rviz
/home/israamaciaas/ros2_ws/install/multidim_rrt_planner/share/multidim_rrt_planner/config/rrt3Dconfig.rviz
/home/israamaciaas/ros2_ws/install/multidim_rrt_planner/lib/python3.10/site-packages/multidim_rrt_planner-0.0.7-py3.10.egg-info/entry_points.txt
/home/israamaciaas/ros2_ws/install/multidim_rrt_planner/lib/python3.10/site-packages/multidim_rrt_planner-0.0.7-py3.10.egg-info/PKG-INFO
/home/israamaciaas/ros2_ws/install/multidim_rrt_planner/lib/python3.10/site-packages/multidim_rrt_planner-0.0.7-py3.10.egg-info/top_level.txt
/home/israamaciaas/ros2_ws/install/multidim_rrt_planner/lib/python3.10/site-packages/multidim_rrt_planner-0.0.7-py3.10.egg-info/SOURCES.txt
/home/israamaciaas/ros2_ws/install/multidim_rrt_planner/lib/python3.10/site-packages/multidim_rrt_planner-0.0.7-py3.10.egg-info/requires.txt
/home/israamaciaas/ros2_ws/install/multidim_rrt_planner/lib/python3.10/site-packages/multidim_rrt_planner-0.0.7-py3.10.egg-info/dependency_links.txt
/home/israamaciaas/ros2_ws/install/multidim_rrt_planner/lib/python3.10/site-packages/multidim_rrt_planner-0.0.7-py3.10.egg-info/zip-safe
/home/israamaciaas/ros2_ws/install/multidim_rrt_planner/lib/multidim_rrt_planner/map_frame_pub
/home/israamaciaas/ros2_ws/install/multidim_rrt_planner/lib/multidim_rrt_planner/obstacle_pub_2D
/home/israamaciaas/ros2_ws/install/multidim_rrt_planner/lib/multidim_rrt_planner/obstacle_pub_3D
/home/israamaciaas/ros2_ws/install/multidim_rrt_planner/lib/multidim_rrt_planner/occupancy_pub
/home/israamaciaas/ros2_ws/install/multidim_rrt_planner/lib/multidim_rrt_planner/rrt2D
/home/israamaciaas/ros2_ws/install/multidim_rrt_planner/lib/multidim_rrt_planner/rrt3D
