[1.346s] Invoking command in '/home/israamaciaas/ros2_ws/src/ros_move': PYTHONPATH=/home/israamaciaas/ros2_ws/build/ros_move/prefix_override:/usr/lib/python3/dist-packages/colcon_core/task/python/colcon_distutils_commands:/home/israamaciaas/ros2_ws/install/ros_move/lib/python3.10/site-packages:${PYTHONPATH} /usr/bin/python3 -W ignore:setup.py install is deprecated setup.py egg_info --egg-base ../../build/ros_move build --build-base /home/israamaciaas/ros2_ws/build/ros_move/build install --record /home/israamaciaas/ros2_ws/build/ros_move/install.log --single-version-externally-managed install_data
[1.597s] running egg_info
[1.598s] writing ../../build/ros_move/ros_move.egg-info/PKG-INFO
[1.598s] writing dependency_links to ../../build/ros_move/ros_move.egg-info/dependency_links.txt
[1.599s] writing entry points to ../../build/ros_move/ros_move.egg-info/entry_points.txt
[1.599s] writing requirements to ../../build/ros_move/ros_move.egg-info/requires.txt
[1.599s] writing top-level names to ../../build/ros_move/ros_move.egg-info/top_level.txt
[1.601s] reading manifest file '../../build/ros_move/ros_move.egg-info/SOURCES.txt'
[1.602s] writing manifest file '../../build/ros_move/ros_move.egg-info/SOURCES.txt'
[1.602s] running build
[1.602s] running build_py
[1.602s] running install
[1.603s] running install_lib
[1.605s] running install_data
[1.605s] running install_egg_info
[1.607s] removing '/home/israamaciaas/ros2_ws/install/ros_move/lib/python3.10/site-packages/ros_move-0.0.0-py3.10.egg-info' (and everything under it)
[1.607s] Copying ../../build/ros_move/ros_move.egg-info to /home/israamaciaas/ros2_ws/install/ros_move/lib/python3.10/site-packages/ros_move-0.0.0-py3.10.egg-info
[1.608s] running install_scripts
[1.634s] Installing bot_node script to /home/israamaciaas/ros2_ws/install/ros_move/lib/ros_move
[1.634s] Installing fuzzy_controller_node script to /home/israamaciaas/ros2_ws/install/ros_move/lib/ros_move
[1.635s] writing list of installed files to '/home/israamaciaas/ros2_ws/build/ros_move/install.log'
[1.687s] Invoked command in '/home/israamaciaas/ros2_ws/src/ros_move' returned '0': PYTHONPATH=/home/israamaciaas/ros2_ws/build/ros_move/prefix_override:/usr/lib/python3/dist-packages/colcon_core/task/python/colcon_distutils_commands:/home/israamaciaas/ros2_ws/install/ros_move/lib/python3.10/site-packages:${PYTHONPATH} /usr/bin/python3 -W ignore:setup.py install is deprecated setup.py egg_info --egg-base ../../build/ros_move build --build-base /home/israamaciaas/ros2_ws/build/ros_move/build install --record /home/israamaciaas/ros2_ws/build/ros_move/install.log --single-version-externally-managed install_data
