[0.803s] Invoking command in '/home/israamaciaas/ros2_ws/src/hybrid_project/a_star_robot': PYTHONPATH=/home/israamaciaas/ros2_ws/build/a_star_robot/prefix_override:/usr/lib/python3/dist-packages/colcon_core/task/python/colcon_distutils_commands:/home/israamaciaas/ros2_ws/install/a_star_robot/lib/python3.10/site-packages:${PYTHONPATH} /usr/bin/python3 -W ignore:setup.py install is deprecated setup.py egg_info --egg-base ../../../build/a_star_robot build --build-base /home/israamaciaas/ros2_ws/build/a_star_robot/build install --record /home/israamaciaas/ros2_ws/build/a_star_robot/install.log --single-version-externally-managed install_data
[1.101s] running egg_info
[1.102s] writing ../../../build/a_star_robot/a_star_robot.egg-info/PKG-INFO
[1.102s] writing dependency_links to ../../../build/a_star_robot/a_star_robot.egg-info/dependency_links.txt
[1.102s] writing entry points to ../../../build/a_star_robot/a_star_robot.egg-info/entry_points.txt
[1.103s] writing requirements to ../../../build/a_star_robot/a_star_robot.egg-info/requires.txt
[1.103s] writing top-level names to ../../../build/a_star_robot/a_star_robot.egg-info/top_level.txt
[1.105s] reading manifest file '../../../build/a_star_robot/a_star_robot.egg-info/SOURCES.txt'
[1.105s] writing manifest file '../../../build/a_star_robot/a_star_robot.egg-info/SOURCES.txt'
[1.106s] running build
[1.106s] running build_py
[1.106s] copying a_star_robot/trajectory_controller.py -> /home/israamaciaas/ros2_ws/build/a_star_robot/build/lib/a_star_robot
[1.106s] copying a_star_robot/a_star_planner.py -> /home/israamaciaas/ros2_ws/build/a_star_robot/build/lib/a_star_robot
[1.106s] running install
[1.107s] running install_lib
[1.108s] copying /home/israamaciaas/ros2_ws/build/a_star_robot/build/lib/a_star_robot/trajectory_controller.py -> /home/israamaciaas/ros2_ws/install/a_star_robot/lib/python3.10/site-packages/a_star_robot
[1.108s] copying /home/israamaciaas/ros2_ws/build/a_star_robot/build/lib/a_star_robot/a_star_planner.py -> /home/israamaciaas/ros2_ws/install/a_star_robot/lib/python3.10/site-packages/a_star_robot
[1.109s] byte-compiling /home/israamaciaas/ros2_ws/install/a_star_robot/lib/python3.10/site-packages/a_star_robot/trajectory_controller.py to trajectory_controller.cpython-310.pyc
[1.111s] byte-compiling /home/israamaciaas/ros2_ws/install/a_star_robot/lib/python3.10/site-packages/a_star_robot/a_star_planner.py to a_star_planner.cpython-310.pyc
[1.112s] running install_data
[1.112s] running install_egg_info
[1.115s] removing '/home/israamaciaas/ros2_ws/install/a_star_robot/lib/python3.10/site-packages/a_star_robot-0.0.0-py3.10.egg-info' (and everything under it)
[1.115s] Copying ../../../build/a_star_robot/a_star_robot.egg-info to /home/israamaciaas/ros2_ws/install/a_star_robot/lib/python3.10/site-packages/a_star_robot-0.0.0-py3.10.egg-info
[1.116s] running install_scripts
[1.139s] Installing a_star_planner script to /home/israamaciaas/ros2_ws/install/a_star_robot/lib/a_star_robot
[1.139s] Installing trajectory_controller script to /home/israamaciaas/ros2_ws/install/a_star_robot/lib/a_star_robot
[1.139s] writing list of installed files to '/home/israamaciaas/ros2_ws/build/a_star_robot/install.log'
[1.178s] Invoked command in '/home/israamaciaas/ros2_ws/src/hybrid_project/a_star_robot' returned '0': PYTHONPATH=/home/israamaciaas/ros2_ws/build/a_star_robot/prefix_override:/usr/lib/python3/dist-packages/colcon_core/task/python/colcon_distutils_commands:/home/israamaciaas/ros2_ws/install/a_star_robot/lib/python3.10/site-packages:${PYTHONPATH} /usr/bin/python3 -W ignore:setup.py install is deprecated setup.py egg_info --egg-base ../../../build/a_star_robot build --build-base /home/israamaciaas/ros2_ws/build/a_star_robot/build install --record /home/israamaciaas/ros2_ws/build/a_star_robot/install.log --single-version-externally-managed install_data
