[1.150s] Invoking command in '/home/israamaciaas/ros2_ws/src/puzzlebot_sim': PYTHONPATH=/home/israamaciaas/ros2_ws/build/puzzlebot_sim/prefix_override:/usr/lib/python3/dist-packages/colcon_core/task/python/colcon_distutils_commands:/home/israamaciaas/ros2_ws/install/puzzlebot_sim/lib/python3.10/site-packages:${PYTHONPATH} /usr/bin/python3 -W ignore:setup.py install is deprecated setup.py egg_info --egg-base ../../build/puzzlebot_sim build --build-base /home/israamaciaas/ros2_ws/build/puzzlebot_sim/build install --record /home/israamaciaas/ros2_ws/build/puzzlebot_sim/install.log --single-version-externally-managed install_data
[1.503s] running egg_info
[1.504s] writing ../../build/puzzlebot_sim/puzzlebot_sim.egg-info/PKG-INFO
[1.504s] writing dependency_links to ../../build/puzzlebot_sim/puzzlebot_sim.egg-info/dependency_links.txt
[1.505s] writing entry points to ../../build/puzzlebot_sim/puzzlebot_sim.egg-info/entry_points.txt
[1.505s] writing requirements to ../../build/puzzlebot_sim/puzzlebot_sim.egg-info/requires.txt
[1.505s] writing top-level names to ../../build/puzzlebot_sim/puzzlebot_sim.egg-info/top_level.txt
[1.507s] reading manifest file '../../build/puzzlebot_sim/puzzlebot_sim.egg-info/SOURCES.txt'
[1.508s] writing manifest file '../../build/puzzlebot_sim/puzzlebot_sim.egg-info/SOURCES.txt'
[1.508s] running build
[1.508s] running build_py
[1.509s] running install
[1.509s] running install_lib
[1.511s] running install_data
[1.511s] copying launch/puzzlebot_launch.py -> /home/israamaciaas/ros2_ws/install/puzzlebot_sim/share/puzzlebot_sim/launch
[1.511s] running install_egg_info
[1.514s] removing '/home/israamaciaas/ros2_ws/install/puzzlebot_sim/lib/python3.10/site-packages/puzzlebot_sim-0.0.0-py3.10.egg-info' (and everything under it)
[1.514s] Copying ../../build/puzzlebot_sim/puzzlebot_sim.egg-info to /home/israamaciaas/ros2_ws/install/puzzlebot_sim/lib/python3.10/site-packages/puzzlebot_sim-0.0.0-py3.10.egg-info
[1.515s] running install_scripts
[1.542s] Installing puzzlebot_sim_node script to /home/israamaciaas/ros2_ws/install/puzzlebot_sim/lib/puzzlebot_sim
[1.542s] writing list of installed files to '/home/israamaciaas/ros2_ws/build/puzzlebot_sim/install.log'
[1.584s] Invoked command in '/home/israamaciaas/ros2_ws/src/puzzlebot_sim' returned '0': PYTHONPATH=/home/israamaciaas/ros2_ws/build/puzzlebot_sim/prefix_override:/usr/lib/python3/dist-packages/colcon_core/task/python/colcon_distutils_commands:/home/israamaciaas/ros2_ws/install/puzzlebot_sim/lib/python3.10/site-packages:${PYTHONPATH} /usr/bin/python3 -W ignore:setup.py install is deprecated setup.py egg_info --egg-base ../../build/puzzlebot_sim build --build-base /home/israamaciaas/ros2_ws/build/puzzlebot_sim/build install --record /home/israamaciaas/ros2_ws/build/puzzlebot_sim/install.log --single-version-externally-managed install_data
