[0.277s] Invoking command in '/home/israamaciaas/ros2_ws/build/signal_generator': CMAKE_PREFIX_PATH=/opt/ros/humble /usr/bin/cmake /home/israamaciaas/ros2_ws/src/signal_generator -DCMAKE_INSTALL_PREFIX=/home/israamaciaas/ros2_ws/install/signal_generator
[0.390s] -- The C compiler identification is GNU 11.4.0
[0.509s] -- The CXX compiler identification is GNU 11.4.0
[0.522s] -- Detecting C compiler ABI info
[0.609s] -- Detecting C compiler ABI info - done
[0.618s] -- Check for working C compiler: /usr/bin/cc - skipped
[0.618s] -- Detecting C compile features
[0.618s] -- Detecting C compile features - done
[0.623s] -- Detecting CXX compiler ABI info
[0.721s] -- Detecting CXX compiler ABI info - done
[0.729s] -- Check for working CXX compiler: /usr/bin/c++ - skipped
[0.729s] -- Detecting CXX compile features
[0.730s] -- Detecting CXX compile features - done
[0.748s] -- Found ament_cmake: 1.3.10 (/opt/ros/humble/share/ament_cmake/cmake)
[0.924s] -- Found Python3: /usr/bin/python3 (found version "3.10.12") found components: Interpreter 
[1.069s] -- Found rclcpp: 16.0.10 (/opt/ros/humble/share/rclcpp/cmake)
[1.159s] -- Found rosidl_generator_c: 3.1.5 (/opt/ros/humble/share/rosidl_generator_c/cmake)
[1.167s] -- Found rosidl_adapter: 3.1.5 (/opt/ros/humble/share/rosidl_adapter/cmake)
[1.186s] -- Found rosidl_generator_cpp: 3.1.5 (/opt/ros/humble/share/rosidl_generator_cpp/cmake)
[1.204s] -- Using all available rosidl_typesupport_c: rosidl_typesupport_fastrtps_c;rosidl_typesupport_introspection_c
[1.231s] -- Using all available rosidl_typesupport_cpp: rosidl_typesupport_fastrtps_cpp;rosidl_typesupport_introspection_cpp
[1.297s] -- Found rmw_implementation_cmake: 6.1.2 (/opt/ros/humble/share/rmw_implementation_cmake/cmake)
[1.302s] -- Found rmw_fastrtps_cpp: 6.2.7 (/opt/ros/humble/share/rmw_fastrtps_cpp/cmake)
[1.423s] -- Found OpenSSL: /usr/lib/x86_64-linux-gnu/libcrypto.so (found version "3.0.2")  
[1.456s] -- Found FastRTPS: /opt/ros/humble/include  
[1.505s] -- Using RMW implementation 'rmw_fastrtps_cpp' as default
[1.528s] -- Looking for pthread.h
[1.618s] -- Looking for pthread.h - found
[1.618s] -- Performing Test CMAKE_HAVE_LIBC_PTHREAD
[1.702s] -- Performing Test CMAKE_HAVE_LIBC_PTHREAD - Success
[1.703s] -- Found Threads: TRUE  
[1.796s] -- Found ament_lint_auto: 0.12.11 (/opt/ros/humble/share/ament_lint_auto/cmake)
[1.887s] -- Added test 'cppcheck' to perform static code analysis on C / C++ code
[1.887s] -- Configured cppcheck include dirs: $<BUILD_INTERFACE:/home/israamaciaas/ros2_ws/src/signal_generator/include>
[1.887s] -- Configured cppcheck exclude dirs and/or files: 
[1.888s] -- Added test 'lint_cmake' to check CMake code style
[1.891s] -- Added test 'uncrustify' to check C / C++ code style
[1.891s] -- Configured uncrustify additional arguments: 
[1.891s] -- Added test 'xmllint' to check XML markup files
[1.893s] -- Configuring done
[1.904s] -- Generating done
[1.906s] -- Build files have been written to: /home/israamaciaas/ros2_ws/build/signal_generator
[1.917s] Invoked command in '/home/israamaciaas/ros2_ws/build/signal_generator' returned '0': CMAKE_PREFIX_PATH=/opt/ros/humble /usr/bin/cmake /home/israamaciaas/ros2_ws/src/signal_generator -DCMAKE_INSTALL_PREFIX=/home/israamaciaas/ros2_ws/install/signal_generator
[1.919s] Invoking command in '/home/israamaciaas/ros2_ws/build/signal_generator': CMAKE_PREFIX_PATH=/opt/ros/humble /usr/bin/cmake --build /home/israamaciaas/ros2_ws/build/signal_generator -- -j8 -l8
[1.976s] [ 50%] [32mBuilding CXX object CMakeFiles/signal_generator.dir/src/signal_generator.cpp.o[0m
[6.385s] [100%] [32m[1mLinking CXX executable signal_generator[0m
[6.746s] [100%] Built target signal_generator
[6.760s] Invoked command in '/home/israamaciaas/ros2_ws/build/signal_generator' returned '0': CMAKE_PREFIX_PATH=/opt/ros/humble /usr/bin/cmake --build /home/israamaciaas/ros2_ws/build/signal_generator -- -j8 -l8
[6.799s] Invoking command in '/home/israamaciaas/ros2_ws/build/signal_generator': CMAKE_PREFIX_PATH=/opt/ros/humble /usr/bin/cmake --install /home/israamaciaas/ros2_ws/build/signal_generator
[6.807s] -- Install configuration: ""
[6.807s] -- Installing: /home/israamaciaas/ros2_ws/install/signal_generator/lib/signal_generator/signal_generator
[6.809s] -- Set runtime path of "/home/israamaciaas/ros2_ws/install/signal_generator/lib/signal_generator/signal_generator" to ""
[6.809s] -- Installing: /home/israamaciaas/ros2_ws/install/signal_generator/share/ament_index/resource_index/package_run_dependencies/signal_generator
[6.809s] -- Installing: /home/israamaciaas/ros2_ws/install/signal_generator/share/ament_index/resource_index/parent_prefix_path/signal_generator
[6.809s] -- Installing: /home/israamaciaas/ros2_ws/install/signal_generator/share/signal_generator/environment/ament_prefix_path.sh
[6.810s] -- Installing: /home/israamaciaas/ros2_ws/install/signal_generator/share/signal_generator/environment/ament_prefix_path.dsv
[6.810s] -- Installing: /home/israamaciaas/ros2_ws/install/signal_generator/share/signal_generator/environment/path.sh
[6.810s] -- Installing: /home/israamaciaas/ros2_ws/install/signal_generator/share/signal_generator/environment/path.dsv
[6.810s] -- Installing: /home/israamaciaas/ros2_ws/install/signal_generator/share/signal_generator/local_setup.bash
[6.810s] -- Installing: /home/israamaciaas/ros2_ws/install/signal_generator/share/signal_generator/local_setup.sh
[6.810s] -- Installing: /home/israamaciaas/ros2_ws/install/signal_generator/share/signal_generator/local_setup.zsh
[6.810s] -- Installing: /home/israamaciaas/ros2_ws/install/signal_generator/share/signal_generator/local_setup.dsv
[6.811s] -- Installing: /home/israamaciaas/ros2_ws/install/signal_generator/share/signal_generator/package.dsv
[6.811s] -- Installing: /home/israamaciaas/ros2_ws/install/signal_generator/share/ament_index/resource_index/packages/signal_generator
[6.811s] -- Installing: /home/israamaciaas/ros2_ws/install/signal_generator/share/signal_generator/cmake/signal_generatorConfig.cmake
[6.811s] -- Installing: /home/israamaciaas/ros2_ws/install/signal_generator/share/signal_generator/cmake/signal_generatorConfig-version.cmake
[6.811s] -- Installing: /home/israamaciaas/ros2_ws/install/signal_generator/share/signal_generator/package.xml
[6.814s] Invoked command in '/home/israamaciaas/ros2_ws/build/signal_generator' returned '0': CMAKE_PREFIX_PATH=/opt/ros/humble /usr/bin/cmake --install /home/israamaciaas/ros2_ws/build/signal_generator
