[1.182s] Invoking command in '/home/israamaciaas/ros2_ws/src/puzzlebot_sim': PYTHONPATH=/home/israamaciaas/ros2_ws/build/puzzlebot_sim/prefix_override:/usr/lib/python3/dist-packages/colcon_core/task/python/colcon_distutils_commands:/home/israamaciaas/ros2_ws/install/puzzlebot_sim/lib/python3.10/site-packages:${PYTHONPATH} /usr/bin/python3 -W ignore:setup.py install is deprecated setup.py egg_info --egg-base ../../build/puzzlebot_sim build --build-base /home/israamaciaas/ros2_ws/build/puzzlebot_sim/build install --record /home/israamaciaas/ros2_ws/build/puzzlebot_sim/install.log --single-version-externally-managed install_data
[1.533s] running egg_info
[1.534s] writing ../../build/puzzlebot_sim/puzzlebot_sim.egg-info/PKG-INFO
[1.534s] writing dependency_links to ../../build/puzzlebot_sim/puzzlebot_sim.egg-info/dependency_links.txt
[1.534s] writing entry points to ../../build/puzzlebot_sim/puzzlebot_sim.egg-info/entry_points.txt
[1.535s] writing requirements to ../../build/puzzlebot_sim/puzzlebot_sim.egg-info/requires.txt
[1.535s] writing top-level names to ../../build/puzzlebot_sim/puzzlebot_sim.egg-info/top_level.txt
[1.537s] reading manifest file '../../build/puzzlebot_sim/puzzlebot_sim.egg-info/SOURCES.txt'
[1.538s] writing manifest file '../../build/puzzlebot_sim/puzzlebot_sim.egg-info/SOURCES.txt'
[1.538s] running build
[1.539s] running build_py
[1.539s] running install
[1.539s] running install_lib
[1.541s] running install_data
[1.542s] copying urdf/puzzlebot.urdf -> /home/israamaciaas/ros2_ws/install/puzzlebot_sim/share/puzzlebot_sim/urdf
[1.542s] running install_egg_info
[1.544s] removing '/home/israamaciaas/ros2_ws/install/puzzlebot_sim/lib/python3.10/site-packages/puzzlebot_sim-0.0.0-py3.10.egg-info' (and everything under it)
[1.545s] Copying ../../build/puzzlebot_sim/puzzlebot_sim.egg-info to /home/israamaciaas/ros2_ws/install/puzzlebot_sim/lib/python3.10/site-packages/puzzlebot_sim-0.0.0-py3.10.egg-info
[1.547s] running install_scripts
[1.574s] Installing puzzlebot_sim_node script to /home/israamaciaas/ros2_ws/install/puzzlebot_sim/lib/puzzlebot_sim
[1.574s] writing list of installed files to '/home/israamaciaas/ros2_ws/build/puzzlebot_sim/install.log'
[1.614s] Invoked command in '/home/israamaciaas/ros2_ws/src/puzzlebot_sim' returned '0': PYTHONPATH=/home/israamaciaas/ros2_ws/build/puzzlebot_sim/prefix_override:/usr/lib/python3/dist-packages/colcon_core/task/python/colcon_distutils_commands:/home/israamaciaas/ros2_ws/install/puzzlebot_sim/lib/python3.10/site-packages:${PYTHONPATH} /usr/bin/python3 -W ignore:setup.py install is deprecated setup.py egg_info --egg-base ../../build/puzzlebot_sim build --build-base /home/israamaciaas/ros2_ws/build/puzzlebot_sim/build install --record /home/israamaciaas/ros2_ws/build/puzzlebot_sim/install.log --single-version-externally-managed install_data
