[2.160s] Invoking command in '/home/israamaciaas/ros2_ws/src/turtle_figure': PYTHONPATH=/home/israamaciaas/ros2_ws/build/turtle_figure/prefix_override:/usr/lib/python3/dist-packages/colcon_core/task/python/colcon_distutils_commands:/home/israamaciaas/ros2_ws/install/turtle_figure/lib/python3.10/site-packages:${PYTHONPATH} /usr/bin/python3 -W ignore:setup.py install is deprecated setup.py egg_info --egg-base ../../build/turtle_figure build --build-base /home/israamaciaas/ros2_ws/build/turtle_figure/build install --record /home/israamaciaas/ros2_ws/build/turtle_figure/install.log --single-version-externally-managed install_data
[2.562s] running egg_info
[2.563s] writing ../../build/turtle_figure/turtle_figure.egg-info/PKG-INFO
[2.563s] writing dependency_links to ../../build/turtle_figure/turtle_figure.egg-info/dependency_links.txt
[2.564s] writing entry points to ../../build/turtle_figure/turtle_figure.egg-info/entry_points.txt
[2.564s] writing requirements to ../../build/turtle_figure/turtle_figure.egg-info/requires.txt
[2.564s] writing top-level names to ../../build/turtle_figure/turtle_figure.egg-info/top_level.txt
[2.568s] reading manifest file '../../build/turtle_figure/turtle_figure.egg-info/SOURCES.txt'
[2.570s] writing manifest file '../../build/turtle_figure/turtle_figure.egg-info/SOURCES.txt'
[2.570s] running build
[2.570s] running build_py
[2.571s] copying turtle_figure/turtleFigureNode.py -> /home/israamaciaas/ros2_ws/build/turtle_figure/build/lib/turtle_figure
[2.571s] running install
[2.571s] running install_lib
[2.574s] copying /home/israamaciaas/ros2_ws/build/turtle_figure/build/lib/turtle_figure/turtleFigureNode.py -> /home/israamaciaas/ros2_ws/install/turtle_figure/lib/python3.10/site-packages/turtle_figure
[2.576s] byte-compiling /home/israamaciaas/ros2_ws/install/turtle_figure/lib/python3.10/site-packages/turtle_figure/turtleFigureNode.py to turtleFigureNode.cpython-310.pyc
[2.577s] running install_data
[2.577s] running install_egg_info
[2.580s] removing '/home/israamaciaas/ros2_ws/install/turtle_figure/lib/python3.10/site-packages/turtle_figure-0.0.0-py3.10.egg-info' (and everything under it)
[2.581s] Copying ../../build/turtle_figure/turtle_figure.egg-info to /home/israamaciaas/ros2_ws/install/turtle_figure/lib/python3.10/site-packages/turtle_figure-0.0.0-py3.10.egg-info
[2.582s] running install_scripts
[2.623s] Installing turtleFigureNode script to /home/israamaciaas/ros2_ws/install/turtle_figure/lib/turtle_figure
[2.623s] writing list of installed files to '/home/israamaciaas/ros2_ws/build/turtle_figure/install.log'
[2.706s] Invoked command in '/home/israamaciaas/ros2_ws/src/turtle_figure' returned '0': PYTHONPATH=/home/israamaciaas/ros2_ws/build/turtle_figure/prefix_override:/usr/lib/python3/dist-packages/colcon_core/task/python/colcon_distutils_commands:/home/israamaciaas/ros2_ws/install/turtle_figure/lib/python3.10/site-packages:${PYTHONPATH} /usr/bin/python3 -W ignore:setup.py install is deprecated setup.py egg_info --egg-base ../../build/turtle_figure build --build-base /home/israamaciaas/ros2_ws/build/turtle_figure/build install --record /home/israamaciaas/ros2_ws/build/turtle_figure/install.log --single-version-externally-managed install_data
