[1.465s] Invoking command in '/home/israamaciaas/ros2_ws/src/puzzlebot_sim': PYTHONPATH=/home/israamaciaas/ros2_ws/build/puzzlebot_sim/prefix_override:/usr/lib/python3/dist-packages/colcon_core/task/python/colcon_distutils_commands:/home/israamaciaas/ros2_ws/install/puzzlebot_sim/lib/python3.10/site-packages:${PYTHONPATH} /usr/bin/python3 -W ignore:setup.py install is deprecated setup.py egg_info --egg-base ../../build/puzzlebot_sim build --build-base /home/israamaciaas/ros2_ws/build/puzzlebot_sim/build install --record /home/israamaciaas/ros2_ws/build/puzzlebot_sim/install.log --single-version-externally-managed install_data
[1.813s] running egg_info
[1.814s] writing ../../build/puzzlebot_sim/puzzlebot_sim.egg-info/PKG-INFO
[1.815s] writing dependency_links to ../../build/puzzlebot_sim/puzzlebot_sim.egg-info/dependency_links.txt
[1.815s] writing entry points to ../../build/puzzlebot_sim/puzzlebot_sim.egg-info/entry_points.txt
[1.815s] writing requirements to ../../build/puzzlebot_sim/puzzlebot_sim.egg-info/requires.txt
[1.816s] writing top-level names to ../../build/puzzlebot_sim/puzzlebot_sim.egg-info/top_level.txt
[1.818s] reading manifest file '../../build/puzzlebot_sim/puzzlebot_sim.egg-info/SOURCES.txt'
[1.819s] writing manifest file '../../build/puzzlebot_sim/puzzlebot_sim.egg-info/SOURCES.txt'
[1.819s] running build
[1.819s] running build_py
[1.820s] running install
[1.820s] running install_lib
[1.823s] running install_data
[1.823s] copying launch/puzzlebot_launch.py -> /home/israamaciaas/ros2_ws/install/puzzlebot_sim/share/puzzlebot_sim/launch
[1.823s] copying urdf/puzzlebot.urdf -> /home/israamaciaas/ros2_ws/install/puzzlebot_sim/share/puzzlebot_sim/urdf
[1.824s] running install_egg_info
[1.826s] removing '/home/israamaciaas/ros2_ws/install/puzzlebot_sim/lib/python3.10/site-packages/puzzlebot_sim-0.0.0-py3.10.egg-info' (and everything under it)
[1.827s] Copying ../../build/puzzlebot_sim/puzzlebot_sim.egg-info to /home/israamaciaas/ros2_ws/install/puzzlebot_sim/lib/python3.10/site-packages/puzzlebot_sim-0.0.0-py3.10.egg-info
[1.828s] running install_scripts
[1.856s] Installing puzzlebot_sim_node script to /home/israamaciaas/ros2_ws/install/puzzlebot_sim/lib/puzzlebot_sim
[1.857s] writing list of installed files to '/home/israamaciaas/ros2_ws/build/puzzlebot_sim/install.log'
[1.900s] Invoked command in '/home/israamaciaas/ros2_ws/src/puzzlebot_sim' returned '0': PYTHONPATH=/home/israamaciaas/ros2_ws/build/puzzlebot_sim/prefix_override:/usr/lib/python3/dist-packages/colcon_core/task/python/colcon_distutils_commands:/home/israamaciaas/ros2_ws/install/puzzlebot_sim/lib/python3.10/site-packages:${PYTHONPATH} /usr/bin/python3 -W ignore:setup.py install is deprecated setup.py egg_info --egg-base ../../build/puzzlebot_sim build --build-base /home/israamaciaas/ros2_ws/build/puzzlebot_sim/build install --record /home/israamaciaas/ros2_ws/build/puzzlebot_sim/install.log --single-version-externally-managed install_data
