[3.704s] Invoking command in '/home/israamaciaas/ros2_ws/src/ros_move': PYTHONPATH=/home/israamaciaas/ros2_ws/build/ros_move/prefix_override:/usr/lib/python3/dist-packages/colcon_core/task/python/colcon_distutils_commands:/home/israamaciaas/ros2_ws/install/ros_move/lib/python3.10/site-packages:${PYTHONPATH} /usr/bin/python3 -W ignore:setup.py install is deprecated setup.py egg_info --egg-base ../../build/ros_move build --build-base /home/israamaciaas/ros2_ws/build/ros_move/build install --record /home/israamaciaas/ros2_ws/build/ros_move/install.log --single-version-externally-managed install_data
[4.337s] running egg_info
[4.344s] writing ../../build/ros_move/ros_move.egg-info/PKG-INFO
[4.344s] writing dependency_links to ../../build/ros_move/ros_move.egg-info/dependency_links.txt
[4.345s] writing entry points to ../../build/ros_move/ros_move.egg-info/entry_points.txt
[4.345s] writing requirements to ../../build/ros_move/ros_move.egg-info/requires.txt
[4.345s] writing top-level names to ../../build/ros_move/ros_move.egg-info/top_level.txt
[4.353s] reading manifest file '../../build/ros_move/ros_move.egg-info/SOURCES.txt'
[4.356s] writing manifest file '../../build/ros_move/ros_move.egg-info/SOURCES.txt'
[4.356s] running build
[4.356s] running build_py
[4.357s] running install
[4.358s] running install_lib
[4.362s] running install_data
[4.364s] running install_egg_info
[4.369s] removing '/home/israamaciaas/ros2_ws/install/ros_move/lib/python3.10/site-packages/ros_move-0.0.0-py3.10.egg-info' (and everything under it)
[4.369s] Copying ../../build/ros_move/ros_move.egg-info to /home/israamaciaas/ros2_ws/install/ros_move/lib/python3.10/site-packages/ros_move-0.0.0-py3.10.egg-info
[4.370s] running install_scripts
[4.434s] Installing bot_node script to /home/israamaciaas/ros2_ws/install/ros_move/lib/ros_move
[4.434s] Installing fuzzy_controller_node script to /home/israamaciaas/ros2_ws/install/ros_move/lib/ros_move
[4.435s] writing list of installed files to '/home/israamaciaas/ros2_ws/build/ros_move/install.log'
[4.583s] Invoked command in '/home/israamaciaas/ros2_ws/src/ros_move' returned '0': PYTHONPATH=/home/israamaciaas/ros2_ws/build/ros_move/prefix_override:/usr/lib/python3/dist-packages/colcon_core/task/python/colcon_distutils_commands:/home/israamaciaas/ros2_ws/install/ros_move/lib/python3.10/site-packages:${PYTHONPATH} /usr/bin/python3 -W ignore:setup.py install is deprecated setup.py egg_info --egg-base ../../build/ros_move build --build-base /home/israamaciaas/ros2_ws/build/ros_move/build install --record /home/israamaciaas/ros2_ws/build/ros_move/install.log --single-version-externally-managed install_data
