[1.193s] Invoking command in '/home/israamaciaas/ros2_ws/src/potMap': PYTHONPATH=/home/israamaciaas/ros2_ws/build/potMap/prefix_override:/usr/lib/python3/dist-packages/colcon_core/task/python/colcon_distutils_commands:/home/israamaciaas/ros2_ws/install/potMap/lib/python3.10/site-packages:${PYTHONPATH} /usr/bin/python3 -W ignore:setup.py install is deprecated setup.py egg_info --egg-base ../../build/potMap build --build-base /home/israamaciaas/ros2_ws/build/potMap/build install --record /home/israamaciaas/ros2_ws/build/potMap/install.log --single-version-externally-managed install_data
[1.574s] running egg_info
[1.575s] writing ../../build/potMap/potMap.egg-info/PKG-INFO
[1.576s] writing dependency_links to ../../build/potMap/potMap.egg-info/dependency_links.txt
[1.576s] writing entry points to ../../build/potMap/potMap.egg-info/entry_points.txt
[1.576s] writing requirements to ../../build/potMap/potMap.egg-info/requires.txt
[1.576s] writing top-level names to ../../build/potMap/potMap.egg-info/top_level.txt
[1.580s] reading manifest file '../../build/potMap/potMap.egg-info/SOURCES.txt'
[1.581s] writing manifest file '../../build/potMap/potMap.egg-info/SOURCES.txt'
[1.581s] running build
[1.581s] running build_py
[1.581s] running install
[1.582s] running install_lib
[1.584s] running install_data
[1.585s] running install_egg_info
[1.589s] removing '/home/israamaciaas/ros2_ws/install/potMap/lib/python3.10/site-packages/potMap-0.0.0-py3.10.egg-info' (and everything under it)
[1.589s] Copying ../../build/potMap/potMap.egg-info to /home/israamaciaas/ros2_ws/install/potMap/lib/python3.10/site-packages/potMap-0.0.0-py3.10.egg-info
[1.591s] running install_scripts
[1.624s] Installing potMap_node script to /home/israamaciaas/ros2_ws/install/potMap/lib/potMap
[1.624s] writing list of installed files to '/home/israamaciaas/ros2_ws/build/potMap/install.log'
[1.693s] Invoked command in '/home/israamaciaas/ros2_ws/src/potMap' returned '0': PYTHONPATH=/home/israamaciaas/ros2_ws/build/potMap/prefix_override:/usr/lib/python3/dist-packages/colcon_core/task/python/colcon_distutils_commands:/home/israamaciaas/ros2_ws/install/potMap/lib/python3.10/site-packages:${PYTHONPATH} /usr/bin/python3 -W ignore:setup.py install is deprecated setup.py egg_info --egg-base ../../build/potMap build --build-base /home/israamaciaas/ros2_ws/build/potMap/build install --record /home/israamaciaas/ros2_ws/build/potMap/install.log --single-version-externally-managed install_data
