[0.019s] Invoking command in '/home/israamaciaas/ros2_ws/build/signal_generator': CMAKE_PREFIX_PATH=${CMAKE_PREFIX_PATH}:/home/israamaciaas/ros2_ws/install/ros_move:/opt/ros/humble /usr/bin/cmake --build /home/israamaciaas/ros2_ws/build/signal_generator -- -j8 -l8
[0.097s] [35m[1mConsolidate compiler generated dependencies of target signal_generator[0m
[0.131s] [ 50%] [32mBuilding CXX object CMakeFiles/signal_generator.dir/src/signal_generator.cpp.o[0m
[5.689s] [100%] [32m[1mLinking CXX executable signal_generator[0m
[5.972s] [100%] Built target signal_generator
[5.991s] Invoked command in '/home/israamaciaas/ros2_ws/build/signal_generator' returned '0': CMAKE_PREFIX_PATH=${CMAKE_PREFIX_PATH}:/home/israamaciaas/ros2_ws/install/ros_move:/opt/ros/humble /usr/bin/cmake --build /home/israamaciaas/ros2_ws/build/signal_generator -- -j8 -l8
[6.054s] Invoking command in '/home/israamaciaas/ros2_ws/build/signal_generator': CMAKE_PREFIX_PATH=${CMAKE_PREFIX_PATH}:/home/israamaciaas/ros2_ws/install/ros_move:/opt/ros/humble /usr/bin/cmake --install /home/israamaciaas/ros2_ws/build/signal_generator
[6.065s] -- Install configuration: ""
[6.065s] -- Installing: /home/israamaciaas/ros2_ws/install/signal_generator/lib/signal_generator/signal_generator
[6.068s] -- Set runtime path of "/home/israamaciaas/ros2_ws/install/signal_generator/lib/signal_generator/signal_generator" to ""
[6.068s] -- Up-to-date: /home/israamaciaas/ros2_ws/install/signal_generator/share/ament_index/resource_index/package_run_dependencies/signal_generator
[6.068s] -- Up-to-date: /home/israamaciaas/ros2_ws/install/signal_generator/share/ament_index/resource_index/parent_prefix_path/signal_generator
[6.069s] -- Up-to-date: /home/israamaciaas/ros2_ws/install/signal_generator/share/signal_generator/environment/ament_prefix_path.sh
[6.069s] -- Up-to-date: /home/israamaciaas/ros2_ws/install/signal_generator/share/signal_generator/environment/ament_prefix_path.dsv
[6.069s] -- Up-to-date: /home/israamaciaas/ros2_ws/install/signal_generator/share/signal_generator/environment/path.sh
[6.069s] -- Up-to-date: /home/israamaciaas/ros2_ws/install/signal_generator/share/signal_generator/environment/path.dsv
[6.069s] -- Up-to-date: /home/israamaciaas/ros2_ws/install/signal_generator/share/signal_generator/local_setup.bash
[6.069s] -- Up-to-date: /home/israamaciaas/ros2_ws/install/signal_generator/share/signal_generator/local_setup.sh
[6.069s] -- Up-to-date: /home/israamaciaas/ros2_ws/install/signal_generator/share/signal_generator/local_setup.zsh
[6.069s] -- Up-to-date: /home/israamaciaas/ros2_ws/install/signal_generator/share/signal_generator/local_setup.dsv
[6.069s] -- Installing: /home/israamaciaas/ros2_ws/install/signal_generator/share/signal_generator/package.dsv
[6.069s] -- Up-to-date: /home/israamaciaas/ros2_ws/install/signal_generator/share/ament_index/resource_index/packages/signal_generator
[6.070s] -- Up-to-date: /home/israamaciaas/ros2_ws/install/signal_generator/share/signal_generator/cmake/signal_generatorConfig.cmake
[6.070s] -- Up-to-date: /home/israamaciaas/ros2_ws/install/signal_generator/share/signal_generator/cmake/signal_generatorConfig-version.cmake
[6.070s] -- Up-to-date: /home/israamaciaas/ros2_ws/install/signal_generator/share/signal_generator/package.xml
[6.072s] Invoked command in '/home/israamaciaas/ros2_ws/build/signal_generator' returned '0': CMAKE_PREFIX_PATH=${CMAKE_PREFIX_PATH}:/home/israamaciaas/ros2_ws/install/ros_move:/opt/ros/humble /usr/bin/cmake --install /home/israamaciaas/ros2_ws/build/signal_generator
