[0.925s] Invoking command in '/home/israamaciaas/ros2_ws/src/manchester_activities/act2_tf': PYTHONPATH=/home/israamaciaas/ros2_ws/build/act2_tf/prefix_override:/usr/lib/python3/dist-packages/colcon_core/task/python/colcon_distutils_commands:/home/israamaciaas/ros2_ws/install/act2_tf/lib/python3.10/site-packages:${PYTHONPATH} /usr/bin/python3 -W ignore:setup.py install is deprecated setup.py egg_info --egg-base ../../../build/act2_tf build --build-base /home/israamaciaas/ros2_ws/build/act2_tf/build install --record /home/israamaciaas/ros2_ws/build/act2_tf/install.log --single-version-externally-managed install_data
[1.165s] running egg_info
[1.166s] writing ../../../build/act2_tf/act2_tf.egg-info/PKG-INFO
[1.166s] writing dependency_links to ../../../build/act2_tf/act2_tf.egg-info/dependency_links.txt
[1.167s] writing entry points to ../../../build/act2_tf/act2_tf.egg-info/entry_points.txt
[1.167s] writing requirements to ../../../build/act2_tf/act2_tf.egg-info/requires.txt
[1.167s] writing top-level names to ../../../build/act2_tf/act2_tf.egg-info/top_level.txt
[1.170s] reading manifest file '../../../build/act2_tf/act2_tf.egg-info/SOURCES.txt'
[1.171s] writing manifest file '../../../build/act2_tf/act2_tf.egg-info/SOURCES.txt'
[1.171s] running build
[1.171s] running build_py
[1.171s] running install
[1.172s] running install_lib
[1.174s] running install_data
[1.174s] running install_egg_info
[1.176s] removing '/home/israamaciaas/ros2_ws/install/act2_tf/lib/python3.10/site-packages/act2_tf-0.0.0-py3.10.egg-info' (and everything under it)
[1.177s] Copying ../../../build/act2_tf/act2_tf.egg-info to /home/israamaciaas/ros2_ws/install/act2_tf/lib/python3.10/site-packages/act2_tf-0.0.0-py3.10.egg-info
[1.178s] running install_scripts
[1.201s] Installing joint_pub script to /home/israamaciaas/ros2_ws/install/act2_tf/lib/act2_tf
[1.201s] Installing puzzlebot script to /home/israamaciaas/ros2_ws/install/act2_tf/lib/act2_tf
[1.201s] writing list of installed files to '/home/israamaciaas/ros2_ws/build/act2_tf/install.log'
[1.267s] Invoked command in '/home/israamaciaas/ros2_ws/src/manchester_activities/act2_tf' returned '0': PYTHONPATH=/home/israamaciaas/ros2_ws/build/act2_tf/prefix_override:/usr/lib/python3/dist-packages/colcon_core/task/python/colcon_distutils_commands:/home/israamaciaas/ros2_ws/install/act2_tf/lib/python3.10/site-packages:${PYTHONPATH} /usr/bin/python3 -W ignore:setup.py install is deprecated setup.py egg_info --egg-base ../../../build/act2_tf build --build-base /home/israamaciaas/ros2_ws/build/act2_tf/build install --record /home/israamaciaas/ros2_ws/build/act2_tf/install.log --single-version-externally-managed install_data
