[1.462s] Invoking command in '/home/israamaciaas/ros2_ws/src/potMap': PYTHONPATH=/home/israamaciaas/ros2_ws/build/potMap/prefix_override:/usr/lib/python3/dist-packages/colcon_core/task/python/colcon_distutils_commands:/home/israamaciaas/ros2_ws/install/potMap/lib/python3.10/site-packages:${PYTHONPATH} /usr/bin/python3 -W ignore:setup.py install is deprecated setup.py egg_info --egg-base ../../build/potMap build --build-base /home/israamaciaas/ros2_ws/build/potMap/build install --record /home/israamaciaas/ros2_ws/build/potMap/install.log --single-version-externally-managed install_data
[1.826s] running egg_info
[1.827s] writing ../../build/potMap/potMap.egg-info/PKG-INFO
[1.828s] writing dependency_links to ../../build/potMap/potMap.egg-info/dependency_links.txt
[1.828s] writing entry points to ../../build/potMap/potMap.egg-info/entry_points.txt
[1.828s] writing requirements to ../../build/potMap/potMap.egg-info/requires.txt
[1.828s] writing top-level names to ../../build/potMap/potMap.egg-info/top_level.txt
[1.832s] reading manifest file '../../build/potMap/potMap.egg-info/SOURCES.txt'
[1.834s] writing manifest file '../../build/potMap/potMap.egg-info/SOURCES.txt'
[1.834s] running build
[1.834s] running build_py
[1.834s] copying potMap/potMap_node.py -> /home/israamaciaas/ros2_ws/build/potMap/build/lib/potMap
[1.835s] running install
[1.836s] running install_lib
[1.837s] copying /home/israamaciaas/ros2_ws/build/potMap/build/lib/potMap/potMap_node.py -> /home/israamaciaas/ros2_ws/install/potMap/lib/python3.10/site-packages/potMap
[1.838s] byte-compiling /home/israamaciaas/ros2_ws/install/potMap/lib/python3.10/site-packages/potMap/potMap_node.py to potMap_node.cpython-310.pyc
[1.840s] running install_data
[1.840s] running install_egg_info
[1.843s] removing '/home/israamaciaas/ros2_ws/install/potMap/lib/python3.10/site-packages/potMap-0.0.0-py3.10.egg-info' (and everything under it)
[1.844s] Copying ../../build/potMap/potMap.egg-info to /home/israamaciaas/ros2_ws/install/potMap/lib/python3.10/site-packages/potMap-0.0.0-py3.10.egg-info
[1.845s] running install_scripts
[1.875s] Installing potMap_node script to /home/israamaciaas/ros2_ws/install/potMap/lib/potMap
[1.875s] writing list of installed files to '/home/israamaciaas/ros2_ws/build/potMap/install.log'
[1.923s] Invoked command in '/home/israamaciaas/ros2_ws/src/potMap' returned '0': PYTHONPATH=/home/israamaciaas/ros2_ws/build/potMap/prefix_override:/usr/lib/python3/dist-packages/colcon_core/task/python/colcon_distutils_commands:/home/israamaciaas/ros2_ws/install/potMap/lib/python3.10/site-packages:${PYTHONPATH} /usr/bin/python3 -W ignore:setup.py install is deprecated setup.py egg_info --egg-base ../../build/potMap build --build-base /home/israamaciaas/ros2_ws/build/potMap/build install --record /home/israamaciaas/ros2_ws/build/potMap/install.log --single-version-externally-managed install_data
