running egg_info
writing ../../../build/a_star_robot/a_star_robot.egg-info/PKG-INFO
writing dependency_links to ../../../build/a_star_robot/a_star_robot.egg-info/dependency_links.txt
writing entry points to ../../../build/a_star_robot/a_star_robot.egg-info/entry_points.txt
writing requirements to ../../../build/a_star_robot/a_star_robot.egg-info/requires.txt
writing top-level names to ../../../build/a_star_robot/a_star_robot.egg-info/top_level.txt
reading manifest file '../../../build/a_star_robot/a_star_robot.egg-info/SOURCES.txt'
writing manifest file '../../../build/a_star_robot/a_star_robot.egg-info/SOURCES.txt'
running build
running build_py
copying a_star_robot/a_star_planner.py -> /home/israamaciaas/ros2_ws/build/a_star_robot/build/lib/a_star_robot
running install
running install_lib
copying /home/israamaciaas/ros2_ws/build/a_star_robot/build/lib/a_star_robot/a_star_planner.py -> /home/israamaciaas/ros2_ws/install/a_star_robot/lib/python3.10/site-packages/a_star_robot
byte-compiling /home/israamaciaas/ros2_ws/install/a_star_robot/lib/python3.10/site-packages/a_star_robot/a_star_planner.py to a_star_planner.cpython-310.pyc
running install_data
running install_egg_info
removing '/home/israamaciaas/ros2_ws/install/a_star_robot/lib/python3.10/site-packages/a_star_robot-0.0.0-py3.10.egg-info' (and everything under it)
Copying ../../../build/a_star_robot/a_star_robot.egg-info to /home/israamaciaas/ros2_ws/install/a_star_robot/lib/python3.10/site-packages/a_star_robot-0.0.0-py3.10.egg-info
running install_scripts
Installing a_star_planner script to /home/israamaciaas/ros2_ws/install/a_star_robot/lib/a_star_robot
Installing trajectory_controller script to /home/israamaciaas/ros2_ws/install/a_star_robot/lib/a_star_robot
writing list of installed files to '/home/israamaciaas/ros2_ws/build/a_star_robot/install.log'
