[1.585s] Invoking command in '/home/israamaciaas/ros2_ws/src/potMap': PYTHONPATH=/home/israamaciaas/ros2_ws/build/potMap/prefix_override:/usr/lib/python3/dist-packages/colcon_core/task/python/colcon_distutils_commands:/home/israamaciaas/ros2_ws/install/potMap/lib/python3.10/site-packages:${PYTHONPATH} /usr/bin/python3 -W ignore:setup.py install is deprecated setup.py egg_info --egg-base ../../build/potMap build --build-base /home/israamaciaas/ros2_ws/build/potMap/build install --record /home/israamaciaas/ros2_ws/build/potMap/install.log --single-version-externally-managed install_data
[2.081s] running egg_info
[2.082s] writing ../../build/potMap/potMap.egg-info/PKG-INFO
[2.083s] writing dependency_links to ../../build/potMap/potMap.egg-info/dependency_links.txt
[2.083s] writing entry points to ../../build/potMap/potMap.egg-info/entry_points.txt
[2.084s] writing requirements to ../../build/potMap/potMap.egg-info/requires.txt
[2.084s] writing top-level names to ../../build/potMap/potMap.egg-info/top_level.txt
[2.091s] reading manifest file '../../build/potMap/potMap.egg-info/SOURCES.txt'
[2.092s] writing manifest file '../../build/potMap/potMap.egg-info/SOURCES.txt'
[2.092s] running build
[2.093s] running build_py
[2.093s] copying potMap/potMap_node.py -> /home/israamaciaas/ros2_ws/build/potMap/build/lib/potMap
[2.093s] running install
[2.094s] running install_lib
[2.096s] copying /home/israamaciaas/ros2_ws/build/potMap/build/lib/potMap/potMap_node.py -> /home/israamaciaas/ros2_ws/install/potMap/lib/python3.10/site-packages/potMap
[2.097s] byte-compiling /home/israamaciaas/ros2_ws/install/potMap/lib/python3.10/site-packages/potMap/potMap_node.py to potMap_node.cpython-310.pyc
[2.099s] running install_data
[2.099s] running install_egg_info
[2.103s] removing '/home/israamaciaas/ros2_ws/install/potMap/lib/python3.10/site-packages/potMap-0.0.0-py3.10.egg-info' (and everything under it)
[2.104s] Copying ../../build/potMap/potMap.egg-info to /home/israamaciaas/ros2_ws/install/potMap/lib/python3.10/site-packages/potMap-0.0.0-py3.10.egg-info
[2.108s] running install_scripts
[2.154s] Installing potMap_node script to /home/israamaciaas/ros2_ws/install/potMap/lib/potMap
[2.154s] writing list of installed files to '/home/israamaciaas/ros2_ws/build/potMap/install.log'
[2.265s] Invoked command in '/home/israamaciaas/ros2_ws/src/potMap' returned '0': PYTHONPATH=/home/israamaciaas/ros2_ws/build/potMap/prefix_override:/usr/lib/python3/dist-packages/colcon_core/task/python/colcon_distutils_commands:/home/israamaciaas/ros2_ws/install/potMap/lib/python3.10/site-packages:${PYTHONPATH} /usr/bin/python3 -W ignore:setup.py install is deprecated setup.py egg_info --egg-base ../../build/potMap build --build-base /home/israamaciaas/ros2_ws/build/potMap/build install --record /home/israamaciaas/ros2_ws/build/potMap/install.log --single-version-externally-managed install_data
