[2.717s] Invoking command in '/home/israamaciaas/ros2_ws/src/ros_move': PYTHONPATH=/home/israamaciaas/ros2_ws/build/ros_move/prefix_override:/usr/lib/python3/dist-packages/colcon_core/task/python/colcon_distutils_commands:/home/israamaciaas/ros2_ws/install/ros_move/lib/python3.10/site-packages:${PYTHONPATH} /usr/bin/python3 -W ignore:setup.py install is deprecated setup.py egg_info --egg-base ../../build/ros_move build --build-base /home/israamaciaas/ros2_ws/build/ros_move/build install --record /home/israamaciaas/ros2_ws/build/ros_move/install.log --single-version-externally-managed install_data
[3.207s] running egg_info
[3.209s] writing ../../build/ros_move/ros_move.egg-info/PKG-INFO
[3.210s] writing dependency_links to ../../build/ros_move/ros_move.egg-info/dependency_links.txt
[3.210s] writing entry points to ../../build/ros_move/ros_move.egg-info/entry_points.txt
[3.210s] writing requirements to ../../build/ros_move/ros_move.egg-info/requires.txt
[3.210s] writing top-level names to ../../build/ros_move/ros_move.egg-info/top_level.txt
[3.215s] reading manifest file '../../build/ros_move/ros_move.egg-info/SOURCES.txt'
[3.220s] writing manifest file '../../build/ros_move/ros_move.egg-info/SOURCES.txt'
[3.220s] running build
[3.220s] running build_py
[3.220s] running install
[3.221s] running install_lib
[3.224s] running install_data
[3.224s] running install_egg_info
[3.228s] removing '/home/israamaciaas/ros2_ws/install/ros_move/lib/python3.10/site-packages/ros_move-0.0.0-py3.10.egg-info' (and everything under it)
[3.229s] Copying ../../build/ros_move/ros_move.egg-info to /home/israamaciaas/ros2_ws/install/ros_move/lib/python3.10/site-packages/ros_move-0.0.0-py3.10.egg-info
[3.230s] running install_scripts
[3.286s] Installing bot_node script to /home/israamaciaas/ros2_ws/install/ros_move/lib/ros_move
[3.286s] Installing fuzzy_controller_node script to /home/israamaciaas/ros2_ws/install/ros_move/lib/ros_move
[3.287s] writing list of installed files to '/home/israamaciaas/ros2_ws/build/ros_move/install.log'
[3.403s] Invoked command in '/home/israamaciaas/ros2_ws/src/ros_move' returned '0': PYTHONPATH=/home/israamaciaas/ros2_ws/build/ros_move/prefix_override:/usr/lib/python3/dist-packages/colcon_core/task/python/colcon_distutils_commands:/home/israamaciaas/ros2_ws/install/ros_move/lib/python3.10/site-packages:${PYTHONPATH} /usr/bin/python3 -W ignore:setup.py install is deprecated setup.py egg_info --egg-base ../../build/ros_move build --build-base /home/israamaciaas/ros2_ws/build/ros_move/build install --record /home/israamaciaas/ros2_ws/build/ros_move/install.log --single-version-externally-managed install_data
