running egg_info
writing ../../build/turtle_figure/turtle_figure.egg-info/PKG-INFO
writing dependency_links to ../../build/turtle_figure/turtle_figure.egg-info/dependency_links.txt
writing entry points to ../../build/turtle_figure/turtle_figure.egg-info/entry_points.txt
writing requirements to ../../build/turtle_figure/turtle_figure.egg-info/requires.txt
writing top-level names to ../../build/turtle_figure/turtle_figure.egg-info/top_level.txt
reading manifest file '../../build/turtle_figure/turtle_figure.egg-info/SOURCES.txt'
writing manifest file '../../build/turtle_figure/turtle_figure.egg-info/SOURCES.txt'
running build
running build_py
running install
running install_lib
running install_data
creating /home/israamaciaas/ros2_ws/install/turtle_figure/share/turtle_figure/launch
copying launch/launch.py -> /home/israamaciaas/ros2_ws/install/turtle_figure/share/turtle_figure/launch
running install_egg_info
removing '/home/israamaciaas/ros2_ws/install/turtle_figure/lib/python3.10/site-packages/turtle_figure-0.0.0-py3.10.egg-info' (and everything under it)
Copying ../../build/turtle_figure/turtle_figure.egg-info to /home/israamaciaas/ros2_ws/install/turtle_figure/lib/python3.10/site-packages/turtle_figure-0.0.0-py3.10.egg-info
running install_scripts
Installing turtleFigureNode script to /home/israamaciaas/ros2_ws/install/turtle_figure/lib/turtle_figure
writing list of installed files to '/home/israamaciaas/ros2_ws/build/turtle_figure/install.log'
