[2.649s] Invoking command in '/home/israamaciaas/ros2_ws/src/ros_move': PYTHONPATH=/home/israamaciaas/ros2_ws/build/ros_move/prefix_override:/usr/lib/python3/dist-packages/colcon_core/task/python/colcon_distutils_commands:/home/israamaciaas/ros2_ws/install/ros_move/lib/python3.10/site-packages:${PYTHONPATH} /usr/bin/python3 -W ignore:setup.py install is deprecated setup.py egg_info --egg-base ../../build/ros_move build --build-base /home/israamaciaas/ros2_ws/build/ros_move/build install --record /home/israamaciaas/ros2_ws/build/ros_move/install.log --single-version-externally-managed install_data
[3.154s] running egg_info
[3.157s] writing ../../build/ros_move/ros_move.egg-info/PKG-INFO
[3.158s] writing dependency_links to ../../build/ros_move/ros_move.egg-info/dependency_links.txt
[3.158s] writing entry points to ../../build/ros_move/ros_move.egg-info/entry_points.txt
[3.158s] writing requirements to ../../build/ros_move/ros_move.egg-info/requires.txt
[3.158s] writing top-level names to ../../build/ros_move/ros_move.egg-info/top_level.txt
[3.164s] reading manifest file '../../build/ros_move/ros_move.egg-info/SOURCES.txt'
[3.167s] writing manifest file '../../build/ros_move/ros_move.egg-info/SOURCES.txt'
[3.167s] running build
[3.167s] running build_py
[3.168s] running install
[3.168s] running install_lib
[3.172s] running install_data
[3.172s] running install_egg_info
[3.177s] removing '/home/israamaciaas/ros2_ws/install/ros_move/lib/python3.10/site-packages/ros_move-0.0.0-py3.10.egg-info' (and everything under it)
[3.178s] Copying ../../build/ros_move/ros_move.egg-info to /home/israamaciaas/ros2_ws/install/ros_move/lib/python3.10/site-packages/ros_move-0.0.0-py3.10.egg-info
[3.180s] running install_scripts
[3.224s] Installing bot_node script to /home/israamaciaas/ros2_ws/install/ros_move/lib/ros_move
[3.225s] Installing fuzzy_controller_node script to /home/israamaciaas/ros2_ws/install/ros_move/lib/ros_move
[3.226s] writing list of installed files to '/home/israamaciaas/ros2_ws/build/ros_move/install.log'
[3.361s] Invoked command in '/home/israamaciaas/ros2_ws/src/ros_move' returned '0': PYTHONPATH=/home/israamaciaas/ros2_ws/build/ros_move/prefix_override:/usr/lib/python3/dist-packages/colcon_core/task/python/colcon_distutils_commands:/home/israamaciaas/ros2_ws/install/ros_move/lib/python3.10/site-packages:${PYTHONPATH} /usr/bin/python3 -W ignore:setup.py install is deprecated setup.py egg_info --egg-base ../../build/ros_move build --build-base /home/israamaciaas/ros2_ws/build/ros_move/build install --record /home/israamaciaas/ros2_ws/build/ros_move/install.log --single-version-externally-managed install_data
