[0.837s] Invoking command in '/home/israamaciaas/ros2_ws/build/signal_generator': CMAKE_PREFIX_PATH=${CMAKE_PREFIX_PATH}:/home/israamaciaas/turtlebot3_ws/install/turtlebot3_teleop:/home/israamaciaas/turtlebot3_ws/install/turtlebot3_example:/opt/ros/humble /usr/bin/cmake /home/israamaciaas/ros2_ws/src/signal_generator -DCMAKE_INSTALL_PREFIX=/home/israamaciaas/ros2_ws/install/signal_generator
[0.856s] -- Found ament_cmake: 1.3.10 (/opt/ros/humble/share/ament_cmake/cmake)
[1.045s] -- Override CMake install command with custom implementation using symlinks instead of copying resources
[1.058s] -- Found rclcpp: 16.0.10 (/opt/ros/humble/share/rclcpp/cmake)
[1.153s] -- Found rosidl_generator_c: 3.1.5 (/opt/ros/humble/share/rosidl_generator_c/cmake)
[1.160s] -- Found rosidl_adapter: 3.1.5 (/opt/ros/humble/share/rosidl_adapter/cmake)
[1.177s] -- Found rosidl_generator_cpp: 3.1.5 (/opt/ros/humble/share/rosidl_generator_cpp/cmake)
[1.199s] -- Using all available rosidl_typesupport_c: rosidl_typesupport_fastrtps_c;rosidl_typesupport_introspection_c
[1.229s] -- Using all available rosidl_typesupport_cpp: rosidl_typesupport_fastrtps_cpp;rosidl_typesupport_introspection_cpp
[1.313s] -- Found rmw_implementation_cmake: 6.1.2 (/opt/ros/humble/share/rmw_implementation_cmake/cmake)
[1.318s] -- Found rmw_fastrtps_cpp: 6.2.7 (/opt/ros/humble/share/rmw_fastrtps_cpp/cmake)
[1.536s] -- Using RMW implementation 'rmw_fastrtps_cpp' as default
[1.702s] -- Found ament_lint_auto: 0.12.11 (/opt/ros/humble/share/ament_lint_auto/cmake)
[1.843s] -- Added test 'cppcheck' to perform static code analysis on C / C++ code
[1.843s] -- Configured cppcheck include dirs: $<BUILD_INTERFACE:/home/israamaciaas/ros2_ws/src/signal_generator/include>
[1.843s] -- Configured cppcheck exclude dirs and/or files: 
[1.847s] -- Added test 'lint_cmake' to check CMake code style
[1.850s] -- Added test 'uncrustify' to check C / C++ code style
[1.850s] -- Configured uncrustify additional arguments: 
[1.851s] -- Added test 'xmllint' to check XML markup files
[1.852s] -- Configuring done
[1.868s] -- Generating done
[1.871s] -- Build files have been written to: /home/israamaciaas/ros2_ws/build/signal_generator
[1.887s] Invoked command in '/home/israamaciaas/ros2_ws/build/signal_generator' returned '0': CMAKE_PREFIX_PATH=${CMAKE_PREFIX_PATH}:/home/israamaciaas/turtlebot3_ws/install/turtlebot3_teleop:/home/israamaciaas/turtlebot3_ws/install/turtlebot3_example:/opt/ros/humble /usr/bin/cmake /home/israamaciaas/ros2_ws/src/signal_generator -DCMAKE_INSTALL_PREFIX=/home/israamaciaas/ros2_ws/install/signal_generator
[1.891s] Invoking command in '/home/israamaciaas/ros2_ws/build/signal_generator': CMAKE_PREFIX_PATH=${CMAKE_PREFIX_PATH}:/home/israamaciaas/turtlebot3_ws/install/turtlebot3_teleop:/home/israamaciaas/turtlebot3_ws/install/turtlebot3_example:/opt/ros/humble /usr/bin/cmake --build /home/israamaciaas/ros2_ws/build/signal_generator -- -j8 -l8
[1.967s] [35m[1mConsolidate compiler generated dependencies of target signal_generator[0m
[2.000s] [100%] Built target signal_generator
[2.027s] Invoked command in '/home/israamaciaas/ros2_ws/build/signal_generator' returned '0': CMAKE_PREFIX_PATH=${CMAKE_PREFIX_PATH}:/home/israamaciaas/turtlebot3_ws/install/turtlebot3_teleop:/home/israamaciaas/turtlebot3_ws/install/turtlebot3_example:/opt/ros/humble /usr/bin/cmake --build /home/israamaciaas/ros2_ws/build/signal_generator -- -j8 -l8
[2.100s] Invoking command in '/home/israamaciaas/ros2_ws/build/signal_generator': CMAKE_PREFIX_PATH=${CMAKE_PREFIX_PATH}:/home/israamaciaas/turtlebot3_ws/install/turtlebot3_teleop:/home/israamaciaas/turtlebot3_ws/install/turtlebot3_example:/opt/ros/humble /usr/bin/cmake --install /home/israamaciaas/ros2_ws/build/signal_generator
[2.117s] -- Install configuration: ""
[2.117s] -- Execute custom install script
[2.117s] -- Up-to-date symlink: /home/israamaciaas/ros2_ws/install/signal_generator/lib/signal_generator/signal_generator
[2.118s] -- Up-to-date symlink: /home/israamaciaas/ros2_ws/install/signal_generator/share/ament_index/resource_index/package_run_dependencies/signal_generator
[2.118s] -- Up-to-date symlink: /home/israamaciaas/ros2_ws/install/signal_generator/share/ament_index/resource_index/parent_prefix_path/signal_generator
[2.119s] -- Up-to-date symlink: /home/israamaciaas/ros2_ws/install/signal_generator/share/signal_generator/environment/ament_prefix_path.sh
[2.119s] -- Up-to-date symlink: /home/israamaciaas/ros2_ws/install/signal_generator/share/signal_generator/environment/ament_prefix_path.dsv
[2.120s] -- Up-to-date symlink: /home/israamaciaas/ros2_ws/install/signal_generator/share/signal_generator/environment/path.sh
[2.120s] -- Up-to-date symlink: /home/israamaciaas/ros2_ws/install/signal_generator/share/signal_generator/environment/path.dsv
[2.121s] -- Up-to-date symlink: /home/israamaciaas/ros2_ws/install/signal_generator/share/signal_generator/local_setup.bash
[2.121s] -- Up-to-date symlink: /home/israamaciaas/ros2_ws/install/signal_generator/share/signal_generator/local_setup.sh
[2.121s] -- Up-to-date symlink: /home/israamaciaas/ros2_ws/install/signal_generator/share/signal_generator/local_setup.zsh
[2.122s] -- Up-to-date symlink: /home/israamaciaas/ros2_ws/install/signal_generator/share/signal_generator/local_setup.dsv
[2.122s] -- Symlinking: /home/israamaciaas/ros2_ws/install/signal_generator/share/signal_generator/package.dsv
[2.146s] -- Up-to-date symlink: /home/israamaciaas/ros2_ws/install/signal_generator/share/ament_index/resource_index/packages/signal_generator
[2.146s] -- Up-to-date symlink: /home/israamaciaas/ros2_ws/install/signal_generator/share/signal_generator/cmake/signal_generatorConfig.cmake
[2.147s] -- Up-to-date symlink: /home/israamaciaas/ros2_ws/install/signal_generator/share/signal_generator/cmake/signal_generatorConfig-version.cmake
[2.148s] -- Up-to-date symlink: /home/israamaciaas/ros2_ws/install/signal_generator/share/signal_generator/package.xml
[2.148s] Invoked command in '/home/israamaciaas/ros2_ws/build/signal_generator' returned '0': CMAKE_PREFIX_PATH=${CMAKE_PREFIX_PATH}:/home/israamaciaas/turtlebot3_ws/install/turtlebot3_teleop:/home/israamaciaas/turtlebot3_ws/install/turtlebot3_example:/opt/ros/humble /usr/bin/cmake --install /home/israamaciaas/ros2_ws/build/signal_generator
