[0.017s] Invoking command in '/home/israamaciaas/ros2_ws/build/signal_generator': CMAKE_PREFIX_PATH=${CMAKE_PREFIX_PATH}:/home/israamaciaas/ros2_ws/install/ros_move:/opt/ros/humble /usr/bin/cmake /home/israamaciaas/ros2_ws/src/signal_generator -DCMAKE_INSTALL_PREFIX=/home/israamaciaas/ros2_ws/install/signal_generator
[0.110s] -- The C compiler identification is GNU 11.4.0
[0.196s] -- The CXX compiler identification is GNU 11.4.0
[0.207s] -- Detecting C compiler ABI info
[0.321s] -- Detecting C compiler ABI info - done
[0.330s] -- Check for working C compiler: /usr/bin/cc - skipped
[0.330s] -- Detecting C compile features
[0.330s] -- Detecting C compile features - done
[0.335s] -- Detecting CXX compiler ABI info
[0.465s] -- Detecting CXX compiler ABI info - done
[0.475s] -- Check for working CXX compiler: /usr/bin/c++ - skipped
[0.475s] -- Detecting CXX compile features
[0.475s] -- Detecting CXX compile features - done
[0.479s] -- Found ament_cmake: 1.3.9 (/opt/ros/humble/share/ament_cmake/cmake)
[0.691s] -- Found Python3: /usr/bin/python3 (found version "3.10.12") found components: Interpreter 
[0.819s] -- Found ament_lint_auto: 0.12.11 (/opt/ros/humble/share/ament_lint_auto/cmake)
[0.932s] -- Added test 'cppcheck' to perform static code analysis on C / C++ code
[0.932s] -- Configured cppcheck include dirs: $<BUILD_INTERFACE:/home/israamaciaas/ros2_ws/src/signal_generator/include>
[0.932s] -- Configured cppcheck exclude dirs and/or files: 
[0.933s] -- Added test 'lint_cmake' to check CMake code style
[0.934s] -- Added test 'uncrustify' to check C / C++ code style
[0.934s] -- Configured uncrustify additional arguments: 
[0.935s] -- Added test 'xmllint' to check XML markup files
[0.937s] -- Configuring done
[0.944s] -- Generating done
[0.945s] -- Build files have been written to: /home/israamaciaas/ros2_ws/build/signal_generator
[0.955s] Invoked command in '/home/israamaciaas/ros2_ws/build/signal_generator' returned '0': CMAKE_PREFIX_PATH=${CMAKE_PREFIX_PATH}:/home/israamaciaas/ros2_ws/install/ros_move:/opt/ros/humble /usr/bin/cmake /home/israamaciaas/ros2_ws/src/signal_generator -DCMAKE_INSTALL_PREFIX=/home/israamaciaas/ros2_ws/install/signal_generator
[0.958s] Invoking command in '/home/israamaciaas/ros2_ws/build/signal_generator': CMAKE_PREFIX_PATH=${CMAKE_PREFIX_PATH}:/home/israamaciaas/ros2_ws/install/ros_move:/opt/ros/humble /usr/bin/cmake --build /home/israamaciaas/ros2_ws/build/signal_generator -- -j8 -l8
[1.043s] [ 50%] [32mBuilding CXX object CMakeFiles/signal_generator.dir/src/signal_generator.cpp.o[0m
[1.090s] [100%] [32m[1mLinking CXX executable signal_generator[0m
[1.165s] [100%] Built target signal_generator
[1.186s] Invoked command in '/home/israamaciaas/ros2_ws/build/signal_generator' returned '0': CMAKE_PREFIX_PATH=${CMAKE_PREFIX_PATH}:/home/israamaciaas/ros2_ws/install/ros_move:/opt/ros/humble /usr/bin/cmake --build /home/israamaciaas/ros2_ws/build/signal_generator -- -j8 -l8
[1.249s] Invoking command in '/home/israamaciaas/ros2_ws/build/signal_generator': CMAKE_PREFIX_PATH=${CMAKE_PREFIX_PATH}:/home/israamaciaas/ros2_ws/install/ros_move:/opt/ros/humble /usr/bin/cmake --install /home/israamaciaas/ros2_ws/build/signal_generator
[1.261s] -- Install configuration: ""
[1.262s] -- Installing: /home/israamaciaas/ros2_ws/install/signal_generator/lib/signal_generator/signal_generator
[1.262s] -- Installing: /home/israamaciaas/ros2_ws/install/signal_generator/share/ament_index/resource_index/package_run_dependencies/signal_generator
[1.262s] -- Installing: /home/israamaciaas/ros2_ws/install/signal_generator/share/ament_index/resource_index/parent_prefix_path/signal_generator
[1.262s] -- Up-to-date: /home/israamaciaas/ros2_ws/install/signal_generator/share/signal_generator/environment/ament_prefix_path.sh
[1.262s] -- Installing: /home/israamaciaas/ros2_ws/install/signal_generator/share/signal_generator/environment/ament_prefix_path.dsv
[1.263s] -- Up-to-date: /home/israamaciaas/ros2_ws/install/signal_generator/share/signal_generator/environment/path.sh
[1.263s] -- Installing: /home/israamaciaas/ros2_ws/install/signal_generator/share/signal_generator/environment/path.dsv
[1.263s] -- Installing: /home/israamaciaas/ros2_ws/install/signal_generator/share/signal_generator/local_setup.bash
[1.263s] -- Installing: /home/israamaciaas/ros2_ws/install/signal_generator/share/signal_generator/local_setup.sh
[1.263s] -- Installing: /home/israamaciaas/ros2_ws/install/signal_generator/share/signal_generator/local_setup.zsh
[1.264s] -- Installing: /home/israamaciaas/ros2_ws/install/signal_generator/share/signal_generator/local_setup.dsv
[1.264s] -- Installing: /home/israamaciaas/ros2_ws/install/signal_generator/share/signal_generator/package.dsv
[1.264s] -- Installing: /home/israamaciaas/ros2_ws/install/signal_generator/share/ament_index/resource_index/packages/signal_generator
[1.264s] -- Installing: /home/israamaciaas/ros2_ws/install/signal_generator/share/signal_generator/cmake/signal_generatorConfig.cmake
[1.265s] -- Installing: /home/israamaciaas/ros2_ws/install/signal_generator/share/signal_generator/cmake/signal_generatorConfig-version.cmake
[1.265s] -- Installing: /home/israamaciaas/ros2_ws/install/signal_generator/share/signal_generator/package.xml
[1.269s] Invoked command in '/home/israamaciaas/ros2_ws/build/signal_generator' returned '0': CMAKE_PREFIX_PATH=${CMAKE_PREFIX_PATH}:/home/israamaciaas/ros2_ws/install/ros_move:/opt/ros/humble /usr/bin/cmake --install /home/israamaciaas/ros2_ws/build/signal_generator
