[0.018s] Invoking command in '/home/israamaciaas/ros2_ws/build/signal_generator': CMAKE_PREFIX_PATH=${CMAKE_PREFIX_PATH}:/home/israamaciaas/ros2_ws/install/ros_move:/opt/ros/humble /usr/bin/cmake --build /home/israamaciaas/ros2_ws/build/signal_generator -- -j8 -l8
[0.056s] -- Found ament_cmake: 1.3.9 (/opt/ros/humble/share/ament_cmake/cmake)
[0.246s] [31mCMake Error at CMakeLists.txt:10 (find_package):
[0.246s]   By not providing "Findrclpp.cmake" in CMAKE_MODULE_PATH this project has
[0.246s]   asked CMake to find a package configuration file provided by "rclpp", but
[0.246s]   CMake did not find one.
[0.246s] 
[0.247s]   Could not find a package configuration file provided by "rclpp" with any of
[0.247s]   the following names:
[0.247s] 
[0.247s]     rclppConfig.cmake
[0.247s]     rclpp-config.cmake
[0.247s] 
[0.247s]   Add the installation prefix of "rclpp" to CMAKE_PREFIX_PATH or set
[0.247s]   "rclpp_DIR" to a directory containing one of the above files.  If "rclpp"
[0.247s]   provides a separate development package or SDK, be sure it has been
[0.247s]   installed.
[0.247s] 
[0.247s] [0m
[0.248s] -- Configuring incomplete, errors occurred!
[0.248s] See also "/home/israamaciaas/ros2_ws/build/signal_generator/CMakeFiles/CMakeOutput.log".
[0.252s] gmake: *** [Makefile:267: cmake_check_build_system] Error 1
[0.257s] Invoked command in '/home/israamaciaas/ros2_ws/build/signal_generator' returned '2': CMAKE_PREFIX_PATH=${CMAKE_PREFIX_PATH}:/home/israamaciaas/ros2_ws/install/ros_move:/opt/ros/humble /usr/bin/cmake --build /home/israamaciaas/ros2_ws/build/signal_generator -- -j8 -l8
