[2.901s] Invoking command in '/home/israamaciaas/ros2_ws/src/potMap': PYTHONPATH=/home/israamaciaas/ros2_ws/build/potMap/prefix_override:/usr/lib/python3/dist-packages/colcon_core/task/python/colcon_distutils_commands:/home/israamaciaas/ros2_ws/install/potMap/lib/python3.10/site-packages:${PYTHONPATH} /usr/bin/python3 -W ignore:setup.py install is deprecated setup.py egg_info --egg-base ../../build/potMap build --build-base /home/israamaciaas/ros2_ws/build/potMap/build install --record /home/israamaciaas/ros2_ws/build/potMap/install.log --single-version-externally-managed install_data
[3.413s] running egg_info
[3.414s] writing ../../build/potMap/potMap.egg-info/PKG-INFO
[3.414s] writing dependency_links to ../../build/potMap/potMap.egg-info/dependency_links.txt
[3.414s] writing entry points to ../../build/potMap/potMap.egg-info/entry_points.txt
[3.415s] writing requirements to ../../build/potMap/potMap.egg-info/requires.txt
[3.415s] writing top-level names to ../../build/potMap/potMap.egg-info/top_level.txt
[3.418s] reading manifest file '../../build/potMap/potMap.egg-info/SOURCES.txt'
[3.419s] writing manifest file '../../build/potMap/potMap.egg-info/SOURCES.txt'
[3.420s] running build
[3.420s] running build_py
[3.420s] copying potMap/potMap_node.py -> /home/israamaciaas/ros2_ws/build/potMap/build/lib/potMap
[3.420s] running install
[3.421s] running install_lib
[3.426s] copying /home/israamaciaas/ros2_ws/build/potMap/build/lib/potMap/potMap_node.py -> /home/israamaciaas/ros2_ws/install/potMap/lib/python3.10/site-packages/potMap
[3.427s] byte-compiling /home/israamaciaas/ros2_ws/install/potMap/lib/python3.10/site-packages/potMap/potMap_node.py to potMap_node.cpython-310.pyc
[3.430s] running install_data
[3.431s] running install_egg_info
[3.437s] removing '/home/israamaciaas/ros2_ws/install/potMap/lib/python3.10/site-packages/potMap-0.0.0-py3.10.egg-info' (and everything under it)
[3.437s] Copying ../../build/potMap/potMap.egg-info to /home/israamaciaas/ros2_ws/install/potMap/lib/python3.10/site-packages/potMap-0.0.0-py3.10.egg-info
[3.438s] running install_scripts
[3.487s] Installing potMap_node script to /home/israamaciaas/ros2_ws/install/potMap/lib/potMap
[3.488s] writing list of installed files to '/home/israamaciaas/ros2_ws/build/potMap/install.log'
[3.596s] Invoked command in '/home/israamaciaas/ros2_ws/src/potMap' returned '0': PYTHONPATH=/home/israamaciaas/ros2_ws/build/potMap/prefix_override:/usr/lib/python3/dist-packages/colcon_core/task/python/colcon_distutils_commands:/home/israamaciaas/ros2_ws/install/potMap/lib/python3.10/site-packages:${PYTHONPATH} /usr/bin/python3 -W ignore:setup.py install is deprecated setup.py egg_info --egg-base ../../build/potMap build --build-base /home/israamaciaas/ros2_ws/build/potMap/build install --record /home/israamaciaas/ros2_ws/build/potMap/install.log --single-version-externally-managed install_data
