[0.813s] Invoking command in '/home/israamaciaas/ros2_ws/src/ros_move': PYTHONPATH=/home/israamaciaas/ros2_ws/build/ros_move/prefix_override:/usr/lib/python3/dist-packages/colcon_core/task/python/colcon_distutils_commands:/home/israamaciaas/ros2_ws/install/ros_move/lib/python3.10/site-packages:${PYTHONPATH} /usr/bin/python3 -W ignore:setup.py install is deprecated setup.py egg_info --egg-base ../../build/ros_move build --build-base /home/israamaciaas/ros2_ws/build/ros_move/build install --record /home/israamaciaas/ros2_ws/build/ros_move/install.log --single-version-externally-managed install_data
[1.097s] running egg_info
[1.097s] writing ../../build/ros_move/ros_move.egg-info/PKG-INFO
[1.098s] writing dependency_links to ../../build/ros_move/ros_move.egg-info/dependency_links.txt
[1.098s] writing entry points to ../../build/ros_move/ros_move.egg-info/entry_points.txt
[1.098s] writing requirements to ../../build/ros_move/ros_move.egg-info/requires.txt
[1.098s] writing top-level names to ../../build/ros_move/ros_move.egg-info/top_level.txt
[1.101s] reading manifest file '../../build/ros_move/ros_move.egg-info/SOURCES.txt'
[1.102s] writing manifest file '../../build/ros_move/ros_move.egg-info/SOURCES.txt'
[1.102s] running build
[1.102s] running build_py
[1.103s] copying ros_move/bot_node.py -> /home/israamaciaas/ros2_ws/build/ros_move/build/lib/ros_move
[1.103s] copying ros_move/fuzzy_controller_node.py -> /home/israamaciaas/ros2_ws/build/ros_move/build/lib/ros_move
[1.103s] running install
[1.104s] running install_lib
[1.105s] copying /home/israamaciaas/ros2_ws/build/ros_move/build/lib/ros_move/bot_node.py -> /home/israamaciaas/ros2_ws/install/ros_move/lib/python3.10/site-packages/ros_move
[1.105s] copying /home/israamaciaas/ros2_ws/build/ros_move/build/lib/ros_move/fuzzy_controller_node.py -> /home/israamaciaas/ros2_ws/install/ros_move/lib/python3.10/site-packages/ros_move
[1.106s] byte-compiling /home/israamaciaas/ros2_ws/install/ros_move/lib/python3.10/site-packages/ros_move/bot_node.py to bot_node.cpython-310.pyc
[1.108s] byte-compiling /home/israamaciaas/ros2_ws/install/ros_move/lib/python3.10/site-packages/ros_move/fuzzy_controller_node.py to fuzzy_controller_node.cpython-310.pyc
[1.109s] running install_data
[1.109s] copying package.xml -> /home/israamaciaas/ros2_ws/install/ros_move/share/ros_move
[1.110s] creating /home/israamaciaas/ros2_ws/install/ros_move/share/ros_move/launch
[1.110s] copying launch/fuzzy_launch.py -> /home/israamaciaas/ros2_ws/install/ros_move/share/ros_move/launch
[1.110s] running install_egg_info
[1.113s] removing '/home/israamaciaas/ros2_ws/install/ros_move/lib/python3.10/site-packages/ros_move-0.0.0-py3.10.egg-info' (and everything under it)
[1.113s] Copying ../../build/ros_move/ros_move.egg-info to /home/israamaciaas/ros2_ws/install/ros_move/lib/python3.10/site-packages/ros_move-0.0.0-py3.10.egg-info
[1.114s] running install_scripts
[1.147s] Installing bot_node script to /home/israamaciaas/ros2_ws/install/ros_move/lib/ros_move
[1.147s] Installing fuzzy_controller_node script to /home/israamaciaas/ros2_ws/install/ros_move/lib/ros_move
[1.147s] writing list of installed files to '/home/israamaciaas/ros2_ws/build/ros_move/install.log'
[1.216s] Invoked command in '/home/israamaciaas/ros2_ws/src/ros_move' returned '0': PYTHONPATH=/home/israamaciaas/ros2_ws/build/ros_move/prefix_override:/usr/lib/python3/dist-packages/colcon_core/task/python/colcon_distutils_commands:/home/israamaciaas/ros2_ws/install/ros_move/lib/python3.10/site-packages:${PYTHONPATH} /usr/bin/python3 -W ignore:setup.py install is deprecated setup.py egg_info --egg-base ../../build/ros_move build --build-base /home/israamaciaas/ros2_ws/build/ros_move/build install --record /home/israamaciaas/ros2_ws/build/ros_move/install.log --single-version-externally-managed install_data
