[1.914s] Invoking command in '/home/israamaciaas/ros2_ws/src/ros_move': PYTHONPATH=/home/israamaciaas/ros2_ws/build/ros_move/prefix_override:/usr/lib/python3/dist-packages/colcon_core/task/python/colcon_distutils_commands:/home/israamaciaas/ros2_ws/install/ros_move/lib/python3.10/site-packages:${PYTHONPATH} /usr/bin/python3 -W ignore:setup.py install is deprecated setup.py egg_info --egg-base ../../build/ros_move build --build-base /home/israamaciaas/ros2_ws/build/ros_move/build install --record /home/israamaciaas/ros2_ws/build/ros_move/install.log --single-version-externally-managed install_data
[2.252s] running egg_info
[2.253s] writing ../../build/ros_move/ros_move.egg-info/PKG-INFO
[2.254s] writing dependency_links to ../../build/ros_move/ros_move.egg-info/dependency_links.txt
[2.254s] writing entry points to ../../build/ros_move/ros_move.egg-info/entry_points.txt
[2.254s] writing requirements to ../../build/ros_move/ros_move.egg-info/requires.txt
[2.254s] writing top-level names to ../../build/ros_move/ros_move.egg-info/top_level.txt
[2.257s] reading manifest file '../../build/ros_move/ros_move.egg-info/SOURCES.txt'
[2.258s] writing manifest file '../../build/ros_move/ros_move.egg-info/SOURCES.txt'
[2.259s] running build
[2.259s] running build_py
[2.259s] running install
[2.260s] running install_lib
[2.262s] running install_data
[2.263s] running install_egg_info
[2.265s] removing '/home/israamaciaas/ros2_ws/install/ros_move/lib/python3.10/site-packages/ros_move-0.0.0-py3.10.egg-info' (and everything under it)
[2.266s] Copying ../../build/ros_move/ros_move.egg-info to /home/israamaciaas/ros2_ws/install/ros_move/lib/python3.10/site-packages/ros_move-0.0.0-py3.10.egg-info
[2.267s] running install_scripts
[2.297s] Installing bot_node script to /home/israamaciaas/ros2_ws/install/ros_move/lib/ros_move
[2.297s] Installing fuzzy_controller_node script to /home/israamaciaas/ros2_ws/install/ros_move/lib/ros_move
[2.297s] writing list of installed files to '/home/israamaciaas/ros2_ws/build/ros_move/install.log'
[2.367s] Invoked command in '/home/israamaciaas/ros2_ws/src/ros_move' returned '0': PYTHONPATH=/home/israamaciaas/ros2_ws/build/ros_move/prefix_override:/usr/lib/python3/dist-packages/colcon_core/task/python/colcon_distutils_commands:/home/israamaciaas/ros2_ws/install/ros_move/lib/python3.10/site-packages:${PYTHONPATH} /usr/bin/python3 -W ignore:setup.py install is deprecated setup.py egg_info --egg-base ../../build/ros_move build --build-base /home/israamaciaas/ros2_ws/build/ros_move/build install --record /home/israamaciaas/ros2_ws/build/ros_move/install.log --single-version-externally-managed install_data
